[2023-07-20T22:57:11.764+0200] {processor.py:157} INFO - Started process (PID=13895) to work on /Users/dimitrikestenbaum/.pyenv/versions/3.11.4/envs/pelven/lib/python3.11/site-packages/airflow/example_dags/example_sensor_decorator.py
[2023-07-20T22:57:11.767+0200] {processor.py:826} INFO - Processing file /Users/dimitrikestenbaum/.pyenv/versions/3.11.4/envs/pelven/lib/python3.11/site-packages/airflow/example_dags/example_sensor_decorator.py for tasks to queue
[2023-07-20T22:57:11.767+0200] {logging_mixin.py:150} INFO - [2023-07-20T22:57:11.767+0200] {dagbag.py:541} INFO - Filling up the DagBag from /Users/dimitrikestenbaum/.pyenv/versions/3.11.4/envs/pelven/lib/python3.11/site-packages/airflow/example_dags/example_sensor_decorator.py
[2023-07-20T22:57:11.832+0200] {processor.py:836} INFO - DAG(s) dict_keys(['example_sensor_decorator']) retrieved from /Users/dimitrikestenbaum/.pyenv/versions/3.11.4/envs/pelven/lib/python3.11/site-packages/airflow/example_dags/example_sensor_decorator.py
[2023-07-20T22:57:12.518+0200] {logging_mixin.py:150} INFO - [2023-07-20T22:57:12.518+0200] {manager.py:504} INFO - Created Permission View: can read on DAG:example_sensor_decorator
[2023-07-20T22:57:12.526+0200] {logging_mixin.py:150} INFO - [2023-07-20T22:57:12.526+0200] {manager.py:504} INFO - Created Permission View: can delete on DAG:example_sensor_decorator
[2023-07-20T22:57:12.531+0200] {logging_mixin.py:150} INFO - [2023-07-20T22:57:12.531+0200] {manager.py:504} INFO - Created Permission View: can edit on DAG:example_sensor_decorator
[2023-07-20T22:57:12.540+0200] {logging_mixin.py:150} INFO - [2023-07-20T22:57:12.539+0200] {dag.py:2742} INFO - Sync 1 DAGs
[2023-07-20T22:57:12.546+0200] {logging_mixin.py:150} INFO - [2023-07-20T22:57:12.546+0200] {dag.py:2763} INFO - Creating ORM DAG for example_sensor_decorator
[2023-07-20T22:57:12.552+0200] {logging_mixin.py:150} INFO - [2023-07-20T22:57:12.552+0200] {dag.py:3504} INFO - Setting next_dagrun for example_sensor_decorator to None, run_after=None
[2023-07-20T22:57:12.567+0200] {processor.py:179} INFO - Processing /Users/dimitrikestenbaum/.pyenv/versions/3.11.4/envs/pelven/lib/python3.11/site-packages/airflow/example_dags/example_sensor_decorator.py took 0.803 seconds
[2023-07-20T22:59:24.376+0200] {processor.py:157} INFO - Started process (PID=14017) to work on /Users/dimitrikestenbaum/.pyenv/versions/3.11.4/envs/pelven/lib/python3.11/site-packages/airflow/example_dags/example_sensor_decorator.py
[2023-07-20T22:59:24.379+0200] {processor.py:826} INFO - Processing file /Users/dimitrikestenbaum/.pyenv/versions/3.11.4/envs/pelven/lib/python3.11/site-packages/airflow/example_dags/example_sensor_decorator.py for tasks to queue
[2023-07-20T22:59:24.380+0200] {logging_mixin.py:150} INFO - [2023-07-20T22:59:24.380+0200] {dagbag.py:541} INFO - Filling up the DagBag from /Users/dimitrikestenbaum/.pyenv/versions/3.11.4/envs/pelven/lib/python3.11/site-packages/airflow/example_dags/example_sensor_decorator.py
[2023-07-20T22:59:24.450+0200] {processor.py:836} INFO - DAG(s) dict_keys(['example_sensor_decorator']) retrieved from /Users/dimitrikestenbaum/.pyenv/versions/3.11.4/envs/pelven/lib/python3.11/site-packages/airflow/example_dags/example_sensor_decorator.py
[2023-07-20T22:59:25.092+0200] {logging_mixin.py:150} INFO - [2023-07-20T22:59:25.092+0200] {dag.py:2742} INFO - Sync 1 DAGs
[2023-07-20T22:59:25.105+0200] {logging_mixin.py:150} INFO - [2023-07-20T22:59:25.105+0200] {dag.py:3504} INFO - Setting next_dagrun for example_sensor_decorator to None, run_after=None
[2023-07-20T22:59:25.120+0200] {processor.py:179} INFO - Processing /Users/dimitrikestenbaum/.pyenv/versions/3.11.4/envs/pelven/lib/python3.11/site-packages/airflow/example_dags/example_sensor_decorator.py took 0.745 seconds
[2023-07-20T23:01:06.054+0200] {processor.py:157} INFO - Started process (PID=14117) to work on /Users/dimitrikestenbaum/.pyenv/versions/3.11.4/envs/pelven/lib/python3.11/site-packages/airflow/example_dags/example_sensor_decorator.py
[2023-07-20T23:01:06.057+0200] {processor.py:826} INFO - Processing file /Users/dimitrikestenbaum/.pyenv/versions/3.11.4/envs/pelven/lib/python3.11/site-packages/airflow/example_dags/example_sensor_decorator.py for tasks to queue
[2023-07-20T23:01:06.058+0200] {logging_mixin.py:150} INFO - [2023-07-20T23:01:06.057+0200] {dagbag.py:541} INFO - Filling up the DagBag from /Users/dimitrikestenbaum/.pyenv/versions/3.11.4/envs/pelven/lib/python3.11/site-packages/airflow/example_dags/example_sensor_decorator.py
[2023-07-20T23:01:06.121+0200] {processor.py:836} INFO - DAG(s) dict_keys(['example_sensor_decorator']) retrieved from /Users/dimitrikestenbaum/.pyenv/versions/3.11.4/envs/pelven/lib/python3.11/site-packages/airflow/example_dags/example_sensor_decorator.py
[2023-07-20T23:01:06.771+0200] {logging_mixin.py:150} INFO - [2023-07-20T23:01:06.770+0200] {dag.py:2742} INFO - Sync 1 DAGs
[2023-07-20T23:01:06.783+0200] {logging_mixin.py:150} INFO - [2023-07-20T23:01:06.783+0200] {dag.py:3504} INFO - Setting next_dagrun for example_sensor_decorator to None, run_after=None
[2023-07-20T23:01:06.800+0200] {processor.py:179} INFO - Processing /Users/dimitrikestenbaum/.pyenv/versions/3.11.4/envs/pelven/lib/python3.11/site-packages/airflow/example_dags/example_sensor_decorator.py took 0.747 seconds
[2023-07-20T23:02:48.218+0200] {processor.py:157} INFO - Started process (PID=14232) to work on /Users/dimitrikestenbaum/.pyenv/versions/3.11.4/envs/pelven/lib/python3.11/site-packages/airflow/example_dags/example_sensor_decorator.py
[2023-07-20T23:02:48.222+0200] {processor.py:826} INFO - Processing file /Users/dimitrikestenbaum/.pyenv/versions/3.11.4/envs/pelven/lib/python3.11/site-packages/airflow/example_dags/example_sensor_decorator.py for tasks to queue
[2023-07-20T23:02:48.223+0200] {logging_mixin.py:150} INFO - [2023-07-20T23:02:48.222+0200] {dagbag.py:541} INFO - Filling up the DagBag from /Users/dimitrikestenbaum/.pyenv/versions/3.11.4/envs/pelven/lib/python3.11/site-packages/airflow/example_dags/example_sensor_decorator.py
[2023-07-20T23:02:48.305+0200] {processor.py:836} INFO - DAG(s) dict_keys(['example_sensor_decorator']) retrieved from /Users/dimitrikestenbaum/.pyenv/versions/3.11.4/envs/pelven/lib/python3.11/site-packages/airflow/example_dags/example_sensor_decorator.py
[2023-07-20T23:02:49.013+0200] {logging_mixin.py:150} INFO - [2023-07-20T23:02:49.013+0200] {dag.py:2742} INFO - Sync 1 DAGs
[2023-07-20T23:02:49.030+0200] {logging_mixin.py:150} INFO - [2023-07-20T23:02:49.030+0200] {dag.py:3504} INFO - Setting next_dagrun for example_sensor_decorator to None, run_after=None
[2023-07-20T23:02:49.053+0200] {processor.py:179} INFO - Processing /Users/dimitrikestenbaum/.pyenv/versions/3.11.4/envs/pelven/lib/python3.11/site-packages/airflow/example_dags/example_sensor_decorator.py took 0.837 seconds
[2023-07-20T23:04:28.086+0200] {processor.py:157} INFO - Started process (PID=14514) to work on /Users/dimitrikestenbaum/.pyenv/versions/3.11.4/envs/pelven/lib/python3.11/site-packages/airflow/example_dags/example_sensor_decorator.py
[2023-07-20T23:04:28.091+0200] {processor.py:826} INFO - Processing file /Users/dimitrikestenbaum/.pyenv/versions/3.11.4/envs/pelven/lib/python3.11/site-packages/airflow/example_dags/example_sensor_decorator.py for tasks to queue
[2023-07-20T23:04:28.091+0200] {logging_mixin.py:150} INFO - [2023-07-20T23:04:28.091+0200] {dagbag.py:541} INFO - Filling up the DagBag from /Users/dimitrikestenbaum/.pyenv/versions/3.11.4/envs/pelven/lib/python3.11/site-packages/airflow/example_dags/example_sensor_decorator.py
[2023-07-20T23:04:28.160+0200] {processor.py:836} INFO - DAG(s) dict_keys(['example_sensor_decorator']) retrieved from /Users/dimitrikestenbaum/.pyenv/versions/3.11.4/envs/pelven/lib/python3.11/site-packages/airflow/example_dags/example_sensor_decorator.py
[2023-07-20T23:04:28.831+0200] {logging_mixin.py:150} INFO - [2023-07-20T23:04:28.831+0200] {dag.py:2742} INFO - Sync 1 DAGs
[2023-07-20T23:04:28.845+0200] {logging_mixin.py:150} INFO - [2023-07-20T23:04:28.845+0200] {dag.py:3504} INFO - Setting next_dagrun for example_sensor_decorator to None, run_after=None
[2023-07-20T23:04:28.868+0200] {processor.py:179} INFO - Processing /Users/dimitrikestenbaum/.pyenv/versions/3.11.4/envs/pelven/lib/python3.11/site-packages/airflow/example_dags/example_sensor_decorator.py took 0.782 seconds
[2023-07-20T23:06:05.075+0200] {processor.py:157} INFO - Started process (PID=14806) to work on /Users/dimitrikestenbaum/.pyenv/versions/3.11.4/envs/pelven/lib/python3.11/site-packages/airflow/example_dags/example_sensor_decorator.py
[2023-07-20T23:06:05.080+0200] {processor.py:826} INFO - Processing file /Users/dimitrikestenbaum/.pyenv/versions/3.11.4/envs/pelven/lib/python3.11/site-packages/airflow/example_dags/example_sensor_decorator.py for tasks to queue
[2023-07-20T23:06:05.080+0200] {logging_mixin.py:150} INFO - [2023-07-20T23:06:05.080+0200] {dagbag.py:541} INFO - Filling up the DagBag from /Users/dimitrikestenbaum/.pyenv/versions/3.11.4/envs/pelven/lib/python3.11/site-packages/airflow/example_dags/example_sensor_decorator.py
[2023-07-20T23:06:05.159+0200] {processor.py:836} INFO - DAG(s) dict_keys(['example_sensor_decorator']) retrieved from /Users/dimitrikestenbaum/.pyenv/versions/3.11.4/envs/pelven/lib/python3.11/site-packages/airflow/example_dags/example_sensor_decorator.py
[2023-07-20T23:06:06.002+0200] {logging_mixin.py:150} INFO - [2023-07-20T23:06:06.002+0200] {dag.py:2742} INFO - Sync 1 DAGs
[2023-07-20T23:06:06.025+0200] {logging_mixin.py:150} INFO - [2023-07-20T23:06:06.024+0200] {dag.py:3504} INFO - Setting next_dagrun for example_sensor_decorator to None, run_after=None
[2023-07-20T23:06:06.055+0200] {processor.py:179} INFO - Processing /Users/dimitrikestenbaum/.pyenv/versions/3.11.4/envs/pelven/lib/python3.11/site-packages/airflow/example_dags/example_sensor_decorator.py took 0.980 seconds
[2023-07-20T23:07:50.255+0200] {processor.py:157} INFO - Started process (PID=14923) to work on /Users/dimitrikestenbaum/.pyenv/versions/3.11.4/envs/pelven/lib/python3.11/site-packages/airflow/example_dags/example_sensor_decorator.py
[2023-07-20T23:07:50.259+0200] {processor.py:826} INFO - Processing file /Users/dimitrikestenbaum/.pyenv/versions/3.11.4/envs/pelven/lib/python3.11/site-packages/airflow/example_dags/example_sensor_decorator.py for tasks to queue
[2023-07-20T23:07:50.260+0200] {logging_mixin.py:150} INFO - [2023-07-20T23:07:50.260+0200] {dagbag.py:541} INFO - Filling up the DagBag from /Users/dimitrikestenbaum/.pyenv/versions/3.11.4/envs/pelven/lib/python3.11/site-packages/airflow/example_dags/example_sensor_decorator.py
[2023-07-20T23:07:50.337+0200] {processor.py:836} INFO - DAG(s) dict_keys(['example_sensor_decorator']) retrieved from /Users/dimitrikestenbaum/.pyenv/versions/3.11.4/envs/pelven/lib/python3.11/site-packages/airflow/example_dags/example_sensor_decorator.py
[2023-07-20T23:07:51.007+0200] {logging_mixin.py:150} INFO - [2023-07-20T23:07:51.006+0200] {dag.py:2742} INFO - Sync 1 DAGs
[2023-07-20T23:07:51.020+0200] {logging_mixin.py:150} INFO - [2023-07-20T23:07:51.020+0200] {dag.py:3504} INFO - Setting next_dagrun for example_sensor_decorator to None, run_after=None
[2023-07-20T23:07:51.034+0200] {processor.py:179} INFO - Processing /Users/dimitrikestenbaum/.pyenv/versions/3.11.4/envs/pelven/lib/python3.11/site-packages/airflow/example_dags/example_sensor_decorator.py took 0.779 seconds
[2023-07-20T23:09:34.508+0200] {processor.py:157} INFO - Started process (PID=15036) to work on /Users/dimitrikestenbaum/.pyenv/versions/3.11.4/envs/pelven/lib/python3.11/site-packages/airflow/example_dags/example_sensor_decorator.py
[2023-07-20T23:09:34.513+0200] {processor.py:826} INFO - Processing file /Users/dimitrikestenbaum/.pyenv/versions/3.11.4/envs/pelven/lib/python3.11/site-packages/airflow/example_dags/example_sensor_decorator.py for tasks to queue
[2023-07-20T23:09:34.513+0200] {logging_mixin.py:150} INFO - [2023-07-20T23:09:34.513+0200] {dagbag.py:541} INFO - Filling up the DagBag from /Users/dimitrikestenbaum/.pyenv/versions/3.11.4/envs/pelven/lib/python3.11/site-packages/airflow/example_dags/example_sensor_decorator.py
[2023-07-20T23:09:34.588+0200] {processor.py:836} INFO - DAG(s) dict_keys(['example_sensor_decorator']) retrieved from /Users/dimitrikestenbaum/.pyenv/versions/3.11.4/envs/pelven/lib/python3.11/site-packages/airflow/example_dags/example_sensor_decorator.py
[2023-07-20T23:09:35.399+0200] {logging_mixin.py:150} INFO - [2023-07-20T23:09:35.398+0200] {dag.py:2742} INFO - Sync 1 DAGs
[2023-07-20T23:09:35.417+0200] {logging_mixin.py:150} INFO - [2023-07-20T23:09:35.417+0200] {dag.py:3504} INFO - Setting next_dagrun for example_sensor_decorator to None, run_after=None
[2023-07-20T23:09:35.439+0200] {processor.py:179} INFO - Processing /Users/dimitrikestenbaum/.pyenv/versions/3.11.4/envs/pelven/lib/python3.11/site-packages/airflow/example_dags/example_sensor_decorator.py took 0.931 seconds
