[2023-07-20T22:56:30.865+0200] {processor.py:157} INFO - Started process (PID=13840) to work on /Users/dimitrikestenbaum/.pyenv/versions/3.11.4/envs/pelven/lib/python3.11/site-packages/airflow/example_dags/example_xcom.py
[2023-07-20T22:56:30.868+0200] {processor.py:826} INFO - Processing file /Users/dimitrikestenbaum/.pyenv/versions/3.11.4/envs/pelven/lib/python3.11/site-packages/airflow/example_dags/example_xcom.py for tasks to queue
[2023-07-20T22:56:30.869+0200] {logging_mixin.py:150} INFO - [2023-07-20T22:56:30.869+0200] {dagbag.py:541} INFO - Filling up the DagBag from /Users/dimitrikestenbaum/.pyenv/versions/3.11.4/envs/pelven/lib/python3.11/site-packages/airflow/example_dags/example_xcom.py
[2023-07-20T22:56:30.947+0200] {processor.py:836} INFO - DAG(s) dict_keys(['example_xcom']) retrieved from /Users/dimitrikestenbaum/.pyenv/versions/3.11.4/envs/pelven/lib/python3.11/site-packages/airflow/example_dags/example_xcom.py
[2023-07-20T22:56:31.734+0200] {logging_mixin.py:150} INFO - [2023-07-20T22:56:31.734+0200] {manager.py:504} INFO - Created Permission View: can read on DAG:example_xcom
[2023-07-20T22:56:31.742+0200] {logging_mixin.py:150} INFO - [2023-07-20T22:56:31.742+0200] {manager.py:504} INFO - Created Permission View: can edit on DAG:example_xcom
[2023-07-20T22:56:31.748+0200] {logging_mixin.py:150} INFO - [2023-07-20T22:56:31.748+0200] {manager.py:504} INFO - Created Permission View: can delete on DAG:example_xcom
[2023-07-20T22:56:31.757+0200] {logging_mixin.py:150} INFO - [2023-07-20T22:56:31.756+0200] {dag.py:2742} INFO - Sync 1 DAGs
[2023-07-20T22:56:31.764+0200] {logging_mixin.py:150} INFO - [2023-07-20T22:56:31.763+0200] {dag.py:2763} INFO - Creating ORM DAG for example_xcom
[2023-07-20T22:56:31.771+0200] {logging_mixin.py:150} INFO - [2023-07-20T22:56:31.770+0200] {dag.py:3504} INFO - Setting next_dagrun for example_xcom to 2021-01-01T00:00:00+00:00, run_after=2021-01-01T00:00:00+00:00
[2023-07-20T22:56:31.785+0200] {processor.py:179} INFO - Processing /Users/dimitrikestenbaum/.pyenv/versions/3.11.4/envs/pelven/lib/python3.11/site-packages/airflow/example_dags/example_xcom.py took 0.921 seconds
[2023-07-20T22:58:46.178+0200] {processor.py:157} INFO - Started process (PID=13983) to work on /Users/dimitrikestenbaum/.pyenv/versions/3.11.4/envs/pelven/lib/python3.11/site-packages/airflow/example_dags/example_xcom.py
[2023-07-20T22:58:46.181+0200] {processor.py:826} INFO - Processing file /Users/dimitrikestenbaum/.pyenv/versions/3.11.4/envs/pelven/lib/python3.11/site-packages/airflow/example_dags/example_xcom.py for tasks to queue
[2023-07-20T22:58:46.182+0200] {logging_mixin.py:150} INFO - [2023-07-20T22:58:46.182+0200] {dagbag.py:541} INFO - Filling up the DagBag from /Users/dimitrikestenbaum/.pyenv/versions/3.11.4/envs/pelven/lib/python3.11/site-packages/airflow/example_dags/example_xcom.py
[2023-07-20T22:58:46.265+0200] {processor.py:836} INFO - DAG(s) dict_keys(['example_xcom']) retrieved from /Users/dimitrikestenbaum/.pyenv/versions/3.11.4/envs/pelven/lib/python3.11/site-packages/airflow/example_dags/example_xcom.py
[2023-07-20T22:58:47.032+0200] {logging_mixin.py:150} INFO - [2023-07-20T22:58:47.032+0200] {dag.py:2742} INFO - Sync 1 DAGs
[2023-07-20T22:58:47.047+0200] {logging_mixin.py:150} INFO - [2023-07-20T22:58:47.046+0200] {dag.py:3504} INFO - Setting next_dagrun for example_xcom to 2021-01-01T00:00:00+00:00, run_after=2021-01-01T00:00:00+00:00
[2023-07-20T22:58:47.064+0200] {processor.py:179} INFO - Processing /Users/dimitrikestenbaum/.pyenv/versions/3.11.4/envs/pelven/lib/python3.11/site-packages/airflow/example_dags/example_xcom.py took 0.887 seconds
[2023-07-20T23:00:28.199+0200] {processor.py:157} INFO - Started process (PID=14086) to work on /Users/dimitrikestenbaum/.pyenv/versions/3.11.4/envs/pelven/lib/python3.11/site-packages/airflow/example_dags/example_xcom.py
[2023-07-20T23:00:28.203+0200] {processor.py:826} INFO - Processing file /Users/dimitrikestenbaum/.pyenv/versions/3.11.4/envs/pelven/lib/python3.11/site-packages/airflow/example_dags/example_xcom.py for tasks to queue
[2023-07-20T23:00:28.203+0200] {logging_mixin.py:150} INFO - [2023-07-20T23:00:28.203+0200] {dagbag.py:541} INFO - Filling up the DagBag from /Users/dimitrikestenbaum/.pyenv/versions/3.11.4/envs/pelven/lib/python3.11/site-packages/airflow/example_dags/example_xcom.py
[2023-07-20T23:00:28.273+0200] {processor.py:836} INFO - DAG(s) dict_keys(['example_xcom']) retrieved from /Users/dimitrikestenbaum/.pyenv/versions/3.11.4/envs/pelven/lib/python3.11/site-packages/airflow/example_dags/example_xcom.py
[2023-07-20T23:00:28.973+0200] {logging_mixin.py:150} INFO - [2023-07-20T23:00:28.973+0200] {dag.py:2742} INFO - Sync 1 DAGs
[2023-07-20T23:00:28.986+0200] {logging_mixin.py:150} INFO - [2023-07-20T23:00:28.986+0200] {dag.py:3504} INFO - Setting next_dagrun for example_xcom to 2021-01-01T00:00:00+00:00, run_after=2021-01-01T00:00:00+00:00
[2023-07-20T23:00:29.002+0200] {processor.py:179} INFO - Processing /Users/dimitrikestenbaum/.pyenv/versions/3.11.4/envs/pelven/lib/python3.11/site-packages/airflow/example_dags/example_xcom.py took 0.804 seconds
[2023-07-20T23:02:10.133+0200] {processor.py:157} INFO - Started process (PID=14188) to work on /Users/dimitrikestenbaum/.pyenv/versions/3.11.4/envs/pelven/lib/python3.11/site-packages/airflow/example_dags/example_xcom.py
[2023-07-20T23:02:10.136+0200] {processor.py:826} INFO - Processing file /Users/dimitrikestenbaum/.pyenv/versions/3.11.4/envs/pelven/lib/python3.11/site-packages/airflow/example_dags/example_xcom.py for tasks to queue
[2023-07-20T23:02:10.137+0200] {logging_mixin.py:150} INFO - [2023-07-20T23:02:10.137+0200] {dagbag.py:541} INFO - Filling up the DagBag from /Users/dimitrikestenbaum/.pyenv/versions/3.11.4/envs/pelven/lib/python3.11/site-packages/airflow/example_dags/example_xcom.py
[2023-07-20T23:02:10.209+0200] {processor.py:836} INFO - DAG(s) dict_keys(['example_xcom']) retrieved from /Users/dimitrikestenbaum/.pyenv/versions/3.11.4/envs/pelven/lib/python3.11/site-packages/airflow/example_dags/example_xcom.py
[2023-07-20T23:02:10.880+0200] {logging_mixin.py:150} INFO - [2023-07-20T23:02:10.880+0200] {dag.py:2742} INFO - Sync 1 DAGs
[2023-07-20T23:02:10.892+0200] {logging_mixin.py:150} INFO - [2023-07-20T23:02:10.892+0200] {dag.py:3504} INFO - Setting next_dagrun for example_xcom to 2021-01-01T00:00:00+00:00, run_after=2021-01-01T00:00:00+00:00
[2023-07-20T23:02:10.908+0200] {processor.py:179} INFO - Processing /Users/dimitrikestenbaum/.pyenv/versions/3.11.4/envs/pelven/lib/python3.11/site-packages/airflow/example_dags/example_xcom.py took 0.776 seconds
[2023-07-20T23:03:47.794+0200] {processor.py:157} INFO - Started process (PID=14398) to work on /Users/dimitrikestenbaum/.pyenv/versions/3.11.4/envs/pelven/lib/python3.11/site-packages/airflow/example_dags/example_xcom.py
[2023-07-20T23:03:47.799+0200] {processor.py:826} INFO - Processing file /Users/dimitrikestenbaum/.pyenv/versions/3.11.4/envs/pelven/lib/python3.11/site-packages/airflow/example_dags/example_xcom.py for tasks to queue
[2023-07-20T23:03:47.799+0200] {logging_mixin.py:150} INFO - [2023-07-20T23:03:47.799+0200] {dagbag.py:541} INFO - Filling up the DagBag from /Users/dimitrikestenbaum/.pyenv/versions/3.11.4/envs/pelven/lib/python3.11/site-packages/airflow/example_dags/example_xcom.py
[2023-07-20T23:03:47.871+0200] {processor.py:836} INFO - DAG(s) dict_keys(['example_xcom']) retrieved from /Users/dimitrikestenbaum/.pyenv/versions/3.11.4/envs/pelven/lib/python3.11/site-packages/airflow/example_dags/example_xcom.py
[2023-07-20T23:03:48.566+0200] {logging_mixin.py:150} INFO - [2023-07-20T23:03:48.565+0200] {dag.py:2742} INFO - Sync 1 DAGs
[2023-07-20T23:03:48.579+0200] {logging_mixin.py:150} INFO - [2023-07-20T23:03:48.579+0200] {dag.py:3504} INFO - Setting next_dagrun for example_xcom to 2021-01-01T00:00:00+00:00, run_after=2021-01-01T00:00:00+00:00
[2023-07-20T23:03:48.598+0200] {processor.py:179} INFO - Processing /Users/dimitrikestenbaum/.pyenv/versions/3.11.4/envs/pelven/lib/python3.11/site-packages/airflow/example_dags/example_xcom.py took 0.805 seconds
[2023-07-20T23:05:27.035+0200] {processor.py:157} INFO - Started process (PID=14771) to work on /Users/dimitrikestenbaum/.pyenv/versions/3.11.4/envs/pelven/lib/python3.11/site-packages/airflow/example_dags/example_xcom.py
[2023-07-20T23:05:27.039+0200] {processor.py:826} INFO - Processing file /Users/dimitrikestenbaum/.pyenv/versions/3.11.4/envs/pelven/lib/python3.11/site-packages/airflow/example_dags/example_xcom.py for tasks to queue
[2023-07-20T23:05:27.040+0200] {logging_mixin.py:150} INFO - [2023-07-20T23:05:27.039+0200] {dagbag.py:541} INFO - Filling up the DagBag from /Users/dimitrikestenbaum/.pyenv/versions/3.11.4/envs/pelven/lib/python3.11/site-packages/airflow/example_dags/example_xcom.py
[2023-07-20T23:05:27.114+0200] {processor.py:836} INFO - DAG(s) dict_keys(['example_xcom']) retrieved from /Users/dimitrikestenbaum/.pyenv/versions/3.11.4/envs/pelven/lib/python3.11/site-packages/airflow/example_dags/example_xcom.py
[2023-07-20T23:05:27.880+0200] {logging_mixin.py:150} INFO - [2023-07-20T23:05:27.880+0200] {dag.py:2742} INFO - Sync 1 DAGs
[2023-07-20T23:05:27.893+0200] {logging_mixin.py:150} INFO - [2023-07-20T23:05:27.893+0200] {dag.py:3504} INFO - Setting next_dagrun for example_xcom to 2021-01-01T00:00:00+00:00, run_after=2021-01-01T00:00:00+00:00
[2023-07-20T23:05:27.911+0200] {processor.py:179} INFO - Processing /Users/dimitrikestenbaum/.pyenv/versions/3.11.4/envs/pelven/lib/python3.11/site-packages/airflow/example_dags/example_xcom.py took 0.876 seconds
[2023-07-20T23:07:09.649+0200] {processor.py:157} INFO - Started process (PID=14878) to work on /Users/dimitrikestenbaum/.pyenv/versions/3.11.4/envs/pelven/lib/python3.11/site-packages/airflow/example_dags/example_xcom.py
[2023-07-20T23:07:09.653+0200] {processor.py:826} INFO - Processing file /Users/dimitrikestenbaum/.pyenv/versions/3.11.4/envs/pelven/lib/python3.11/site-packages/airflow/example_dags/example_xcom.py for tasks to queue
[2023-07-20T23:07:09.654+0200] {logging_mixin.py:150} INFO - [2023-07-20T23:07:09.654+0200] {dagbag.py:541} INFO - Filling up the DagBag from /Users/dimitrikestenbaum/.pyenv/versions/3.11.4/envs/pelven/lib/python3.11/site-packages/airflow/example_dags/example_xcom.py
[2023-07-20T23:07:09.738+0200] {processor.py:836} INFO - DAG(s) dict_keys(['example_xcom']) retrieved from /Users/dimitrikestenbaum/.pyenv/versions/3.11.4/envs/pelven/lib/python3.11/site-packages/airflow/example_dags/example_xcom.py
[2023-07-20T23:07:10.466+0200] {logging_mixin.py:150} INFO - [2023-07-20T23:07:10.466+0200] {dag.py:2742} INFO - Sync 1 DAGs
[2023-07-20T23:07:10.483+0200] {logging_mixin.py:150} INFO - [2023-07-20T23:07:10.482+0200] {dag.py:3504} INFO - Setting next_dagrun for example_xcom to 2021-01-01T00:00:00+00:00, run_after=2021-01-01T00:00:00+00:00
[2023-07-20T23:07:10.499+0200] {processor.py:179} INFO - Processing /Users/dimitrikestenbaum/.pyenv/versions/3.11.4/envs/pelven/lib/python3.11/site-packages/airflow/example_dags/example_xcom.py took 0.850 seconds
[2023-07-20T23:08:55.261+0200] {processor.py:157} INFO - Started process (PID=15005) to work on /Users/dimitrikestenbaum/.pyenv/versions/3.11.4/envs/pelven/lib/python3.11/site-packages/airflow/example_dags/example_xcom.py
[2023-07-20T23:08:55.266+0200] {processor.py:826} INFO - Processing file /Users/dimitrikestenbaum/.pyenv/versions/3.11.4/envs/pelven/lib/python3.11/site-packages/airflow/example_dags/example_xcom.py for tasks to queue
[2023-07-20T23:08:55.267+0200] {logging_mixin.py:150} INFO - [2023-07-20T23:08:55.266+0200] {dagbag.py:541} INFO - Filling up the DagBag from /Users/dimitrikestenbaum/.pyenv/versions/3.11.4/envs/pelven/lib/python3.11/site-packages/airflow/example_dags/example_xcom.py
[2023-07-20T23:08:55.347+0200] {processor.py:836} INFO - DAG(s) dict_keys(['example_xcom']) retrieved from /Users/dimitrikestenbaum/.pyenv/versions/3.11.4/envs/pelven/lib/python3.11/site-packages/airflow/example_dags/example_xcom.py
[2023-07-20T23:08:56.120+0200] {logging_mixin.py:150} INFO - [2023-07-20T23:08:56.120+0200] {dag.py:2742} INFO - Sync 1 DAGs
[2023-07-20T23:08:56.136+0200] {logging_mixin.py:150} INFO - [2023-07-20T23:08:56.136+0200] {dag.py:3504} INFO - Setting next_dagrun for example_xcom to 2021-01-01T00:00:00+00:00, run_after=2021-01-01T00:00:00+00:00
[2023-07-20T23:08:56.155+0200] {processor.py:179} INFO - Processing /Users/dimitrikestenbaum/.pyenv/versions/3.11.4/envs/pelven/lib/python3.11/site-packages/airflow/example_dags/example_xcom.py took 0.895 seconds
