[2023-07-20T22:56:27.631+0200] {processor.py:157} INFO - Started process (PID=13839) to work on /Users/dimitrikestenbaum/.pyenv/versions/3.11.4/envs/pelven/lib/python3.11/site-packages/airflow/example_dags/example_xcomargs.py
[2023-07-20T22:56:27.634+0200] {processor.py:826} INFO - Processing file /Users/dimitrikestenbaum/.pyenv/versions/3.11.4/envs/pelven/lib/python3.11/site-packages/airflow/example_dags/example_xcomargs.py for tasks to queue
[2023-07-20T22:56:27.635+0200] {logging_mixin.py:150} INFO - [2023-07-20T22:56:27.635+0200] {dagbag.py:541} INFO - Filling up the DagBag from /Users/dimitrikestenbaum/.pyenv/versions/3.11.4/envs/pelven/lib/python3.11/site-packages/airflow/example_dags/example_xcomargs.py
[2023-07-20T22:56:27.705+0200] {processor.py:836} INFO - DAG(s) dict_keys(['example_xcom_args_with_operators', 'example_xcom_args']) retrieved from /Users/dimitrikestenbaum/.pyenv/versions/3.11.4/envs/pelven/lib/python3.11/site-packages/airflow/example_dags/example_xcomargs.py
[2023-07-20T22:56:28.538+0200] {logging_mixin.py:150} INFO - [2023-07-20T22:56:28.538+0200] {manager.py:504} INFO - Created Permission View: can read on DAG:example_xcom_args_with_operators
[2023-07-20T22:56:28.548+0200] {logging_mixin.py:150} INFO - [2023-07-20T22:56:28.547+0200] {manager.py:504} INFO - Created Permission View: can delete on DAG:example_xcom_args_with_operators
[2023-07-20T22:56:28.553+0200] {logging_mixin.py:150} INFO - [2023-07-20T22:56:28.553+0200] {manager.py:504} INFO - Created Permission View: can edit on DAG:example_xcom_args_with_operators
[2023-07-20T22:56:28.574+0200] {logging_mixin.py:150} INFO - [2023-07-20T22:56:28.574+0200] {manager.py:504} INFO - Created Permission View: can read on DAG:example_xcom_args
[2023-07-20T22:56:28.581+0200] {logging_mixin.py:150} INFO - [2023-07-20T22:56:28.580+0200] {manager.py:504} INFO - Created Permission View: can delete on DAG:example_xcom_args
[2023-07-20T22:56:28.587+0200] {logging_mixin.py:150} INFO - [2023-07-20T22:56:28.586+0200] {manager.py:504} INFO - Created Permission View: can edit on DAG:example_xcom_args
[2023-07-20T22:56:28.590+0200] {logging_mixin.py:150} INFO - [2023-07-20T22:56:28.590+0200] {dag.py:2742} INFO - Sync 2 DAGs
[2023-07-20T22:56:28.599+0200] {logging_mixin.py:150} INFO - [2023-07-20T22:56:28.598+0200] {dag.py:2763} INFO - Creating ORM DAG for example_xcom_args_with_operators
[2023-07-20T22:56:28.599+0200] {logging_mixin.py:150} INFO - [2023-07-20T22:56:28.599+0200] {dag.py:2763} INFO - Creating ORM DAG for example_xcom_args
[2023-07-20T22:56:28.606+0200] {logging_mixin.py:150} INFO - [2023-07-20T22:56:28.605+0200] {dag.py:3504} INFO - Setting next_dagrun for example_xcom_args to None, run_after=None
[2023-07-20T22:56:28.606+0200] {logging_mixin.py:150} INFO - [2023-07-20T22:56:28.606+0200] {dag.py:3504} INFO - Setting next_dagrun for example_xcom_args_with_operators to None, run_after=None
[2023-07-20T22:56:28.621+0200] {processor.py:179} INFO - Processing /Users/dimitrikestenbaum/.pyenv/versions/3.11.4/envs/pelven/lib/python3.11/site-packages/airflow/example_dags/example_xcomargs.py took 0.991 seconds
[2023-07-20T22:58:43.130+0200] {processor.py:157} INFO - Started process (PID=13982) to work on /Users/dimitrikestenbaum/.pyenv/versions/3.11.4/envs/pelven/lib/python3.11/site-packages/airflow/example_dags/example_xcomargs.py
[2023-07-20T22:58:43.133+0200] {processor.py:826} INFO - Processing file /Users/dimitrikestenbaum/.pyenv/versions/3.11.4/envs/pelven/lib/python3.11/site-packages/airflow/example_dags/example_xcomargs.py for tasks to queue
[2023-07-20T22:58:43.134+0200] {logging_mixin.py:150} INFO - [2023-07-20T22:58:43.134+0200] {dagbag.py:541} INFO - Filling up the DagBag from /Users/dimitrikestenbaum/.pyenv/versions/3.11.4/envs/pelven/lib/python3.11/site-packages/airflow/example_dags/example_xcomargs.py
[2023-07-20T22:58:43.215+0200] {processor.py:836} INFO - DAG(s) dict_keys(['example_xcom_args', 'example_xcom_args_with_operators']) retrieved from /Users/dimitrikestenbaum/.pyenv/versions/3.11.4/envs/pelven/lib/python3.11/site-packages/airflow/example_dags/example_xcomargs.py
[2023-07-20T22:58:44.024+0200] {logging_mixin.py:150} INFO - [2023-07-20T22:58:44.024+0200] {dag.py:2742} INFO - Sync 2 DAGs
[2023-07-20T22:58:44.038+0200] {logging_mixin.py:150} INFO - [2023-07-20T22:58:44.038+0200] {dag.py:3504} INFO - Setting next_dagrun for example_xcom_args to None, run_after=None
[2023-07-20T22:58:44.040+0200] {logging_mixin.py:150} INFO - [2023-07-20T22:58:44.040+0200] {dag.py:3504} INFO - Setting next_dagrun for example_xcom_args_with_operators to None, run_after=None
[2023-07-20T22:58:44.055+0200] {processor.py:179} INFO - Processing /Users/dimitrikestenbaum/.pyenv/versions/3.11.4/envs/pelven/lib/python3.11/site-packages/airflow/example_dags/example_xcomargs.py took 0.926 seconds
[2023-07-20T23:00:25.189+0200] {processor.py:157} INFO - Started process (PID=14085) to work on /Users/dimitrikestenbaum/.pyenv/versions/3.11.4/envs/pelven/lib/python3.11/site-packages/airflow/example_dags/example_xcomargs.py
[2023-07-20T23:00:25.192+0200] {processor.py:826} INFO - Processing file /Users/dimitrikestenbaum/.pyenv/versions/3.11.4/envs/pelven/lib/python3.11/site-packages/airflow/example_dags/example_xcomargs.py for tasks to queue
[2023-07-20T23:00:25.193+0200] {logging_mixin.py:150} INFO - [2023-07-20T23:00:25.193+0200] {dagbag.py:541} INFO - Filling up the DagBag from /Users/dimitrikestenbaum/.pyenv/versions/3.11.4/envs/pelven/lib/python3.11/site-packages/airflow/example_dags/example_xcomargs.py
[2023-07-20T23:00:25.265+0200] {processor.py:836} INFO - DAG(s) dict_keys(['example_xcom_args_with_operators', 'example_xcom_args']) retrieved from /Users/dimitrikestenbaum/.pyenv/versions/3.11.4/envs/pelven/lib/python3.11/site-packages/airflow/example_dags/example_xcomargs.py
[2023-07-20T23:00:25.989+0200] {logging_mixin.py:150} INFO - [2023-07-20T23:00:25.989+0200] {dag.py:2742} INFO - Sync 2 DAGs
[2023-07-20T23:00:26.005+0200] {logging_mixin.py:150} INFO - [2023-07-20T23:00:26.005+0200] {dag.py:3504} INFO - Setting next_dagrun for example_xcom_args to None, run_after=None
[2023-07-20T23:00:26.008+0200] {logging_mixin.py:150} INFO - [2023-07-20T23:00:26.007+0200] {dag.py:3504} INFO - Setting next_dagrun for example_xcom_args_with_operators to None, run_after=None
[2023-07-20T23:00:26.023+0200] {processor.py:179} INFO - Processing /Users/dimitrikestenbaum/.pyenv/versions/3.11.4/envs/pelven/lib/python3.11/site-packages/airflow/example_dags/example_xcomargs.py took 0.836 seconds
[2023-07-20T23:02:07.158+0200] {processor.py:157} INFO - Started process (PID=14178) to work on /Users/dimitrikestenbaum/.pyenv/versions/3.11.4/envs/pelven/lib/python3.11/site-packages/airflow/example_dags/example_xcomargs.py
[2023-07-20T23:02:07.162+0200] {processor.py:826} INFO - Processing file /Users/dimitrikestenbaum/.pyenv/versions/3.11.4/envs/pelven/lib/python3.11/site-packages/airflow/example_dags/example_xcomargs.py for tasks to queue
[2023-07-20T23:02:07.164+0200] {logging_mixin.py:150} INFO - [2023-07-20T23:02:07.163+0200] {dagbag.py:541} INFO - Filling up the DagBag from /Users/dimitrikestenbaum/.pyenv/versions/3.11.4/envs/pelven/lib/python3.11/site-packages/airflow/example_dags/example_xcomargs.py
[2023-07-20T23:02:07.244+0200] {processor.py:836} INFO - DAG(s) dict_keys(['example_xcom_args', 'example_xcom_args_with_operators']) retrieved from /Users/dimitrikestenbaum/.pyenv/versions/3.11.4/envs/pelven/lib/python3.11/site-packages/airflow/example_dags/example_xcomargs.py
[2023-07-20T23:02:07.916+0200] {logging_mixin.py:150} INFO - [2023-07-20T23:02:07.916+0200] {dag.py:2742} INFO - Sync 2 DAGs
[2023-07-20T23:02:07.929+0200] {logging_mixin.py:150} INFO - [2023-07-20T23:02:07.929+0200] {dag.py:3504} INFO - Setting next_dagrun for example_xcom_args to None, run_after=None
[2023-07-20T23:02:07.932+0200] {logging_mixin.py:150} INFO - [2023-07-20T23:02:07.932+0200] {dag.py:3504} INFO - Setting next_dagrun for example_xcom_args_with_operators to None, run_after=None
[2023-07-20T23:02:07.945+0200] {processor.py:179} INFO - Processing /Users/dimitrikestenbaum/.pyenv/versions/3.11.4/envs/pelven/lib/python3.11/site-packages/airflow/example_dags/example_xcomargs.py took 0.788 seconds
[2023-07-20T23:03:44.916+0200] {processor.py:157} INFO - Started process (PID=14397) to work on /Users/dimitrikestenbaum/.pyenv/versions/3.11.4/envs/pelven/lib/python3.11/site-packages/airflow/example_dags/example_xcomargs.py
[2023-07-20T23:03:44.920+0200] {processor.py:826} INFO - Processing file /Users/dimitrikestenbaum/.pyenv/versions/3.11.4/envs/pelven/lib/python3.11/site-packages/airflow/example_dags/example_xcomargs.py for tasks to queue
[2023-07-20T23:03:44.921+0200] {logging_mixin.py:150} INFO - [2023-07-20T23:03:44.921+0200] {dagbag.py:541} INFO - Filling up the DagBag from /Users/dimitrikestenbaum/.pyenv/versions/3.11.4/envs/pelven/lib/python3.11/site-packages/airflow/example_dags/example_xcomargs.py
[2023-07-20T23:03:44.991+0200] {processor.py:836} INFO - DAG(s) dict_keys(['example_xcom_args', 'example_xcom_args_with_operators']) retrieved from /Users/dimitrikestenbaum/.pyenv/versions/3.11.4/envs/pelven/lib/python3.11/site-packages/airflow/example_dags/example_xcomargs.py
[2023-07-20T23:03:45.659+0200] {logging_mixin.py:150} INFO - [2023-07-20T23:03:45.658+0200] {dag.py:2742} INFO - Sync 2 DAGs
[2023-07-20T23:03:45.672+0200] {logging_mixin.py:150} INFO - [2023-07-20T23:03:45.672+0200] {dag.py:3504} INFO - Setting next_dagrun for example_xcom_args to None, run_after=None
[2023-07-20T23:03:45.675+0200] {logging_mixin.py:150} INFO - [2023-07-20T23:03:45.675+0200] {dag.py:3504} INFO - Setting next_dagrun for example_xcom_args_with_operators to None, run_after=None
[2023-07-20T23:03:45.689+0200] {processor.py:179} INFO - Processing /Users/dimitrikestenbaum/.pyenv/versions/3.11.4/envs/pelven/lib/python3.11/site-packages/airflow/example_dags/example_xcomargs.py took 0.774 seconds
[2023-07-20T23:05:24.119+0200] {processor.py:157} INFO - Started process (PID=14729) to work on /Users/dimitrikestenbaum/.pyenv/versions/3.11.4/envs/pelven/lib/python3.11/site-packages/airflow/example_dags/example_xcomargs.py
[2023-07-20T23:05:24.123+0200] {processor.py:826} INFO - Processing file /Users/dimitrikestenbaum/.pyenv/versions/3.11.4/envs/pelven/lib/python3.11/site-packages/airflow/example_dags/example_xcomargs.py for tasks to queue
[2023-07-20T23:05:24.124+0200] {logging_mixin.py:150} INFO - [2023-07-20T23:05:24.124+0200] {dagbag.py:541} INFO - Filling up the DagBag from /Users/dimitrikestenbaum/.pyenv/versions/3.11.4/envs/pelven/lib/python3.11/site-packages/airflow/example_dags/example_xcomargs.py
[2023-07-20T23:05:24.194+0200] {processor.py:836} INFO - DAG(s) dict_keys(['example_xcom_args', 'example_xcom_args_with_operators']) retrieved from /Users/dimitrikestenbaum/.pyenv/versions/3.11.4/envs/pelven/lib/python3.11/site-packages/airflow/example_dags/example_xcomargs.py
[2023-07-20T23:05:24.870+0200] {logging_mixin.py:150} INFO - [2023-07-20T23:05:24.870+0200] {dag.py:2742} INFO - Sync 2 DAGs
[2023-07-20T23:05:24.882+0200] {logging_mixin.py:150} INFO - [2023-07-20T23:05:24.882+0200] {dag.py:3504} INFO - Setting next_dagrun for example_xcom_args to None, run_after=None
[2023-07-20T23:05:24.884+0200] {logging_mixin.py:150} INFO - [2023-07-20T23:05:24.884+0200] {dag.py:3504} INFO - Setting next_dagrun for example_xcom_args_with_operators to None, run_after=None
[2023-07-20T23:05:24.899+0200] {processor.py:179} INFO - Processing /Users/dimitrikestenbaum/.pyenv/versions/3.11.4/envs/pelven/lib/python3.11/site-packages/airflow/example_dags/example_xcomargs.py took 0.780 seconds
[2023-07-20T23:07:06.383+0200] {processor.py:157} INFO - Started process (PID=14877) to work on /Users/dimitrikestenbaum/.pyenv/versions/3.11.4/envs/pelven/lib/python3.11/site-packages/airflow/example_dags/example_xcomargs.py
[2023-07-20T23:07:06.388+0200] {processor.py:826} INFO - Processing file /Users/dimitrikestenbaum/.pyenv/versions/3.11.4/envs/pelven/lib/python3.11/site-packages/airflow/example_dags/example_xcomargs.py for tasks to queue
[2023-07-20T23:07:06.388+0200] {logging_mixin.py:150} INFO - [2023-07-20T23:07:06.388+0200] {dagbag.py:541} INFO - Filling up the DagBag from /Users/dimitrikestenbaum/.pyenv/versions/3.11.4/envs/pelven/lib/python3.11/site-packages/airflow/example_dags/example_xcomargs.py
[2023-07-20T23:07:06.460+0200] {processor.py:836} INFO - DAG(s) dict_keys(['example_xcom_args_with_operators', 'example_xcom_args']) retrieved from /Users/dimitrikestenbaum/.pyenv/versions/3.11.4/envs/pelven/lib/python3.11/site-packages/airflow/example_dags/example_xcomargs.py
[2023-07-20T23:07:07.309+0200] {logging_mixin.py:150} INFO - [2023-07-20T23:07:07.309+0200] {dag.py:2742} INFO - Sync 2 DAGs
[2023-07-20T23:07:07.325+0200] {logging_mixin.py:150} INFO - [2023-07-20T23:07:07.325+0200] {dag.py:3504} INFO - Setting next_dagrun for example_xcom_args to None, run_after=None
[2023-07-20T23:07:07.327+0200] {logging_mixin.py:150} INFO - [2023-07-20T23:07:07.326+0200] {dag.py:3504} INFO - Setting next_dagrun for example_xcom_args_with_operators to None, run_after=None
[2023-07-20T23:07:07.346+0200] {processor.py:179} INFO - Processing /Users/dimitrikestenbaum/.pyenv/versions/3.11.4/envs/pelven/lib/python3.11/site-packages/airflow/example_dags/example_xcomargs.py took 0.963 seconds
[2023-07-20T23:08:52.804+0200] {processor.py:157} INFO - Started process (PID=14996) to work on /Users/dimitrikestenbaum/.pyenv/versions/3.11.4/envs/pelven/lib/python3.11/site-packages/airflow/example_dags/example_xcomargs.py
[2023-07-20T23:08:52.808+0200] {processor.py:826} INFO - Processing file /Users/dimitrikestenbaum/.pyenv/versions/3.11.4/envs/pelven/lib/python3.11/site-packages/airflow/example_dags/example_xcomargs.py for tasks to queue
[2023-07-20T23:08:52.809+0200] {logging_mixin.py:150} INFO - [2023-07-20T23:08:52.809+0200] {dagbag.py:541} INFO - Filling up the DagBag from /Users/dimitrikestenbaum/.pyenv/versions/3.11.4/envs/pelven/lib/python3.11/site-packages/airflow/example_dags/example_xcomargs.py
[2023-07-20T23:08:52.881+0200] {processor.py:836} INFO - DAG(s) dict_keys(['example_xcom_args_with_operators', 'example_xcom_args']) retrieved from /Users/dimitrikestenbaum/.pyenv/versions/3.11.4/envs/pelven/lib/python3.11/site-packages/airflow/example_dags/example_xcomargs.py
[2023-07-20T23:08:53.563+0200] {logging_mixin.py:150} INFO - [2023-07-20T23:08:53.562+0200] {dag.py:2742} INFO - Sync 2 DAGs
[2023-07-20T23:08:53.577+0200] {logging_mixin.py:150} INFO - [2023-07-20T23:08:53.576+0200] {dag.py:3504} INFO - Setting next_dagrun for example_xcom_args to None, run_after=None
[2023-07-20T23:08:53.579+0200] {logging_mixin.py:150} INFO - [2023-07-20T23:08:53.579+0200] {dag.py:3504} INFO - Setting next_dagrun for example_xcom_args_with_operators to None, run_after=None
[2023-07-20T23:08:53.593+0200] {processor.py:179} INFO - Processing /Users/dimitrikestenbaum/.pyenv/versions/3.11.4/envs/pelven/lib/python3.11/site-packages/airflow/example_dags/example_xcomargs.py took 0.790 seconds
