[2023-07-20T22:57:44.102+0200] {processor.py:157} INFO - Started process (PID=13926) to work on /Users/dimitrikestenbaum/.pyenv/versions/3.11.4/envs/pelven/lib/python3.11/site-packages/airflow/example_dags/example_dynamic_task_mapping_with_no_taskflow_operators.py
[2023-07-20T22:57:44.107+0200] {processor.py:826} INFO - Processing file /Users/dimitrikestenbaum/.pyenv/versions/3.11.4/envs/pelven/lib/python3.11/site-packages/airflow/example_dags/example_dynamic_task_mapping_with_no_taskflow_operators.py for tasks to queue
[2023-07-20T22:57:44.108+0200] {logging_mixin.py:150} INFO - [2023-07-20T22:57:44.108+0200] {dagbag.py:541} INFO - Filling up the DagBag from /Users/dimitrikestenbaum/.pyenv/versions/3.11.4/envs/pelven/lib/python3.11/site-packages/airflow/example_dags/example_dynamic_task_mapping_with_no_taskflow_operators.py
[2023-07-20T22:57:44.129+0200] {processor.py:836} INFO - DAG(s) dict_keys(['example_dynamic_task_mapping_with_no_taskflow_operators']) retrieved from /Users/dimitrikestenbaum/.pyenv/versions/3.11.4/envs/pelven/lib/python3.11/site-packages/airflow/example_dags/example_dynamic_task_mapping_with_no_taskflow_operators.py
[2023-07-20T22:57:44.939+0200] {logging_mixin.py:150} INFO - [2023-07-20T22:57:44.939+0200] {manager.py:504} INFO - Created Permission View: can read on DAG:example_dynamic_task_mapping_with_no_taskflow_operators
[2023-07-20T22:57:44.948+0200] {logging_mixin.py:150} INFO - [2023-07-20T22:57:44.948+0200] {manager.py:504} INFO - Created Permission View: can edit on DAG:example_dynamic_task_mapping_with_no_taskflow_operators
[2023-07-20T22:57:44.954+0200] {logging_mixin.py:150} INFO - [2023-07-20T22:57:44.953+0200] {manager.py:504} INFO - Created Permission View: can delete on DAG:example_dynamic_task_mapping_with_no_taskflow_operators
[2023-07-20T22:57:44.964+0200] {logging_mixin.py:150} INFO - [2023-07-20T22:57:44.964+0200] {dag.py:2742} INFO - Sync 1 DAGs
[2023-07-20T22:57:44.974+0200] {logging_mixin.py:150} INFO - [2023-07-20T22:57:44.973+0200] {dag.py:2763} INFO - Creating ORM DAG for example_dynamic_task_mapping_with_no_taskflow_operators
[2023-07-20T22:57:44.981+0200] {logging_mixin.py:150} INFO - [2023-07-20T22:57:44.981+0200] {dag.py:3504} INFO - Setting next_dagrun for example_dynamic_task_mapping_with_no_taskflow_operators to 2023-07-19T20:57:44.981672+00:00, run_after=2023-07-20T20:57:44.981672+00:00
[2023-07-20T22:57:44.997+0200] {processor.py:179} INFO - Processing /Users/dimitrikestenbaum/.pyenv/versions/3.11.4/envs/pelven/lib/python3.11/site-packages/airflow/example_dags/example_dynamic_task_mapping_with_no_taskflow_operators.py took 0.897 seconds
[2023-07-20T22:59:57.602+0200] {processor.py:157} INFO - Started process (PID=14056) to work on /Users/dimitrikestenbaum/.pyenv/versions/3.11.4/envs/pelven/lib/python3.11/site-packages/airflow/example_dags/example_dynamic_task_mapping_with_no_taskflow_operators.py
[2023-07-20T22:59:57.606+0200] {processor.py:826} INFO - Processing file /Users/dimitrikestenbaum/.pyenv/versions/3.11.4/envs/pelven/lib/python3.11/site-packages/airflow/example_dags/example_dynamic_task_mapping_with_no_taskflow_operators.py for tasks to queue
[2023-07-20T22:59:57.606+0200] {logging_mixin.py:150} INFO - [2023-07-20T22:59:57.606+0200] {dagbag.py:541} INFO - Filling up the DagBag from /Users/dimitrikestenbaum/.pyenv/versions/3.11.4/envs/pelven/lib/python3.11/site-packages/airflow/example_dags/example_dynamic_task_mapping_with_no_taskflow_operators.py
[2023-07-20T22:59:57.630+0200] {processor.py:836} INFO - DAG(s) dict_keys(['example_dynamic_task_mapping_with_no_taskflow_operators']) retrieved from /Users/dimitrikestenbaum/.pyenv/versions/3.11.4/envs/pelven/lib/python3.11/site-packages/airflow/example_dags/example_dynamic_task_mapping_with_no_taskflow_operators.py
[2023-07-20T22:59:58.444+0200] {logging_mixin.py:150} INFO - [2023-07-20T22:59:58.444+0200] {dag.py:2742} INFO - Sync 1 DAGs
[2023-07-20T22:59:58.458+0200] {logging_mixin.py:150} INFO - [2023-07-20T22:59:58.457+0200] {dag.py:3504} INFO - Setting next_dagrun for example_dynamic_task_mapping_with_no_taskflow_operators to 2023-07-19T20:59:58.457741+00:00, run_after=2023-07-20T20:59:58.457741+00:00
[2023-07-20T22:59:58.480+0200] {processor.py:179} INFO - Processing /Users/dimitrikestenbaum/.pyenv/versions/3.11.4/envs/pelven/lib/python3.11/site-packages/airflow/example_dags/example_dynamic_task_mapping_with_no_taskflow_operators.py took 0.879 seconds
[2023-07-20T23:03:16.145+0200] {processor.py:157} INFO - Started process (PID=14310) to work on /Users/dimitrikestenbaum/.pyenv/versions/3.11.4/envs/pelven/lib/python3.11/site-packages/airflow/example_dags/example_dynamic_task_mapping_with_no_taskflow_operators.py
[2023-07-20T23:03:16.149+0200] {processor.py:826} INFO - Processing file /Users/dimitrikestenbaum/.pyenv/versions/3.11.4/envs/pelven/lib/python3.11/site-packages/airflow/example_dags/example_dynamic_task_mapping_with_no_taskflow_operators.py for tasks to queue
[2023-07-20T23:03:16.150+0200] {logging_mixin.py:150} INFO - [2023-07-20T23:03:16.150+0200] {dagbag.py:541} INFO - Filling up the DagBag from /Users/dimitrikestenbaum/.pyenv/versions/3.11.4/envs/pelven/lib/python3.11/site-packages/airflow/example_dags/example_dynamic_task_mapping_with_no_taskflow_operators.py
[2023-07-20T23:03:16.167+0200] {processor.py:836} INFO - DAG(s) dict_keys(['example_dynamic_task_mapping_with_no_taskflow_operators']) retrieved from /Users/dimitrikestenbaum/.pyenv/versions/3.11.4/envs/pelven/lib/python3.11/site-packages/airflow/example_dags/example_dynamic_task_mapping_with_no_taskflow_operators.py
[2023-07-20T23:03:16.897+0200] {logging_mixin.py:150} INFO - [2023-07-20T23:03:16.896+0200] {dag.py:2742} INFO - Sync 1 DAGs
[2023-07-20T23:03:16.913+0200] {logging_mixin.py:150} INFO - [2023-07-20T23:03:16.913+0200] {dag.py:3504} INFO - Setting next_dagrun for example_dynamic_task_mapping_with_no_taskflow_operators to 2023-07-19T21:03:16.913234+00:00, run_after=2023-07-20T21:03:16.913234+00:00
[2023-07-20T23:03:16.932+0200] {processor.py:179} INFO - Processing /Users/dimitrikestenbaum/.pyenv/versions/3.11.4/envs/pelven/lib/python3.11/site-packages/airflow/example_dags/example_dynamic_task_mapping_with_no_taskflow_operators.py took 0.788 seconds
[2023-07-20T23:06:36.864+0200] {processor.py:157} INFO - Started process (PID=14836) to work on /Users/dimitrikestenbaum/.pyenv/versions/3.11.4/envs/pelven/lib/python3.11/site-packages/airflow/example_dags/example_dynamic_task_mapping_with_no_taskflow_operators.py
[2023-07-20T23:06:36.867+0200] {processor.py:826} INFO - Processing file /Users/dimitrikestenbaum/.pyenv/versions/3.11.4/envs/pelven/lib/python3.11/site-packages/airflow/example_dags/example_dynamic_task_mapping_with_no_taskflow_operators.py for tasks to queue
[2023-07-20T23:06:36.868+0200] {logging_mixin.py:150} INFO - [2023-07-20T23:06:36.868+0200] {dagbag.py:541} INFO - Filling up the DagBag from /Users/dimitrikestenbaum/.pyenv/versions/3.11.4/envs/pelven/lib/python3.11/site-packages/airflow/example_dags/example_dynamic_task_mapping_with_no_taskflow_operators.py
[2023-07-20T23:06:36.886+0200] {processor.py:836} INFO - DAG(s) dict_keys(['example_dynamic_task_mapping_with_no_taskflow_operators']) retrieved from /Users/dimitrikestenbaum/.pyenv/versions/3.11.4/envs/pelven/lib/python3.11/site-packages/airflow/example_dags/example_dynamic_task_mapping_with_no_taskflow_operators.py
[2023-07-20T23:06:37.736+0200] {logging_mixin.py:150} INFO - [2023-07-20T23:06:37.736+0200] {dag.py:2742} INFO - Sync 1 DAGs
[2023-07-20T23:06:37.751+0200] {logging_mixin.py:150} INFO - [2023-07-20T23:06:37.750+0200] {dag.py:3504} INFO - Setting next_dagrun for example_dynamic_task_mapping_with_no_taskflow_operators to 2023-07-19T21:06:37.750702+00:00, run_after=2023-07-20T21:06:37.750702+00:00
[2023-07-20T23:06:37.767+0200] {processor.py:179} INFO - Processing /Users/dimitrikestenbaum/.pyenv/versions/3.11.4/envs/pelven/lib/python3.11/site-packages/airflow/example_dags/example_dynamic_task_mapping_with_no_taskflow_operators.py took 0.905 seconds
[2023-07-20T23:10:09.225+0200] {processor.py:157} INFO - Started process (PID=15072) to work on /Users/dimitrikestenbaum/.pyenv/versions/3.11.4/envs/pelven/lib/python3.11/site-packages/airflow/example_dags/example_dynamic_task_mapping_with_no_taskflow_operators.py
[2023-07-20T23:10:09.230+0200] {processor.py:826} INFO - Processing file /Users/dimitrikestenbaum/.pyenv/versions/3.11.4/envs/pelven/lib/python3.11/site-packages/airflow/example_dags/example_dynamic_task_mapping_with_no_taskflow_operators.py for tasks to queue
[2023-07-20T23:10:09.231+0200] {logging_mixin.py:150} INFO - [2023-07-20T23:10:09.231+0200] {dagbag.py:541} INFO - Filling up the DagBag from /Users/dimitrikestenbaum/.pyenv/versions/3.11.4/envs/pelven/lib/python3.11/site-packages/airflow/example_dags/example_dynamic_task_mapping_with_no_taskflow_operators.py
[2023-07-20T23:10:09.253+0200] {processor.py:836} INFO - DAG(s) dict_keys(['example_dynamic_task_mapping_with_no_taskflow_operators']) retrieved from /Users/dimitrikestenbaum/.pyenv/versions/3.11.4/envs/pelven/lib/python3.11/site-packages/airflow/example_dags/example_dynamic_task_mapping_with_no_taskflow_operators.py
[2023-07-20T23:10:10.216+0200] {logging_mixin.py:150} INFO - [2023-07-20T23:10:10.215+0200] {dag.py:2742} INFO - Sync 1 DAGs
[2023-07-20T23:10:10.234+0200] {logging_mixin.py:150} INFO - [2023-07-20T23:10:10.233+0200] {dag.py:3504} INFO - Setting next_dagrun for example_dynamic_task_mapping_with_no_taskflow_operators to 2023-07-19T21:10:10.233731+00:00, run_after=2023-07-20T21:10:10.233731+00:00
[2023-07-20T23:10:10.256+0200] {processor.py:179} INFO - Processing /Users/dimitrikestenbaum/.pyenv/versions/3.11.4/envs/pelven/lib/python3.11/site-packages/airflow/example_dags/example_dynamic_task_mapping_with_no_taskflow_operators.py took 1.031 seconds
