[2023-07-20T22:56:34.251+0200] {processor.py:157} INFO - Started process (PID=13841) to work on /Users/dimitrikestenbaum/.pyenv/versions/3.11.4/envs/pelven/lib/python3.11/site-packages/airflow/example_dags/example_trigger_target_dag.py
[2023-07-20T22:56:34.256+0200] {processor.py:826} INFO - Processing file /Users/dimitrikestenbaum/.pyenv/versions/3.11.4/envs/pelven/lib/python3.11/site-packages/airflow/example_dags/example_trigger_target_dag.py for tasks to queue
[2023-07-20T22:56:34.257+0200] {logging_mixin.py:150} INFO - [2023-07-20T22:56:34.257+0200] {dagbag.py:541} INFO - Filling up the DagBag from /Users/dimitrikestenbaum/.pyenv/versions/3.11.4/envs/pelven/lib/python3.11/site-packages/airflow/example_dags/example_trigger_target_dag.py
[2023-07-20T22:56:34.374+0200] {processor.py:836} INFO - DAG(s) dict_keys(['example_trigger_target_dag']) retrieved from /Users/dimitrikestenbaum/.pyenv/versions/3.11.4/envs/pelven/lib/python3.11/site-packages/airflow/example_dags/example_trigger_target_dag.py
[2023-07-20T22:56:35.160+0200] {logging_mixin.py:150} INFO - [2023-07-20T22:56:35.160+0200] {manager.py:504} INFO - Created Permission View: can edit on DAG:example_trigger_target_dag
[2023-07-20T22:56:35.171+0200] {logging_mixin.py:150} INFO - [2023-07-20T22:56:35.171+0200] {manager.py:504} INFO - Created Permission View: can read on DAG:example_trigger_target_dag
[2023-07-20T22:56:35.178+0200] {logging_mixin.py:150} INFO - [2023-07-20T22:56:35.178+0200] {manager.py:504} INFO - Created Permission View: can delete on DAG:example_trigger_target_dag
[2023-07-20T22:56:35.190+0200] {logging_mixin.py:150} INFO - [2023-07-20T22:56:35.190+0200] {dag.py:2742} INFO - Sync 1 DAGs
[2023-07-20T22:56:35.202+0200] {logging_mixin.py:150} INFO - [2023-07-20T22:56:35.202+0200] {dag.py:2763} INFO - Creating ORM DAG for example_trigger_target_dag
[2023-07-20T22:56:35.211+0200] {logging_mixin.py:150} INFO - [2023-07-20T22:56:35.211+0200] {dag.py:3504} INFO - Setting next_dagrun for example_trigger_target_dag to None, run_after=None
[2023-07-20T22:56:35.228+0200] {processor.py:179} INFO - Processing /Users/dimitrikestenbaum/.pyenv/versions/3.11.4/envs/pelven/lib/python3.11/site-packages/airflow/example_dags/example_trigger_target_dag.py took 0.978 seconds
[2023-07-20T22:58:49.224+0200] {processor.py:157} INFO - Started process (PID=13985) to work on /Users/dimitrikestenbaum/.pyenv/versions/3.11.4/envs/pelven/lib/python3.11/site-packages/airflow/example_dags/example_trigger_target_dag.py
[2023-07-20T22:58:49.227+0200] {processor.py:826} INFO - Processing file /Users/dimitrikestenbaum/.pyenv/versions/3.11.4/envs/pelven/lib/python3.11/site-packages/airflow/example_dags/example_trigger_target_dag.py for tasks to queue
[2023-07-20T22:58:49.227+0200] {logging_mixin.py:150} INFO - [2023-07-20T22:58:49.227+0200] {dagbag.py:541} INFO - Filling up the DagBag from /Users/dimitrikestenbaum/.pyenv/versions/3.11.4/envs/pelven/lib/python3.11/site-packages/airflow/example_dags/example_trigger_target_dag.py
[2023-07-20T22:58:49.300+0200] {processor.py:836} INFO - DAG(s) dict_keys(['example_trigger_target_dag']) retrieved from /Users/dimitrikestenbaum/.pyenv/versions/3.11.4/envs/pelven/lib/python3.11/site-packages/airflow/example_dags/example_trigger_target_dag.py
[2023-07-20T22:58:50.000+0200] {logging_mixin.py:150} INFO - [2023-07-20T22:58:50.000+0200] {dag.py:2742} INFO - Sync 1 DAGs
[2023-07-20T22:58:50.013+0200] {logging_mixin.py:150} INFO - [2023-07-20T22:58:50.013+0200] {dag.py:3504} INFO - Setting next_dagrun for example_trigger_target_dag to None, run_after=None
[2023-07-20T22:58:50.029+0200] {processor.py:179} INFO - Processing /Users/dimitrikestenbaum/.pyenv/versions/3.11.4/envs/pelven/lib/python3.11/site-packages/airflow/example_dags/example_trigger_target_dag.py took 0.806 seconds
[2023-07-20T23:00:31.233+0200] {processor.py:157} INFO - Started process (PID=14087) to work on /Users/dimitrikestenbaum/.pyenv/versions/3.11.4/envs/pelven/lib/python3.11/site-packages/airflow/example_dags/example_trigger_target_dag.py
[2023-07-20T23:00:31.236+0200] {processor.py:826} INFO - Processing file /Users/dimitrikestenbaum/.pyenv/versions/3.11.4/envs/pelven/lib/python3.11/site-packages/airflow/example_dags/example_trigger_target_dag.py for tasks to queue
[2023-07-20T23:00:31.237+0200] {logging_mixin.py:150} INFO - [2023-07-20T23:00:31.237+0200] {dagbag.py:541} INFO - Filling up the DagBag from /Users/dimitrikestenbaum/.pyenv/versions/3.11.4/envs/pelven/lib/python3.11/site-packages/airflow/example_dags/example_trigger_target_dag.py
[2023-07-20T23:00:31.318+0200] {processor.py:836} INFO - DAG(s) dict_keys(['example_trigger_target_dag']) retrieved from /Users/dimitrikestenbaum/.pyenv/versions/3.11.4/envs/pelven/lib/python3.11/site-packages/airflow/example_dags/example_trigger_target_dag.py
[2023-07-20T23:00:32.047+0200] {logging_mixin.py:150} INFO - [2023-07-20T23:00:32.047+0200] {dag.py:2742} INFO - Sync 1 DAGs
[2023-07-20T23:00:32.062+0200] {logging_mixin.py:150} INFO - [2023-07-20T23:00:32.062+0200] {dag.py:3504} INFO - Setting next_dagrun for example_trigger_target_dag to None, run_after=None
[2023-07-20T23:00:32.078+0200] {processor.py:179} INFO - Processing /Users/dimitrikestenbaum/.pyenv/versions/3.11.4/envs/pelven/lib/python3.11/site-packages/airflow/example_dags/example_trigger_target_dag.py took 0.846 seconds
[2023-07-20T23:02:13.005+0200] {processor.py:157} INFO - Started process (PID=14195) to work on /Users/dimitrikestenbaum/.pyenv/versions/3.11.4/envs/pelven/lib/python3.11/site-packages/airflow/example_dags/example_trigger_target_dag.py
[2023-07-20T23:02:13.010+0200] {processor.py:826} INFO - Processing file /Users/dimitrikestenbaum/.pyenv/versions/3.11.4/envs/pelven/lib/python3.11/site-packages/airflow/example_dags/example_trigger_target_dag.py for tasks to queue
[2023-07-20T23:02:13.031+0200] {logging_mixin.py:150} INFO - [2023-07-20T23:02:13.030+0200] {dagbag.py:541} INFO - Filling up the DagBag from /Users/dimitrikestenbaum/.pyenv/versions/3.11.4/envs/pelven/lib/python3.11/site-packages/airflow/example_dags/example_trigger_target_dag.py
[2023-07-20T23:02:13.199+0200] {processor.py:836} INFO - DAG(s) dict_keys(['example_trigger_target_dag']) retrieved from /Users/dimitrikestenbaum/.pyenv/versions/3.11.4/envs/pelven/lib/python3.11/site-packages/airflow/example_dags/example_trigger_target_dag.py
[2023-07-20T23:02:13.874+0200] {logging_mixin.py:150} INFO - [2023-07-20T23:02:13.873+0200] {dag.py:2742} INFO - Sync 1 DAGs
[2023-07-20T23:02:13.887+0200] {logging_mixin.py:150} INFO - [2023-07-20T23:02:13.887+0200] {dag.py:3504} INFO - Setting next_dagrun for example_trigger_target_dag to None, run_after=None
[2023-07-20T23:02:13.902+0200] {processor.py:179} INFO - Processing /Users/dimitrikestenbaum/.pyenv/versions/3.11.4/envs/pelven/lib/python3.11/site-packages/airflow/example_dags/example_trigger_target_dag.py took 0.897 seconds
[2023-07-20T23:03:50.768+0200] {processor.py:157} INFO - Started process (PID=14437) to work on /Users/dimitrikestenbaum/.pyenv/versions/3.11.4/envs/pelven/lib/python3.11/site-packages/airflow/example_dags/example_trigger_target_dag.py
[2023-07-20T23:03:50.772+0200] {processor.py:826} INFO - Processing file /Users/dimitrikestenbaum/.pyenv/versions/3.11.4/envs/pelven/lib/python3.11/site-packages/airflow/example_dags/example_trigger_target_dag.py for tasks to queue
[2023-07-20T23:03:50.773+0200] {logging_mixin.py:150} INFO - [2023-07-20T23:03:50.773+0200] {dagbag.py:541} INFO - Filling up the DagBag from /Users/dimitrikestenbaum/.pyenv/versions/3.11.4/envs/pelven/lib/python3.11/site-packages/airflow/example_dags/example_trigger_target_dag.py
[2023-07-20T23:03:50.844+0200] {processor.py:836} INFO - DAG(s) dict_keys(['example_trigger_target_dag']) retrieved from /Users/dimitrikestenbaum/.pyenv/versions/3.11.4/envs/pelven/lib/python3.11/site-packages/airflow/example_dags/example_trigger_target_dag.py
[2023-07-20T23:03:51.502+0200] {logging_mixin.py:150} INFO - [2023-07-20T23:03:51.501+0200] {dag.py:2742} INFO - Sync 1 DAGs
[2023-07-20T23:03:51.514+0200] {logging_mixin.py:150} INFO - [2023-07-20T23:03:51.514+0200] {dag.py:3504} INFO - Setting next_dagrun for example_trigger_target_dag to None, run_after=None
[2023-07-20T23:03:51.532+0200] {processor.py:179} INFO - Processing /Users/dimitrikestenbaum/.pyenv/versions/3.11.4/envs/pelven/lib/python3.11/site-packages/airflow/example_dags/example_trigger_target_dag.py took 0.765 seconds
[2023-07-20T23:05:30.117+0200] {processor.py:157} INFO - Started process (PID=14776) to work on /Users/dimitrikestenbaum/.pyenv/versions/3.11.4/envs/pelven/lib/python3.11/site-packages/airflow/example_dags/example_trigger_target_dag.py
[2023-07-20T23:05:30.121+0200] {processor.py:826} INFO - Processing file /Users/dimitrikestenbaum/.pyenv/versions/3.11.4/envs/pelven/lib/python3.11/site-packages/airflow/example_dags/example_trigger_target_dag.py for tasks to queue
[2023-07-20T23:05:30.122+0200] {logging_mixin.py:150} INFO - [2023-07-20T23:05:30.122+0200] {dagbag.py:541} INFO - Filling up the DagBag from /Users/dimitrikestenbaum/.pyenv/versions/3.11.4/envs/pelven/lib/python3.11/site-packages/airflow/example_dags/example_trigger_target_dag.py
[2023-07-20T23:05:30.195+0200] {processor.py:836} INFO - DAG(s) dict_keys(['example_trigger_target_dag']) retrieved from /Users/dimitrikestenbaum/.pyenv/versions/3.11.4/envs/pelven/lib/python3.11/site-packages/airflow/example_dags/example_trigger_target_dag.py
[2023-07-20T23:05:30.964+0200] {logging_mixin.py:150} INFO - [2023-07-20T23:05:30.964+0200] {dag.py:2742} INFO - Sync 1 DAGs
[2023-07-20T23:05:30.979+0200] {logging_mixin.py:150} INFO - [2023-07-20T23:05:30.979+0200] {dag.py:3504} INFO - Setting next_dagrun for example_trigger_target_dag to None, run_after=None
[2023-07-20T23:05:30.998+0200] {processor.py:179} INFO - Processing /Users/dimitrikestenbaum/.pyenv/versions/3.11.4/envs/pelven/lib/python3.11/site-packages/airflow/example_dags/example_trigger_target_dag.py took 0.882 seconds
[2023-07-20T23:07:12.707+0200] {processor.py:157} INFO - Started process (PID=14887) to work on /Users/dimitrikestenbaum/.pyenv/versions/3.11.4/envs/pelven/lib/python3.11/site-packages/airflow/example_dags/example_trigger_target_dag.py
[2023-07-20T23:07:12.710+0200] {processor.py:826} INFO - Processing file /Users/dimitrikestenbaum/.pyenv/versions/3.11.4/envs/pelven/lib/python3.11/site-packages/airflow/example_dags/example_trigger_target_dag.py for tasks to queue
[2023-07-20T23:07:12.710+0200] {logging_mixin.py:150} INFO - [2023-07-20T23:07:12.710+0200] {dagbag.py:541} INFO - Filling up the DagBag from /Users/dimitrikestenbaum/.pyenv/versions/3.11.4/envs/pelven/lib/python3.11/site-packages/airflow/example_dags/example_trigger_target_dag.py
[2023-07-20T23:07:12.790+0200] {processor.py:836} INFO - DAG(s) dict_keys(['example_trigger_target_dag']) retrieved from /Users/dimitrikestenbaum/.pyenv/versions/3.11.4/envs/pelven/lib/python3.11/site-packages/airflow/example_dags/example_trigger_target_dag.py
[2023-07-20T23:07:13.587+0200] {logging_mixin.py:150} INFO - [2023-07-20T23:07:13.587+0200] {dag.py:2742} INFO - Sync 1 DAGs
[2023-07-20T23:07:13.603+0200] {logging_mixin.py:150} INFO - [2023-07-20T23:07:13.603+0200] {dag.py:3504} INFO - Setting next_dagrun for example_trigger_target_dag to None, run_after=None
[2023-07-20T23:07:13.622+0200] {processor.py:179} INFO - Processing /Users/dimitrikestenbaum/.pyenv/versions/3.11.4/envs/pelven/lib/python3.11/site-packages/airflow/example_dags/example_trigger_target_dag.py took 0.916 seconds
[2023-07-20T23:08:58.252+0200] {processor.py:157} INFO - Started process (PID=15006) to work on /Users/dimitrikestenbaum/.pyenv/versions/3.11.4/envs/pelven/lib/python3.11/site-packages/airflow/example_dags/example_trigger_target_dag.py
[2023-07-20T23:08:58.257+0200] {processor.py:826} INFO - Processing file /Users/dimitrikestenbaum/.pyenv/versions/3.11.4/envs/pelven/lib/python3.11/site-packages/airflow/example_dags/example_trigger_target_dag.py for tasks to queue
[2023-07-20T23:08:58.257+0200] {logging_mixin.py:150} INFO - [2023-07-20T23:08:58.257+0200] {dagbag.py:541} INFO - Filling up the DagBag from /Users/dimitrikestenbaum/.pyenv/versions/3.11.4/envs/pelven/lib/python3.11/site-packages/airflow/example_dags/example_trigger_target_dag.py
[2023-07-20T23:08:58.333+0200] {processor.py:836} INFO - DAG(s) dict_keys(['example_trigger_target_dag']) retrieved from /Users/dimitrikestenbaum/.pyenv/versions/3.11.4/envs/pelven/lib/python3.11/site-packages/airflow/example_dags/example_trigger_target_dag.py
[2023-07-20T23:08:59.020+0200] {logging_mixin.py:150} INFO - [2023-07-20T23:08:59.020+0200] {dag.py:2742} INFO - Sync 1 DAGs
[2023-07-20T23:08:59.034+0200] {logging_mixin.py:150} INFO - [2023-07-20T23:08:59.033+0200] {dag.py:3504} INFO - Setting next_dagrun for example_trigger_target_dag to None, run_after=None
[2023-07-20T23:08:59.049+0200] {processor.py:179} INFO - Processing /Users/dimitrikestenbaum/.pyenv/versions/3.11.4/envs/pelven/lib/python3.11/site-packages/airflow/example_dags/example_trigger_target_dag.py took 0.797 seconds
