[2023-07-20T22:56:57.826+0200] {processor.py:157} INFO - Started process (PID=13882) to work on /Users/dimitrikestenbaum/.pyenv/versions/3.11.4/envs/pelven/lib/python3.11/site-packages/airflow/example_dags/example_short_circuit_operator.py
[2023-07-20T22:56:57.829+0200] {processor.py:826} INFO - Processing file /Users/dimitrikestenbaum/.pyenv/versions/3.11.4/envs/pelven/lib/python3.11/site-packages/airflow/example_dags/example_short_circuit_operator.py for tasks to queue
[2023-07-20T22:56:57.829+0200] {logging_mixin.py:150} INFO - [2023-07-20T22:56:57.829+0200] {dagbag.py:541} INFO - Filling up the DagBag from /Users/dimitrikestenbaum/.pyenv/versions/3.11.4/envs/pelven/lib/python3.11/site-packages/airflow/example_dags/example_short_circuit_operator.py
[2023-07-20T22:56:57.885+0200] {processor.py:836} INFO - DAG(s) dict_keys(['example_short_circuit_operator']) retrieved from /Users/dimitrikestenbaum/.pyenv/versions/3.11.4/envs/pelven/lib/python3.11/site-packages/airflow/example_dags/example_short_circuit_operator.py
[2023-07-20T22:56:58.776+0200] {logging_mixin.py:150} INFO - [2023-07-20T22:56:58.776+0200] {manager.py:504} INFO - Created Permission View: can delete on DAG:example_short_circuit_operator
[2023-07-20T22:56:58.785+0200] {logging_mixin.py:150} INFO - [2023-07-20T22:56:58.785+0200] {manager.py:504} INFO - Created Permission View: can read on DAG:example_short_circuit_operator
[2023-07-20T22:56:58.792+0200] {logging_mixin.py:150} INFO - [2023-07-20T22:56:58.791+0200] {manager.py:504} INFO - Created Permission View: can edit on DAG:example_short_circuit_operator
[2023-07-20T22:56:58.801+0200] {logging_mixin.py:150} INFO - [2023-07-20T22:56:58.801+0200] {dag.py:2742} INFO - Sync 1 DAGs
[2023-07-20T22:56:58.810+0200] {logging_mixin.py:150} INFO - [2023-07-20T22:56:58.809+0200] {dag.py:2763} INFO - Creating ORM DAG for example_short_circuit_operator
[2023-07-20T22:56:58.816+0200] {logging_mixin.py:150} INFO - [2023-07-20T22:56:58.816+0200] {dag.py:3504} INFO - Setting next_dagrun for example_short_circuit_operator to 2023-07-19T20:56:58.816528+00:00, run_after=2023-07-20T20:56:58.816528+00:00
[2023-07-20T22:56:58.834+0200] {processor.py:179} INFO - Processing /Users/dimitrikestenbaum/.pyenv/versions/3.11.4/envs/pelven/lib/python3.11/site-packages/airflow/example_dags/example_short_circuit_operator.py took 1.008 seconds
[2023-07-20T22:59:10.196+0200] {processor.py:157} INFO - Started process (PID=14011) to work on /Users/dimitrikestenbaum/.pyenv/versions/3.11.4/envs/pelven/lib/python3.11/site-packages/airflow/example_dags/example_short_circuit_operator.py
[2023-07-20T22:59:10.200+0200] {processor.py:826} INFO - Processing file /Users/dimitrikestenbaum/.pyenv/versions/3.11.4/envs/pelven/lib/python3.11/site-packages/airflow/example_dags/example_short_circuit_operator.py for tasks to queue
[2023-07-20T22:59:10.200+0200] {logging_mixin.py:150} INFO - [2023-07-20T22:59:10.200+0200] {dagbag.py:541} INFO - Filling up the DagBag from /Users/dimitrikestenbaum/.pyenv/versions/3.11.4/envs/pelven/lib/python3.11/site-packages/airflow/example_dags/example_short_circuit_operator.py
[2023-07-20T22:59:10.260+0200] {processor.py:836} INFO - DAG(s) dict_keys(['example_short_circuit_operator']) retrieved from /Users/dimitrikestenbaum/.pyenv/versions/3.11.4/envs/pelven/lib/python3.11/site-packages/airflow/example_dags/example_short_circuit_operator.py
[2023-07-20T22:59:11.026+0200] {logging_mixin.py:150} INFO - [2023-07-20T22:59:11.025+0200] {dag.py:2742} INFO - Sync 1 DAGs
[2023-07-20T22:59:11.041+0200] {logging_mixin.py:150} INFO - [2023-07-20T22:59:11.041+0200] {dag.py:3504} INFO - Setting next_dagrun for example_short_circuit_operator to 2023-07-19T20:59:11.041209+00:00, run_after=2023-07-20T20:59:11.041209+00:00
[2023-07-20T22:59:11.057+0200] {processor.py:179} INFO - Processing /Users/dimitrikestenbaum/.pyenv/versions/3.11.4/envs/pelven/lib/python3.11/site-packages/airflow/example_dags/example_short_circuit_operator.py took 0.862 seconds
[2023-07-20T23:00:54.132+0200] {processor.py:157} INFO - Started process (PID=14104) to work on /Users/dimitrikestenbaum/.pyenv/versions/3.11.4/envs/pelven/lib/python3.11/site-packages/airflow/example_dags/example_short_circuit_operator.py
[2023-07-20T23:00:54.137+0200] {processor.py:826} INFO - Processing file /Users/dimitrikestenbaum/.pyenv/versions/3.11.4/envs/pelven/lib/python3.11/site-packages/airflow/example_dags/example_short_circuit_operator.py for tasks to queue
[2023-07-20T23:00:54.139+0200] {logging_mixin.py:150} INFO - [2023-07-20T23:00:54.139+0200] {dagbag.py:541} INFO - Filling up the DagBag from /Users/dimitrikestenbaum/.pyenv/versions/3.11.4/envs/pelven/lib/python3.11/site-packages/airflow/example_dags/example_short_circuit_operator.py
[2023-07-20T23:00:54.211+0200] {processor.py:836} INFO - DAG(s) dict_keys(['example_short_circuit_operator']) retrieved from /Users/dimitrikestenbaum/.pyenv/versions/3.11.4/envs/pelven/lib/python3.11/site-packages/airflow/example_dags/example_short_circuit_operator.py
[2023-07-20T23:00:54.926+0200] {logging_mixin.py:150} INFO - [2023-07-20T23:00:54.926+0200] {dag.py:2742} INFO - Sync 1 DAGs
[2023-07-20T23:00:54.940+0200] {logging_mixin.py:150} INFO - [2023-07-20T23:00:54.940+0200] {dag.py:3504} INFO - Setting next_dagrun for example_short_circuit_operator to 2023-07-19T21:00:54.940507+00:00, run_after=2023-07-20T21:00:54.940507+00:00
[2023-07-20T23:00:54.956+0200] {processor.py:179} INFO - Processing /Users/dimitrikestenbaum/.pyenv/versions/3.11.4/envs/pelven/lib/python3.11/site-packages/airflow/example_dags/example_short_circuit_operator.py took 0.824 seconds
[2023-07-20T23:02:35.763+0200] {processor.py:157} INFO - Started process (PID=14219) to work on /Users/dimitrikestenbaum/.pyenv/versions/3.11.4/envs/pelven/lib/python3.11/site-packages/airflow/example_dags/example_short_circuit_operator.py
[2023-07-20T23:02:35.768+0200] {processor.py:826} INFO - Processing file /Users/dimitrikestenbaum/.pyenv/versions/3.11.4/envs/pelven/lib/python3.11/site-packages/airflow/example_dags/example_short_circuit_operator.py for tasks to queue
[2023-07-20T23:02:35.769+0200] {logging_mixin.py:150} INFO - [2023-07-20T23:02:35.769+0200] {dagbag.py:541} INFO - Filling up the DagBag from /Users/dimitrikestenbaum/.pyenv/versions/3.11.4/envs/pelven/lib/python3.11/site-packages/airflow/example_dags/example_short_circuit_operator.py
[2023-07-20T23:02:35.823+0200] {processor.py:836} INFO - DAG(s) dict_keys(['example_short_circuit_operator']) retrieved from /Users/dimitrikestenbaum/.pyenv/versions/3.11.4/envs/pelven/lib/python3.11/site-packages/airflow/example_dags/example_short_circuit_operator.py
[2023-07-20T23:02:36.478+0200] {logging_mixin.py:150} INFO - [2023-07-20T23:02:36.478+0200] {dag.py:2742} INFO - Sync 1 DAGs
[2023-07-20T23:02:36.491+0200] {logging_mixin.py:150} INFO - [2023-07-20T23:02:36.491+0200] {dag.py:3504} INFO - Setting next_dagrun for example_short_circuit_operator to 2023-07-19T21:02:36.491398+00:00, run_after=2023-07-20T21:02:36.491398+00:00
[2023-07-20T23:02:36.510+0200] {processor.py:179} INFO - Processing /Users/dimitrikestenbaum/.pyenv/versions/3.11.4/envs/pelven/lib/python3.11/site-packages/airflow/example_dags/example_short_circuit_operator.py took 0.748 seconds
[2023-07-20T23:04:14.452+0200] {processor.py:157} INFO - Started process (PID=14463) to work on /Users/dimitrikestenbaum/.pyenv/versions/3.11.4/envs/pelven/lib/python3.11/site-packages/airflow/example_dags/example_short_circuit_operator.py
[2023-07-20T23:04:14.457+0200] {processor.py:826} INFO - Processing file /Users/dimitrikestenbaum/.pyenv/versions/3.11.4/envs/pelven/lib/python3.11/site-packages/airflow/example_dags/example_short_circuit_operator.py for tasks to queue
[2023-07-20T23:04:14.458+0200] {logging_mixin.py:150} INFO - [2023-07-20T23:04:14.458+0200] {dagbag.py:541} INFO - Filling up the DagBag from /Users/dimitrikestenbaum/.pyenv/versions/3.11.4/envs/pelven/lib/python3.11/site-packages/airflow/example_dags/example_short_circuit_operator.py
[2023-07-20T23:04:14.517+0200] {processor.py:836} INFO - DAG(s) dict_keys(['example_short_circuit_operator']) retrieved from /Users/dimitrikestenbaum/.pyenv/versions/3.11.4/envs/pelven/lib/python3.11/site-packages/airflow/example_dags/example_short_circuit_operator.py
[2023-07-20T23:04:15.176+0200] {logging_mixin.py:150} INFO - [2023-07-20T23:04:15.176+0200] {dag.py:2742} INFO - Sync 1 DAGs
[2023-07-20T23:04:15.190+0200] {logging_mixin.py:150} INFO - [2023-07-20T23:04:15.190+0200] {dag.py:3504} INFO - Setting next_dagrun for example_short_circuit_operator to 2023-07-19T21:04:15.190586+00:00, run_after=2023-07-20T21:04:15.190586+00:00
[2023-07-20T23:04:15.206+0200] {processor.py:179} INFO - Processing /Users/dimitrikestenbaum/.pyenv/versions/3.11.4/envs/pelven/lib/python3.11/site-packages/airflow/example_dags/example_short_circuit_operator.py took 0.754 seconds
[2023-07-20T23:05:51.397+0200] {processor.py:157} INFO - Started process (PID=14793) to work on /Users/dimitrikestenbaum/.pyenv/versions/3.11.4/envs/pelven/lib/python3.11/site-packages/airflow/example_dags/example_short_circuit_operator.py
[2023-07-20T23:05:51.403+0200] {processor.py:826} INFO - Processing file /Users/dimitrikestenbaum/.pyenv/versions/3.11.4/envs/pelven/lib/python3.11/site-packages/airflow/example_dags/example_short_circuit_operator.py for tasks to queue
[2023-07-20T23:05:51.403+0200] {logging_mixin.py:150} INFO - [2023-07-20T23:05:51.403+0200] {dagbag.py:541} INFO - Filling up the DagBag from /Users/dimitrikestenbaum/.pyenv/versions/3.11.4/envs/pelven/lib/python3.11/site-packages/airflow/example_dags/example_short_circuit_operator.py
[2023-07-20T23:05:51.453+0200] {processor.py:836} INFO - DAG(s) dict_keys(['example_short_circuit_operator']) retrieved from /Users/dimitrikestenbaum/.pyenv/versions/3.11.4/envs/pelven/lib/python3.11/site-packages/airflow/example_dags/example_short_circuit_operator.py
[2023-07-20T23:05:52.126+0200] {logging_mixin.py:150} INFO - [2023-07-20T23:05:52.125+0200] {dag.py:2742} INFO - Sync 1 DAGs
[2023-07-20T23:05:52.138+0200] {logging_mixin.py:150} INFO - [2023-07-20T23:05:52.138+0200] {dag.py:3504} INFO - Setting next_dagrun for example_short_circuit_operator to 2023-07-19T21:05:52.138390+00:00, run_after=2023-07-20T21:05:52.138390+00:00
[2023-07-20T23:05:52.154+0200] {processor.py:179} INFO - Processing /Users/dimitrikestenbaum/.pyenv/versions/3.11.4/envs/pelven/lib/python3.11/site-packages/airflow/example_dags/example_short_circuit_operator.py took 0.758 seconds
[2023-07-20T23:07:36.073+0200] {processor.py:157} INFO - Started process (PID=14908) to work on /Users/dimitrikestenbaum/.pyenv/versions/3.11.4/envs/pelven/lib/python3.11/site-packages/airflow/example_dags/example_short_circuit_operator.py
[2023-07-20T23:07:36.077+0200] {processor.py:826} INFO - Processing file /Users/dimitrikestenbaum/.pyenv/versions/3.11.4/envs/pelven/lib/python3.11/site-packages/airflow/example_dags/example_short_circuit_operator.py for tasks to queue
[2023-07-20T23:07:36.078+0200] {logging_mixin.py:150} INFO - [2023-07-20T23:07:36.078+0200] {dagbag.py:541} INFO - Filling up the DagBag from /Users/dimitrikestenbaum/.pyenv/versions/3.11.4/envs/pelven/lib/python3.11/site-packages/airflow/example_dags/example_short_circuit_operator.py
[2023-07-20T23:07:36.135+0200] {processor.py:836} INFO - DAG(s) dict_keys(['example_short_circuit_operator']) retrieved from /Users/dimitrikestenbaum/.pyenv/versions/3.11.4/envs/pelven/lib/python3.11/site-packages/airflow/example_dags/example_short_circuit_operator.py
[2023-07-20T23:07:36.767+0200] {logging_mixin.py:150} INFO - [2023-07-20T23:07:36.766+0200] {dag.py:2742} INFO - Sync 1 DAGs
[2023-07-20T23:07:36.781+0200] {logging_mixin.py:150} INFO - [2023-07-20T23:07:36.781+0200] {dag.py:3504} INFO - Setting next_dagrun for example_short_circuit_operator to 2023-07-19T21:07:36.781479+00:00, run_after=2023-07-20T21:07:36.781479+00:00
[2023-07-20T23:07:36.797+0200] {processor.py:179} INFO - Processing /Users/dimitrikestenbaum/.pyenv/versions/3.11.4/envs/pelven/lib/python3.11/site-packages/airflow/example_dags/example_short_circuit_operator.py took 0.724 seconds
[2023-07-20T23:09:22.249+0200] {processor.py:157} INFO - Started process (PID=15023) to work on /Users/dimitrikestenbaum/.pyenv/versions/3.11.4/envs/pelven/lib/python3.11/site-packages/airflow/example_dags/example_short_circuit_operator.py
[2023-07-20T23:09:22.254+0200] {processor.py:826} INFO - Processing file /Users/dimitrikestenbaum/.pyenv/versions/3.11.4/envs/pelven/lib/python3.11/site-packages/airflow/example_dags/example_short_circuit_operator.py for tasks to queue
[2023-07-20T23:09:22.254+0200] {logging_mixin.py:150} INFO - [2023-07-20T23:09:22.254+0200] {dagbag.py:541} INFO - Filling up the DagBag from /Users/dimitrikestenbaum/.pyenv/versions/3.11.4/envs/pelven/lib/python3.11/site-packages/airflow/example_dags/example_short_circuit_operator.py
[2023-07-20T23:09:22.314+0200] {processor.py:836} INFO - DAG(s) dict_keys(['example_short_circuit_operator']) retrieved from /Users/dimitrikestenbaum/.pyenv/versions/3.11.4/envs/pelven/lib/python3.11/site-packages/airflow/example_dags/example_short_circuit_operator.py
[2023-07-20T23:09:23.046+0200] {logging_mixin.py:150} INFO - [2023-07-20T23:09:23.045+0200] {dag.py:2742} INFO - Sync 1 DAGs
[2023-07-20T23:09:23.062+0200] {logging_mixin.py:150} INFO - [2023-07-20T23:09:23.062+0200] {dag.py:3504} INFO - Setting next_dagrun for example_short_circuit_operator to 2023-07-19T21:09:23.062535+00:00, run_after=2023-07-20T21:09:23.062535+00:00
[2023-07-20T23:09:23.079+0200] {processor.py:179} INFO - Processing /Users/dimitrikestenbaum/.pyenv/versions/3.11.4/envs/pelven/lib/python3.11/site-packages/airflow/example_dags/example_short_circuit_operator.py took 0.831 seconds
