[2023-07-20T22:57:32.542+0200] {processor.py:157} INFO - Started process (PID=13914) to work on /Users/dimitrikestenbaum/.pyenv/versions/3.11.4/envs/pelven/lib/python3.11/site-packages/airflow/example_dags/example_latest_only_with_trigger.py
[2023-07-20T22:57:32.545+0200] {processor.py:826} INFO - Processing file /Users/dimitrikestenbaum/.pyenv/versions/3.11.4/envs/pelven/lib/python3.11/site-packages/airflow/example_dags/example_latest_only_with_trigger.py for tasks to queue
[2023-07-20T22:57:32.546+0200] {logging_mixin.py:150} INFO - [2023-07-20T22:57:32.546+0200] {dagbag.py:541} INFO - Filling up the DagBag from /Users/dimitrikestenbaum/.pyenv/versions/3.11.4/envs/pelven/lib/python3.11/site-packages/airflow/example_dags/example_latest_only_with_trigger.py
[2023-07-20T22:57:32.562+0200] {processor.py:836} INFO - DAG(s) dict_keys(['latest_only_with_trigger']) retrieved from /Users/dimitrikestenbaum/.pyenv/versions/3.11.4/envs/pelven/lib/python3.11/site-packages/airflow/example_dags/example_latest_only_with_trigger.py
[2023-07-20T22:57:33.315+0200] {logging_mixin.py:150} INFO - [2023-07-20T22:57:33.314+0200] {manager.py:504} INFO - Created Permission View: can read on DAG:latest_only_with_trigger
[2023-07-20T22:57:33.323+0200] {logging_mixin.py:150} INFO - [2023-07-20T22:57:33.322+0200] {manager.py:504} INFO - Created Permission View: can edit on DAG:latest_only_with_trigger
[2023-07-20T22:57:33.328+0200] {logging_mixin.py:150} INFO - [2023-07-20T22:57:33.328+0200] {manager.py:504} INFO - Created Permission View: can delete on DAG:latest_only_with_trigger
[2023-07-20T22:57:33.337+0200] {logging_mixin.py:150} INFO - [2023-07-20T22:57:33.336+0200] {dag.py:2742} INFO - Sync 1 DAGs
[2023-07-20T22:57:33.345+0200] {logging_mixin.py:150} INFO - [2023-07-20T22:57:33.344+0200] {dag.py:2763} INFO - Creating ORM DAG for latest_only_with_trigger
[2023-07-20T22:57:33.351+0200] {logging_mixin.py:150} INFO - [2023-07-20T22:57:33.351+0200] {dag.py:3504} INFO - Setting next_dagrun for latest_only_with_trigger to 2023-07-20T16:57:33.350991+00:00, run_after=2023-07-20T20:57:33.350991+00:00
[2023-07-20T22:57:33.365+0200] {processor.py:179} INFO - Processing /Users/dimitrikestenbaum/.pyenv/versions/3.11.4/envs/pelven/lib/python3.11/site-packages/airflow/example_dags/example_latest_only_with_trigger.py took 0.824 seconds
[2023-07-20T22:59:45.195+0200] {processor.py:157} INFO - Started process (PID=14040) to work on /Users/dimitrikestenbaum/.pyenv/versions/3.11.4/envs/pelven/lib/python3.11/site-packages/airflow/example_dags/example_latest_only_with_trigger.py
[2023-07-20T22:59:45.199+0200] {processor.py:826} INFO - Processing file /Users/dimitrikestenbaum/.pyenv/versions/3.11.4/envs/pelven/lib/python3.11/site-packages/airflow/example_dags/example_latest_only_with_trigger.py for tasks to queue
[2023-07-20T22:59:45.200+0200] {logging_mixin.py:150} INFO - [2023-07-20T22:59:45.200+0200] {dagbag.py:541} INFO - Filling up the DagBag from /Users/dimitrikestenbaum/.pyenv/versions/3.11.4/envs/pelven/lib/python3.11/site-packages/airflow/example_dags/example_latest_only_with_trigger.py
[2023-07-20T22:59:45.226+0200] {processor.py:836} INFO - DAG(s) dict_keys(['latest_only_with_trigger']) retrieved from /Users/dimitrikestenbaum/.pyenv/versions/3.11.4/envs/pelven/lib/python3.11/site-packages/airflow/example_dags/example_latest_only_with_trigger.py
[2023-07-20T22:59:46.297+0200] {logging_mixin.py:150} INFO - [2023-07-20T22:59:46.297+0200] {dag.py:2742} INFO - Sync 1 DAGs
[2023-07-20T22:59:46.318+0200] {logging_mixin.py:150} INFO - [2023-07-20T22:59:46.318+0200] {dag.py:3504} INFO - Setting next_dagrun for latest_only_with_trigger to 2023-07-20T16:59:46.318409+00:00, run_after=2023-07-20T20:59:46.318409+00:00
[2023-07-20T22:59:46.340+0200] {processor.py:179} INFO - Processing /Users/dimitrikestenbaum/.pyenv/versions/3.11.4/envs/pelven/lib/python3.11/site-packages/airflow/example_dags/example_latest_only_with_trigger.py took 1.145 seconds
[2023-07-20T23:03:06.355+0200] {processor.py:157} INFO - Started process (PID=14247) to work on /Users/dimitrikestenbaum/.pyenv/versions/3.11.4/envs/pelven/lib/python3.11/site-packages/airflow/example_dags/example_latest_only_with_trigger.py
[2023-07-20T23:03:06.359+0200] {processor.py:826} INFO - Processing file /Users/dimitrikestenbaum/.pyenv/versions/3.11.4/envs/pelven/lib/python3.11/site-packages/airflow/example_dags/example_latest_only_with_trigger.py for tasks to queue
[2023-07-20T23:03:06.360+0200] {logging_mixin.py:150} INFO - [2023-07-20T23:03:06.360+0200] {dagbag.py:541} INFO - Filling up the DagBag from /Users/dimitrikestenbaum/.pyenv/versions/3.11.4/envs/pelven/lib/python3.11/site-packages/airflow/example_dags/example_latest_only_with_trigger.py
[2023-07-20T23:03:06.378+0200] {processor.py:836} INFO - DAG(s) dict_keys(['latest_only_with_trigger']) retrieved from /Users/dimitrikestenbaum/.pyenv/versions/3.11.4/envs/pelven/lib/python3.11/site-packages/airflow/example_dags/example_latest_only_with_trigger.py
[2023-07-20T23:03:07.047+0200] {logging_mixin.py:150} INFO - [2023-07-20T23:03:07.047+0200] {dag.py:2742} INFO - Sync 1 DAGs
[2023-07-20T23:03:07.061+0200] {logging_mixin.py:150} INFO - [2023-07-20T23:03:07.061+0200] {dag.py:3504} INFO - Setting next_dagrun for latest_only_with_trigger to 2023-07-20T17:03:07.060891+00:00, run_after=2023-07-20T21:03:07.060891+00:00
[2023-07-20T23:03:07.077+0200] {processor.py:179} INFO - Processing /Users/dimitrikestenbaum/.pyenv/versions/3.11.4/envs/pelven/lib/python3.11/site-packages/airflow/example_dags/example_latest_only_with_trigger.py took 0.723 seconds
[2023-07-20T23:06:25.692+0200] {processor.py:157} INFO - Started process (PID=14832) to work on /Users/dimitrikestenbaum/.pyenv/versions/3.11.4/envs/pelven/lib/python3.11/site-packages/airflow/example_dags/example_latest_only_with_trigger.py
[2023-07-20T23:06:25.696+0200] {processor.py:826} INFO - Processing file /Users/dimitrikestenbaum/.pyenv/versions/3.11.4/envs/pelven/lib/python3.11/site-packages/airflow/example_dags/example_latest_only_with_trigger.py for tasks to queue
[2023-07-20T23:06:25.697+0200] {logging_mixin.py:150} INFO - [2023-07-20T23:06:25.697+0200] {dagbag.py:541} INFO - Filling up the DagBag from /Users/dimitrikestenbaum/.pyenv/versions/3.11.4/envs/pelven/lib/python3.11/site-packages/airflow/example_dags/example_latest_only_with_trigger.py
[2023-07-20T23:06:25.717+0200] {processor.py:836} INFO - DAG(s) dict_keys(['latest_only_with_trigger']) retrieved from /Users/dimitrikestenbaum/.pyenv/versions/3.11.4/envs/pelven/lib/python3.11/site-packages/airflow/example_dags/example_latest_only_with_trigger.py
[2023-07-20T23:06:26.549+0200] {logging_mixin.py:150} INFO - [2023-07-20T23:06:26.549+0200] {dag.py:2742} INFO - Sync 1 DAGs
[2023-07-20T23:06:26.566+0200] {logging_mixin.py:150} INFO - [2023-07-20T23:06:26.566+0200] {dag.py:3504} INFO - Setting next_dagrun for latest_only_with_trigger to 2023-07-20T17:06:26.566416+00:00, run_after=2023-07-20T21:06:26.566416+00:00
[2023-07-20T23:06:26.588+0200] {processor.py:179} INFO - Processing /Users/dimitrikestenbaum/.pyenv/versions/3.11.4/envs/pelven/lib/python3.11/site-packages/airflow/example_dags/example_latest_only_with_trigger.py took 0.897 seconds
[2023-07-20T23:09:57.026+0200] {processor.py:157} INFO - Started process (PID=15067) to work on /Users/dimitrikestenbaum/.pyenv/versions/3.11.4/envs/pelven/lib/python3.11/site-packages/airflow/example_dags/example_latest_only_with_trigger.py
[2023-07-20T23:09:57.030+0200] {processor.py:826} INFO - Processing file /Users/dimitrikestenbaum/.pyenv/versions/3.11.4/envs/pelven/lib/python3.11/site-packages/airflow/example_dags/example_latest_only_with_trigger.py for tasks to queue
[2023-07-20T23:09:57.030+0200] {logging_mixin.py:150} INFO - [2023-07-20T23:09:57.030+0200] {dagbag.py:541} INFO - Filling up the DagBag from /Users/dimitrikestenbaum/.pyenv/versions/3.11.4/envs/pelven/lib/python3.11/site-packages/airflow/example_dags/example_latest_only_with_trigger.py
[2023-07-20T23:09:57.052+0200] {processor.py:836} INFO - DAG(s) dict_keys(['latest_only_with_trigger']) retrieved from /Users/dimitrikestenbaum/.pyenv/versions/3.11.4/envs/pelven/lib/python3.11/site-packages/airflow/example_dags/example_latest_only_with_trigger.py
[2023-07-20T23:09:57.815+0200] {logging_mixin.py:150} INFO - [2023-07-20T23:09:57.815+0200] {dag.py:2742} INFO - Sync 1 DAGs
[2023-07-20T23:09:57.830+0200] {logging_mixin.py:150} INFO - [2023-07-20T23:09:57.830+0200] {dag.py:3504} INFO - Setting next_dagrun for latest_only_with_trigger to 2023-07-20T17:09:57.830024+00:00, run_after=2023-07-20T21:09:57.830024+00:00
[2023-07-20T23:09:57.849+0200] {processor.py:179} INFO - Processing /Users/dimitrikestenbaum/.pyenv/versions/3.11.4/envs/pelven/lib/python3.11/site-packages/airflow/example_dags/example_latest_only_with_trigger.py took 0.824 seconds
