[2023-07-20T22:57:00.814+0200] {processor.py:157} INFO - Started process (PID=13883) to work on /Users/dimitrikestenbaum/.pyenv/versions/3.11.4/envs/pelven/lib/python3.11/site-packages/airflow/example_dags/example_short_circuit_decorator.py
[2023-07-20T22:57:00.817+0200] {processor.py:826} INFO - Processing file /Users/dimitrikestenbaum/.pyenv/versions/3.11.4/envs/pelven/lib/python3.11/site-packages/airflow/example_dags/example_short_circuit_decorator.py for tasks to queue
[2023-07-20T22:57:00.818+0200] {logging_mixin.py:150} INFO - [2023-07-20T22:57:00.818+0200] {dagbag.py:541} INFO - Filling up the DagBag from /Users/dimitrikestenbaum/.pyenv/versions/3.11.4/envs/pelven/lib/python3.11/site-packages/airflow/example_dags/example_short_circuit_decorator.py
[2023-07-20T22:57:00.888+0200] {processor.py:836} INFO - DAG(s) dict_keys(['example_short_circuit_decorator']) retrieved from /Users/dimitrikestenbaum/.pyenv/versions/3.11.4/envs/pelven/lib/python3.11/site-packages/airflow/example_dags/example_short_circuit_decorator.py
[2023-07-20T22:57:01.693+0200] {logging_mixin.py:150} INFO - [2023-07-20T22:57:01.693+0200] {manager.py:504} INFO - Created Permission View: can read on DAG:example_short_circuit_decorator
[2023-07-20T22:57:01.701+0200] {logging_mixin.py:150} INFO - [2023-07-20T22:57:01.701+0200] {manager.py:504} INFO - Created Permission View: can edit on DAG:example_short_circuit_decorator
[2023-07-20T22:57:01.707+0200] {logging_mixin.py:150} INFO - [2023-07-20T22:57:01.707+0200] {manager.py:504} INFO - Created Permission View: can delete on DAG:example_short_circuit_decorator
[2023-07-20T22:57:01.716+0200] {logging_mixin.py:150} INFO - [2023-07-20T22:57:01.716+0200] {dag.py:2742} INFO - Sync 1 DAGs
[2023-07-20T22:57:01.723+0200] {logging_mixin.py:150} INFO - [2023-07-20T22:57:01.723+0200] {dag.py:2763} INFO - Creating ORM DAG for example_short_circuit_decorator
[2023-07-20T22:57:01.730+0200] {logging_mixin.py:150} INFO - [2023-07-20T22:57:01.730+0200] {dag.py:3504} INFO - Setting next_dagrun for example_short_circuit_decorator to 2023-07-19T20:57:01.730073+00:00, run_after=2023-07-20T20:57:01.730073+00:00
[2023-07-20T22:57:01.747+0200] {processor.py:179} INFO - Processing /Users/dimitrikestenbaum/.pyenv/versions/3.11.4/envs/pelven/lib/python3.11/site-packages/airflow/example_dags/example_short_circuit_decorator.py took 0.934 seconds
[2023-07-20T22:59:13.122+0200] {processor.py:157} INFO - Started process (PID=14012) to work on /Users/dimitrikestenbaum/.pyenv/versions/3.11.4/envs/pelven/lib/python3.11/site-packages/airflow/example_dags/example_short_circuit_decorator.py
[2023-07-20T22:59:13.125+0200] {processor.py:826} INFO - Processing file /Users/dimitrikestenbaum/.pyenv/versions/3.11.4/envs/pelven/lib/python3.11/site-packages/airflow/example_dags/example_short_circuit_decorator.py for tasks to queue
[2023-07-20T22:59:13.125+0200] {logging_mixin.py:150} INFO - [2023-07-20T22:59:13.125+0200] {dagbag.py:541} INFO - Filling up the DagBag from /Users/dimitrikestenbaum/.pyenv/versions/3.11.4/envs/pelven/lib/python3.11/site-packages/airflow/example_dags/example_short_circuit_decorator.py
[2023-07-20T22:59:13.197+0200] {processor.py:836} INFO - DAG(s) dict_keys(['example_short_circuit_decorator']) retrieved from /Users/dimitrikestenbaum/.pyenv/versions/3.11.4/envs/pelven/lib/python3.11/site-packages/airflow/example_dags/example_short_circuit_decorator.py
[2023-07-20T22:59:13.844+0200] {logging_mixin.py:150} INFO - [2023-07-20T22:59:13.843+0200] {dag.py:2742} INFO - Sync 1 DAGs
[2023-07-20T22:59:13.856+0200] {logging_mixin.py:150} INFO - [2023-07-20T22:59:13.856+0200] {dag.py:3504} INFO - Setting next_dagrun for example_short_circuit_decorator to 2023-07-19T20:59:13.856456+00:00, run_after=2023-07-20T20:59:13.856456+00:00
[2023-07-20T22:59:13.871+0200] {processor.py:179} INFO - Processing /Users/dimitrikestenbaum/.pyenv/versions/3.11.4/envs/pelven/lib/python3.11/site-packages/airflow/example_dags/example_short_circuit_decorator.py took 0.749 seconds
[2023-07-20T23:00:57.069+0200] {processor.py:157} INFO - Started process (PID=14113) to work on /Users/dimitrikestenbaum/.pyenv/versions/3.11.4/envs/pelven/lib/python3.11/site-packages/airflow/example_dags/example_short_circuit_decorator.py
[2023-07-20T23:00:57.073+0200] {processor.py:826} INFO - Processing file /Users/dimitrikestenbaum/.pyenv/versions/3.11.4/envs/pelven/lib/python3.11/site-packages/airflow/example_dags/example_short_circuit_decorator.py for tasks to queue
[2023-07-20T23:00:57.073+0200] {logging_mixin.py:150} INFO - [2023-07-20T23:00:57.073+0200] {dagbag.py:541} INFO - Filling up the DagBag from /Users/dimitrikestenbaum/.pyenv/versions/3.11.4/envs/pelven/lib/python3.11/site-packages/airflow/example_dags/example_short_circuit_decorator.py
[2023-07-20T23:00:57.147+0200] {processor.py:836} INFO - DAG(s) dict_keys(['example_short_circuit_decorator']) retrieved from /Users/dimitrikestenbaum/.pyenv/versions/3.11.4/envs/pelven/lib/python3.11/site-packages/airflow/example_dags/example_short_circuit_decorator.py
[2023-07-20T23:00:57.820+0200] {logging_mixin.py:150} INFO - [2023-07-20T23:00:57.820+0200] {dag.py:2742} INFO - Sync 1 DAGs
[2023-07-20T23:00:57.834+0200] {logging_mixin.py:150} INFO - [2023-07-20T23:00:57.833+0200] {dag.py:3504} INFO - Setting next_dagrun for example_short_circuit_decorator to 2023-07-19T21:00:57.833784+00:00, run_after=2023-07-20T21:00:57.833784+00:00
[2023-07-20T23:00:57.848+0200] {processor.py:179} INFO - Processing /Users/dimitrikestenbaum/.pyenv/versions/3.11.4/envs/pelven/lib/python3.11/site-packages/airflow/example_dags/example_short_circuit_decorator.py took 0.780 seconds
[2023-07-20T23:02:37.891+0200] {processor.py:157} INFO - Started process (PID=14220) to work on /Users/dimitrikestenbaum/.pyenv/versions/3.11.4/envs/pelven/lib/python3.11/site-packages/airflow/example_dags/example_short_circuit_decorator.py
[2023-07-20T23:02:37.896+0200] {processor.py:826} INFO - Processing file /Users/dimitrikestenbaum/.pyenv/versions/3.11.4/envs/pelven/lib/python3.11/site-packages/airflow/example_dags/example_short_circuit_decorator.py for tasks to queue
[2023-07-20T23:02:37.896+0200] {logging_mixin.py:150} INFO - [2023-07-20T23:02:37.896+0200] {dagbag.py:541} INFO - Filling up the DagBag from /Users/dimitrikestenbaum/.pyenv/versions/3.11.4/envs/pelven/lib/python3.11/site-packages/airflow/example_dags/example_short_circuit_decorator.py
[2023-07-20T23:02:37.966+0200] {processor.py:836} INFO - DAG(s) dict_keys(['example_short_circuit_decorator']) retrieved from /Users/dimitrikestenbaum/.pyenv/versions/3.11.4/envs/pelven/lib/python3.11/site-packages/airflow/example_dags/example_short_circuit_decorator.py
[2023-07-20T23:02:38.622+0200] {logging_mixin.py:150} INFO - [2023-07-20T23:02:38.622+0200] {dag.py:2742} INFO - Sync 1 DAGs
[2023-07-20T23:02:38.636+0200] {logging_mixin.py:150} INFO - [2023-07-20T23:02:38.636+0200] {dag.py:3504} INFO - Setting next_dagrun for example_short_circuit_decorator to 2023-07-19T21:02:38.636543+00:00, run_after=2023-07-20T21:02:38.636543+00:00
[2023-07-20T23:02:38.652+0200] {processor.py:179} INFO - Processing /Users/dimitrikestenbaum/.pyenv/versions/3.11.4/envs/pelven/lib/python3.11/site-packages/airflow/example_dags/example_short_circuit_decorator.py took 0.762 seconds
[2023-07-20T23:04:16.810+0200] {processor.py:157} INFO - Started process (PID=14497) to work on /Users/dimitrikestenbaum/.pyenv/versions/3.11.4/envs/pelven/lib/python3.11/site-packages/airflow/example_dags/example_short_circuit_decorator.py
[2023-07-20T23:04:16.815+0200] {processor.py:826} INFO - Processing file /Users/dimitrikestenbaum/.pyenv/versions/3.11.4/envs/pelven/lib/python3.11/site-packages/airflow/example_dags/example_short_circuit_decorator.py for tasks to queue
[2023-07-20T23:04:16.816+0200] {logging_mixin.py:150} INFO - [2023-07-20T23:04:16.815+0200] {dagbag.py:541} INFO - Filling up the DagBag from /Users/dimitrikestenbaum/.pyenv/versions/3.11.4/envs/pelven/lib/python3.11/site-packages/airflow/example_dags/example_short_circuit_decorator.py
[2023-07-20T23:04:16.911+0200] {processor.py:836} INFO - DAG(s) dict_keys(['example_short_circuit_decorator']) retrieved from /Users/dimitrikestenbaum/.pyenv/versions/3.11.4/envs/pelven/lib/python3.11/site-packages/airflow/example_dags/example_short_circuit_decorator.py
[2023-07-20T23:04:17.593+0200] {logging_mixin.py:150} INFO - [2023-07-20T23:04:17.593+0200] {dag.py:2742} INFO - Sync 1 DAGs
[2023-07-20T23:04:17.608+0200] {logging_mixin.py:150} INFO - [2023-07-20T23:04:17.608+0200] {dag.py:3504} INFO - Setting next_dagrun for example_short_circuit_decorator to 2023-07-19T21:04:17.608378+00:00, run_after=2023-07-20T21:04:17.608378+00:00
[2023-07-20T23:04:17.623+0200] {processor.py:179} INFO - Processing /Users/dimitrikestenbaum/.pyenv/versions/3.11.4/envs/pelven/lib/python3.11/site-packages/airflow/example_dags/example_short_circuit_decorator.py took 0.813 seconds
[2023-07-20T23:05:54.215+0200] {processor.py:157} INFO - Started process (PID=14794) to work on /Users/dimitrikestenbaum/.pyenv/versions/3.11.4/envs/pelven/lib/python3.11/site-packages/airflow/example_dags/example_short_circuit_decorator.py
[2023-07-20T23:05:54.219+0200] {processor.py:826} INFO - Processing file /Users/dimitrikestenbaum/.pyenv/versions/3.11.4/envs/pelven/lib/python3.11/site-packages/airflow/example_dags/example_short_circuit_decorator.py for tasks to queue
[2023-07-20T23:05:54.220+0200] {logging_mixin.py:150} INFO - [2023-07-20T23:05:54.220+0200] {dagbag.py:541} INFO - Filling up the DagBag from /Users/dimitrikestenbaum/.pyenv/versions/3.11.4/envs/pelven/lib/python3.11/site-packages/airflow/example_dags/example_short_circuit_decorator.py
[2023-07-20T23:05:54.289+0200] {processor.py:836} INFO - DAG(s) dict_keys(['example_short_circuit_decorator']) retrieved from /Users/dimitrikestenbaum/.pyenv/versions/3.11.4/envs/pelven/lib/python3.11/site-packages/airflow/example_dags/example_short_circuit_decorator.py
[2023-07-20T23:05:54.951+0200] {logging_mixin.py:150} INFO - [2023-07-20T23:05:54.951+0200] {dag.py:2742} INFO - Sync 1 DAGs
[2023-07-20T23:05:54.964+0200] {logging_mixin.py:150} INFO - [2023-07-20T23:05:54.964+0200] {dag.py:3504} INFO - Setting next_dagrun for example_short_circuit_decorator to 2023-07-19T21:05:54.963926+00:00, run_after=2023-07-20T21:05:54.963926+00:00
[2023-07-20T23:05:54.980+0200] {processor.py:179} INFO - Processing /Users/dimitrikestenbaum/.pyenv/versions/3.11.4/envs/pelven/lib/python3.11/site-packages/airflow/example_dags/example_short_circuit_decorator.py took 0.765 seconds
[2023-07-20T23:07:38.843+0200] {processor.py:157} INFO - Started process (PID=14909) to work on /Users/dimitrikestenbaum/.pyenv/versions/3.11.4/envs/pelven/lib/python3.11/site-packages/airflow/example_dags/example_short_circuit_decorator.py
[2023-07-20T23:07:38.846+0200] {processor.py:826} INFO - Processing file /Users/dimitrikestenbaum/.pyenv/versions/3.11.4/envs/pelven/lib/python3.11/site-packages/airflow/example_dags/example_short_circuit_decorator.py for tasks to queue
[2023-07-20T23:07:38.847+0200] {logging_mixin.py:150} INFO - [2023-07-20T23:07:38.847+0200] {dagbag.py:541} INFO - Filling up the DagBag from /Users/dimitrikestenbaum/.pyenv/versions/3.11.4/envs/pelven/lib/python3.11/site-packages/airflow/example_dags/example_short_circuit_decorator.py
[2023-07-20T23:07:38.914+0200] {processor.py:836} INFO - DAG(s) dict_keys(['example_short_circuit_decorator']) retrieved from /Users/dimitrikestenbaum/.pyenv/versions/3.11.4/envs/pelven/lib/python3.11/site-packages/airflow/example_dags/example_short_circuit_decorator.py
[2023-07-20T23:07:39.540+0200] {logging_mixin.py:150} INFO - [2023-07-20T23:07:39.540+0200] {dag.py:2742} INFO - Sync 1 DAGs
[2023-07-20T23:07:39.553+0200] {logging_mixin.py:150} INFO - [2023-07-20T23:07:39.553+0200] {dag.py:3504} INFO - Setting next_dagrun for example_short_circuit_decorator to 2023-07-19T21:07:39.553264+00:00, run_after=2023-07-20T21:07:39.553264+00:00
[2023-07-20T23:07:39.568+0200] {processor.py:179} INFO - Processing /Users/dimitrikestenbaum/.pyenv/versions/3.11.4/envs/pelven/lib/python3.11/site-packages/airflow/example_dags/example_short_circuit_decorator.py took 0.726 seconds
[2023-07-20T23:09:24.474+0200] {processor.py:157} INFO - Started process (PID=15024) to work on /Users/dimitrikestenbaum/.pyenv/versions/3.11.4/envs/pelven/lib/python3.11/site-packages/airflow/example_dags/example_short_circuit_decorator.py
[2023-07-20T23:09:24.479+0200] {processor.py:826} INFO - Processing file /Users/dimitrikestenbaum/.pyenv/versions/3.11.4/envs/pelven/lib/python3.11/site-packages/airflow/example_dags/example_short_circuit_decorator.py for tasks to queue
[2023-07-20T23:09:24.480+0200] {logging_mixin.py:150} INFO - [2023-07-20T23:09:24.480+0200] {dagbag.py:541} INFO - Filling up the DagBag from /Users/dimitrikestenbaum/.pyenv/versions/3.11.4/envs/pelven/lib/python3.11/site-packages/airflow/example_dags/example_short_circuit_decorator.py
[2023-07-20T23:09:24.557+0200] {processor.py:836} INFO - DAG(s) dict_keys(['example_short_circuit_decorator']) retrieved from /Users/dimitrikestenbaum/.pyenv/versions/3.11.4/envs/pelven/lib/python3.11/site-packages/airflow/example_dags/example_short_circuit_decorator.py
[2023-07-20T23:09:25.285+0200] {logging_mixin.py:150} INFO - [2023-07-20T23:09:25.284+0200] {dag.py:2742} INFO - Sync 1 DAGs
[2023-07-20T23:09:25.302+0200] {logging_mixin.py:150} INFO - [2023-07-20T23:09:25.302+0200] {dag.py:3504} INFO - Setting next_dagrun for example_short_circuit_decorator to 2023-07-19T21:09:25.302371+00:00, run_after=2023-07-20T21:09:25.302371+00:00
[2023-07-20T23:09:25.322+0200] {processor.py:179} INFO - Processing /Users/dimitrikestenbaum/.pyenv/versions/3.11.4/envs/pelven/lib/python3.11/site-packages/airflow/example_dags/example_short_circuit_decorator.py took 0.848 seconds
