[2023-07-20T22:57:50.417+0200] {processor.py:157} INFO - Started process (PID=13929) to work on /Users/dimitrikestenbaum/.pyenv/versions/3.11.4/envs/pelven/lib/python3.11/site-packages/airflow/example_dags/example_datasets.py
[2023-07-20T22:57:50.421+0200] {processor.py:826} INFO - Processing file /Users/dimitrikestenbaum/.pyenv/versions/3.11.4/envs/pelven/lib/python3.11/site-packages/airflow/example_dags/example_datasets.py for tasks to queue
[2023-07-20T22:57:50.421+0200] {logging_mixin.py:150} INFO - [2023-07-20T22:57:50.421+0200] {dagbag.py:541} INFO - Filling up the DagBag from /Users/dimitrikestenbaum/.pyenv/versions/3.11.4/envs/pelven/lib/python3.11/site-packages/airflow/example_dags/example_datasets.py
[2023-07-20T22:57:50.446+0200] {processor.py:836} INFO - DAG(s) dict_keys(['dataset_consumes_1_never_scheduled', 'dataset_consumes_unknown_never_scheduled', 'dataset_consumes_1_and_2', 'dataset_produces_2', 'dataset_consumes_1', 'dataset_produces_1']) retrieved from /Users/dimitrikestenbaum/.pyenv/versions/3.11.4/envs/pelven/lib/python3.11/site-packages/airflow/example_dags/example_datasets.py
[2023-07-20T22:57:51.343+0200] {logging_mixin.py:150} INFO - [2023-07-20T22:57:51.343+0200] {manager.py:504} INFO - Created Permission View: can delete on DAG:dataset_consumes_1_never_scheduled
[2023-07-20T22:57:51.352+0200] {logging_mixin.py:150} INFO - [2023-07-20T22:57:51.352+0200] {manager.py:504} INFO - Created Permission View: can read on DAG:dataset_consumes_1_never_scheduled
[2023-07-20T22:57:51.358+0200] {logging_mixin.py:150} INFO - [2023-07-20T22:57:51.357+0200] {manager.py:504} INFO - Created Permission View: can edit on DAG:dataset_consumes_1_never_scheduled
[2023-07-20T22:57:51.377+0200] {logging_mixin.py:150} INFO - [2023-07-20T22:57:51.376+0200] {manager.py:504} INFO - Created Permission View: can delete on DAG:dataset_consumes_unknown_never_scheduled
[2023-07-20T22:57:51.382+0200] {logging_mixin.py:150} INFO - [2023-07-20T22:57:51.382+0200] {manager.py:504} INFO - Created Permission View: can read on DAG:dataset_consumes_unknown_never_scheduled
[2023-07-20T22:57:51.388+0200] {logging_mixin.py:150} INFO - [2023-07-20T22:57:51.388+0200] {manager.py:504} INFO - Created Permission View: can edit on DAG:dataset_consumes_unknown_never_scheduled
[2023-07-20T22:57:51.402+0200] {logging_mixin.py:150} INFO - [2023-07-20T22:57:51.401+0200] {manager.py:504} INFO - Created Permission View: can delete on DAG:dataset_consumes_1_and_2
[2023-07-20T22:57:51.407+0200] {logging_mixin.py:150} INFO - [2023-07-20T22:57:51.407+0200] {manager.py:504} INFO - Created Permission View: can read on DAG:dataset_consumes_1_and_2
[2023-07-20T22:57:51.413+0200] {logging_mixin.py:150} INFO - [2023-07-20T22:57:51.413+0200] {manager.py:504} INFO - Created Permission View: can edit on DAG:dataset_consumes_1_and_2
[2023-07-20T22:57:51.427+0200] {logging_mixin.py:150} INFO - [2023-07-20T22:57:51.427+0200] {manager.py:504} INFO - Created Permission View: can delete on DAG:dataset_produces_2
[2023-07-20T22:57:51.434+0200] {logging_mixin.py:150} INFO - [2023-07-20T22:57:51.433+0200] {manager.py:504} INFO - Created Permission View: can read on DAG:dataset_produces_2
[2023-07-20T22:57:51.439+0200] {logging_mixin.py:150} INFO - [2023-07-20T22:57:51.439+0200] {manager.py:504} INFO - Created Permission View: can edit on DAG:dataset_produces_2
[2023-07-20T22:57:51.454+0200] {logging_mixin.py:150} INFO - [2023-07-20T22:57:51.454+0200] {manager.py:504} INFO - Created Permission View: can delete on DAG:dataset_consumes_1
[2023-07-20T22:57:51.463+0200] {logging_mixin.py:150} INFO - [2023-07-20T22:57:51.463+0200] {manager.py:504} INFO - Created Permission View: can read on DAG:dataset_consumes_1
[2023-07-20T22:57:51.469+0200] {logging_mixin.py:150} INFO - [2023-07-20T22:57:51.469+0200] {manager.py:504} INFO - Created Permission View: can edit on DAG:dataset_consumes_1
[2023-07-20T22:57:51.483+0200] {logging_mixin.py:150} INFO - [2023-07-20T22:57:51.483+0200] {manager.py:504} INFO - Created Permission View: can delete on DAG:dataset_produces_1
[2023-07-20T22:57:51.488+0200] {logging_mixin.py:150} INFO - [2023-07-20T22:57:51.488+0200] {manager.py:504} INFO - Created Permission View: can read on DAG:dataset_produces_1
[2023-07-20T22:57:51.494+0200] {logging_mixin.py:150} INFO - [2023-07-20T22:57:51.494+0200] {manager.py:504} INFO - Created Permission View: can edit on DAG:dataset_produces_1
[2023-07-20T22:57:51.498+0200] {logging_mixin.py:150} INFO - [2023-07-20T22:57:51.498+0200] {dag.py:2742} INFO - Sync 6 DAGs
[2023-07-20T22:57:51.507+0200] {logging_mixin.py:150} INFO - [2023-07-20T22:57:51.507+0200] {dag.py:2763} INFO - Creating ORM DAG for dataset_produces_2
[2023-07-20T22:57:51.508+0200] {logging_mixin.py:150} INFO - [2023-07-20T22:57:51.508+0200] {dag.py:2763} INFO - Creating ORM DAG for dataset_consumes_1_and_2
[2023-07-20T22:57:51.508+0200] {logging_mixin.py:150} INFO - [2023-07-20T22:57:51.508+0200] {dag.py:2763} INFO - Creating ORM DAG for dataset_consumes_1
[2023-07-20T22:57:51.508+0200] {logging_mixin.py:150} INFO - [2023-07-20T22:57:51.508+0200] {dag.py:2763} INFO - Creating ORM DAG for dataset_produces_1
[2023-07-20T22:57:51.509+0200] {logging_mixin.py:150} INFO - [2023-07-20T22:57:51.508+0200] {dag.py:2763} INFO - Creating ORM DAG for dataset_consumes_1_never_scheduled
[2023-07-20T22:57:51.509+0200] {logging_mixin.py:150} INFO - [2023-07-20T22:57:51.509+0200] {dag.py:2763} INFO - Creating ORM DAG for dataset_consumes_unknown_never_scheduled
[2023-07-20T22:57:51.516+0200] {logging_mixin.py:150} INFO - [2023-07-20T22:57:51.516+0200] {dag.py:3504} INFO - Setting next_dagrun for dataset_consumes_1 to None, run_after=None
[2023-07-20T22:57:51.516+0200] {logging_mixin.py:150} INFO - [2023-07-20T22:57:51.516+0200] {dag.py:3504} INFO - Setting next_dagrun for dataset_consumes_1_and_2 to None, run_after=None
[2023-07-20T22:57:51.517+0200] {logging_mixin.py:150} INFO - [2023-07-20T22:57:51.517+0200] {dag.py:3504} INFO - Setting next_dagrun for dataset_consumes_1_never_scheduled to None, run_after=None
[2023-07-20T22:57:51.517+0200] {logging_mixin.py:150} INFO - [2023-07-20T22:57:51.517+0200] {dag.py:3504} INFO - Setting next_dagrun for dataset_consumes_unknown_never_scheduled to None, run_after=None
[2023-07-20T22:57:51.519+0200] {logging_mixin.py:150} INFO - [2023-07-20T22:57:51.519+0200] {dag.py:3504} INFO - Setting next_dagrun for dataset_produces_1 to 2023-07-19T00:00:00+00:00, run_after=2023-07-20T00:00:00+00:00
[2023-07-20T22:57:51.519+0200] {logging_mixin.py:150} INFO - [2023-07-20T22:57:51.519+0200] {dag.py:3504} INFO - Setting next_dagrun for dataset_produces_2 to None, run_after=None
[2023-07-20T22:57:51.548+0200] {processor.py:179} INFO - Processing /Users/dimitrikestenbaum/.pyenv/versions/3.11.4/envs/pelven/lib/python3.11/site-packages/airflow/example_dags/example_datasets.py took 1.132 seconds
[2023-07-20T23:01:15.023+0200] {processor.py:157} INFO - Started process (PID=14128) to work on /Users/dimitrikestenbaum/.pyenv/versions/3.11.4/envs/pelven/lib/python3.11/site-packages/airflow/example_dags/example_datasets.py
[2023-07-20T23:01:15.027+0200] {processor.py:826} INFO - Processing file /Users/dimitrikestenbaum/.pyenv/versions/3.11.4/envs/pelven/lib/python3.11/site-packages/airflow/example_dags/example_datasets.py for tasks to queue
[2023-07-20T23:01:15.027+0200] {logging_mixin.py:150} INFO - [2023-07-20T23:01:15.027+0200] {dagbag.py:541} INFO - Filling up the DagBag from /Users/dimitrikestenbaum/.pyenv/versions/3.11.4/envs/pelven/lib/python3.11/site-packages/airflow/example_dags/example_datasets.py
[2023-07-20T23:01:15.056+0200] {processor.py:836} INFO - DAG(s) dict_keys(['dataset_produces_1', 'dataset_consumes_1', 'dataset_consumes_1_and_2', 'dataset_consumes_unknown_never_scheduled', 'dataset_consumes_1_never_scheduled', 'dataset_produces_2']) retrieved from /Users/dimitrikestenbaum/.pyenv/versions/3.11.4/envs/pelven/lib/python3.11/site-packages/airflow/example_dags/example_datasets.py
[2023-07-20T23:01:15.982+0200] {logging_mixin.py:150} INFO - [2023-07-20T23:01:15.982+0200] {dag.py:2742} INFO - Sync 6 DAGs
[2023-07-20T23:01:15.999+0200] {logging_mixin.py:150} INFO - [2023-07-20T23:01:15.998+0200] {dag.py:3504} INFO - Setting next_dagrun for dataset_consumes_1 to None, run_after=None
[2023-07-20T23:01:16.004+0200] {logging_mixin.py:150} INFO - [2023-07-20T23:01:16.003+0200] {dag.py:3504} INFO - Setting next_dagrun for dataset_consumes_1_and_2 to None, run_after=None
[2023-07-20T23:01:16.004+0200] {logging_mixin.py:150} INFO - [2023-07-20T23:01:16.004+0200] {dag.py:3504} INFO - Setting next_dagrun for dataset_consumes_1_never_scheduled to None, run_after=None
[2023-07-20T23:01:16.005+0200] {logging_mixin.py:150} INFO - [2023-07-20T23:01:16.005+0200] {dag.py:3504} INFO - Setting next_dagrun for dataset_consumes_unknown_never_scheduled to None, run_after=None
[2023-07-20T23:01:16.007+0200] {logging_mixin.py:150} INFO - [2023-07-20T23:01:16.007+0200] {dag.py:3504} INFO - Setting next_dagrun for dataset_produces_1 to 2023-07-19T00:00:00+00:00, run_after=2023-07-20T00:00:00+00:00
[2023-07-20T23:01:16.008+0200] {logging_mixin.py:150} INFO - [2023-07-20T23:01:16.008+0200] {dag.py:3504} INFO - Setting next_dagrun for dataset_produces_2 to None, run_after=None
[2023-07-20T23:01:16.036+0200] {processor.py:179} INFO - Processing /Users/dimitrikestenbaum/.pyenv/versions/3.11.4/envs/pelven/lib/python3.11/site-packages/airflow/example_dags/example_datasets.py took 1.013 seconds
[2023-07-20T23:04:33.714+0200] {processor.py:157} INFO - Started process (PID=14558) to work on /Users/dimitrikestenbaum/.pyenv/versions/3.11.4/envs/pelven/lib/python3.11/site-packages/airflow/example_dags/example_datasets.py
[2023-07-20T23:04:33.719+0200] {processor.py:826} INFO - Processing file /Users/dimitrikestenbaum/.pyenv/versions/3.11.4/envs/pelven/lib/python3.11/site-packages/airflow/example_dags/example_datasets.py for tasks to queue
[2023-07-20T23:04:33.719+0200] {logging_mixin.py:150} INFO - [2023-07-20T23:04:33.719+0200] {dagbag.py:541} INFO - Filling up the DagBag from /Users/dimitrikestenbaum/.pyenv/versions/3.11.4/envs/pelven/lib/python3.11/site-packages/airflow/example_dags/example_datasets.py
[2023-07-20T23:04:33.742+0200] {processor.py:836} INFO - DAG(s) dict_keys(['dataset_consumes_1', 'dataset_consumes_unknown_never_scheduled', 'dataset_consumes_1_and_2', 'dataset_produces_1', 'dataset_consumes_1_never_scheduled', 'dataset_produces_2']) retrieved from /Users/dimitrikestenbaum/.pyenv/versions/3.11.4/envs/pelven/lib/python3.11/site-packages/airflow/example_dags/example_datasets.py
[2023-07-20T23:04:34.474+0200] {logging_mixin.py:150} INFO - [2023-07-20T23:04:34.474+0200] {dag.py:2742} INFO - Sync 6 DAGs
[2023-07-20T23:04:34.489+0200] {logging_mixin.py:150} INFO - [2023-07-20T23:04:34.489+0200] {dag.py:3504} INFO - Setting next_dagrun for dataset_consumes_1 to None, run_after=None
[2023-07-20T23:04:34.492+0200] {logging_mixin.py:150} INFO - [2023-07-20T23:04:34.492+0200] {dag.py:3504} INFO - Setting next_dagrun for dataset_consumes_1_and_2 to None, run_after=None
[2023-07-20T23:04:34.493+0200] {logging_mixin.py:150} INFO - [2023-07-20T23:04:34.493+0200] {dag.py:3504} INFO - Setting next_dagrun for dataset_consumes_1_never_scheduled to None, run_after=None
[2023-07-20T23:04:34.494+0200] {logging_mixin.py:150} INFO - [2023-07-20T23:04:34.493+0200] {dag.py:3504} INFO - Setting next_dagrun for dataset_consumes_unknown_never_scheduled to None, run_after=None
[2023-07-20T23:04:34.495+0200] {logging_mixin.py:150} INFO - [2023-07-20T23:04:34.495+0200] {dag.py:3504} INFO - Setting next_dagrun for dataset_produces_1 to 2023-07-19T00:00:00+00:00, run_after=2023-07-20T00:00:00+00:00
[2023-07-20T23:04:34.496+0200] {logging_mixin.py:150} INFO - [2023-07-20T23:04:34.496+0200] {dag.py:3504} INFO - Setting next_dagrun for dataset_produces_2 to None, run_after=None
[2023-07-20T23:04:34.520+0200] {processor.py:179} INFO - Processing /Users/dimitrikestenbaum/.pyenv/versions/3.11.4/envs/pelven/lib/python3.11/site-packages/airflow/example_dags/example_datasets.py took 0.806 seconds
[2023-07-20T23:07:58.439+0200] {processor.py:157} INFO - Started process (PID=14934) to work on /Users/dimitrikestenbaum/.pyenv/versions/3.11.4/envs/pelven/lib/python3.11/site-packages/airflow/example_dags/example_datasets.py
[2023-07-20T23:07:58.443+0200] {processor.py:826} INFO - Processing file /Users/dimitrikestenbaum/.pyenv/versions/3.11.4/envs/pelven/lib/python3.11/site-packages/airflow/example_dags/example_datasets.py for tasks to queue
[2023-07-20T23:07:58.443+0200] {logging_mixin.py:150} INFO - [2023-07-20T23:07:58.443+0200] {dagbag.py:541} INFO - Filling up the DagBag from /Users/dimitrikestenbaum/.pyenv/versions/3.11.4/envs/pelven/lib/python3.11/site-packages/airflow/example_dags/example_datasets.py
[2023-07-20T23:07:58.466+0200] {processor.py:836} INFO - DAG(s) dict_keys(['dataset_consumes_unknown_never_scheduled', 'dataset_produces_1', 'dataset_consumes_1_and_2', 'dataset_produces_2', 'dataset_consumes_1', 'dataset_consumes_1_never_scheduled']) retrieved from /Users/dimitrikestenbaum/.pyenv/versions/3.11.4/envs/pelven/lib/python3.11/site-packages/airflow/example_dags/example_datasets.py
[2023-07-20T23:07:59.745+0200] {logging_mixin.py:150} INFO - [2023-07-20T23:07:59.745+0200] {dag.py:2742} INFO - Sync 6 DAGs
[2023-07-20T23:07:59.762+0200] {logging_mixin.py:150} INFO - [2023-07-20T23:07:59.762+0200] {dag.py:3504} INFO - Setting next_dagrun for dataset_consumes_1 to None, run_after=None
[2023-07-20T23:07:59.765+0200] {logging_mixin.py:150} INFO - [2023-07-20T23:07:59.765+0200] {dag.py:3504} INFO - Setting next_dagrun for dataset_consumes_1_and_2 to None, run_after=None
[2023-07-20T23:07:59.767+0200] {logging_mixin.py:150} INFO - [2023-07-20T23:07:59.767+0200] {dag.py:3504} INFO - Setting next_dagrun for dataset_consumes_1_never_scheduled to None, run_after=None
[2023-07-20T23:07:59.768+0200] {logging_mixin.py:150} INFO - [2023-07-20T23:07:59.768+0200] {dag.py:3504} INFO - Setting next_dagrun for dataset_consumes_unknown_never_scheduled to None, run_after=None
[2023-07-20T23:07:59.771+0200] {logging_mixin.py:150} INFO - [2023-07-20T23:07:59.771+0200] {dag.py:3504} INFO - Setting next_dagrun for dataset_produces_1 to 2023-07-19T00:00:00+00:00, run_after=2023-07-20T00:00:00+00:00
[2023-07-20T23:07:59.772+0200] {logging_mixin.py:150} INFO - [2023-07-20T23:07:59.772+0200] {dag.py:3504} INFO - Setting next_dagrun for dataset_produces_2 to None, run_after=None
[2023-07-20T23:07:59.802+0200] {processor.py:179} INFO - Processing /Users/dimitrikestenbaum/.pyenv/versions/3.11.4/envs/pelven/lib/python3.11/site-packages/airflow/example_dags/example_datasets.py took 1.364 seconds
