[2023-07-20T22:57:59.430+0200] {processor.py:157} INFO - Started process (PID=13940) to work on /Users/dimitrikestenbaum/.pyenv/versions/3.11.4/envs/pelven/lib/python3.11/site-packages/airflow/example_dags/example_branch_python_dop_operator_3.py
[2023-07-20T22:57:59.434+0200] {processor.py:826} INFO - Processing file /Users/dimitrikestenbaum/.pyenv/versions/3.11.4/envs/pelven/lib/python3.11/site-packages/airflow/example_dags/example_branch_python_dop_operator_3.py for tasks to queue
[2023-07-20T22:57:59.435+0200] {logging_mixin.py:150} INFO - [2023-07-20T22:57:59.435+0200] {dagbag.py:541} INFO - Filling up the DagBag from /Users/dimitrikestenbaum/.pyenv/versions/3.11.4/envs/pelven/lib/python3.11/site-packages/airflow/example_dags/example_branch_python_dop_operator_3.py
[2023-07-20T22:57:59.513+0200] {processor.py:836} INFO - DAG(s) dict_keys(['example_branch_dop_operator_v3']) retrieved from /Users/dimitrikestenbaum/.pyenv/versions/3.11.4/envs/pelven/lib/python3.11/site-packages/airflow/example_dags/example_branch_python_dop_operator_3.py
[2023-07-20T22:58:00.317+0200] {logging_mixin.py:150} INFO - [2023-07-20T22:58:00.316+0200] {manager.py:504} INFO - Created Permission View: can read on DAG:example_branch_dop_operator_v3
[2023-07-20T22:58:00.325+0200] {logging_mixin.py:150} INFO - [2023-07-20T22:58:00.325+0200] {manager.py:504} INFO - Created Permission View: can edit on DAG:example_branch_dop_operator_v3
[2023-07-20T22:58:00.331+0200] {logging_mixin.py:150} INFO - [2023-07-20T22:58:00.331+0200] {manager.py:504} INFO - Created Permission View: can delete on DAG:example_branch_dop_operator_v3
[2023-07-20T22:58:00.341+0200] {logging_mixin.py:150} INFO - [2023-07-20T22:58:00.341+0200] {dag.py:2742} INFO - Sync 1 DAGs
[2023-07-20T22:58:00.349+0200] {logging_mixin.py:150} INFO - [2023-07-20T22:58:00.348+0200] {dag.py:2763} INFO - Creating ORM DAG for example_branch_dop_operator_v3
[2023-07-20T22:58:00.361+0200] {logging_mixin.py:150} INFO - [2023-07-20T22:58:00.361+0200] {dag.py:3504} INFO - Setting next_dagrun for example_branch_dop_operator_v3 to 2023-07-20T20:57:00+00:00, run_after=2023-07-20T20:58:00+00:00
[2023-07-20T22:58:00.377+0200] {processor.py:179} INFO - Processing /Users/dimitrikestenbaum/.pyenv/versions/3.11.4/envs/pelven/lib/python3.11/site-packages/airflow/example_dags/example_branch_python_dop_operator_3.py took 0.947 seconds
[2023-07-20T23:01:23.866+0200] {processor.py:157} INFO - Started process (PID=14135) to work on /Users/dimitrikestenbaum/.pyenv/versions/3.11.4/envs/pelven/lib/python3.11/site-packages/airflow/example_dags/example_branch_python_dop_operator_3.py
[2023-07-20T23:01:23.869+0200] {processor.py:826} INFO - Processing file /Users/dimitrikestenbaum/.pyenv/versions/3.11.4/envs/pelven/lib/python3.11/site-packages/airflow/example_dags/example_branch_python_dop_operator_3.py for tasks to queue
[2023-07-20T23:01:23.870+0200] {logging_mixin.py:150} INFO - [2023-07-20T23:01:23.869+0200] {dagbag.py:541} INFO - Filling up the DagBag from /Users/dimitrikestenbaum/.pyenv/versions/3.11.4/envs/pelven/lib/python3.11/site-packages/airflow/example_dags/example_branch_python_dop_operator_3.py
[2023-07-20T23:01:23.944+0200] {processor.py:836} INFO - DAG(s) dict_keys(['example_branch_dop_operator_v3']) retrieved from /Users/dimitrikestenbaum/.pyenv/versions/3.11.4/envs/pelven/lib/python3.11/site-packages/airflow/example_dags/example_branch_python_dop_operator_3.py
[2023-07-20T23:01:24.611+0200] {logging_mixin.py:150} INFO - [2023-07-20T23:01:24.610+0200] {dag.py:2742} INFO - Sync 1 DAGs
[2023-07-20T23:01:24.630+0200] {logging_mixin.py:150} INFO - [2023-07-20T23:01:24.630+0200] {dag.py:3504} INFO - Setting next_dagrun for example_branch_dop_operator_v3 to 2023-07-20T21:00:00+00:00, run_after=2023-07-20T21:01:00+00:00
[2023-07-20T23:01:24.647+0200] {processor.py:179} INFO - Processing /Users/dimitrikestenbaum/.pyenv/versions/3.11.4/envs/pelven/lib/python3.11/site-packages/airflow/example_dags/example_branch_python_dop_operator_3.py took 0.782 seconds
[2023-07-20T23:04:42.721+0200] {processor.py:157} INFO - Started process (PID=14576) to work on /Users/dimitrikestenbaum/.pyenv/versions/3.11.4/envs/pelven/lib/python3.11/site-packages/airflow/example_dags/example_branch_python_dop_operator_3.py
[2023-07-20T23:04:42.726+0200] {processor.py:826} INFO - Processing file /Users/dimitrikestenbaum/.pyenv/versions/3.11.4/envs/pelven/lib/python3.11/site-packages/airflow/example_dags/example_branch_python_dop_operator_3.py for tasks to queue
[2023-07-20T23:04:42.726+0200] {logging_mixin.py:150} INFO - [2023-07-20T23:04:42.726+0200] {dagbag.py:541} INFO - Filling up the DagBag from /Users/dimitrikestenbaum/.pyenv/versions/3.11.4/envs/pelven/lib/python3.11/site-packages/airflow/example_dags/example_branch_python_dop_operator_3.py
[2023-07-20T23:04:42.801+0200] {processor.py:836} INFO - DAG(s) dict_keys(['example_branch_dop_operator_v3']) retrieved from /Users/dimitrikestenbaum/.pyenv/versions/3.11.4/envs/pelven/lib/python3.11/site-packages/airflow/example_dags/example_branch_python_dop_operator_3.py
[2023-07-20T23:04:43.441+0200] {logging_mixin.py:150} INFO - [2023-07-20T23:04:43.440+0200] {dag.py:2742} INFO - Sync 1 DAGs
[2023-07-20T23:04:43.456+0200] {logging_mixin.py:150} INFO - [2023-07-20T23:04:43.456+0200] {dag.py:3504} INFO - Setting next_dagrun for example_branch_dop_operator_v3 to 2023-07-20T21:03:00+00:00, run_after=2023-07-20T21:04:00+00:00
[2023-07-20T23:04:43.471+0200] {processor.py:179} INFO - Processing /Users/dimitrikestenbaum/.pyenv/versions/3.11.4/envs/pelven/lib/python3.11/site-packages/airflow/example_dags/example_branch_python_dop_operator_3.py took 0.751 seconds
[2023-07-20T23:08:08.345+0200] {processor.py:157} INFO - Started process (PID=14938) to work on /Users/dimitrikestenbaum/.pyenv/versions/3.11.4/envs/pelven/lib/python3.11/site-packages/airflow/example_dags/example_branch_python_dop_operator_3.py
[2023-07-20T23:08:08.349+0200] {processor.py:826} INFO - Processing file /Users/dimitrikestenbaum/.pyenv/versions/3.11.4/envs/pelven/lib/python3.11/site-packages/airflow/example_dags/example_branch_python_dop_operator_3.py for tasks to queue
[2023-07-20T23:08:08.350+0200] {logging_mixin.py:150} INFO - [2023-07-20T23:08:08.349+0200] {dagbag.py:541} INFO - Filling up the DagBag from /Users/dimitrikestenbaum/.pyenv/versions/3.11.4/envs/pelven/lib/python3.11/site-packages/airflow/example_dags/example_branch_python_dop_operator_3.py
[2023-07-20T23:08:08.451+0200] {processor.py:836} INFO - DAG(s) dict_keys(['example_branch_dop_operator_v3']) retrieved from /Users/dimitrikestenbaum/.pyenv/versions/3.11.4/envs/pelven/lib/python3.11/site-packages/airflow/example_dags/example_branch_python_dop_operator_3.py
[2023-07-20T23:08:09.255+0200] {logging_mixin.py:150} INFO - [2023-07-20T23:08:09.255+0200] {dag.py:2742} INFO - Sync 1 DAGs
[2023-07-20T23:08:09.273+0200] {logging_mixin.py:150} INFO - [2023-07-20T23:08:09.273+0200] {dag.py:3504} INFO - Setting next_dagrun for example_branch_dop_operator_v3 to 2023-07-20T21:07:00+00:00, run_after=2023-07-20T21:08:00+00:00
[2023-07-20T23:08:09.293+0200] {processor.py:179} INFO - Processing /Users/dimitrikestenbaum/.pyenv/versions/3.11.4/envs/pelven/lib/python3.11/site-packages/airflow/example_dags/example_branch_python_dop_operator_3.py took 0.948 seconds
