[2023-07-20T22:56:51.467+0200] {processor.py:157} INFO - Started process (PID=13863) to work on /Users/dimitrikestenbaum/.pyenv/versions/3.11.4/envs/pelven/lib/python3.11/site-packages/airflow/example_dags/example_sla_dag.py
[2023-07-20T22:56:51.470+0200] {processor.py:826} INFO - Processing file /Users/dimitrikestenbaum/.pyenv/versions/3.11.4/envs/pelven/lib/python3.11/site-packages/airflow/example_dags/example_sla_dag.py for tasks to queue
[2023-07-20T22:56:51.471+0200] {logging_mixin.py:150} INFO - [2023-07-20T22:56:51.470+0200] {dagbag.py:541} INFO - Filling up the DagBag from /Users/dimitrikestenbaum/.pyenv/versions/3.11.4/envs/pelven/lib/python3.11/site-packages/airflow/example_dags/example_sla_dag.py
[2023-07-20T22:56:51.548+0200] {processor.py:836} INFO - DAG(s) dict_keys(['example_sla_dag']) retrieved from /Users/dimitrikestenbaum/.pyenv/versions/3.11.4/envs/pelven/lib/python3.11/site-packages/airflow/example_dags/example_sla_dag.py
[2023-07-20T22:56:52.383+0200] {logging_mixin.py:150} INFO - [2023-07-20T22:56:52.383+0200] {manager.py:504} INFO - Created Permission View: can delete on DAG:example_sla_dag
[2023-07-20T22:56:52.391+0200] {logging_mixin.py:150} INFO - [2023-07-20T22:56:52.391+0200] {manager.py:504} INFO - Created Permission View: can read on DAG:example_sla_dag
[2023-07-20T22:56:52.396+0200] {logging_mixin.py:150} INFO - [2023-07-20T22:56:52.396+0200] {manager.py:504} INFO - Created Permission View: can edit on DAG:example_sla_dag
[2023-07-20T22:56:52.405+0200] {logging_mixin.py:150} INFO - [2023-07-20T22:56:52.405+0200] {dag.py:2742} INFO - Sync 1 DAGs
[2023-07-20T22:56:52.412+0200] {logging_mixin.py:150} INFO - [2023-07-20T22:56:52.411+0200] {dag.py:2763} INFO - Creating ORM DAG for example_sla_dag
[2023-07-20T22:56:52.421+0200] {logging_mixin.py:150} INFO - [2023-07-20T22:56:52.421+0200] {dag.py:3504} INFO - Setting next_dagrun for example_sla_dag to 2023-07-20T20:54:00+00:00, run_after=2023-07-20T20:56:00+00:00
[2023-07-20T22:56:52.436+0200] {processor.py:179} INFO - Processing /Users/dimitrikestenbaum/.pyenv/versions/3.11.4/envs/pelven/lib/python3.11/site-packages/airflow/example_dags/example_sla_dag.py took 0.970 seconds
[2023-07-20T22:59:05.209+0200] {processor.py:157} INFO - Started process (PID=14001) to work on /Users/dimitrikestenbaum/.pyenv/versions/3.11.4/envs/pelven/lib/python3.11/site-packages/airflow/example_dags/example_sla_dag.py
[2023-07-20T22:59:05.212+0200] {processor.py:826} INFO - Processing file /Users/dimitrikestenbaum/.pyenv/versions/3.11.4/envs/pelven/lib/python3.11/site-packages/airflow/example_dags/example_sla_dag.py for tasks to queue
[2023-07-20T22:59:05.213+0200] {logging_mixin.py:150} INFO - [2023-07-20T22:59:05.212+0200] {dagbag.py:541} INFO - Filling up the DagBag from /Users/dimitrikestenbaum/.pyenv/versions/3.11.4/envs/pelven/lib/python3.11/site-packages/airflow/example_dags/example_sla_dag.py
[2023-07-20T22:59:05.280+0200] {processor.py:836} INFO - DAG(s) dict_keys(['example_sla_dag']) retrieved from /Users/dimitrikestenbaum/.pyenv/versions/3.11.4/envs/pelven/lib/python3.11/site-packages/airflow/example_dags/example_sla_dag.py
[2023-07-20T22:59:05.982+0200] {logging_mixin.py:150} INFO - [2023-07-20T22:59:05.982+0200] {dag.py:2742} INFO - Sync 1 DAGs
[2023-07-20T22:59:06.001+0200] {logging_mixin.py:150} INFO - [2023-07-20T22:59:06.000+0200] {dag.py:3504} INFO - Setting next_dagrun for example_sla_dag to 2023-07-20T20:56:00+00:00, run_after=2023-07-20T20:58:00+00:00
[2023-07-20T22:59:06.017+0200] {processor.py:179} INFO - Processing /Users/dimitrikestenbaum/.pyenv/versions/3.11.4/envs/pelven/lib/python3.11/site-packages/airflow/example_dags/example_sla_dag.py took 0.808 seconds
[2023-07-20T23:00:48.234+0200] {processor.py:157} INFO - Started process (PID=14101) to work on /Users/dimitrikestenbaum/.pyenv/versions/3.11.4/envs/pelven/lib/python3.11/site-packages/airflow/example_dags/example_sla_dag.py
[2023-07-20T23:00:48.237+0200] {processor.py:826} INFO - Processing file /Users/dimitrikestenbaum/.pyenv/versions/3.11.4/envs/pelven/lib/python3.11/site-packages/airflow/example_dags/example_sla_dag.py for tasks to queue
[2023-07-20T23:00:48.238+0200] {logging_mixin.py:150} INFO - [2023-07-20T23:00:48.238+0200] {dagbag.py:541} INFO - Filling up the DagBag from /Users/dimitrikestenbaum/.pyenv/versions/3.11.4/envs/pelven/lib/python3.11/site-packages/airflow/example_dags/example_sla_dag.py
[2023-07-20T23:00:48.312+0200] {processor.py:836} INFO - DAG(s) dict_keys(['example_sla_dag']) retrieved from /Users/dimitrikestenbaum/.pyenv/versions/3.11.4/envs/pelven/lib/python3.11/site-packages/airflow/example_dags/example_sla_dag.py
[2023-07-20T23:00:49.070+0200] {logging_mixin.py:150} INFO - [2023-07-20T23:00:49.070+0200] {dag.py:2742} INFO - Sync 1 DAGs
[2023-07-20T23:00:49.086+0200] {logging_mixin.py:150} INFO - [2023-07-20T23:00:49.085+0200] {dag.py:3504} INFO - Setting next_dagrun for example_sla_dag to 2023-07-20T20:58:00+00:00, run_after=2023-07-20T21:00:00+00:00
[2023-07-20T23:00:49.100+0200] {processor.py:179} INFO - Processing /Users/dimitrikestenbaum/.pyenv/versions/3.11.4/envs/pelven/lib/python3.11/site-packages/airflow/example_dags/example_sla_dag.py took 0.867 seconds
[2023-07-20T23:02:29.793+0200] {processor.py:157} INFO - Started process (PID=14217) to work on /Users/dimitrikestenbaum/.pyenv/versions/3.11.4/envs/pelven/lib/python3.11/site-packages/airflow/example_dags/example_sla_dag.py
[2023-07-20T23:02:29.797+0200] {processor.py:826} INFO - Processing file /Users/dimitrikestenbaum/.pyenv/versions/3.11.4/envs/pelven/lib/python3.11/site-packages/airflow/example_dags/example_sla_dag.py for tasks to queue
[2023-07-20T23:02:29.798+0200] {logging_mixin.py:150} INFO - [2023-07-20T23:02:29.798+0200] {dagbag.py:541} INFO - Filling up the DagBag from /Users/dimitrikestenbaum/.pyenv/versions/3.11.4/envs/pelven/lib/python3.11/site-packages/airflow/example_dags/example_sla_dag.py
[2023-07-20T23:02:29.875+0200] {processor.py:836} INFO - DAG(s) dict_keys(['example_sla_dag']) retrieved from /Users/dimitrikestenbaum/.pyenv/versions/3.11.4/envs/pelven/lib/python3.11/site-packages/airflow/example_dags/example_sla_dag.py
[2023-07-20T23:02:30.597+0200] {logging_mixin.py:150} INFO - [2023-07-20T23:02:30.597+0200] {dag.py:2742} INFO - Sync 1 DAGs
[2023-07-20T23:02:30.617+0200] {logging_mixin.py:150} INFO - [2023-07-20T23:02:30.617+0200] {dag.py:3504} INFO - Setting next_dagrun for example_sla_dag to 2023-07-20T21:00:00+00:00, run_after=2023-07-20T21:02:00+00:00
[2023-07-20T23:02:30.637+0200] {processor.py:179} INFO - Processing /Users/dimitrikestenbaum/.pyenv/versions/3.11.4/envs/pelven/lib/python3.11/site-packages/airflow/example_dags/example_sla_dag.py took 0.844 seconds
[2023-07-20T23:04:08.615+0200] {processor.py:157} INFO - Started process (PID=14453) to work on /Users/dimitrikestenbaum/.pyenv/versions/3.11.4/envs/pelven/lib/python3.11/site-packages/airflow/example_dags/example_sla_dag.py
[2023-07-20T23:04:08.619+0200] {processor.py:826} INFO - Processing file /Users/dimitrikestenbaum/.pyenv/versions/3.11.4/envs/pelven/lib/python3.11/site-packages/airflow/example_dags/example_sla_dag.py for tasks to queue
[2023-07-20T23:04:08.619+0200] {logging_mixin.py:150} INFO - [2023-07-20T23:04:08.619+0200] {dagbag.py:541} INFO - Filling up the DagBag from /Users/dimitrikestenbaum/.pyenv/versions/3.11.4/envs/pelven/lib/python3.11/site-packages/airflow/example_dags/example_sla_dag.py
[2023-07-20T23:04:08.698+0200] {processor.py:836} INFO - DAG(s) dict_keys(['example_sla_dag']) retrieved from /Users/dimitrikestenbaum/.pyenv/versions/3.11.4/envs/pelven/lib/python3.11/site-packages/airflow/example_dags/example_sla_dag.py
[2023-07-20T23:04:09.427+0200] {logging_mixin.py:150} INFO - [2023-07-20T23:04:09.427+0200] {dag.py:2742} INFO - Sync 1 DAGs
[2023-07-20T23:04:09.446+0200] {logging_mixin.py:150} INFO - [2023-07-20T23:04:09.446+0200] {dag.py:3504} INFO - Setting next_dagrun for example_sla_dag to 2023-07-20T21:02:00+00:00, run_after=2023-07-20T21:04:00+00:00
[2023-07-20T23:04:09.464+0200] {processor.py:179} INFO - Processing /Users/dimitrikestenbaum/.pyenv/versions/3.11.4/envs/pelven/lib/python3.11/site-packages/airflow/example_dags/example_sla_dag.py took 0.850 seconds
[2023-07-20T23:05:45.720+0200] {processor.py:157} INFO - Started process (PID=14790) to work on /Users/dimitrikestenbaum/.pyenv/versions/3.11.4/envs/pelven/lib/python3.11/site-packages/airflow/example_dags/example_sla_dag.py
[2023-07-20T23:05:45.723+0200] {processor.py:826} INFO - Processing file /Users/dimitrikestenbaum/.pyenv/versions/3.11.4/envs/pelven/lib/python3.11/site-packages/airflow/example_dags/example_sla_dag.py for tasks to queue
[2023-07-20T23:05:45.724+0200] {logging_mixin.py:150} INFO - [2023-07-20T23:05:45.724+0200] {dagbag.py:541} INFO - Filling up the DagBag from /Users/dimitrikestenbaum/.pyenv/versions/3.11.4/envs/pelven/lib/python3.11/site-packages/airflow/example_dags/example_sla_dag.py
[2023-07-20T23:05:45.789+0200] {processor.py:836} INFO - DAG(s) dict_keys(['example_sla_dag']) retrieved from /Users/dimitrikestenbaum/.pyenv/versions/3.11.4/envs/pelven/lib/python3.11/site-packages/airflow/example_dags/example_sla_dag.py
[2023-07-20T23:05:46.536+0200] {logging_mixin.py:150} INFO - [2023-07-20T23:05:46.535+0200] {dag.py:2742} INFO - Sync 1 DAGs
[2023-07-20T23:05:46.549+0200] {logging_mixin.py:150} INFO - [2023-07-20T23:05:46.549+0200] {dag.py:3504} INFO - Setting next_dagrun for example_sla_dag to 2023-07-20T21:02:00+00:00, run_after=2023-07-20T21:04:00+00:00
[2023-07-20T23:05:46.564+0200] {processor.py:179} INFO - Processing /Users/dimitrikestenbaum/.pyenv/versions/3.11.4/envs/pelven/lib/python3.11/site-packages/airflow/example_dags/example_sla_dag.py took 0.844 seconds
[2023-07-20T23:07:30.222+0200] {processor.py:157} INFO - Started process (PID=14906) to work on /Users/dimitrikestenbaum/.pyenv/versions/3.11.4/envs/pelven/lib/python3.11/site-packages/airflow/example_dags/example_sla_dag.py
[2023-07-20T23:07:30.226+0200] {processor.py:826} INFO - Processing file /Users/dimitrikestenbaum/.pyenv/versions/3.11.4/envs/pelven/lib/python3.11/site-packages/airflow/example_dags/example_sla_dag.py for tasks to queue
[2023-07-20T23:07:30.227+0200] {logging_mixin.py:150} INFO - [2023-07-20T23:07:30.227+0200] {dagbag.py:541} INFO - Filling up the DagBag from /Users/dimitrikestenbaum/.pyenv/versions/3.11.4/envs/pelven/lib/python3.11/site-packages/airflow/example_dags/example_sla_dag.py
[2023-07-20T23:07:30.301+0200] {processor.py:836} INFO - DAG(s) dict_keys(['example_sla_dag']) retrieved from /Users/dimitrikestenbaum/.pyenv/versions/3.11.4/envs/pelven/lib/python3.11/site-packages/airflow/example_dags/example_sla_dag.py
[2023-07-20T23:07:30.951+0200] {logging_mixin.py:150} INFO - [2023-07-20T23:07:30.951+0200] {dag.py:2742} INFO - Sync 1 DAGs
[2023-07-20T23:07:30.966+0200] {logging_mixin.py:150} INFO - [2023-07-20T23:07:30.966+0200] {dag.py:3504} INFO - Setting next_dagrun for example_sla_dag to 2023-07-20T21:04:00+00:00, run_after=2023-07-20T21:06:00+00:00
[2023-07-20T23:07:30.981+0200] {processor.py:179} INFO - Processing /Users/dimitrikestenbaum/.pyenv/versions/3.11.4/envs/pelven/lib/python3.11/site-packages/airflow/example_dags/example_sla_dag.py took 0.760 seconds
[2023-07-20T23:09:15.543+0200] {processor.py:157} INFO - Started process (PID=15020) to work on /Users/dimitrikestenbaum/.pyenv/versions/3.11.4/envs/pelven/lib/python3.11/site-packages/airflow/example_dags/example_sla_dag.py
[2023-07-20T23:09:15.548+0200] {processor.py:826} INFO - Processing file /Users/dimitrikestenbaum/.pyenv/versions/3.11.4/envs/pelven/lib/python3.11/site-packages/airflow/example_dags/example_sla_dag.py for tasks to queue
[2023-07-20T23:09:15.549+0200] {logging_mixin.py:150} INFO - [2023-07-20T23:09:15.549+0200] {dagbag.py:541} INFO - Filling up the DagBag from /Users/dimitrikestenbaum/.pyenv/versions/3.11.4/envs/pelven/lib/python3.11/site-packages/airflow/example_dags/example_sla_dag.py
[2023-07-20T23:09:15.630+0200] {processor.py:836} INFO - DAG(s) dict_keys(['example_sla_dag']) retrieved from /Users/dimitrikestenbaum/.pyenv/versions/3.11.4/envs/pelven/lib/python3.11/site-packages/airflow/example_dags/example_sla_dag.py
[2023-07-20T23:09:16.397+0200] {logging_mixin.py:150} INFO - [2023-07-20T23:09:16.397+0200] {dag.py:2742} INFO - Sync 1 DAGs
[2023-07-20T23:09:16.416+0200] {logging_mixin.py:150} INFO - [2023-07-20T23:09:16.416+0200] {dag.py:3504} INFO - Setting next_dagrun for example_sla_dag to 2023-07-20T21:06:00+00:00, run_after=2023-07-20T21:08:00+00:00
[2023-07-20T23:09:16.438+0200] {processor.py:179} INFO - Processing /Users/dimitrikestenbaum/.pyenv/versions/3.11.4/envs/pelven/lib/python3.11/site-packages/airflow/example_dags/example_sla_dag.py took 0.895 seconds
