[2023-07-20T22:56:42.673+0200] {processor.py:157} INFO - Started process (PID=13859) to work on /Users/dimitrikestenbaum/.pyenv/versions/3.11.4/envs/pelven/lib/python3.11/site-packages/airflow/example_dags/example_task_group_decorator.py
[2023-07-20T22:56:42.677+0200] {processor.py:826} INFO - Processing file /Users/dimitrikestenbaum/.pyenv/versions/3.11.4/envs/pelven/lib/python3.11/site-packages/airflow/example_dags/example_task_group_decorator.py for tasks to queue
[2023-07-20T22:56:42.678+0200] {logging_mixin.py:150} INFO - [2023-07-20T22:56:42.677+0200] {dagbag.py:541} INFO - Filling up the DagBag from /Users/dimitrikestenbaum/.pyenv/versions/3.11.4/envs/pelven/lib/python3.11/site-packages/airflow/example_dags/example_task_group_decorator.py
[2023-07-20T22:56:42.759+0200] {processor.py:836} INFO - DAG(s) dict_keys(['example_task_group_decorator']) retrieved from /Users/dimitrikestenbaum/.pyenv/versions/3.11.4/envs/pelven/lib/python3.11/site-packages/airflow/example_dags/example_task_group_decorator.py
[2023-07-20T22:56:43.513+0200] {logging_mixin.py:150} INFO - [2023-07-20T22:56:43.513+0200] {manager.py:504} INFO - Created Permission View: can edit on DAG:example_task_group_decorator
[2023-07-20T22:56:43.522+0200] {logging_mixin.py:150} INFO - [2023-07-20T22:56:43.521+0200] {manager.py:504} INFO - Created Permission View: can read on DAG:example_task_group_decorator
[2023-07-20T22:56:43.527+0200] {logging_mixin.py:150} INFO - [2023-07-20T22:56:43.527+0200] {manager.py:504} INFO - Created Permission View: can delete on DAG:example_task_group_decorator
[2023-07-20T22:56:43.536+0200] {logging_mixin.py:150} INFO - [2023-07-20T22:56:43.536+0200] {dag.py:2742} INFO - Sync 1 DAGs
[2023-07-20T22:56:43.544+0200] {logging_mixin.py:150} INFO - [2023-07-20T22:56:43.544+0200] {dag.py:2763} INFO - Creating ORM DAG for example_task_group_decorator
[2023-07-20T22:56:43.551+0200] {logging_mixin.py:150} INFO - [2023-07-20T22:56:43.550+0200] {dag.py:3504} INFO - Setting next_dagrun for example_task_group_decorator to 2023-07-19T20:56:43.550864+00:00, run_after=2023-07-20T20:56:43.550864+00:00
[2023-07-20T22:56:43.568+0200] {processor.py:179} INFO - Processing /Users/dimitrikestenbaum/.pyenv/versions/3.11.4/envs/pelven/lib/python3.11/site-packages/airflow/example_dags/example_task_group_decorator.py took 0.895 seconds
[2023-07-20T22:58:58.301+0200] {processor.py:157} INFO - Started process (PID=13997) to work on /Users/dimitrikestenbaum/.pyenv/versions/3.11.4/envs/pelven/lib/python3.11/site-packages/airflow/example_dags/example_task_group_decorator.py
[2023-07-20T22:58:58.304+0200] {processor.py:826} INFO - Processing file /Users/dimitrikestenbaum/.pyenv/versions/3.11.4/envs/pelven/lib/python3.11/site-packages/airflow/example_dags/example_task_group_decorator.py for tasks to queue
[2023-07-20T22:58:58.304+0200] {logging_mixin.py:150} INFO - [2023-07-20T22:58:58.304+0200] {dagbag.py:541} INFO - Filling up the DagBag from /Users/dimitrikestenbaum/.pyenv/versions/3.11.4/envs/pelven/lib/python3.11/site-packages/airflow/example_dags/example_task_group_decorator.py
[2023-07-20T22:58:58.392+0200] {processor.py:836} INFO - DAG(s) dict_keys(['example_task_group_decorator']) retrieved from /Users/dimitrikestenbaum/.pyenv/versions/3.11.4/envs/pelven/lib/python3.11/site-packages/airflow/example_dags/example_task_group_decorator.py
[2023-07-20T22:58:59.121+0200] {logging_mixin.py:150} INFO - [2023-07-20T22:58:59.121+0200] {dag.py:2742} INFO - Sync 1 DAGs
[2023-07-20T22:58:59.136+0200] {logging_mixin.py:150} INFO - [2023-07-20T22:58:59.136+0200] {dag.py:3504} INFO - Setting next_dagrun for example_task_group_decorator to 2023-07-19T20:58:59.136600+00:00, run_after=2023-07-20T20:58:59.136600+00:00
[2023-07-20T22:58:59.154+0200] {processor.py:179} INFO - Processing /Users/dimitrikestenbaum/.pyenv/versions/3.11.4/envs/pelven/lib/python3.11/site-packages/airflow/example_dags/example_task_group_decorator.py took 0.854 seconds
[2023-07-20T23:00:39.946+0200] {processor.py:157} INFO - Started process (PID=14097) to work on /Users/dimitrikestenbaum/.pyenv/versions/3.11.4/envs/pelven/lib/python3.11/site-packages/airflow/example_dags/example_task_group_decorator.py
[2023-07-20T23:00:39.949+0200] {processor.py:826} INFO - Processing file /Users/dimitrikestenbaum/.pyenv/versions/3.11.4/envs/pelven/lib/python3.11/site-packages/airflow/example_dags/example_task_group_decorator.py for tasks to queue
[2023-07-20T23:00:39.949+0200] {logging_mixin.py:150} INFO - [2023-07-20T23:00:39.949+0200] {dagbag.py:541} INFO - Filling up the DagBag from /Users/dimitrikestenbaum/.pyenv/versions/3.11.4/envs/pelven/lib/python3.11/site-packages/airflow/example_dags/example_task_group_decorator.py
[2023-07-20T23:00:40.038+0200] {processor.py:836} INFO - DAG(s) dict_keys(['example_task_group_decorator']) retrieved from /Users/dimitrikestenbaum/.pyenv/versions/3.11.4/envs/pelven/lib/python3.11/site-packages/airflow/example_dags/example_task_group_decorator.py
[2023-07-20T23:00:40.819+0200] {logging_mixin.py:150} INFO - [2023-07-20T23:00:40.819+0200] {dag.py:2742} INFO - Sync 1 DAGs
[2023-07-20T23:00:40.836+0200] {logging_mixin.py:150} INFO - [2023-07-20T23:00:40.836+0200] {dag.py:3504} INFO - Setting next_dagrun for example_task_group_decorator to 2023-07-19T21:00:40.836247+00:00, run_after=2023-07-20T21:00:40.836247+00:00
[2023-07-20T23:00:40.853+0200] {processor.py:179} INFO - Processing /Users/dimitrikestenbaum/.pyenv/versions/3.11.4/envs/pelven/lib/python3.11/site-packages/airflow/example_dags/example_task_group_decorator.py took 0.908 seconds
[2023-07-20T23:02:21.078+0200] {processor.py:157} INFO - Started process (PID=14205) to work on /Users/dimitrikestenbaum/.pyenv/versions/3.11.4/envs/pelven/lib/python3.11/site-packages/airflow/example_dags/example_task_group_decorator.py
[2023-07-20T23:02:21.083+0200] {processor.py:826} INFO - Processing file /Users/dimitrikestenbaum/.pyenv/versions/3.11.4/envs/pelven/lib/python3.11/site-packages/airflow/example_dags/example_task_group_decorator.py for tasks to queue
[2023-07-20T23:02:21.083+0200] {logging_mixin.py:150} INFO - [2023-07-20T23:02:21.083+0200] {dagbag.py:541} INFO - Filling up the DagBag from /Users/dimitrikestenbaum/.pyenv/versions/3.11.4/envs/pelven/lib/python3.11/site-packages/airflow/example_dags/example_task_group_decorator.py
[2023-07-20T23:02:21.157+0200] {processor.py:836} INFO - DAG(s) dict_keys(['example_task_group_decorator']) retrieved from /Users/dimitrikestenbaum/.pyenv/versions/3.11.4/envs/pelven/lib/python3.11/site-packages/airflow/example_dags/example_task_group_decorator.py
[2023-07-20T23:02:21.817+0200] {logging_mixin.py:150} INFO - [2023-07-20T23:02:21.817+0200] {dag.py:2742} INFO - Sync 1 DAGs
[2023-07-20T23:02:21.830+0200] {logging_mixin.py:150} INFO - [2023-07-20T23:02:21.830+0200] {dag.py:3504} INFO - Setting next_dagrun for example_task_group_decorator to 2023-07-19T21:02:21.829979+00:00, run_after=2023-07-20T21:02:21.829979+00:00
[2023-07-20T23:02:21.845+0200] {processor.py:179} INFO - Processing /Users/dimitrikestenbaum/.pyenv/versions/3.11.4/envs/pelven/lib/python3.11/site-packages/airflow/example_dags/example_task_group_decorator.py took 0.767 seconds
[2023-07-20T23:03:59.865+0200] {processor.py:157} INFO - Started process (PID=14450) to work on /Users/dimitrikestenbaum/.pyenv/versions/3.11.4/envs/pelven/lib/python3.11/site-packages/airflow/example_dags/example_task_group_decorator.py
[2023-07-20T23:03:59.870+0200] {processor.py:826} INFO - Processing file /Users/dimitrikestenbaum/.pyenv/versions/3.11.4/envs/pelven/lib/python3.11/site-packages/airflow/example_dags/example_task_group_decorator.py for tasks to queue
[2023-07-20T23:03:59.871+0200] {logging_mixin.py:150} INFO - [2023-07-20T23:03:59.871+0200] {dagbag.py:541} INFO - Filling up the DagBag from /Users/dimitrikestenbaum/.pyenv/versions/3.11.4/envs/pelven/lib/python3.11/site-packages/airflow/example_dags/example_task_group_decorator.py
[2023-07-20T23:03:59.956+0200] {processor.py:836} INFO - DAG(s) dict_keys(['example_task_group_decorator']) retrieved from /Users/dimitrikestenbaum/.pyenv/versions/3.11.4/envs/pelven/lib/python3.11/site-packages/airflow/example_dags/example_task_group_decorator.py
[2023-07-20T23:04:00.707+0200] {logging_mixin.py:150} INFO - [2023-07-20T23:04:00.706+0200] {dag.py:2742} INFO - Sync 1 DAGs
[2023-07-20T23:04:00.720+0200] {logging_mixin.py:150} INFO - [2023-07-20T23:04:00.720+0200] {dag.py:3504} INFO - Setting next_dagrun for example_task_group_decorator to 2023-07-19T21:04:00.720482+00:00, run_after=2023-07-20T21:04:00.720482+00:00
[2023-07-20T23:04:00.736+0200] {processor.py:179} INFO - Processing /Users/dimitrikestenbaum/.pyenv/versions/3.11.4/envs/pelven/lib/python3.11/site-packages/airflow/example_dags/example_task_group_decorator.py took 0.872 seconds
[2023-07-20T23:05:38.117+0200] {processor.py:157} INFO - Started process (PID=14779) to work on /Users/dimitrikestenbaum/.pyenv/versions/3.11.4/envs/pelven/lib/python3.11/site-packages/airflow/example_dags/example_task_group_decorator.py
[2023-07-20T23:05:38.121+0200] {processor.py:826} INFO - Processing file /Users/dimitrikestenbaum/.pyenv/versions/3.11.4/envs/pelven/lib/python3.11/site-packages/airflow/example_dags/example_task_group_decorator.py for tasks to queue
[2023-07-20T23:05:38.122+0200] {logging_mixin.py:150} INFO - [2023-07-20T23:05:38.122+0200] {dagbag.py:541} INFO - Filling up the DagBag from /Users/dimitrikestenbaum/.pyenv/versions/3.11.4/envs/pelven/lib/python3.11/site-packages/airflow/example_dags/example_task_group_decorator.py
[2023-07-20T23:05:38.197+0200] {processor.py:836} INFO - DAG(s) dict_keys(['example_task_group_decorator']) retrieved from /Users/dimitrikestenbaum/.pyenv/versions/3.11.4/envs/pelven/lib/python3.11/site-packages/airflow/example_dags/example_task_group_decorator.py
[2023-07-20T23:05:38.236+0200] {logging_mixin.py:150} INFO - [2023-07-20T23:05:38.236+0200] {dag.py:2742} INFO - Sync 1 DAGs
[2023-07-20T23:05:38.831+0200] {logging_mixin.py:150} INFO - [2023-07-20T23:05:38.831+0200] {dag.py:3504} INFO - Setting next_dagrun for example_task_group_decorator to 2023-07-19T21:05:38.831327+00:00, run_after=2023-07-20T21:05:38.831327+00:00
[2023-07-20T23:05:38.847+0200] {processor.py:179} INFO - Processing /Users/dimitrikestenbaum/.pyenv/versions/3.11.4/envs/pelven/lib/python3.11/site-packages/airflow/example_dags/example_task_group_decorator.py took 0.731 seconds
[2023-07-20T23:07:21.571+0200] {processor.py:157} INFO - Started process (PID=14895) to work on /Users/dimitrikestenbaum/.pyenv/versions/3.11.4/envs/pelven/lib/python3.11/site-packages/airflow/example_dags/example_task_group_decorator.py
[2023-07-20T23:07:21.576+0200] {processor.py:826} INFO - Processing file /Users/dimitrikestenbaum/.pyenv/versions/3.11.4/envs/pelven/lib/python3.11/site-packages/airflow/example_dags/example_task_group_decorator.py for tasks to queue
[2023-07-20T23:07:21.577+0200] {logging_mixin.py:150} INFO - [2023-07-20T23:07:21.577+0200] {dagbag.py:541} INFO - Filling up the DagBag from /Users/dimitrikestenbaum/.pyenv/versions/3.11.4/envs/pelven/lib/python3.11/site-packages/airflow/example_dags/example_task_group_decorator.py
[2023-07-20T23:07:21.650+0200] {processor.py:836} INFO - DAG(s) dict_keys(['example_task_group_decorator']) retrieved from /Users/dimitrikestenbaum/.pyenv/versions/3.11.4/envs/pelven/lib/python3.11/site-packages/airflow/example_dags/example_task_group_decorator.py
[2023-07-20T23:07:22.342+0200] {logging_mixin.py:150} INFO - [2023-07-20T23:07:22.342+0200] {dag.py:2742} INFO - Sync 1 DAGs
[2023-07-20T23:07:22.356+0200] {logging_mixin.py:150} INFO - [2023-07-20T23:07:22.356+0200] {dag.py:3504} INFO - Setting next_dagrun for example_task_group_decorator to 2023-07-19T21:07:22.356012+00:00, run_after=2023-07-20T21:07:22.356012+00:00
[2023-07-20T23:07:22.372+0200] {processor.py:179} INFO - Processing /Users/dimitrikestenbaum/.pyenv/versions/3.11.4/envs/pelven/lib/python3.11/site-packages/airflow/example_dags/example_task_group_decorator.py took 0.802 seconds
[2023-07-20T23:09:06.912+0200] {processor.py:157} INFO - Started process (PID=15009) to work on /Users/dimitrikestenbaum/.pyenv/versions/3.11.4/envs/pelven/lib/python3.11/site-packages/airflow/example_dags/example_task_group_decorator.py
[2023-07-20T23:09:06.916+0200] {processor.py:826} INFO - Processing file /Users/dimitrikestenbaum/.pyenv/versions/3.11.4/envs/pelven/lib/python3.11/site-packages/airflow/example_dags/example_task_group_decorator.py for tasks to queue
[2023-07-20T23:09:06.917+0200] {logging_mixin.py:150} INFO - [2023-07-20T23:09:06.916+0200] {dagbag.py:541} INFO - Filling up the DagBag from /Users/dimitrikestenbaum/.pyenv/versions/3.11.4/envs/pelven/lib/python3.11/site-packages/airflow/example_dags/example_task_group_decorator.py
[2023-07-20T23:09:06.999+0200] {processor.py:836} INFO - DAG(s) dict_keys(['example_task_group_decorator']) retrieved from /Users/dimitrikestenbaum/.pyenv/versions/3.11.4/envs/pelven/lib/python3.11/site-packages/airflow/example_dags/example_task_group_decorator.py
[2023-07-20T23:09:07.714+0200] {logging_mixin.py:150} INFO - [2023-07-20T23:09:07.714+0200] {dag.py:2742} INFO - Sync 1 DAGs
[2023-07-20T23:09:07.727+0200] {logging_mixin.py:150} INFO - [2023-07-20T23:09:07.727+0200] {dag.py:3504} INFO - Setting next_dagrun for example_task_group_decorator to 2023-07-19T21:09:07.727152+00:00, run_after=2023-07-20T21:09:07.727152+00:00
[2023-07-20T23:09:07.744+0200] {processor.py:179} INFO - Processing /Users/dimitrikestenbaum/.pyenv/versions/3.11.4/envs/pelven/lib/python3.11/site-packages/airflow/example_dags/example_task_group_decorator.py took 0.832 seconds
