[2023-07-20T22:58:08.340+0200] {processor.py:157} INFO - Started process (PID=13944) to work on /Users/dimitrikestenbaum/.pyenv/versions/3.11.4/envs/pelven/lib/python3.11/site-packages/airflow/example_dags/example_branch_labels.py
[2023-07-20T22:58:08.344+0200] {processor.py:826} INFO - Processing file /Users/dimitrikestenbaum/.pyenv/versions/3.11.4/envs/pelven/lib/python3.11/site-packages/airflow/example_dags/example_branch_labels.py for tasks to queue
[2023-07-20T22:58:08.345+0200] {logging_mixin.py:150} INFO - [2023-07-20T22:58:08.345+0200] {dagbag.py:541} INFO - Filling up the DagBag from /Users/dimitrikestenbaum/.pyenv/versions/3.11.4/envs/pelven/lib/python3.11/site-packages/airflow/example_dags/example_branch_labels.py
[2023-07-20T22:58:08.364+0200] {processor.py:836} INFO - DAG(s) dict_keys(['example_branch_labels']) retrieved from /Users/dimitrikestenbaum/.pyenv/versions/3.11.4/envs/pelven/lib/python3.11/site-packages/airflow/example_dags/example_branch_labels.py
[2023-07-20T22:58:09.240+0200] {logging_mixin.py:150} INFO - [2023-07-20T22:58:09.239+0200] {manager.py:504} INFO - Created Permission View: can edit on DAG:example_branch_labels
[2023-07-20T22:58:09.248+0200] {logging_mixin.py:150} INFO - [2023-07-20T22:58:09.248+0200] {manager.py:504} INFO - Created Permission View: can delete on DAG:example_branch_labels
[2023-07-20T22:58:09.255+0200] {logging_mixin.py:150} INFO - [2023-07-20T22:58:09.255+0200] {manager.py:504} INFO - Created Permission View: can read on DAG:example_branch_labels
[2023-07-20T22:58:09.265+0200] {logging_mixin.py:150} INFO - [2023-07-20T22:58:09.265+0200] {dag.py:2742} INFO - Sync 1 DAGs
[2023-07-20T22:58:09.275+0200] {logging_mixin.py:150} INFO - [2023-07-20T22:58:09.275+0200] {dag.py:2763} INFO - Creating ORM DAG for example_branch_labels
[2023-07-20T22:58:09.285+0200] {logging_mixin.py:150} INFO - [2023-07-20T22:58:09.285+0200] {dag.py:3504} INFO - Setting next_dagrun for example_branch_labels to 2023-07-19T00:00:00+00:00, run_after=2023-07-20T00:00:00+00:00
[2023-07-20T22:58:09.302+0200] {processor.py:179} INFO - Processing /Users/dimitrikestenbaum/.pyenv/versions/3.11.4/envs/pelven/lib/python3.11/site-packages/airflow/example_dags/example_branch_labels.py took 0.963 seconds
[2023-07-20T23:01:32.169+0200] {processor.py:157} INFO - Started process (PID=14146) to work on /Users/dimitrikestenbaum/.pyenv/versions/3.11.4/envs/pelven/lib/python3.11/site-packages/airflow/example_dags/example_branch_labels.py
[2023-07-20T23:01:32.173+0200] {processor.py:826} INFO - Processing file /Users/dimitrikestenbaum/.pyenv/versions/3.11.4/envs/pelven/lib/python3.11/site-packages/airflow/example_dags/example_branch_labels.py for tasks to queue
[2023-07-20T23:01:32.174+0200] {logging_mixin.py:150} INFO - [2023-07-20T23:01:32.174+0200] {dagbag.py:541} INFO - Filling up the DagBag from /Users/dimitrikestenbaum/.pyenv/versions/3.11.4/envs/pelven/lib/python3.11/site-packages/airflow/example_dags/example_branch_labels.py
[2023-07-20T23:01:32.192+0200] {processor.py:836} INFO - DAG(s) dict_keys(['example_branch_labels']) retrieved from /Users/dimitrikestenbaum/.pyenv/versions/3.11.4/envs/pelven/lib/python3.11/site-packages/airflow/example_dags/example_branch_labels.py
[2023-07-20T23:01:32.822+0200] {logging_mixin.py:150} INFO - [2023-07-20T23:01:32.822+0200] {dag.py:2742} INFO - Sync 1 DAGs
[2023-07-20T23:01:32.836+0200] {logging_mixin.py:150} INFO - [2023-07-20T23:01:32.835+0200] {dag.py:3504} INFO - Setting next_dagrun for example_branch_labels to 2023-07-19T00:00:00+00:00, run_after=2023-07-20T00:00:00+00:00
[2023-07-20T23:01:32.854+0200] {processor.py:179} INFO - Processing /Users/dimitrikestenbaum/.pyenv/versions/3.11.4/envs/pelven/lib/python3.11/site-packages/airflow/example_dags/example_branch_labels.py took 0.685 seconds
[2023-07-20T23:04:51.811+0200] {processor.py:157} INFO - Started process (PID=14582) to work on /Users/dimitrikestenbaum/.pyenv/versions/3.11.4/envs/pelven/lib/python3.11/site-packages/airflow/example_dags/example_branch_labels.py
[2023-07-20T23:04:51.815+0200] {processor.py:826} INFO - Processing file /Users/dimitrikestenbaum/.pyenv/versions/3.11.4/envs/pelven/lib/python3.11/site-packages/airflow/example_dags/example_branch_labels.py for tasks to queue
[2023-07-20T23:04:51.816+0200] {logging_mixin.py:150} INFO - [2023-07-20T23:04:51.816+0200] {dagbag.py:541} INFO - Filling up the DagBag from /Users/dimitrikestenbaum/.pyenv/versions/3.11.4/envs/pelven/lib/python3.11/site-packages/airflow/example_dags/example_branch_labels.py
[2023-07-20T23:04:51.835+0200] {processor.py:836} INFO - DAG(s) dict_keys(['example_branch_labels']) retrieved from /Users/dimitrikestenbaum/.pyenv/versions/3.11.4/envs/pelven/lib/python3.11/site-packages/airflow/example_dags/example_branch_labels.py
[2023-07-20T23:04:52.541+0200] {logging_mixin.py:150} INFO - [2023-07-20T23:04:52.541+0200] {dag.py:2742} INFO - Sync 1 DAGs
[2023-07-20T23:04:52.556+0200] {logging_mixin.py:150} INFO - [2023-07-20T23:04:52.556+0200] {dag.py:3504} INFO - Setting next_dagrun for example_branch_labels to 2023-07-19T00:00:00+00:00, run_after=2023-07-20T00:00:00+00:00
[2023-07-20T23:04:52.573+0200] {processor.py:179} INFO - Processing /Users/dimitrikestenbaum/.pyenv/versions/3.11.4/envs/pelven/lib/python3.11/site-packages/airflow/example_dags/example_branch_labels.py took 0.763 seconds
[2023-07-20T23:08:18.457+0200] {processor.py:157} INFO - Started process (PID=14953) to work on /Users/dimitrikestenbaum/.pyenv/versions/3.11.4/envs/pelven/lib/python3.11/site-packages/airflow/example_dags/example_branch_labels.py
[2023-07-20T23:08:18.461+0200] {processor.py:826} INFO - Processing file /Users/dimitrikestenbaum/.pyenv/versions/3.11.4/envs/pelven/lib/python3.11/site-packages/airflow/example_dags/example_branch_labels.py for tasks to queue
[2023-07-20T23:08:18.462+0200] {logging_mixin.py:150} INFO - [2023-07-20T23:08:18.462+0200] {dagbag.py:541} INFO - Filling up the DagBag from /Users/dimitrikestenbaum/.pyenv/versions/3.11.4/envs/pelven/lib/python3.11/site-packages/airflow/example_dags/example_branch_labels.py
[2023-07-20T23:08:18.484+0200] {processor.py:836} INFO - DAG(s) dict_keys(['example_branch_labels']) retrieved from /Users/dimitrikestenbaum/.pyenv/versions/3.11.4/envs/pelven/lib/python3.11/site-packages/airflow/example_dags/example_branch_labels.py
[2023-07-20T23:08:19.269+0200] {logging_mixin.py:150} INFO - [2023-07-20T23:08:19.269+0200] {dag.py:2742} INFO - Sync 1 DAGs
[2023-07-20T23:08:19.284+0200] {logging_mixin.py:150} INFO - [2023-07-20T23:08:19.284+0200] {dag.py:3504} INFO - Setting next_dagrun for example_branch_labels to 2023-07-19T00:00:00+00:00, run_after=2023-07-20T00:00:00+00:00
[2023-07-20T23:08:19.300+0200] {processor.py:179} INFO - Processing /Users/dimitrikestenbaum/.pyenv/versions/3.11.4/envs/pelven/lib/python3.11/site-packages/airflow/example_dags/example_branch_labels.py took 0.845 seconds
