[2023-07-20T22:57:56.742+0200] {processor.py:157} INFO - Started process (PID=13939) to work on /Users/dimitrikestenbaum/.pyenv/versions/3.11.4/envs/pelven/lib/python3.11/site-packages/airflow/example_dags/example_complex.py
[2023-07-20T22:57:56.745+0200] {processor.py:826} INFO - Processing file /Users/dimitrikestenbaum/.pyenv/versions/3.11.4/envs/pelven/lib/python3.11/site-packages/airflow/example_dags/example_complex.py for tasks to queue
[2023-07-20T22:57:56.746+0200] {logging_mixin.py:150} INFO - [2023-07-20T22:57:56.746+0200] {dagbag.py:541} INFO - Filling up the DagBag from /Users/dimitrikestenbaum/.pyenv/versions/3.11.4/envs/pelven/lib/python3.11/site-packages/airflow/example_dags/example_complex.py
[2023-07-20T22:57:56.799+0200] {processor.py:836} INFO - DAG(s) dict_keys(['example_complex']) retrieved from /Users/dimitrikestenbaum/.pyenv/versions/3.11.4/envs/pelven/lib/python3.11/site-packages/airflow/example_dags/example_complex.py
[2023-07-20T22:57:57.644+0200] {logging_mixin.py:150} INFO - [2023-07-20T22:57:57.644+0200] {manager.py:504} INFO - Created Permission View: can read on DAG:example_complex
[2023-07-20T22:57:57.653+0200] {logging_mixin.py:150} INFO - [2023-07-20T22:57:57.652+0200] {manager.py:504} INFO - Created Permission View: can delete on DAG:example_complex
[2023-07-20T22:57:57.659+0200] {logging_mixin.py:150} INFO - [2023-07-20T22:57:57.659+0200] {manager.py:504} INFO - Created Permission View: can edit on DAG:example_complex
[2023-07-20T22:57:57.669+0200] {logging_mixin.py:150} INFO - [2023-07-20T22:57:57.669+0200] {dag.py:2742} INFO - Sync 1 DAGs
[2023-07-20T22:57:57.679+0200] {logging_mixin.py:150} INFO - [2023-07-20T22:57:57.679+0200] {dag.py:2763} INFO - Creating ORM DAG for example_complex
[2023-07-20T22:57:57.686+0200] {logging_mixin.py:150} INFO - [2023-07-20T22:57:57.686+0200] {dag.py:3504} INFO - Setting next_dagrun for example_complex to None, run_after=None
[2023-07-20T22:57:57.704+0200] {processor.py:179} INFO - Processing /Users/dimitrikestenbaum/.pyenv/versions/3.11.4/envs/pelven/lib/python3.11/site-packages/airflow/example_dags/example_complex.py took 0.963 seconds
[2023-07-20T23:01:20.997+0200] {processor.py:157} INFO - Started process (PID=14134) to work on /Users/dimitrikestenbaum/.pyenv/versions/3.11.4/envs/pelven/lib/python3.11/site-packages/airflow/example_dags/example_complex.py
[2023-07-20T23:01:21.000+0200] {processor.py:826} INFO - Processing file /Users/dimitrikestenbaum/.pyenv/versions/3.11.4/envs/pelven/lib/python3.11/site-packages/airflow/example_dags/example_complex.py for tasks to queue
[2023-07-20T23:01:21.000+0200] {logging_mixin.py:150} INFO - [2023-07-20T23:01:21.000+0200] {dagbag.py:541} INFO - Filling up the DagBag from /Users/dimitrikestenbaum/.pyenv/versions/3.11.4/envs/pelven/lib/python3.11/site-packages/airflow/example_dags/example_complex.py
[2023-07-20T23:01:21.046+0200] {processor.py:836} INFO - DAG(s) dict_keys(['example_complex']) retrieved from /Users/dimitrikestenbaum/.pyenv/versions/3.11.4/envs/pelven/lib/python3.11/site-packages/airflow/example_dags/example_complex.py
[2023-07-20T23:01:21.752+0200] {logging_mixin.py:150} INFO - [2023-07-20T23:01:21.752+0200] {dag.py:2742} INFO - Sync 1 DAGs
[2023-07-20T23:01:21.766+0200] {logging_mixin.py:150} INFO - [2023-07-20T23:01:21.766+0200] {dag.py:3504} INFO - Setting next_dagrun for example_complex to None, run_after=None
[2023-07-20T23:01:21.786+0200] {processor.py:179} INFO - Processing /Users/dimitrikestenbaum/.pyenv/versions/3.11.4/envs/pelven/lib/python3.11/site-packages/airflow/example_dags/example_complex.py took 0.790 seconds
[2023-07-20T23:04:39.845+0200] {processor.py:157} INFO - Started process (PID=14574) to work on /Users/dimitrikestenbaum/.pyenv/versions/3.11.4/envs/pelven/lib/python3.11/site-packages/airflow/example_dags/example_complex.py
[2023-07-20T23:04:39.849+0200] {processor.py:826} INFO - Processing file /Users/dimitrikestenbaum/.pyenv/versions/3.11.4/envs/pelven/lib/python3.11/site-packages/airflow/example_dags/example_complex.py for tasks to queue
[2023-07-20T23:04:39.850+0200] {logging_mixin.py:150} INFO - [2023-07-20T23:04:39.849+0200] {dagbag.py:541} INFO - Filling up the DagBag from /Users/dimitrikestenbaum/.pyenv/versions/3.11.4/envs/pelven/lib/python3.11/site-packages/airflow/example_dags/example_complex.py
[2023-07-20T23:04:39.897+0200] {processor.py:836} INFO - DAG(s) dict_keys(['example_complex']) retrieved from /Users/dimitrikestenbaum/.pyenv/versions/3.11.4/envs/pelven/lib/python3.11/site-packages/airflow/example_dags/example_complex.py
[2023-07-20T23:04:40.579+0200] {logging_mixin.py:150} INFO - [2023-07-20T23:04:40.579+0200] {dag.py:2742} INFO - Sync 1 DAGs
[2023-07-20T23:04:40.594+0200] {logging_mixin.py:150} INFO - [2023-07-20T23:04:40.594+0200] {dag.py:3504} INFO - Setting next_dagrun for example_complex to None, run_after=None
[2023-07-20T23:04:40.613+0200] {processor.py:179} INFO - Processing /Users/dimitrikestenbaum/.pyenv/versions/3.11.4/envs/pelven/lib/python3.11/site-packages/airflow/example_dags/example_complex.py took 0.768 seconds
[2023-07-20T23:08:05.224+0200] {processor.py:157} INFO - Started process (PID=14937) to work on /Users/dimitrikestenbaum/.pyenv/versions/3.11.4/envs/pelven/lib/python3.11/site-packages/airflow/example_dags/example_complex.py
[2023-07-20T23:08:05.227+0200] {processor.py:826} INFO - Processing file /Users/dimitrikestenbaum/.pyenv/versions/3.11.4/envs/pelven/lib/python3.11/site-packages/airflow/example_dags/example_complex.py for tasks to queue
[2023-07-20T23:08:05.228+0200] {logging_mixin.py:150} INFO - [2023-07-20T23:08:05.228+0200] {dagbag.py:541} INFO - Filling up the DagBag from /Users/dimitrikestenbaum/.pyenv/versions/3.11.4/envs/pelven/lib/python3.11/site-packages/airflow/example_dags/example_complex.py
[2023-07-20T23:08:05.282+0200] {processor.py:836} INFO - DAG(s) dict_keys(['example_complex']) retrieved from /Users/dimitrikestenbaum/.pyenv/versions/3.11.4/envs/pelven/lib/python3.11/site-packages/airflow/example_dags/example_complex.py
[2023-07-20T23:08:06.048+0200] {logging_mixin.py:150} INFO - [2023-07-20T23:08:06.048+0200] {dag.py:2742} INFO - Sync 1 DAGs
[2023-07-20T23:08:06.064+0200] {logging_mixin.py:150} INFO - [2023-07-20T23:08:06.063+0200] {dag.py:3504} INFO - Setting next_dagrun for example_complex to None, run_after=None
[2023-07-20T23:08:06.085+0200] {processor.py:179} INFO - Processing /Users/dimitrikestenbaum/.pyenv/versions/3.11.4/envs/pelven/lib/python3.11/site-packages/airflow/example_dags/example_complex.py took 0.862 seconds
