[2023-07-20T22:56:45.670+0200] {processor.py:157} INFO - Started process (PID=13860) to work on /Users/dimitrikestenbaum/.pyenv/versions/3.11.4/envs/pelven/lib/python3.11/site-packages/airflow/example_dags/example_task_group.py
[2023-07-20T22:56:45.672+0200] {processor.py:826} INFO - Processing file /Users/dimitrikestenbaum/.pyenv/versions/3.11.4/envs/pelven/lib/python3.11/site-packages/airflow/example_dags/example_task_group.py for tasks to queue
[2023-07-20T22:56:45.673+0200] {logging_mixin.py:150} INFO - [2023-07-20T22:56:45.673+0200] {dagbag.py:541} INFO - Filling up the DagBag from /Users/dimitrikestenbaum/.pyenv/versions/3.11.4/envs/pelven/lib/python3.11/site-packages/airflow/example_dags/example_task_group.py
[2023-07-20T22:56:45.693+0200] {processor.py:836} INFO - DAG(s) dict_keys(['example_task_group']) retrieved from /Users/dimitrikestenbaum/.pyenv/versions/3.11.4/envs/pelven/lib/python3.11/site-packages/airflow/example_dags/example_task_group.py
[2023-07-20T22:56:46.413+0200] {logging_mixin.py:150} INFO - [2023-07-20T22:56:46.413+0200] {manager.py:504} INFO - Created Permission View: can edit on DAG:example_task_group
[2023-07-20T22:56:46.422+0200] {logging_mixin.py:150} INFO - [2023-07-20T22:56:46.422+0200] {manager.py:504} INFO - Created Permission View: can read on DAG:example_task_group
[2023-07-20T22:56:46.427+0200] {logging_mixin.py:150} INFO - [2023-07-20T22:56:46.427+0200] {manager.py:504} INFO - Created Permission View: can delete on DAG:example_task_group
[2023-07-20T22:56:46.436+0200] {logging_mixin.py:150} INFO - [2023-07-20T22:56:46.436+0200] {dag.py:2742} INFO - Sync 1 DAGs
[2023-07-20T22:56:46.444+0200] {logging_mixin.py:150} INFO - [2023-07-20T22:56:46.444+0200] {dag.py:2763} INFO - Creating ORM DAG for example_task_group
[2023-07-20T22:56:46.451+0200] {logging_mixin.py:150} INFO - [2023-07-20T22:56:46.451+0200] {dag.py:3504} INFO - Setting next_dagrun for example_task_group to 2023-07-19T20:56:46.451716+00:00, run_after=2023-07-20T20:56:46.451716+00:00
[2023-07-20T22:56:46.466+0200] {processor.py:179} INFO - Processing /Users/dimitrikestenbaum/.pyenv/versions/3.11.4/envs/pelven/lib/python3.11/site-packages/airflow/example_dags/example_task_group.py took 0.798 seconds
[2023-07-20T22:59:01.310+0200] {processor.py:157} INFO - Started process (PID=13998) to work on /Users/dimitrikestenbaum/.pyenv/versions/3.11.4/envs/pelven/lib/python3.11/site-packages/airflow/example_dags/example_task_group.py
[2023-07-20T22:59:01.313+0200] {processor.py:826} INFO - Processing file /Users/dimitrikestenbaum/.pyenv/versions/3.11.4/envs/pelven/lib/python3.11/site-packages/airflow/example_dags/example_task_group.py for tasks to queue
[2023-07-20T22:59:01.313+0200] {logging_mixin.py:150} INFO - [2023-07-20T22:59:01.313+0200] {dagbag.py:541} INFO - Filling up the DagBag from /Users/dimitrikestenbaum/.pyenv/versions/3.11.4/envs/pelven/lib/python3.11/site-packages/airflow/example_dags/example_task_group.py
[2023-07-20T22:59:01.331+0200] {processor.py:836} INFO - DAG(s) dict_keys(['example_task_group']) retrieved from /Users/dimitrikestenbaum/.pyenv/versions/3.11.4/envs/pelven/lib/python3.11/site-packages/airflow/example_dags/example_task_group.py
[2023-07-20T22:59:02.048+0200] {logging_mixin.py:150} INFO - [2023-07-20T22:59:02.048+0200] {dag.py:2742} INFO - Sync 1 DAGs
[2023-07-20T22:59:02.060+0200] {logging_mixin.py:150} INFO - [2023-07-20T22:59:02.060+0200] {dag.py:3504} INFO - Setting next_dagrun for example_task_group to 2023-07-19T20:59:02.060248+00:00, run_after=2023-07-20T20:59:02.060248+00:00
[2023-07-20T22:59:02.076+0200] {processor.py:179} INFO - Processing /Users/dimitrikestenbaum/.pyenv/versions/3.11.4/envs/pelven/lib/python3.11/site-packages/airflow/example_dags/example_task_group.py took 0.767 seconds
[2023-07-20T23:00:42.252+0200] {processor.py:157} INFO - Started process (PID=14099) to work on /Users/dimitrikestenbaum/.pyenv/versions/3.11.4/envs/pelven/lib/python3.11/site-packages/airflow/example_dags/example_task_group.py
[2023-07-20T23:00:42.255+0200] {processor.py:826} INFO - Processing file /Users/dimitrikestenbaum/.pyenv/versions/3.11.4/envs/pelven/lib/python3.11/site-packages/airflow/example_dags/example_task_group.py for tasks to queue
[2023-07-20T23:00:42.256+0200] {logging_mixin.py:150} INFO - [2023-07-20T23:00:42.256+0200] {dagbag.py:541} INFO - Filling up the DagBag from /Users/dimitrikestenbaum/.pyenv/versions/3.11.4/envs/pelven/lib/python3.11/site-packages/airflow/example_dags/example_task_group.py
[2023-07-20T23:00:42.275+0200] {processor.py:836} INFO - DAG(s) dict_keys(['example_task_group']) retrieved from /Users/dimitrikestenbaum/.pyenv/versions/3.11.4/envs/pelven/lib/python3.11/site-packages/airflow/example_dags/example_task_group.py
[2023-07-20T23:00:42.990+0200] {logging_mixin.py:150} INFO - [2023-07-20T23:00:42.989+0200] {dag.py:2742} INFO - Sync 1 DAGs
[2023-07-20T23:00:43.004+0200] {logging_mixin.py:150} INFO - [2023-07-20T23:00:43.004+0200] {dag.py:3504} INFO - Setting next_dagrun for example_task_group to 2023-07-19T21:00:43.004225+00:00, run_after=2023-07-20T21:00:43.004225+00:00
[2023-07-20T23:00:43.021+0200] {processor.py:179} INFO - Processing /Users/dimitrikestenbaum/.pyenv/versions/3.11.4/envs/pelven/lib/python3.11/site-packages/airflow/example_dags/example_task_group.py took 0.770 seconds
[2023-07-20T23:02:23.917+0200] {processor.py:157} INFO - Started process (PID=14206) to work on /Users/dimitrikestenbaum/.pyenv/versions/3.11.4/envs/pelven/lib/python3.11/site-packages/airflow/example_dags/example_task_group.py
[2023-07-20T23:02:23.921+0200] {processor.py:826} INFO - Processing file /Users/dimitrikestenbaum/.pyenv/versions/3.11.4/envs/pelven/lib/python3.11/site-packages/airflow/example_dags/example_task_group.py for tasks to queue
[2023-07-20T23:02:23.921+0200] {logging_mixin.py:150} INFO - [2023-07-20T23:02:23.921+0200] {dagbag.py:541} INFO - Filling up the DagBag from /Users/dimitrikestenbaum/.pyenv/versions/3.11.4/envs/pelven/lib/python3.11/site-packages/airflow/example_dags/example_task_group.py
[2023-07-20T23:02:23.940+0200] {processor.py:836} INFO - DAG(s) dict_keys(['example_task_group']) retrieved from /Users/dimitrikestenbaum/.pyenv/versions/3.11.4/envs/pelven/lib/python3.11/site-packages/airflow/example_dags/example_task_group.py
[2023-07-20T23:02:24.649+0200] {logging_mixin.py:150} INFO - [2023-07-20T23:02:24.649+0200] {dag.py:2742} INFO - Sync 1 DAGs
[2023-07-20T23:02:24.662+0200] {logging_mixin.py:150} INFO - [2023-07-20T23:02:24.662+0200] {dag.py:3504} INFO - Setting next_dagrun for example_task_group to 2023-07-19T21:02:24.662358+00:00, run_after=2023-07-20T21:02:24.662358+00:00
[2023-07-20T23:02:24.681+0200] {processor.py:179} INFO - Processing /Users/dimitrikestenbaum/.pyenv/versions/3.11.4/envs/pelven/lib/python3.11/site-packages/airflow/example_dags/example_task_group.py took 0.765 seconds
[2023-07-20T23:04:02.841+0200] {processor.py:157} INFO - Started process (PID=14451) to work on /Users/dimitrikestenbaum/.pyenv/versions/3.11.4/envs/pelven/lib/python3.11/site-packages/airflow/example_dags/example_task_group.py
[2023-07-20T23:04:02.846+0200] {processor.py:826} INFO - Processing file /Users/dimitrikestenbaum/.pyenv/versions/3.11.4/envs/pelven/lib/python3.11/site-packages/airflow/example_dags/example_task_group.py for tasks to queue
[2023-07-20T23:04:02.846+0200] {logging_mixin.py:150} INFO - [2023-07-20T23:04:02.846+0200] {dagbag.py:541} INFO - Filling up the DagBag from /Users/dimitrikestenbaum/.pyenv/versions/3.11.4/envs/pelven/lib/python3.11/site-packages/airflow/example_dags/example_task_group.py
[2023-07-20T23:04:02.865+0200] {processor.py:836} INFO - DAG(s) dict_keys(['example_task_group']) retrieved from /Users/dimitrikestenbaum/.pyenv/versions/3.11.4/envs/pelven/lib/python3.11/site-packages/airflow/example_dags/example_task_group.py
[2023-07-20T23:04:03.557+0200] {logging_mixin.py:150} INFO - [2023-07-20T23:04:03.557+0200] {dag.py:2742} INFO - Sync 1 DAGs
[2023-07-20T23:04:03.569+0200] {logging_mixin.py:150} INFO - [2023-07-20T23:04:03.569+0200] {dag.py:3504} INFO - Setting next_dagrun for example_task_group to 2023-07-19T21:04:03.569188+00:00, run_after=2023-07-20T21:04:03.569188+00:00
[2023-07-20T23:04:03.584+0200] {processor.py:179} INFO - Processing /Users/dimitrikestenbaum/.pyenv/versions/3.11.4/envs/pelven/lib/python3.11/site-packages/airflow/example_dags/example_task_group.py took 0.744 seconds
[2023-07-20T23:05:39.977+0200] {processor.py:157} INFO - Started process (PID=14788) to work on /Users/dimitrikestenbaum/.pyenv/versions/3.11.4/envs/pelven/lib/python3.11/site-packages/airflow/example_dags/example_task_group.py
[2023-07-20T23:05:39.981+0200] {processor.py:826} INFO - Processing file /Users/dimitrikestenbaum/.pyenv/versions/3.11.4/envs/pelven/lib/python3.11/site-packages/airflow/example_dags/example_task_group.py for tasks to queue
[2023-07-20T23:05:39.982+0200] {logging_mixin.py:150} INFO - [2023-07-20T23:05:39.981+0200] {dagbag.py:541} INFO - Filling up the DagBag from /Users/dimitrikestenbaum/.pyenv/versions/3.11.4/envs/pelven/lib/python3.11/site-packages/airflow/example_dags/example_task_group.py
[2023-07-20T23:05:39.999+0200] {processor.py:836} INFO - DAG(s) dict_keys(['example_task_group']) retrieved from /Users/dimitrikestenbaum/.pyenv/versions/3.11.4/envs/pelven/lib/python3.11/site-packages/airflow/example_dags/example_task_group.py
[2023-07-20T23:05:40.748+0200] {logging_mixin.py:150} INFO - [2023-07-20T23:05:40.748+0200] {dag.py:2742} INFO - Sync 1 DAGs
[2023-07-20T23:05:40.760+0200] {logging_mixin.py:150} INFO - [2023-07-20T23:05:40.760+0200] {dag.py:3504} INFO - Setting next_dagrun for example_task_group to 2023-07-19T21:05:40.760667+00:00, run_after=2023-07-20T21:05:40.760667+00:00
[2023-07-20T23:05:40.778+0200] {processor.py:179} INFO - Processing /Users/dimitrikestenbaum/.pyenv/versions/3.11.4/envs/pelven/lib/python3.11/site-packages/airflow/example_dags/example_task_group.py took 0.802 seconds
[2023-07-20T23:07:24.532+0200] {processor.py:157} INFO - Started process (PID=14896) to work on /Users/dimitrikestenbaum/.pyenv/versions/3.11.4/envs/pelven/lib/python3.11/site-packages/airflow/example_dags/example_task_group.py
[2023-07-20T23:07:24.536+0200] {processor.py:826} INFO - Processing file /Users/dimitrikestenbaum/.pyenv/versions/3.11.4/envs/pelven/lib/python3.11/site-packages/airflow/example_dags/example_task_group.py for tasks to queue
[2023-07-20T23:07:24.537+0200] {logging_mixin.py:150} INFO - [2023-07-20T23:07:24.537+0200] {dagbag.py:541} INFO - Filling up the DagBag from /Users/dimitrikestenbaum/.pyenv/versions/3.11.4/envs/pelven/lib/python3.11/site-packages/airflow/example_dags/example_task_group.py
[2023-07-20T23:07:24.557+0200] {processor.py:836} INFO - DAG(s) dict_keys(['example_task_group']) retrieved from /Users/dimitrikestenbaum/.pyenv/versions/3.11.4/envs/pelven/lib/python3.11/site-packages/airflow/example_dags/example_task_group.py
[2023-07-20T23:07:25.243+0200] {logging_mixin.py:150} INFO - [2023-07-20T23:07:25.243+0200] {dag.py:2742} INFO - Sync 1 DAGs
[2023-07-20T23:07:25.257+0200] {logging_mixin.py:150} INFO - [2023-07-20T23:07:25.257+0200] {dag.py:3504} INFO - Setting next_dagrun for example_task_group to 2023-07-19T21:07:25.256923+00:00, run_after=2023-07-20T21:07:25.256923+00:00
[2023-07-20T23:07:25.275+0200] {processor.py:179} INFO - Processing /Users/dimitrikestenbaum/.pyenv/versions/3.11.4/envs/pelven/lib/python3.11/site-packages/airflow/example_dags/example_task_group.py took 0.744 seconds
[2023-07-20T23:09:09.896+0200] {processor.py:157} INFO - Started process (PID=15018) to work on /Users/dimitrikestenbaum/.pyenv/versions/3.11.4/envs/pelven/lib/python3.11/site-packages/airflow/example_dags/example_task_group.py
[2023-07-20T23:09:09.900+0200] {processor.py:826} INFO - Processing file /Users/dimitrikestenbaum/.pyenv/versions/3.11.4/envs/pelven/lib/python3.11/site-packages/airflow/example_dags/example_task_group.py for tasks to queue
[2023-07-20T23:09:09.901+0200] {logging_mixin.py:150} INFO - [2023-07-20T23:09:09.901+0200] {dagbag.py:541} INFO - Filling up the DagBag from /Users/dimitrikestenbaum/.pyenv/versions/3.11.4/envs/pelven/lib/python3.11/site-packages/airflow/example_dags/example_task_group.py
[2023-07-20T23:09:09.921+0200] {processor.py:836} INFO - DAG(s) dict_keys(['example_task_group']) retrieved from /Users/dimitrikestenbaum/.pyenv/versions/3.11.4/envs/pelven/lib/python3.11/site-packages/airflow/example_dags/example_task_group.py
[2023-07-20T23:09:10.921+0200] {logging_mixin.py:150} INFO - [2023-07-20T23:09:10.921+0200] {dag.py:2742} INFO - Sync 1 DAGs
[2023-07-20T23:09:10.940+0200] {logging_mixin.py:150} INFO - [2023-07-20T23:09:10.939+0200] {dag.py:3504} INFO - Setting next_dagrun for example_task_group to 2023-07-19T21:09:10.939280+00:00, run_after=2023-07-20T21:09:10.939280+00:00
[2023-07-20T23:09:10.965+0200] {processor.py:179} INFO - Processing /Users/dimitrikestenbaum/.pyenv/versions/3.11.4/envs/pelven/lib/python3.11/site-packages/airflow/example_dags/example_task_group.py took 1.070 seconds
