[2023-07-20T22:57:14.691+0200] {processor.py:157} INFO - Started process (PID=13896) to work on /Users/dimitrikestenbaum/.pyenv/versions/3.11.4/envs/pelven/lib/python3.11/site-packages/airflow/example_dags/example_python_operator.py
[2023-07-20T22:57:14.694+0200] {processor.py:826} INFO - Processing file /Users/dimitrikestenbaum/.pyenv/versions/3.11.4/envs/pelven/lib/python3.11/site-packages/airflow/example_dags/example_python_operator.py for tasks to queue
[2023-07-20T22:57:14.694+0200] {logging_mixin.py:150} INFO - [2023-07-20T22:57:14.694+0200] {dagbag.py:541} INFO - Filling up the DagBag from /Users/dimitrikestenbaum/.pyenv/versions/3.11.4/envs/pelven/lib/python3.11/site-packages/airflow/example_dags/example_python_operator.py
[2023-07-20T22:57:14.764+0200] {logging_mixin.py:150} INFO - [2023-07-20T22:57:14.764+0200] {example_python_operator.py:90} WARNING - The virtalenv_python example task requires virtualenv, please install it.
[2023-07-20T22:57:14.770+0200] {processor.py:836} INFO - DAG(s) dict_keys(['example_python_operator']) retrieved from /Users/dimitrikestenbaum/.pyenv/versions/3.11.4/envs/pelven/lib/python3.11/site-packages/airflow/example_dags/example_python_operator.py
[2023-07-20T22:57:15.567+0200] {logging_mixin.py:150} INFO - [2023-07-20T22:57:15.567+0200] {manager.py:504} INFO - Created Permission View: can edit on DAG:example_python_operator
[2023-07-20T22:57:15.575+0200] {logging_mixin.py:150} INFO - [2023-07-20T22:57:15.575+0200] {manager.py:504} INFO - Created Permission View: can read on DAG:example_python_operator
[2023-07-20T22:57:15.579+0200] {logging_mixin.py:150} INFO - [2023-07-20T22:57:15.579+0200] {manager.py:504} INFO - Created Permission View: can delete on DAG:example_python_operator
[2023-07-20T22:57:15.589+0200] {logging_mixin.py:150} INFO - [2023-07-20T22:57:15.589+0200] {dag.py:2742} INFO - Sync 1 DAGs
[2023-07-20T22:57:15.597+0200] {logging_mixin.py:150} INFO - [2023-07-20T22:57:15.597+0200] {dag.py:2763} INFO - Creating ORM DAG for example_python_operator
[2023-07-20T22:57:15.605+0200] {logging_mixin.py:150} INFO - [2023-07-20T22:57:15.605+0200] {dag.py:3504} INFO - Setting next_dagrun for example_python_operator to None, run_after=None
[2023-07-20T22:57:15.623+0200] {processor.py:179} INFO - Processing /Users/dimitrikestenbaum/.pyenv/versions/3.11.4/envs/pelven/lib/python3.11/site-packages/airflow/example_dags/example_python_operator.py took 0.934 seconds
[2023-07-20T22:59:27.291+0200] {processor.py:157} INFO - Started process (PID=14026) to work on /Users/dimitrikestenbaum/.pyenv/versions/3.11.4/envs/pelven/lib/python3.11/site-packages/airflow/example_dags/example_python_operator.py
[2023-07-20T22:59:27.294+0200] {processor.py:826} INFO - Processing file /Users/dimitrikestenbaum/.pyenv/versions/3.11.4/envs/pelven/lib/python3.11/site-packages/airflow/example_dags/example_python_operator.py for tasks to queue
[2023-07-20T22:59:27.295+0200] {logging_mixin.py:150} INFO - [2023-07-20T22:59:27.294+0200] {dagbag.py:541} INFO - Filling up the DagBag from /Users/dimitrikestenbaum/.pyenv/versions/3.11.4/envs/pelven/lib/python3.11/site-packages/airflow/example_dags/example_python_operator.py
[2023-07-20T22:59:27.372+0200] {logging_mixin.py:150} INFO - [2023-07-20T22:59:27.372+0200] {example_python_operator.py:90} WARNING - The virtalenv_python example task requires virtualenv, please install it.
[2023-07-20T22:59:27.377+0200] {processor.py:836} INFO - DAG(s) dict_keys(['example_python_operator']) retrieved from /Users/dimitrikestenbaum/.pyenv/versions/3.11.4/envs/pelven/lib/python3.11/site-packages/airflow/example_dags/example_python_operator.py
[2023-07-20T22:59:28.132+0200] {logging_mixin.py:150} INFO - [2023-07-20T22:59:28.132+0200] {dag.py:2742} INFO - Sync 1 DAGs
[2023-07-20T22:59:28.149+0200] {logging_mixin.py:150} INFO - [2023-07-20T22:59:28.149+0200] {dag.py:3504} INFO - Setting next_dagrun for example_python_operator to None, run_after=None
[2023-07-20T22:59:28.166+0200] {processor.py:179} INFO - Processing /Users/dimitrikestenbaum/.pyenv/versions/3.11.4/envs/pelven/lib/python3.11/site-packages/airflow/example_dags/example_python_operator.py took 0.876 seconds
[2023-07-20T23:01:08.975+0200] {processor.py:157} INFO - Started process (PID=14118) to work on /Users/dimitrikestenbaum/.pyenv/versions/3.11.4/envs/pelven/lib/python3.11/site-packages/airflow/example_dags/example_python_operator.py
[2023-07-20T23:01:08.978+0200] {processor.py:826} INFO - Processing file /Users/dimitrikestenbaum/.pyenv/versions/3.11.4/envs/pelven/lib/python3.11/site-packages/airflow/example_dags/example_python_operator.py for tasks to queue
[2023-07-20T23:01:08.978+0200] {logging_mixin.py:150} INFO - [2023-07-20T23:01:08.978+0200] {dagbag.py:541} INFO - Filling up the DagBag from /Users/dimitrikestenbaum/.pyenv/versions/3.11.4/envs/pelven/lib/python3.11/site-packages/airflow/example_dags/example_python_operator.py
[2023-07-20T23:01:09.056+0200] {logging_mixin.py:150} INFO - [2023-07-20T23:01:09.056+0200] {example_python_operator.py:90} WARNING - The virtalenv_python example task requires virtualenv, please install it.
[2023-07-20T23:01:09.063+0200] {processor.py:836} INFO - DAG(s) dict_keys(['example_python_operator']) retrieved from /Users/dimitrikestenbaum/.pyenv/versions/3.11.4/envs/pelven/lib/python3.11/site-packages/airflow/example_dags/example_python_operator.py
[2023-07-20T23:01:09.775+0200] {logging_mixin.py:150} INFO - [2023-07-20T23:01:09.775+0200] {dag.py:2742} INFO - Sync 1 DAGs
[2023-07-20T23:01:09.795+0200] {logging_mixin.py:150} INFO - [2023-07-20T23:01:09.795+0200] {dag.py:3504} INFO - Setting next_dagrun for example_python_operator to None, run_after=None
[2023-07-20T23:01:09.815+0200] {processor.py:179} INFO - Processing /Users/dimitrikestenbaum/.pyenv/versions/3.11.4/envs/pelven/lib/python3.11/site-packages/airflow/example_dags/example_python_operator.py took 0.841 seconds
[2023-07-20T23:02:51.271+0200] {processor.py:157} INFO - Started process (PID=14234) to work on /Users/dimitrikestenbaum/.pyenv/versions/3.11.4/envs/pelven/lib/python3.11/site-packages/airflow/example_dags/example_python_operator.py
[2023-07-20T23:02:51.274+0200] {processor.py:826} INFO - Processing file /Users/dimitrikestenbaum/.pyenv/versions/3.11.4/envs/pelven/lib/python3.11/site-packages/airflow/example_dags/example_python_operator.py for tasks to queue
[2023-07-20T23:02:51.275+0200] {logging_mixin.py:150} INFO - [2023-07-20T23:02:51.275+0200] {dagbag.py:541} INFO - Filling up the DagBag from /Users/dimitrikestenbaum/.pyenv/versions/3.11.4/envs/pelven/lib/python3.11/site-packages/airflow/example_dags/example_python_operator.py
[2023-07-20T23:02:51.344+0200] {logging_mixin.py:150} INFO - [2023-07-20T23:02:51.343+0200] {example_python_operator.py:90} WARNING - The virtalenv_python example task requires virtualenv, please install it.
[2023-07-20T23:02:51.349+0200] {processor.py:836} INFO - DAG(s) dict_keys(['example_python_operator']) retrieved from /Users/dimitrikestenbaum/.pyenv/versions/3.11.4/envs/pelven/lib/python3.11/site-packages/airflow/example_dags/example_python_operator.py
[2023-07-20T23:02:52.059+0200] {logging_mixin.py:150} INFO - [2023-07-20T23:02:52.059+0200] {dag.py:2742} INFO - Sync 1 DAGs
[2023-07-20T23:02:52.074+0200] {logging_mixin.py:150} INFO - [2023-07-20T23:02:52.074+0200] {dag.py:3504} INFO - Setting next_dagrun for example_python_operator to None, run_after=None
[2023-07-20T23:02:52.089+0200] {processor.py:179} INFO - Processing /Users/dimitrikestenbaum/.pyenv/versions/3.11.4/envs/pelven/lib/python3.11/site-packages/airflow/example_dags/example_python_operator.py took 0.820 seconds
[2023-07-20T23:06:07.500+0200] {processor.py:157} INFO - Started process (PID=14807) to work on /Users/dimitrikestenbaum/.pyenv/versions/3.11.4/envs/pelven/lib/python3.11/site-packages/airflow/example_dags/example_python_operator.py
[2023-07-20T23:06:07.505+0200] {processor.py:826} INFO - Processing file /Users/dimitrikestenbaum/.pyenv/versions/3.11.4/envs/pelven/lib/python3.11/site-packages/airflow/example_dags/example_python_operator.py for tasks to queue
[2023-07-20T23:06:07.506+0200] {logging_mixin.py:150} INFO - [2023-07-20T23:06:07.506+0200] {dagbag.py:541} INFO - Filling up the DagBag from /Users/dimitrikestenbaum/.pyenv/versions/3.11.4/envs/pelven/lib/python3.11/site-packages/airflow/example_dags/example_python_operator.py
[2023-07-20T23:06:07.575+0200] {logging_mixin.py:150} INFO - [2023-07-20T23:06:07.574+0200] {example_python_operator.py:90} WARNING - The virtalenv_python example task requires virtualenv, please install it.
[2023-07-20T23:06:07.579+0200] {processor.py:836} INFO - DAG(s) dict_keys(['example_python_operator']) retrieved from /Users/dimitrikestenbaum/.pyenv/versions/3.11.4/envs/pelven/lib/python3.11/site-packages/airflow/example_dags/example_python_operator.py
[2023-07-20T23:06:08.356+0200] {logging_mixin.py:150} INFO - [2023-07-20T23:06:08.356+0200] {dag.py:2742} INFO - Sync 1 DAGs
[2023-07-20T23:06:08.371+0200] {logging_mixin.py:150} INFO - [2023-07-20T23:06:08.371+0200] {dag.py:3504} INFO - Setting next_dagrun for example_python_operator to None, run_after=None
[2023-07-20T23:06:08.389+0200] {processor.py:179} INFO - Processing /Users/dimitrikestenbaum/.pyenv/versions/3.11.4/envs/pelven/lib/python3.11/site-packages/airflow/example_dags/example_python_operator.py took 0.890 seconds
[2023-07-20T23:07:53.100+0200] {processor.py:157} INFO - Started process (PID=14924) to work on /Users/dimitrikestenbaum/.pyenv/versions/3.11.4/envs/pelven/lib/python3.11/site-packages/airflow/example_dags/example_python_operator.py
[2023-07-20T23:07:53.105+0200] {processor.py:826} INFO - Processing file /Users/dimitrikestenbaum/.pyenv/versions/3.11.4/envs/pelven/lib/python3.11/site-packages/airflow/example_dags/example_python_operator.py for tasks to queue
[2023-07-20T23:07:53.106+0200] {logging_mixin.py:150} INFO - [2023-07-20T23:07:53.106+0200] {dagbag.py:541} INFO - Filling up the DagBag from /Users/dimitrikestenbaum/.pyenv/versions/3.11.4/envs/pelven/lib/python3.11/site-packages/airflow/example_dags/example_python_operator.py
[2023-07-20T23:07:53.173+0200] {logging_mixin.py:150} INFO - [2023-07-20T23:07:53.172+0200] {example_python_operator.py:90} WARNING - The virtalenv_python example task requires virtualenv, please install it.
[2023-07-20T23:07:53.178+0200] {processor.py:836} INFO - DAG(s) dict_keys(['example_python_operator']) retrieved from /Users/dimitrikestenbaum/.pyenv/versions/3.11.4/envs/pelven/lib/python3.11/site-packages/airflow/example_dags/example_python_operator.py
[2023-07-20T23:07:53.838+0200] {logging_mixin.py:150} INFO - [2023-07-20T23:07:53.838+0200] {dag.py:2742} INFO - Sync 1 DAGs
[2023-07-20T23:07:53.852+0200] {logging_mixin.py:150} INFO - [2023-07-20T23:07:53.852+0200] {dag.py:3504} INFO - Setting next_dagrun for example_python_operator to None, run_after=None
[2023-07-20T23:07:53.868+0200] {processor.py:179} INFO - Processing /Users/dimitrikestenbaum/.pyenv/versions/3.11.4/envs/pelven/lib/python3.11/site-packages/airflow/example_dags/example_python_operator.py took 0.768 seconds
[2023-07-20T23:09:37.716+0200] {processor.py:157} INFO - Started process (PID=15037) to work on /Users/dimitrikestenbaum/.pyenv/versions/3.11.4/envs/pelven/lib/python3.11/site-packages/airflow/example_dags/example_python_operator.py
[2023-07-20T23:09:37.720+0200] {processor.py:826} INFO - Processing file /Users/dimitrikestenbaum/.pyenv/versions/3.11.4/envs/pelven/lib/python3.11/site-packages/airflow/example_dags/example_python_operator.py for tasks to queue
[2023-07-20T23:09:37.721+0200] {logging_mixin.py:150} INFO - [2023-07-20T23:09:37.721+0200] {dagbag.py:541} INFO - Filling up the DagBag from /Users/dimitrikestenbaum/.pyenv/versions/3.11.4/envs/pelven/lib/python3.11/site-packages/airflow/example_dags/example_python_operator.py
[2023-07-20T23:09:37.794+0200] {logging_mixin.py:150} INFO - [2023-07-20T23:09:37.794+0200] {example_python_operator.py:90} WARNING - The virtalenv_python example task requires virtualenv, please install it.
[2023-07-20T23:09:37.800+0200] {processor.py:836} INFO - DAG(s) dict_keys(['example_python_operator']) retrieved from /Users/dimitrikestenbaum/.pyenv/versions/3.11.4/envs/pelven/lib/python3.11/site-packages/airflow/example_dags/example_python_operator.py
[2023-07-20T23:09:38.718+0200] {logging_mixin.py:150} INFO - [2023-07-20T23:09:38.718+0200] {dag.py:2742} INFO - Sync 1 DAGs
[2023-07-20T23:09:38.736+0200] {logging_mixin.py:150} INFO - [2023-07-20T23:09:38.736+0200] {dag.py:3504} INFO - Setting next_dagrun for example_python_operator to None, run_after=None
[2023-07-20T23:09:38.754+0200] {processor.py:179} INFO - Processing /Users/dimitrikestenbaum/.pyenv/versions/3.11.4/envs/pelven/lib/python3.11/site-packages/airflow/example_dags/example_python_operator.py took 1.038 seconds
