[2023-07-20T22:57:26.871+0200] {processor.py:157} INFO - Started process (PID=13912) to work on /Users/dimitrikestenbaum/.pyenv/versions/3.11.4/envs/pelven/lib/python3.11/site-packages/airflow/example_dags/example_nested_branch_dag.py
[2023-07-20T22:57:26.875+0200] {processor.py:826} INFO - Processing file /Users/dimitrikestenbaum/.pyenv/versions/3.11.4/envs/pelven/lib/python3.11/site-packages/airflow/example_dags/example_nested_branch_dag.py for tasks to queue
[2023-07-20T22:57:26.875+0200] {logging_mixin.py:150} INFO - [2023-07-20T22:57:26.875+0200] {dagbag.py:541} INFO - Filling up the DagBag from /Users/dimitrikestenbaum/.pyenv/versions/3.11.4/envs/pelven/lib/python3.11/site-packages/airflow/example_dags/example_nested_branch_dag.py
[2023-07-20T22:57:26.952+0200] {processor.py:836} INFO - DAG(s) dict_keys(['example_nested_branch_dag']) retrieved from /Users/dimitrikestenbaum/.pyenv/versions/3.11.4/envs/pelven/lib/python3.11/site-packages/airflow/example_dags/example_nested_branch_dag.py
[2023-07-20T22:57:27.720+0200] {logging_mixin.py:150} INFO - [2023-07-20T22:57:27.720+0200] {manager.py:504} INFO - Created Permission View: can read on DAG:example_nested_branch_dag
[2023-07-20T22:57:27.770+0200] {logging_mixin.py:150} INFO - [2023-07-20T22:57:27.770+0200] {manager.py:504} INFO - Created Permission View: can edit on DAG:example_nested_branch_dag
[2023-07-20T22:57:27.780+0200] {logging_mixin.py:150} INFO - [2023-07-20T22:57:27.780+0200] {manager.py:504} INFO - Created Permission View: can delete on DAG:example_nested_branch_dag
[2023-07-20T22:57:27.793+0200] {logging_mixin.py:150} INFO - [2023-07-20T22:57:27.792+0200] {dag.py:2742} INFO - Sync 1 DAGs
[2023-07-20T22:57:27.801+0200] {logging_mixin.py:150} INFO - [2023-07-20T22:57:27.801+0200] {dag.py:2763} INFO - Creating ORM DAG for example_nested_branch_dag
[2023-07-20T22:57:27.808+0200] {logging_mixin.py:150} INFO - [2023-07-20T22:57:27.808+0200] {dag.py:3504} INFO - Setting next_dagrun for example_nested_branch_dag to 2023-07-19T00:00:00+00:00, run_after=2023-07-20T00:00:00+00:00
[2023-07-20T22:57:27.822+0200] {processor.py:179} INFO - Processing /Users/dimitrikestenbaum/.pyenv/versions/3.11.4/envs/pelven/lib/python3.11/site-packages/airflow/example_dags/example_nested_branch_dag.py took 0.952 seconds
[2023-07-20T22:59:39.013+0200] {processor.py:157} INFO - Started process (PID=14030) to work on /Users/dimitrikestenbaum/.pyenv/versions/3.11.4/envs/pelven/lib/python3.11/site-packages/airflow/example_dags/example_nested_branch_dag.py
[2023-07-20T22:59:39.017+0200] {processor.py:826} INFO - Processing file /Users/dimitrikestenbaum/.pyenv/versions/3.11.4/envs/pelven/lib/python3.11/site-packages/airflow/example_dags/example_nested_branch_dag.py for tasks to queue
[2023-07-20T22:59:39.017+0200] {logging_mixin.py:150} INFO - [2023-07-20T22:59:39.017+0200] {dagbag.py:541} INFO - Filling up the DagBag from /Users/dimitrikestenbaum/.pyenv/versions/3.11.4/envs/pelven/lib/python3.11/site-packages/airflow/example_dags/example_nested_branch_dag.py
[2023-07-20T22:59:39.103+0200] {processor.py:836} INFO - DAG(s) dict_keys(['example_nested_branch_dag']) retrieved from /Users/dimitrikestenbaum/.pyenv/versions/3.11.4/envs/pelven/lib/python3.11/site-packages/airflow/example_dags/example_nested_branch_dag.py
[2023-07-20T22:59:39.866+0200] {logging_mixin.py:150} INFO - [2023-07-20T22:59:39.866+0200] {dag.py:2742} INFO - Sync 1 DAGs
[2023-07-20T22:59:39.891+0200] {logging_mixin.py:150} INFO - [2023-07-20T22:59:39.890+0200] {dag.py:3504} INFO - Setting next_dagrun for example_nested_branch_dag to 2023-07-19T00:00:00+00:00, run_after=2023-07-20T00:00:00+00:00
[2023-07-20T22:59:39.909+0200] {processor.py:179} INFO - Processing /Users/dimitrikestenbaum/.pyenv/versions/3.11.4/envs/pelven/lib/python3.11/site-packages/airflow/example_dags/example_nested_branch_dag.py took 0.897 seconds
[2023-07-20T23:03:00.339+0200] {processor.py:157} INFO - Started process (PID=14245) to work on /Users/dimitrikestenbaum/.pyenv/versions/3.11.4/envs/pelven/lib/python3.11/site-packages/airflow/example_dags/example_nested_branch_dag.py
[2023-07-20T23:03:00.342+0200] {processor.py:826} INFO - Processing file /Users/dimitrikestenbaum/.pyenv/versions/3.11.4/envs/pelven/lib/python3.11/site-packages/airflow/example_dags/example_nested_branch_dag.py for tasks to queue
[2023-07-20T23:03:00.343+0200] {logging_mixin.py:150} INFO - [2023-07-20T23:03:00.343+0200] {dagbag.py:541} INFO - Filling up the DagBag from /Users/dimitrikestenbaum/.pyenv/versions/3.11.4/envs/pelven/lib/python3.11/site-packages/airflow/example_dags/example_nested_branch_dag.py
[2023-07-20T23:03:00.418+0200] {processor.py:836} INFO - DAG(s) dict_keys(['example_nested_branch_dag']) retrieved from /Users/dimitrikestenbaum/.pyenv/versions/3.11.4/envs/pelven/lib/python3.11/site-packages/airflow/example_dags/example_nested_branch_dag.py
[2023-07-20T23:03:01.153+0200] {logging_mixin.py:150} INFO - [2023-07-20T23:03:01.152+0200] {dag.py:2742} INFO - Sync 1 DAGs
[2023-07-20T23:03:01.171+0200] {logging_mixin.py:150} INFO - [2023-07-20T23:03:01.171+0200] {dag.py:3504} INFO - Setting next_dagrun for example_nested_branch_dag to 2023-07-19T00:00:00+00:00, run_after=2023-07-20T00:00:00+00:00
[2023-07-20T23:03:01.187+0200] {processor.py:179} INFO - Processing /Users/dimitrikestenbaum/.pyenv/versions/3.11.4/envs/pelven/lib/python3.11/site-packages/airflow/example_dags/example_nested_branch_dag.py took 0.849 seconds
[2023-07-20T23:06:19.903+0200] {processor.py:157} INFO - Started process (PID=14820) to work on /Users/dimitrikestenbaum/.pyenv/versions/3.11.4/envs/pelven/lib/python3.11/site-packages/airflow/example_dags/example_nested_branch_dag.py
[2023-07-20T23:06:19.908+0200] {processor.py:826} INFO - Processing file /Users/dimitrikestenbaum/.pyenv/versions/3.11.4/envs/pelven/lib/python3.11/site-packages/airflow/example_dags/example_nested_branch_dag.py for tasks to queue
[2023-07-20T23:06:19.908+0200] {logging_mixin.py:150} INFO - [2023-07-20T23:06:19.908+0200] {dagbag.py:541} INFO - Filling up the DagBag from /Users/dimitrikestenbaum/.pyenv/versions/3.11.4/envs/pelven/lib/python3.11/site-packages/airflow/example_dags/example_nested_branch_dag.py
[2023-07-20T23:06:19.982+0200] {processor.py:836} INFO - DAG(s) dict_keys(['example_nested_branch_dag']) retrieved from /Users/dimitrikestenbaum/.pyenv/versions/3.11.4/envs/pelven/lib/python3.11/site-packages/airflow/example_dags/example_nested_branch_dag.py
[2023-07-20T23:06:20.685+0200] {logging_mixin.py:150} INFO - [2023-07-20T23:06:20.685+0200] {dag.py:2742} INFO - Sync 1 DAGs
[2023-07-20T23:06:20.698+0200] {logging_mixin.py:150} INFO - [2023-07-20T23:06:20.698+0200] {dag.py:3504} INFO - Setting next_dagrun for example_nested_branch_dag to 2023-07-19T00:00:00+00:00, run_after=2023-07-20T00:00:00+00:00
[2023-07-20T23:06:20.713+0200] {processor.py:179} INFO - Processing /Users/dimitrikestenbaum/.pyenv/versions/3.11.4/envs/pelven/lib/python3.11/site-packages/airflow/example_dags/example_nested_branch_dag.py took 0.810 seconds
[2023-07-20T23:09:51.279+0200] {processor.py:157} INFO - Started process (PID=15057) to work on /Users/dimitrikestenbaum/.pyenv/versions/3.11.4/envs/pelven/lib/python3.11/site-packages/airflow/example_dags/example_nested_branch_dag.py
[2023-07-20T23:09:51.284+0200] {processor.py:826} INFO - Processing file /Users/dimitrikestenbaum/.pyenv/versions/3.11.4/envs/pelven/lib/python3.11/site-packages/airflow/example_dags/example_nested_branch_dag.py for tasks to queue
[2023-07-20T23:09:51.284+0200] {logging_mixin.py:150} INFO - [2023-07-20T23:09:51.284+0200] {dagbag.py:541} INFO - Filling up the DagBag from /Users/dimitrikestenbaum/.pyenv/versions/3.11.4/envs/pelven/lib/python3.11/site-packages/airflow/example_dags/example_nested_branch_dag.py
[2023-07-20T23:09:51.388+0200] {processor.py:836} INFO - DAG(s) dict_keys(['example_nested_branch_dag']) retrieved from /Users/dimitrikestenbaum/.pyenv/versions/3.11.4/envs/pelven/lib/python3.11/site-packages/airflow/example_dags/example_nested_branch_dag.py
[2023-07-20T23:09:52.435+0200] {logging_mixin.py:150} INFO - [2023-07-20T23:09:52.435+0200] {dag.py:2742} INFO - Sync 1 DAGs
[2023-07-20T23:09:52.460+0200] {logging_mixin.py:150} INFO - [2023-07-20T23:09:52.460+0200] {dag.py:3504} INFO - Setting next_dagrun for example_nested_branch_dag to 2023-07-19T00:00:00+00:00, run_after=2023-07-20T00:00:00+00:00
[2023-07-20T23:09:52.489+0200] {processor.py:179} INFO - Processing /Users/dimitrikestenbaum/.pyenv/versions/3.11.4/envs/pelven/lib/python3.11/site-packages/airflow/example_dags/example_nested_branch_dag.py took 1.211 seconds
