[2023-07-20T22:57:23.772+0200] {processor.py:157} INFO - Started process (PID=13903) to work on /Users/dimitrikestenbaum/.pyenv/versions/3.11.4/envs/pelven/lib/python3.11/site-packages/airflow/example_dags/example_params_trigger_ui.py
[2023-07-20T22:57:23.776+0200] {processor.py:826} INFO - Processing file /Users/dimitrikestenbaum/.pyenv/versions/3.11.4/envs/pelven/lib/python3.11/site-packages/airflow/example_dags/example_params_trigger_ui.py for tasks to queue
[2023-07-20T22:57:23.776+0200] {logging_mixin.py:150} INFO - [2023-07-20T22:57:23.776+0200] {dagbag.py:541} INFO - Filling up the DagBag from /Users/dimitrikestenbaum/.pyenv/versions/3.11.4/envs/pelven/lib/python3.11/site-packages/airflow/example_dags/example_params_trigger_ui.py
[2023-07-20T22:57:23.884+0200] {processor.py:836} INFO - DAG(s) dict_keys(['example_params_trigger_ui']) retrieved from /Users/dimitrikestenbaum/.pyenv/versions/3.11.4/envs/pelven/lib/python3.11/site-packages/airflow/example_dags/example_params_trigger_ui.py
[2023-07-20T22:57:24.690+0200] {logging_mixin.py:150} INFO - [2023-07-20T22:57:24.690+0200] {manager.py:504} INFO - Created Permission View: can edit on DAG:example_params_trigger_ui
[2023-07-20T22:57:24.698+0200] {logging_mixin.py:150} INFO - [2023-07-20T22:57:24.698+0200] {manager.py:504} INFO - Created Permission View: can delete on DAG:example_params_trigger_ui
[2023-07-20T22:57:24.703+0200] {logging_mixin.py:150} INFO - [2023-07-20T22:57:24.703+0200] {manager.py:504} INFO - Created Permission View: can read on DAG:example_params_trigger_ui
[2023-07-20T22:57:24.714+0200] {logging_mixin.py:150} INFO - [2023-07-20T22:57:24.713+0200] {dag.py:2742} INFO - Sync 1 DAGs
[2023-07-20T22:57:24.723+0200] {logging_mixin.py:150} INFO - [2023-07-20T22:57:24.722+0200] {dag.py:2763} INFO - Creating ORM DAG for example_params_trigger_ui
[2023-07-20T22:57:24.731+0200] {logging_mixin.py:150} INFO - [2023-07-20T22:57:24.731+0200] {dag.py:3504} INFO - Setting next_dagrun for example_params_trigger_ui to None, run_after=None
[2023-07-20T22:57:24.748+0200] {processor.py:179} INFO - Processing /Users/dimitrikestenbaum/.pyenv/versions/3.11.4/envs/pelven/lib/python3.11/site-packages/airflow/example_dags/example_params_trigger_ui.py took 0.977 seconds
[2023-07-20T22:59:35.665+0200] {processor.py:157} INFO - Started process (PID=14029) to work on /Users/dimitrikestenbaum/.pyenv/versions/3.11.4/envs/pelven/lib/python3.11/site-packages/airflow/example_dags/example_params_trigger_ui.py
[2023-07-20T22:59:35.669+0200] {processor.py:826} INFO - Processing file /Users/dimitrikestenbaum/.pyenv/versions/3.11.4/envs/pelven/lib/python3.11/site-packages/airflow/example_dags/example_params_trigger_ui.py for tasks to queue
[2023-07-20T22:59:35.670+0200] {logging_mixin.py:150} INFO - [2023-07-20T22:59:35.670+0200] {dagbag.py:541} INFO - Filling up the DagBag from /Users/dimitrikestenbaum/.pyenv/versions/3.11.4/envs/pelven/lib/python3.11/site-packages/airflow/example_dags/example_params_trigger_ui.py
[2023-07-20T22:59:35.804+0200] {processor.py:836} INFO - DAG(s) dict_keys(['example_params_trigger_ui']) retrieved from /Users/dimitrikestenbaum/.pyenv/versions/3.11.4/envs/pelven/lib/python3.11/site-packages/airflow/example_dags/example_params_trigger_ui.py
[2023-07-20T22:59:36.785+0200] {logging_mixin.py:150} INFO - [2023-07-20T22:59:36.785+0200] {dag.py:2742} INFO - Sync 1 DAGs
[2023-07-20T22:59:36.802+0200] {logging_mixin.py:150} INFO - [2023-07-20T22:59:36.802+0200] {dag.py:3504} INFO - Setting next_dagrun for example_params_trigger_ui to None, run_after=None
[2023-07-20T22:59:36.823+0200] {processor.py:179} INFO - Processing /Users/dimitrikestenbaum/.pyenv/versions/3.11.4/envs/pelven/lib/python3.11/site-packages/airflow/example_dags/example_params_trigger_ui.py took 1.159 seconds
[2023-07-20T23:02:57.190+0200] {processor.py:157} INFO - Started process (PID=14244) to work on /Users/dimitrikestenbaum/.pyenv/versions/3.11.4/envs/pelven/lib/python3.11/site-packages/airflow/example_dags/example_params_trigger_ui.py
[2023-07-20T23:02:57.194+0200] {processor.py:826} INFO - Processing file /Users/dimitrikestenbaum/.pyenv/versions/3.11.4/envs/pelven/lib/python3.11/site-packages/airflow/example_dags/example_params_trigger_ui.py for tasks to queue
[2023-07-20T23:02:57.195+0200] {logging_mixin.py:150} INFO - [2023-07-20T23:02:57.195+0200] {dagbag.py:541} INFO - Filling up the DagBag from /Users/dimitrikestenbaum/.pyenv/versions/3.11.4/envs/pelven/lib/python3.11/site-packages/airflow/example_dags/example_params_trigger_ui.py
[2023-07-20T23:02:57.301+0200] {processor.py:836} INFO - DAG(s) dict_keys(['example_params_trigger_ui']) retrieved from /Users/dimitrikestenbaum/.pyenv/versions/3.11.4/envs/pelven/lib/python3.11/site-packages/airflow/example_dags/example_params_trigger_ui.py
[2023-07-20T23:02:57.991+0200] {logging_mixin.py:150} INFO - [2023-07-20T23:02:57.991+0200] {dag.py:2742} INFO - Sync 1 DAGs
[2023-07-20T23:02:58.006+0200] {logging_mixin.py:150} INFO - [2023-07-20T23:02:58.005+0200] {dag.py:3504} INFO - Setting next_dagrun for example_params_trigger_ui to None, run_after=None
[2023-07-20T23:02:58.023+0200] {processor.py:179} INFO - Processing /Users/dimitrikestenbaum/.pyenv/versions/3.11.4/envs/pelven/lib/python3.11/site-packages/airflow/example_dags/example_params_trigger_ui.py took 0.834 seconds
[2023-07-20T23:06:16.818+0200] {processor.py:157} INFO - Started process (PID=14818) to work on /Users/dimitrikestenbaum/.pyenv/versions/3.11.4/envs/pelven/lib/python3.11/site-packages/airflow/example_dags/example_params_trigger_ui.py
[2023-07-20T23:06:16.823+0200] {processor.py:826} INFO - Processing file /Users/dimitrikestenbaum/.pyenv/versions/3.11.4/envs/pelven/lib/python3.11/site-packages/airflow/example_dags/example_params_trigger_ui.py for tasks to queue
[2023-07-20T23:06:16.825+0200] {logging_mixin.py:150} INFO - [2023-07-20T23:06:16.824+0200] {dagbag.py:541} INFO - Filling up the DagBag from /Users/dimitrikestenbaum/.pyenv/versions/3.11.4/envs/pelven/lib/python3.11/site-packages/airflow/example_dags/example_params_trigger_ui.py
[2023-07-20T23:06:16.927+0200] {processor.py:836} INFO - DAG(s) dict_keys(['example_params_trigger_ui']) retrieved from /Users/dimitrikestenbaum/.pyenv/versions/3.11.4/envs/pelven/lib/python3.11/site-packages/airflow/example_dags/example_params_trigger_ui.py
[2023-07-20T23:06:17.700+0200] {logging_mixin.py:150} INFO - [2023-07-20T23:06:17.699+0200] {dag.py:2742} INFO - Sync 1 DAGs
[2023-07-20T23:06:17.716+0200] {logging_mixin.py:150} INFO - [2023-07-20T23:06:17.715+0200] {dag.py:3504} INFO - Setting next_dagrun for example_params_trigger_ui to None, run_after=None
[2023-07-20T23:06:17.735+0200] {processor.py:179} INFO - Processing /Users/dimitrikestenbaum/.pyenv/versions/3.11.4/envs/pelven/lib/python3.11/site-packages/airflow/example_dags/example_params_trigger_ui.py took 0.917 seconds
[2023-07-20T23:09:48.021+0200] {processor.py:157} INFO - Started process (PID=15055) to work on /Users/dimitrikestenbaum/.pyenv/versions/3.11.4/envs/pelven/lib/python3.11/site-packages/airflow/example_dags/example_params_trigger_ui.py
[2023-07-20T23:09:48.026+0200] {processor.py:826} INFO - Processing file /Users/dimitrikestenbaum/.pyenv/versions/3.11.4/envs/pelven/lib/python3.11/site-packages/airflow/example_dags/example_params_trigger_ui.py for tasks to queue
[2023-07-20T23:09:48.027+0200] {logging_mixin.py:150} INFO - [2023-07-20T23:09:48.026+0200] {dagbag.py:541} INFO - Filling up the DagBag from /Users/dimitrikestenbaum/.pyenv/versions/3.11.4/envs/pelven/lib/python3.11/site-packages/airflow/example_dags/example_params_trigger_ui.py
[2023-07-20T23:09:48.136+0200] {processor.py:836} INFO - DAG(s) dict_keys(['example_params_trigger_ui']) retrieved from /Users/dimitrikestenbaum/.pyenv/versions/3.11.4/envs/pelven/lib/python3.11/site-packages/airflow/example_dags/example_params_trigger_ui.py
[2023-07-20T23:09:48.913+0200] {logging_mixin.py:150} INFO - [2023-07-20T23:09:48.912+0200] {dag.py:2742} INFO - Sync 1 DAGs
[2023-07-20T23:09:48.929+0200] {logging_mixin.py:150} INFO - [2023-07-20T23:09:48.929+0200] {dag.py:3504} INFO - Setting next_dagrun for example_params_trigger_ui to None, run_after=None
[2023-07-20T23:09:48.949+0200] {processor.py:179} INFO - Processing /Users/dimitrikestenbaum/.pyenv/versions/3.11.4/envs/pelven/lib/python3.11/site-packages/airflow/example_dags/example_params_trigger_ui.py took 0.928 seconds
