[2023-07-20T22:57:20.867+0200] {processor.py:157} INFO - Started process (PID=13901) to work on /Users/dimitrikestenbaum/.pyenv/versions/3.11.4/envs/pelven/lib/python3.11/site-packages/airflow/example_dags/example_params_ui_tutorial.py
[2023-07-20T22:57:20.871+0200] {processor.py:826} INFO - Processing file /Users/dimitrikestenbaum/.pyenv/versions/3.11.4/envs/pelven/lib/python3.11/site-packages/airflow/example_dags/example_params_ui_tutorial.py for tasks to queue
[2023-07-20T22:57:20.872+0200] {logging_mixin.py:150} INFO - [2023-07-20T22:57:20.871+0200] {dagbag.py:541} INFO - Filling up the DagBag from /Users/dimitrikestenbaum/.pyenv/versions/3.11.4/envs/pelven/lib/python3.11/site-packages/airflow/example_dags/example_params_ui_tutorial.py
[2023-07-20T22:57:20.991+0200] {processor.py:836} INFO - DAG(s) dict_keys(['example_params_ui_tutorial']) retrieved from /Users/dimitrikestenbaum/.pyenv/versions/3.11.4/envs/pelven/lib/python3.11/site-packages/airflow/example_dags/example_params_ui_tutorial.py
[2023-07-20T22:57:21.789+0200] {logging_mixin.py:150} INFO - [2023-07-20T22:57:21.789+0200] {manager.py:504} INFO - Created Permission View: can edit on DAG:example_params_ui_tutorial
[2023-07-20T22:57:21.799+0200] {logging_mixin.py:150} INFO - [2023-07-20T22:57:21.799+0200] {manager.py:504} INFO - Created Permission View: can read on DAG:example_params_ui_tutorial
[2023-07-20T22:57:21.805+0200] {logging_mixin.py:150} INFO - [2023-07-20T22:57:21.805+0200] {manager.py:504} INFO - Created Permission View: can delete on DAG:example_params_ui_tutorial
[2023-07-20T22:57:21.816+0200] {logging_mixin.py:150} INFO - [2023-07-20T22:57:21.815+0200] {dag.py:2742} INFO - Sync 1 DAGs
[2023-07-20T22:57:21.823+0200] {logging_mixin.py:150} INFO - [2023-07-20T22:57:21.823+0200] {dag.py:2763} INFO - Creating ORM DAG for example_params_ui_tutorial
[2023-07-20T22:57:21.831+0200] {logging_mixin.py:150} INFO - [2023-07-20T22:57:21.831+0200] {dag.py:3504} INFO - Setting next_dagrun for example_params_ui_tutorial to None, run_after=None
[2023-07-20T22:57:21.848+0200] {processor.py:179} INFO - Processing /Users/dimitrikestenbaum/.pyenv/versions/3.11.4/envs/pelven/lib/python3.11/site-packages/airflow/example_dags/example_params_ui_tutorial.py took 0.981 seconds
[2023-07-20T22:59:33.080+0200] {processor.py:157} INFO - Started process (PID=14028) to work on /Users/dimitrikestenbaum/.pyenv/versions/3.11.4/envs/pelven/lib/python3.11/site-packages/airflow/example_dags/example_params_ui_tutorial.py
[2023-07-20T22:59:33.085+0200] {processor.py:826} INFO - Processing file /Users/dimitrikestenbaum/.pyenv/versions/3.11.4/envs/pelven/lib/python3.11/site-packages/airflow/example_dags/example_params_ui_tutorial.py for tasks to queue
[2023-07-20T22:59:33.085+0200] {logging_mixin.py:150} INFO - [2023-07-20T22:59:33.085+0200] {dagbag.py:541} INFO - Filling up the DagBag from /Users/dimitrikestenbaum/.pyenv/versions/3.11.4/envs/pelven/lib/python3.11/site-packages/airflow/example_dags/example_params_ui_tutorial.py
[2023-07-20T22:59:33.210+0200] {processor.py:836} INFO - DAG(s) dict_keys(['example_params_ui_tutorial']) retrieved from /Users/dimitrikestenbaum/.pyenv/versions/3.11.4/envs/pelven/lib/python3.11/site-packages/airflow/example_dags/example_params_ui_tutorial.py
[2023-07-20T22:59:33.986+0200] {logging_mixin.py:150} INFO - [2023-07-20T22:59:33.985+0200] {dag.py:2742} INFO - Sync 1 DAGs
[2023-07-20T22:59:34.001+0200] {logging_mixin.py:150} INFO - [2023-07-20T22:59:34.000+0200] {dag.py:3504} INFO - Setting next_dagrun for example_params_ui_tutorial to None, run_after=None
[2023-07-20T22:59:34.018+0200] {processor.py:179} INFO - Processing /Users/dimitrikestenbaum/.pyenv/versions/3.11.4/envs/pelven/lib/python3.11/site-packages/airflow/example_dags/example_params_ui_tutorial.py took 0.939 seconds
[2023-07-20T23:02:54.184+0200] {processor.py:157} INFO - Started process (PID=14235) to work on /Users/dimitrikestenbaum/.pyenv/versions/3.11.4/envs/pelven/lib/python3.11/site-packages/airflow/example_dags/example_params_ui_tutorial.py
[2023-07-20T23:02:54.188+0200] {processor.py:826} INFO - Processing file /Users/dimitrikestenbaum/.pyenv/versions/3.11.4/envs/pelven/lib/python3.11/site-packages/airflow/example_dags/example_params_ui_tutorial.py for tasks to queue
[2023-07-20T23:02:54.189+0200] {logging_mixin.py:150} INFO - [2023-07-20T23:02:54.188+0200] {dagbag.py:541} INFO - Filling up the DagBag from /Users/dimitrikestenbaum/.pyenv/versions/3.11.4/envs/pelven/lib/python3.11/site-packages/airflow/example_dags/example_params_ui_tutorial.py
[2023-07-20T23:02:54.302+0200] {processor.py:836} INFO - DAG(s) dict_keys(['example_params_ui_tutorial']) retrieved from /Users/dimitrikestenbaum/.pyenv/versions/3.11.4/envs/pelven/lib/python3.11/site-packages/airflow/example_dags/example_params_ui_tutorial.py
[2023-07-20T23:02:55.020+0200] {logging_mixin.py:150} INFO - [2023-07-20T23:02:55.020+0200] {dag.py:2742} INFO - Sync 1 DAGs
[2023-07-20T23:02:55.036+0200] {logging_mixin.py:150} INFO - [2023-07-20T23:02:55.036+0200] {dag.py:3504} INFO - Setting next_dagrun for example_params_ui_tutorial to None, run_after=None
[2023-07-20T23:02:55.054+0200] {processor.py:179} INFO - Processing /Users/dimitrikestenbaum/.pyenv/versions/3.11.4/envs/pelven/lib/python3.11/site-packages/airflow/example_dags/example_params_ui_tutorial.py took 0.871 seconds
[2023-07-20T23:06:13.752+0200] {processor.py:157} INFO - Started process (PID=14817) to work on /Users/dimitrikestenbaum/.pyenv/versions/3.11.4/envs/pelven/lib/python3.11/site-packages/airflow/example_dags/example_params_ui_tutorial.py
[2023-07-20T23:06:13.756+0200] {processor.py:826} INFO - Processing file /Users/dimitrikestenbaum/.pyenv/versions/3.11.4/envs/pelven/lib/python3.11/site-packages/airflow/example_dags/example_params_ui_tutorial.py for tasks to queue
[2023-07-20T23:06:13.757+0200] {logging_mixin.py:150} INFO - [2023-07-20T23:06:13.756+0200] {dagbag.py:541} INFO - Filling up the DagBag from /Users/dimitrikestenbaum/.pyenv/versions/3.11.4/envs/pelven/lib/python3.11/site-packages/airflow/example_dags/example_params_ui_tutorial.py
[2023-07-20T23:06:13.868+0200] {processor.py:836} INFO - DAG(s) dict_keys(['example_params_ui_tutorial']) retrieved from /Users/dimitrikestenbaum/.pyenv/versions/3.11.4/envs/pelven/lib/python3.11/site-packages/airflow/example_dags/example_params_ui_tutorial.py
[2023-07-20T23:06:14.609+0200] {logging_mixin.py:150} INFO - [2023-07-20T23:06:14.609+0200] {dag.py:2742} INFO - Sync 1 DAGs
[2023-07-20T23:06:14.624+0200] {logging_mixin.py:150} INFO - [2023-07-20T23:06:14.624+0200] {dag.py:3504} INFO - Setting next_dagrun for example_params_ui_tutorial to None, run_after=None
[2023-07-20T23:06:14.641+0200] {processor.py:179} INFO - Processing /Users/dimitrikestenbaum/.pyenv/versions/3.11.4/envs/pelven/lib/python3.11/site-packages/airflow/example_dags/example_params_ui_tutorial.py took 0.889 seconds
[2023-07-20T23:09:44.562+0200] {processor.py:157} INFO - Started process (PID=15053) to work on /Users/dimitrikestenbaum/.pyenv/versions/3.11.4/envs/pelven/lib/python3.11/site-packages/airflow/example_dags/example_params_ui_tutorial.py
[2023-07-20T23:09:44.566+0200] {processor.py:826} INFO - Processing file /Users/dimitrikestenbaum/.pyenv/versions/3.11.4/envs/pelven/lib/python3.11/site-packages/airflow/example_dags/example_params_ui_tutorial.py for tasks to queue
[2023-07-20T23:09:44.567+0200] {logging_mixin.py:150} INFO - [2023-07-20T23:09:44.567+0200] {dagbag.py:541} INFO - Filling up the DagBag from /Users/dimitrikestenbaum/.pyenv/versions/3.11.4/envs/pelven/lib/python3.11/site-packages/airflow/example_dags/example_params_ui_tutorial.py
[2023-07-20T23:09:44.683+0200] {processor.py:836} INFO - DAG(s) dict_keys(['example_params_ui_tutorial']) retrieved from /Users/dimitrikestenbaum/.pyenv/versions/3.11.4/envs/pelven/lib/python3.11/site-packages/airflow/example_dags/example_params_ui_tutorial.py
[2023-07-20T23:09:45.650+0200] {logging_mixin.py:150} INFO - [2023-07-20T23:09:45.649+0200] {dag.py:2742} INFO - Sync 1 DAGs
[2023-07-20T23:09:45.668+0200] {logging_mixin.py:150} INFO - [2023-07-20T23:09:45.667+0200] {dag.py:3504} INFO - Setting next_dagrun for example_params_ui_tutorial to None, run_after=None
[2023-07-20T23:09:45.692+0200] {processor.py:179} INFO - Processing /Users/dimitrikestenbaum/.pyenv/versions/3.11.4/envs/pelven/lib/python3.11/site-packages/airflow/example_dags/example_params_ui_tutorial.py took 1.131 seconds
