[2023-07-20T22:57:38.464+0200] {processor.py:157} INFO - Started process (PID=13916) to work on /Users/dimitrikestenbaum/.pyenv/versions/3.11.4/envs/pelven/lib/python3.11/site-packages/airflow/example_dags/example_kubernetes_executor.py
[2023-07-20T22:57:38.467+0200] {processor.py:826} INFO - Processing file /Users/dimitrikestenbaum/.pyenv/versions/3.11.4/envs/pelven/lib/python3.11/site-packages/airflow/example_dags/example_kubernetes_executor.py for tasks to queue
[2023-07-20T22:57:38.467+0200] {logging_mixin.py:150} INFO - [2023-07-20T22:57:38.467+0200] {dagbag.py:541} INFO - Filling up the DagBag from /Users/dimitrikestenbaum/.pyenv/versions/3.11.4/envs/pelven/lib/python3.11/site-packages/airflow/example_dags/example_kubernetes_executor.py
[2023-07-20T22:57:38.525+0200] {logging_mixin.py:150} INFO - [2023-07-20T22:57:38.525+0200] {example_kubernetes_executor.py:41} WARNING - The example_kubernetes_executor example DAG requires the kubernetes provider. Please install it with: pip install apache-airflow[cncf.kubernetes]
[2023-07-20T22:57:38.526+0200] {processor.py:838} WARNING - No viable dags retrieved from /Users/dimitrikestenbaum/.pyenv/versions/3.11.4/envs/pelven/lib/python3.11/site-packages/airflow/example_dags/example_kubernetes_executor.py
[2023-07-20T22:57:39.230+0200] {processor.py:179} INFO - Processing /Users/dimitrikestenbaum/.pyenv/versions/3.11.4/envs/pelven/lib/python3.11/site-packages/airflow/example_dags/example_kubernetes_executor.py took 0.767 seconds
[2023-07-20T22:59:51.543+0200] {processor.py:157} INFO - Started process (PID=14046) to work on /Users/dimitrikestenbaum/.pyenv/versions/3.11.4/envs/pelven/lib/python3.11/site-packages/airflow/example_dags/example_kubernetes_executor.py
[2023-07-20T22:59:51.546+0200] {processor.py:826} INFO - Processing file /Users/dimitrikestenbaum/.pyenv/versions/3.11.4/envs/pelven/lib/python3.11/site-packages/airflow/example_dags/example_kubernetes_executor.py for tasks to queue
[2023-07-20T22:59:51.546+0200] {logging_mixin.py:150} INFO - [2023-07-20T22:59:51.546+0200] {dagbag.py:541} INFO - Filling up the DagBag from /Users/dimitrikestenbaum/.pyenv/versions/3.11.4/envs/pelven/lib/python3.11/site-packages/airflow/example_dags/example_kubernetes_executor.py
[2023-07-20T22:59:51.611+0200] {logging_mixin.py:150} INFO - [2023-07-20T22:59:51.611+0200] {example_kubernetes_executor.py:41} WARNING - The example_kubernetes_executor example DAG requires the kubernetes provider. Please install it with: pip install apache-airflow[cncf.kubernetes]
[2023-07-20T22:59:51.612+0200] {processor.py:838} WARNING - No viable dags retrieved from /Users/dimitrikestenbaum/.pyenv/versions/3.11.4/envs/pelven/lib/python3.11/site-packages/airflow/example_dags/example_kubernetes_executor.py
[2023-07-20T22:59:52.242+0200] {processor.py:179} INFO - Processing /Users/dimitrikestenbaum/.pyenv/versions/3.11.4/envs/pelven/lib/python3.11/site-packages/airflow/example_dags/example_kubernetes_executor.py took 0.700 seconds
[2023-07-20T23:03:11.189+0200] {processor.py:157} INFO - Started process (PID=14303) to work on /Users/dimitrikestenbaum/.pyenv/versions/3.11.4/envs/pelven/lib/python3.11/site-packages/airflow/example_dags/example_kubernetes_executor.py
[2023-07-20T23:03:11.193+0200] {processor.py:826} INFO - Processing file /Users/dimitrikestenbaum/.pyenv/versions/3.11.4/envs/pelven/lib/python3.11/site-packages/airflow/example_dags/example_kubernetes_executor.py for tasks to queue
[2023-07-20T23:03:11.194+0200] {logging_mixin.py:150} INFO - [2023-07-20T23:03:11.194+0200] {dagbag.py:541} INFO - Filling up the DagBag from /Users/dimitrikestenbaum/.pyenv/versions/3.11.4/envs/pelven/lib/python3.11/site-packages/airflow/example_dags/example_kubernetes_executor.py
[2023-07-20T23:03:11.260+0200] {logging_mixin.py:150} INFO - [2023-07-20T23:03:11.260+0200] {example_kubernetes_executor.py:41} WARNING - The example_kubernetes_executor example DAG requires the kubernetes provider. Please install it with: pip install apache-airflow[cncf.kubernetes]
[2023-07-20T23:03:11.260+0200] {processor.py:838} WARNING - No viable dags retrieved from /Users/dimitrikestenbaum/.pyenv/versions/3.11.4/envs/pelven/lib/python3.11/site-packages/airflow/example_dags/example_kubernetes_executor.py
[2023-07-20T23:03:11.896+0200] {processor.py:179} INFO - Processing /Users/dimitrikestenbaum/.pyenv/versions/3.11.4/envs/pelven/lib/python3.11/site-packages/airflow/example_dags/example_kubernetes_executor.py took 0.708 seconds
[2023-07-20T23:06:30.884+0200] {processor.py:157} INFO - Started process (PID=14834) to work on /Users/dimitrikestenbaum/.pyenv/versions/3.11.4/envs/pelven/lib/python3.11/site-packages/airflow/example_dags/example_kubernetes_executor.py
[2023-07-20T23:06:30.889+0200] {processor.py:826} INFO - Processing file /Users/dimitrikestenbaum/.pyenv/versions/3.11.4/envs/pelven/lib/python3.11/site-packages/airflow/example_dags/example_kubernetes_executor.py for tasks to queue
[2023-07-20T23:06:30.889+0200] {logging_mixin.py:150} INFO - [2023-07-20T23:06:30.889+0200] {dagbag.py:541} INFO - Filling up the DagBag from /Users/dimitrikestenbaum/.pyenv/versions/3.11.4/envs/pelven/lib/python3.11/site-packages/airflow/example_dags/example_kubernetes_executor.py
[2023-07-20T23:06:30.964+0200] {logging_mixin.py:150} INFO - [2023-07-20T23:06:30.964+0200] {example_kubernetes_executor.py:41} WARNING - The example_kubernetes_executor example DAG requires the kubernetes provider. Please install it with: pip install apache-airflow[cncf.kubernetes]
[2023-07-20T23:06:30.964+0200] {processor.py:838} WARNING - No viable dags retrieved from /Users/dimitrikestenbaum/.pyenv/versions/3.11.4/envs/pelven/lib/python3.11/site-packages/airflow/example_dags/example_kubernetes_executor.py
[2023-07-20T23:06:31.676+0200] {processor.py:179} INFO - Processing /Users/dimitrikestenbaum/.pyenv/versions/3.11.4/envs/pelven/lib/python3.11/site-packages/airflow/example_dags/example_kubernetes_executor.py took 0.792 seconds
[2023-07-20T23:10:03.426+0200] {processor.py:157} INFO - Started process (PID=15069) to work on /Users/dimitrikestenbaum/.pyenv/versions/3.11.4/envs/pelven/lib/python3.11/site-packages/airflow/example_dags/example_kubernetes_executor.py
[2023-07-20T23:10:03.431+0200] {processor.py:826} INFO - Processing file /Users/dimitrikestenbaum/.pyenv/versions/3.11.4/envs/pelven/lib/python3.11/site-packages/airflow/example_dags/example_kubernetes_executor.py for tasks to queue
[2023-07-20T23:10:03.432+0200] {logging_mixin.py:150} INFO - [2023-07-20T23:10:03.431+0200] {dagbag.py:541} INFO - Filling up the DagBag from /Users/dimitrikestenbaum/.pyenv/versions/3.11.4/envs/pelven/lib/python3.11/site-packages/airflow/example_dags/example_kubernetes_executor.py
[2023-07-20T23:10:03.510+0200] {logging_mixin.py:150} INFO - [2023-07-20T23:10:03.510+0200] {example_kubernetes_executor.py:41} WARNING - The example_kubernetes_executor example DAG requires the kubernetes provider. Please install it with: pip install apache-airflow[cncf.kubernetes]
[2023-07-20T23:10:03.510+0200] {processor.py:838} WARNING - No viable dags retrieved from /Users/dimitrikestenbaum/.pyenv/versions/3.11.4/envs/pelven/lib/python3.11/site-packages/airflow/example_dags/example_kubernetes_executor.py
[2023-07-20T23:10:04.306+0200] {processor.py:179} INFO - Processing /Users/dimitrikestenbaum/.pyenv/versions/3.11.4/envs/pelven/lib/python3.11/site-packages/airflow/example_dags/example_kubernetes_executor.py took 0.880 seconds
