[2023-07-20T22:57:29.885+0200] {processor.py:157} INFO - Started process (PID=13913) to work on /Users/dimitrikestenbaum/.pyenv/versions/3.11.4/envs/pelven/lib/python3.11/site-packages/airflow/example_dags/example_local_kubernetes_executor.py
[2023-07-20T22:57:29.888+0200] {processor.py:826} INFO - Processing file /Users/dimitrikestenbaum/.pyenv/versions/3.11.4/envs/pelven/lib/python3.11/site-packages/airflow/example_dags/example_local_kubernetes_executor.py for tasks to queue
[2023-07-20T22:57:29.889+0200] {logging_mixin.py:150} INFO - [2023-07-20T22:57:29.889+0200] {dagbag.py:541} INFO - Filling up the DagBag from /Users/dimitrikestenbaum/.pyenv/versions/3.11.4/envs/pelven/lib/python3.11/site-packages/airflow/example_dags/example_local_kubernetes_executor.py
[2023-07-20T22:57:29.952+0200] {logging_mixin.py:150} INFO - [2023-07-20T22:57:29.951+0200] {example_local_kubernetes_executor.py:39} WARNING - Could not import DAGs in example_local_kubernetes_executor.py
Traceback (most recent call last):
  File "/Users/dimitrikestenbaum/.pyenv/versions/3.11.4/envs/pelven/lib/python3.11/site-packages/airflow/example_dags/example_local_kubernetes_executor.py", line 37, in <module>
    from kubernetes.client import models as k8s
ModuleNotFoundError: No module named 'kubernetes'
[2023-07-20T22:57:29.952+0200] {logging_mixin.py:150} INFO - [2023-07-20T22:57:29.952+0200] {example_local_kubernetes_executor.py:40} WARNING - Install Kubernetes dependencies with: pip install apache-airflow[cncf.kubernetes]
[2023-07-20T22:57:29.952+0200] {processor.py:838} WARNING - No viable dags retrieved from /Users/dimitrikestenbaum/.pyenv/versions/3.11.4/envs/pelven/lib/python3.11/site-packages/airflow/example_dags/example_local_kubernetes_executor.py
[2023-07-20T22:57:30.509+0200] {processor.py:179} INFO - Processing /Users/dimitrikestenbaum/.pyenv/versions/3.11.4/envs/pelven/lib/python3.11/site-packages/airflow/example_dags/example_local_kubernetes_executor.py took 0.625 seconds
[2023-07-20T22:59:42.007+0200] {processor.py:157} INFO - Started process (PID=14039) to work on /Users/dimitrikestenbaum/.pyenv/versions/3.11.4/envs/pelven/lib/python3.11/site-packages/airflow/example_dags/example_local_kubernetes_executor.py
[2023-07-20T22:59:42.010+0200] {processor.py:826} INFO - Processing file /Users/dimitrikestenbaum/.pyenv/versions/3.11.4/envs/pelven/lib/python3.11/site-packages/airflow/example_dags/example_local_kubernetes_executor.py for tasks to queue
[2023-07-20T22:59:42.011+0200] {logging_mixin.py:150} INFO - [2023-07-20T22:59:42.011+0200] {dagbag.py:541} INFO - Filling up the DagBag from /Users/dimitrikestenbaum/.pyenv/versions/3.11.4/envs/pelven/lib/python3.11/site-packages/airflow/example_dags/example_local_kubernetes_executor.py
[2023-07-20T22:59:42.073+0200] {logging_mixin.py:150} INFO - [2023-07-20T22:59:42.073+0200] {example_local_kubernetes_executor.py:39} WARNING - Could not import DAGs in example_local_kubernetes_executor.py
Traceback (most recent call last):
  File "/Users/dimitrikestenbaum/.pyenv/versions/3.11.4/envs/pelven/lib/python3.11/site-packages/airflow/example_dags/example_local_kubernetes_executor.py", line 37, in <module>
    from kubernetes.client import models as k8s
ModuleNotFoundError: No module named 'kubernetes'
[2023-07-20T22:59:42.073+0200] {logging_mixin.py:150} INFO - [2023-07-20T22:59:42.073+0200] {example_local_kubernetes_executor.py:40} WARNING - Install Kubernetes dependencies with: pip install apache-airflow[cncf.kubernetes]
[2023-07-20T22:59:42.074+0200] {processor.py:838} WARNING - No viable dags retrieved from /Users/dimitrikestenbaum/.pyenv/versions/3.11.4/envs/pelven/lib/python3.11/site-packages/airflow/example_dags/example_local_kubernetes_executor.py
[2023-07-20T22:59:42.803+0200] {processor.py:179} INFO - Processing /Users/dimitrikestenbaum/.pyenv/versions/3.11.4/envs/pelven/lib/python3.11/site-packages/airflow/example_dags/example_local_kubernetes_executor.py took 0.797 seconds
[2023-07-20T23:03:03.438+0200] {processor.py:157} INFO - Started process (PID=14246) to work on /Users/dimitrikestenbaum/.pyenv/versions/3.11.4/envs/pelven/lib/python3.11/site-packages/airflow/example_dags/example_local_kubernetes_executor.py
[2023-07-20T23:03:03.443+0200] {processor.py:826} INFO - Processing file /Users/dimitrikestenbaum/.pyenv/versions/3.11.4/envs/pelven/lib/python3.11/site-packages/airflow/example_dags/example_local_kubernetes_executor.py for tasks to queue
[2023-07-20T23:03:03.444+0200] {logging_mixin.py:150} INFO - [2023-07-20T23:03:03.443+0200] {dagbag.py:541} INFO - Filling up the DagBag from /Users/dimitrikestenbaum/.pyenv/versions/3.11.4/envs/pelven/lib/python3.11/site-packages/airflow/example_dags/example_local_kubernetes_executor.py
[2023-07-20T23:03:03.524+0200] {logging_mixin.py:150} INFO - [2023-07-20T23:03:03.523+0200] {example_local_kubernetes_executor.py:39} WARNING - Could not import DAGs in example_local_kubernetes_executor.py
Traceback (most recent call last):
  File "/Users/dimitrikestenbaum/.pyenv/versions/3.11.4/envs/pelven/lib/python3.11/site-packages/airflow/example_dags/example_local_kubernetes_executor.py", line 37, in <module>
    from kubernetes.client import models as k8s
ModuleNotFoundError: No module named 'kubernetes'
[2023-07-20T23:03:03.524+0200] {logging_mixin.py:150} INFO - [2023-07-20T23:03:03.524+0200] {example_local_kubernetes_executor.py:40} WARNING - Install Kubernetes dependencies with: pip install apache-airflow[cncf.kubernetes]
[2023-07-20T23:03:03.525+0200] {processor.py:838} WARNING - No viable dags retrieved from /Users/dimitrikestenbaum/.pyenv/versions/3.11.4/envs/pelven/lib/python3.11/site-packages/airflow/example_dags/example_local_kubernetes_executor.py
[2023-07-20T23:03:04.256+0200] {processor.py:179} INFO - Processing /Users/dimitrikestenbaum/.pyenv/versions/3.11.4/envs/pelven/lib/python3.11/site-packages/airflow/example_dags/example_local_kubernetes_executor.py took 0.819 seconds
[2023-07-20T23:06:22.790+0200] {processor.py:157} INFO - Started process (PID=14823) to work on /Users/dimitrikestenbaum/.pyenv/versions/3.11.4/envs/pelven/lib/python3.11/site-packages/airflow/example_dags/example_local_kubernetes_executor.py
[2023-07-20T23:06:22.795+0200] {processor.py:826} INFO - Processing file /Users/dimitrikestenbaum/.pyenv/versions/3.11.4/envs/pelven/lib/python3.11/site-packages/airflow/example_dags/example_local_kubernetes_executor.py for tasks to queue
[2023-07-20T23:06:22.795+0200] {logging_mixin.py:150} INFO - [2023-07-20T23:06:22.795+0200] {dagbag.py:541} INFO - Filling up the DagBag from /Users/dimitrikestenbaum/.pyenv/versions/3.11.4/envs/pelven/lib/python3.11/site-packages/airflow/example_dags/example_local_kubernetes_executor.py
[2023-07-20T23:06:22.864+0200] {logging_mixin.py:150} INFO - [2023-07-20T23:06:22.864+0200] {example_local_kubernetes_executor.py:39} WARNING - Could not import DAGs in example_local_kubernetes_executor.py
Traceback (most recent call last):
  File "/Users/dimitrikestenbaum/.pyenv/versions/3.11.4/envs/pelven/lib/python3.11/site-packages/airflow/example_dags/example_local_kubernetes_executor.py", line 37, in <module>
    from kubernetes.client import models as k8s
ModuleNotFoundError: No module named 'kubernetes'
[2023-07-20T23:06:22.864+0200] {logging_mixin.py:150} INFO - [2023-07-20T23:06:22.864+0200] {example_local_kubernetes_executor.py:40} WARNING - Install Kubernetes dependencies with: pip install apache-airflow[cncf.kubernetes]
[2023-07-20T23:06:22.864+0200] {processor.py:838} WARNING - No viable dags retrieved from /Users/dimitrikestenbaum/.pyenv/versions/3.11.4/envs/pelven/lib/python3.11/site-packages/airflow/example_dags/example_local_kubernetes_executor.py
[2023-07-20T23:06:23.523+0200] {processor.py:179} INFO - Processing /Users/dimitrikestenbaum/.pyenv/versions/3.11.4/envs/pelven/lib/python3.11/site-packages/airflow/example_dags/example_local_kubernetes_executor.py took 0.734 seconds
[2023-07-20T23:09:54.738+0200] {processor.py:157} INFO - Started process (PID=15058) to work on /Users/dimitrikestenbaum/.pyenv/versions/3.11.4/envs/pelven/lib/python3.11/site-packages/airflow/example_dags/example_local_kubernetes_executor.py
[2023-07-20T23:09:54.742+0200] {processor.py:826} INFO - Processing file /Users/dimitrikestenbaum/.pyenv/versions/3.11.4/envs/pelven/lib/python3.11/site-packages/airflow/example_dags/example_local_kubernetes_executor.py for tasks to queue
[2023-07-20T23:09:54.743+0200] {logging_mixin.py:150} INFO - [2023-07-20T23:09:54.743+0200] {dagbag.py:541} INFO - Filling up the DagBag from /Users/dimitrikestenbaum/.pyenv/versions/3.11.4/envs/pelven/lib/python3.11/site-packages/airflow/example_dags/example_local_kubernetes_executor.py
[2023-07-20T23:09:54.821+0200] {logging_mixin.py:150} INFO - [2023-07-20T23:09:54.820+0200] {example_local_kubernetes_executor.py:39} WARNING - Could not import DAGs in example_local_kubernetes_executor.py
Traceback (most recent call last):
  File "/Users/dimitrikestenbaum/.pyenv/versions/3.11.4/envs/pelven/lib/python3.11/site-packages/airflow/example_dags/example_local_kubernetes_executor.py", line 37, in <module>
    from kubernetes.client import models as k8s
ModuleNotFoundError: No module named 'kubernetes'
[2023-07-20T23:09:54.821+0200] {logging_mixin.py:150} INFO - [2023-07-20T23:09:54.821+0200] {example_local_kubernetes_executor.py:40} WARNING - Install Kubernetes dependencies with: pip install apache-airflow[cncf.kubernetes]
[2023-07-20T23:09:54.821+0200] {processor.py:838} WARNING - No viable dags retrieved from /Users/dimitrikestenbaum/.pyenv/versions/3.11.4/envs/pelven/lib/python3.11/site-packages/airflow/example_dags/example_local_kubernetes_executor.py
[2023-07-20T23:09:55.529+0200] {processor.py:179} INFO - Processing /Users/dimitrikestenbaum/.pyenv/versions/3.11.4/envs/pelven/lib/python3.11/site-packages/airflow/example_dags/example_local_kubernetes_executor.py took 0.792 seconds
