[2023-07-20T22:57:35.456+0200] {processor.py:157} INFO - Started process (PID=13915) to work on /Users/dimitrikestenbaum/.pyenv/versions/3.11.4/envs/pelven/lib/python3.11/site-packages/airflow/example_dags/example_latest_only.py
[2023-07-20T22:57:35.459+0200] {processor.py:826} INFO - Processing file /Users/dimitrikestenbaum/.pyenv/versions/3.11.4/envs/pelven/lib/python3.11/site-packages/airflow/example_dags/example_latest_only.py for tasks to queue
[2023-07-20T22:57:35.460+0200] {logging_mixin.py:150} INFO - [2023-07-20T22:57:35.460+0200] {dagbag.py:541} INFO - Filling up the DagBag from /Users/dimitrikestenbaum/.pyenv/versions/3.11.4/envs/pelven/lib/python3.11/site-packages/airflow/example_dags/example_latest_only.py
[2023-07-20T22:57:35.479+0200] {processor.py:836} INFO - DAG(s) dict_keys(['latest_only']) retrieved from /Users/dimitrikestenbaum/.pyenv/versions/3.11.4/envs/pelven/lib/python3.11/site-packages/airflow/example_dags/example_latest_only.py
[2023-07-20T22:57:36.298+0200] {logging_mixin.py:150} INFO - [2023-07-20T22:57:36.298+0200] {manager.py:504} INFO - Created Permission View: can edit on DAG:latest_only
[2023-07-20T22:57:36.306+0200] {logging_mixin.py:150} INFO - [2023-07-20T22:57:36.305+0200] {manager.py:504} INFO - Created Permission View: can delete on DAG:latest_only
[2023-07-20T22:57:36.311+0200] {logging_mixin.py:150} INFO - [2023-07-20T22:57:36.311+0200] {manager.py:504} INFO - Created Permission View: can read on DAG:latest_only
[2023-07-20T22:57:36.319+0200] {logging_mixin.py:150} INFO - [2023-07-20T22:57:36.319+0200] {dag.py:2742} INFO - Sync 1 DAGs
[2023-07-20T22:57:36.327+0200] {logging_mixin.py:150} INFO - [2023-07-20T22:57:36.327+0200] {dag.py:2763} INFO - Creating ORM DAG for latest_only
[2023-07-20T22:57:36.333+0200] {logging_mixin.py:150} INFO - [2023-07-20T22:57:36.333+0200] {dag.py:3504} INFO - Setting next_dagrun for latest_only to 2023-07-20T16:57:36.333488+00:00, run_after=2023-07-20T20:57:36.333488+00:00
[2023-07-20T22:57:36.350+0200] {processor.py:179} INFO - Processing /Users/dimitrikestenbaum/.pyenv/versions/3.11.4/envs/pelven/lib/python3.11/site-packages/airflow/example_dags/example_latest_only.py took 0.895 seconds
[2023-07-20T22:59:48.648+0200] {processor.py:157} INFO - Started process (PID=14043) to work on /Users/dimitrikestenbaum/.pyenv/versions/3.11.4/envs/pelven/lib/python3.11/site-packages/airflow/example_dags/example_latest_only.py
[2023-07-20T22:59:48.652+0200] {processor.py:826} INFO - Processing file /Users/dimitrikestenbaum/.pyenv/versions/3.11.4/envs/pelven/lib/python3.11/site-packages/airflow/example_dags/example_latest_only.py for tasks to queue
[2023-07-20T22:59:48.652+0200] {logging_mixin.py:150} INFO - [2023-07-20T22:59:48.652+0200] {dagbag.py:541} INFO - Filling up the DagBag from /Users/dimitrikestenbaum/.pyenv/versions/3.11.4/envs/pelven/lib/python3.11/site-packages/airflow/example_dags/example_latest_only.py
[2023-07-20T22:59:48.670+0200] {processor.py:836} INFO - DAG(s) dict_keys(['latest_only']) retrieved from /Users/dimitrikestenbaum/.pyenv/versions/3.11.4/envs/pelven/lib/python3.11/site-packages/airflow/example_dags/example_latest_only.py
[2023-07-20T22:59:49.406+0200] {logging_mixin.py:150} INFO - [2023-07-20T22:59:49.406+0200] {dag.py:2742} INFO - Sync 1 DAGs
[2023-07-20T22:59:49.419+0200] {logging_mixin.py:150} INFO - [2023-07-20T22:59:49.419+0200] {dag.py:3504} INFO - Setting next_dagrun for latest_only to 2023-07-20T16:59:49.419354+00:00, run_after=2023-07-20T20:59:49.419354+00:00
[2023-07-20T22:59:49.435+0200] {processor.py:179} INFO - Processing /Users/dimitrikestenbaum/.pyenv/versions/3.11.4/envs/pelven/lib/python3.11/site-packages/airflow/example_dags/example_latest_only.py took 0.787 seconds
[2023-07-20T23:03:09.236+0200] {processor.py:157} INFO - Started process (PID=14278) to work on /Users/dimitrikestenbaum/.pyenv/versions/3.11.4/envs/pelven/lib/python3.11/site-packages/airflow/example_dags/example_latest_only.py
[2023-07-20T23:03:09.240+0200] {processor.py:826} INFO - Processing file /Users/dimitrikestenbaum/.pyenv/versions/3.11.4/envs/pelven/lib/python3.11/site-packages/airflow/example_dags/example_latest_only.py for tasks to queue
[2023-07-20T23:03:09.241+0200] {logging_mixin.py:150} INFO - [2023-07-20T23:03:09.240+0200] {dagbag.py:541} INFO - Filling up the DagBag from /Users/dimitrikestenbaum/.pyenv/versions/3.11.4/envs/pelven/lib/python3.11/site-packages/airflow/example_dags/example_latest_only.py
[2023-07-20T23:03:09.258+0200] {processor.py:836} INFO - DAG(s) dict_keys(['latest_only']) retrieved from /Users/dimitrikestenbaum/.pyenv/versions/3.11.4/envs/pelven/lib/python3.11/site-packages/airflow/example_dags/example_latest_only.py
[2023-07-20T23:03:10.018+0200] {logging_mixin.py:150} INFO - [2023-07-20T23:03:10.018+0200] {dag.py:2742} INFO - Sync 1 DAGs
[2023-07-20T23:03:10.033+0200] {logging_mixin.py:150} INFO - [2023-07-20T23:03:10.033+0200] {dag.py:3504} INFO - Setting next_dagrun for latest_only to 2023-07-20T17:03:10.033527+00:00, run_after=2023-07-20T21:03:10.033527+00:00
[2023-07-20T23:03:10.052+0200] {processor.py:179} INFO - Processing /Users/dimitrikestenbaum/.pyenv/versions/3.11.4/envs/pelven/lib/python3.11/site-packages/airflow/example_dags/example_latest_only.py took 0.817 seconds
[2023-07-20T23:06:27.811+0200] {processor.py:157} INFO - Started process (PID=14833) to work on /Users/dimitrikestenbaum/.pyenv/versions/3.11.4/envs/pelven/lib/python3.11/site-packages/airflow/example_dags/example_latest_only.py
[2023-07-20T23:06:27.817+0200] {processor.py:826} INFO - Processing file /Users/dimitrikestenbaum/.pyenv/versions/3.11.4/envs/pelven/lib/python3.11/site-packages/airflow/example_dags/example_latest_only.py for tasks to queue
[2023-07-20T23:06:27.818+0200] {logging_mixin.py:150} INFO - [2023-07-20T23:06:27.818+0200] {dagbag.py:541} INFO - Filling up the DagBag from /Users/dimitrikestenbaum/.pyenv/versions/3.11.4/envs/pelven/lib/python3.11/site-packages/airflow/example_dags/example_latest_only.py
[2023-07-20T23:06:27.840+0200] {processor.py:836} INFO - DAG(s) dict_keys(['latest_only']) retrieved from /Users/dimitrikestenbaum/.pyenv/versions/3.11.4/envs/pelven/lib/python3.11/site-packages/airflow/example_dags/example_latest_only.py
[2023-07-20T23:06:28.617+0200] {logging_mixin.py:150} INFO - [2023-07-20T23:06:28.617+0200] {dag.py:2742} INFO - Sync 1 DAGs
[2023-07-20T23:06:28.634+0200] {logging_mixin.py:150} INFO - [2023-07-20T23:06:28.634+0200] {dag.py:3504} INFO - Setting next_dagrun for latest_only to 2023-07-20T17:06:28.634491+00:00, run_after=2023-07-20T21:06:28.634491+00:00
[2023-07-20T23:06:28.654+0200] {processor.py:179} INFO - Processing /Users/dimitrikestenbaum/.pyenv/versions/3.11.4/envs/pelven/lib/python3.11/site-packages/airflow/example_dags/example_latest_only.py took 0.844 seconds
[2023-07-20T23:10:00.112+0200] {processor.py:157} INFO - Started process (PID=15068) to work on /Users/dimitrikestenbaum/.pyenv/versions/3.11.4/envs/pelven/lib/python3.11/site-packages/airflow/example_dags/example_latest_only.py
[2023-07-20T23:10:00.116+0200] {processor.py:826} INFO - Processing file /Users/dimitrikestenbaum/.pyenv/versions/3.11.4/envs/pelven/lib/python3.11/site-packages/airflow/example_dags/example_latest_only.py for tasks to queue
[2023-07-20T23:10:00.116+0200] {logging_mixin.py:150} INFO - [2023-07-20T23:10:00.116+0200] {dagbag.py:541} INFO - Filling up the DagBag from /Users/dimitrikestenbaum/.pyenv/versions/3.11.4/envs/pelven/lib/python3.11/site-packages/airflow/example_dags/example_latest_only.py
[2023-07-20T23:10:00.135+0200] {processor.py:836} INFO - DAG(s) dict_keys(['latest_only']) retrieved from /Users/dimitrikestenbaum/.pyenv/versions/3.11.4/envs/pelven/lib/python3.11/site-packages/airflow/example_dags/example_latest_only.py
[2023-07-20T23:10:00.966+0200] {logging_mixin.py:150} INFO - [2023-07-20T23:10:00.966+0200] {dag.py:2742} INFO - Sync 1 DAGs
[2023-07-20T23:10:00.981+0200] {logging_mixin.py:150} INFO - [2023-07-20T23:10:00.981+0200] {dag.py:3504} INFO - Setting next_dagrun for latest_only to 2023-07-20T17:10:00.981536+00:00, run_after=2023-07-20T21:10:00.981536+00:00
[2023-07-20T23:10:01.001+0200] {processor.py:179} INFO - Processing /Users/dimitrikestenbaum/.pyenv/versions/3.11.4/envs/pelven/lib/python3.11/site-packages/airflow/example_dags/example_latest_only.py took 0.890 seconds
