[2023-07-20T22:56:39.743+0200] {processor.py:157} INFO - Started process (PID=13850) to work on /Users/dimitrikestenbaum/.pyenv/versions/3.11.4/envs/pelven/lib/python3.11/site-packages/airflow/example_dags/example_time_delta_sensor_async.py
[2023-07-20T22:56:39.746+0200] {processor.py:826} INFO - Processing file /Users/dimitrikestenbaum/.pyenv/versions/3.11.4/envs/pelven/lib/python3.11/site-packages/airflow/example_dags/example_time_delta_sensor_async.py for tasks to queue
[2023-07-20T22:56:39.747+0200] {logging_mixin.py:150} INFO - [2023-07-20T22:56:39.747+0200] {dagbag.py:541} INFO - Filling up the DagBag from /Users/dimitrikestenbaum/.pyenv/versions/3.11.4/envs/pelven/lib/python3.11/site-packages/airflow/example_dags/example_time_delta_sensor_async.py
[2023-07-20T22:56:39.764+0200] {processor.py:836} INFO - DAG(s) dict_keys(['example_time_delta_sensor_async']) retrieved from /Users/dimitrikestenbaum/.pyenv/versions/3.11.4/envs/pelven/lib/python3.11/site-packages/airflow/example_dags/example_time_delta_sensor_async.py
[2023-07-20T22:56:40.521+0200] {logging_mixin.py:150} INFO - [2023-07-20T22:56:40.521+0200] {manager.py:504} INFO - Created Permission View: can edit on DAG:example_time_delta_sensor_async
[2023-07-20T22:56:40.528+0200] {logging_mixin.py:150} INFO - [2023-07-20T22:56:40.528+0200] {manager.py:504} INFO - Created Permission View: can delete on DAG:example_time_delta_sensor_async
[2023-07-20T22:56:40.533+0200] {logging_mixin.py:150} INFO - [2023-07-20T22:56:40.533+0200] {manager.py:504} INFO - Created Permission View: can read on DAG:example_time_delta_sensor_async
[2023-07-20T22:56:40.541+0200] {logging_mixin.py:150} INFO - [2023-07-20T22:56:40.541+0200] {dag.py:2742} INFO - Sync 1 DAGs
[2023-07-20T22:56:40.548+0200] {logging_mixin.py:150} INFO - [2023-07-20T22:56:40.548+0200] {dag.py:2763} INFO - Creating ORM DAG for example_time_delta_sensor_async
[2023-07-20T22:56:40.554+0200] {logging_mixin.py:150} INFO - [2023-07-20T22:56:40.554+0200] {dag.py:3504} INFO - Setting next_dagrun for example_time_delta_sensor_async to None, run_after=None
[2023-07-20T22:56:40.568+0200] {processor.py:179} INFO - Processing /Users/dimitrikestenbaum/.pyenv/versions/3.11.4/envs/pelven/lib/python3.11/site-packages/airflow/example_dags/example_time_delta_sensor_async.py took 0.826 seconds
[2023-07-20T22:58:55.379+0200] {processor.py:157} INFO - Started process (PID=13995) to work on /Users/dimitrikestenbaum/.pyenv/versions/3.11.4/envs/pelven/lib/python3.11/site-packages/airflow/example_dags/example_time_delta_sensor_async.py
[2023-07-20T22:58:55.382+0200] {processor.py:826} INFO - Processing file /Users/dimitrikestenbaum/.pyenv/versions/3.11.4/envs/pelven/lib/python3.11/site-packages/airflow/example_dags/example_time_delta_sensor_async.py for tasks to queue
[2023-07-20T22:58:55.383+0200] {logging_mixin.py:150} INFO - [2023-07-20T22:58:55.382+0200] {dagbag.py:541} INFO - Filling up the DagBag from /Users/dimitrikestenbaum/.pyenv/versions/3.11.4/envs/pelven/lib/python3.11/site-packages/airflow/example_dags/example_time_delta_sensor_async.py
[2023-07-20T22:58:55.398+0200] {processor.py:836} INFO - DAG(s) dict_keys(['example_time_delta_sensor_async']) retrieved from /Users/dimitrikestenbaum/.pyenv/versions/3.11.4/envs/pelven/lib/python3.11/site-packages/airflow/example_dags/example_time_delta_sensor_async.py
[2023-07-20T22:58:56.329+0200] {logging_mixin.py:150} INFO - [2023-07-20T22:58:56.329+0200] {dag.py:2742} INFO - Sync 1 DAGs
[2023-07-20T22:58:56.346+0200] {logging_mixin.py:150} INFO - [2023-07-20T22:58:56.346+0200] {dag.py:3504} INFO - Setting next_dagrun for example_time_delta_sensor_async to None, run_after=None
[2023-07-20T22:58:56.366+0200] {processor.py:179} INFO - Processing /Users/dimitrikestenbaum/.pyenv/versions/3.11.4/envs/pelven/lib/python3.11/site-packages/airflow/example_dags/example_time_delta_sensor_async.py took 0.987 seconds
[2023-07-20T23:00:36.977+0200] {processor.py:157} INFO - Started process (PID=14089) to work on /Users/dimitrikestenbaum/.pyenv/versions/3.11.4/envs/pelven/lib/python3.11/site-packages/airflow/example_dags/example_time_delta_sensor_async.py
[2023-07-20T23:00:36.981+0200] {processor.py:826} INFO - Processing file /Users/dimitrikestenbaum/.pyenv/versions/3.11.4/envs/pelven/lib/python3.11/site-packages/airflow/example_dags/example_time_delta_sensor_async.py for tasks to queue
[2023-07-20T23:00:36.981+0200] {logging_mixin.py:150} INFO - [2023-07-20T23:00:36.981+0200] {dagbag.py:541} INFO - Filling up the DagBag from /Users/dimitrikestenbaum/.pyenv/versions/3.11.4/envs/pelven/lib/python3.11/site-packages/airflow/example_dags/example_time_delta_sensor_async.py
[2023-07-20T23:00:37.001+0200] {processor.py:836} INFO - DAG(s) dict_keys(['example_time_delta_sensor_async']) retrieved from /Users/dimitrikestenbaum/.pyenv/versions/3.11.4/envs/pelven/lib/python3.11/site-packages/airflow/example_dags/example_time_delta_sensor_async.py
[2023-07-20T23:00:37.720+0200] {logging_mixin.py:150} INFO - [2023-07-20T23:00:37.720+0200] {dag.py:2742} INFO - Sync 1 DAGs
[2023-07-20T23:00:37.733+0200] {logging_mixin.py:150} INFO - [2023-07-20T23:00:37.733+0200] {dag.py:3504} INFO - Setting next_dagrun for example_time_delta_sensor_async to None, run_after=None
[2023-07-20T23:00:37.751+0200] {processor.py:179} INFO - Processing /Users/dimitrikestenbaum/.pyenv/versions/3.11.4/envs/pelven/lib/python3.11/site-packages/airflow/example_dags/example_time_delta_sensor_async.py took 0.775 seconds
[2023-07-20T23:02:18.910+0200] {processor.py:157} INFO - Started process (PID=14202) to work on /Users/dimitrikestenbaum/.pyenv/versions/3.11.4/envs/pelven/lib/python3.11/site-packages/airflow/example_dags/example_time_delta_sensor_async.py
[2023-07-20T23:02:18.914+0200] {processor.py:826} INFO - Processing file /Users/dimitrikestenbaum/.pyenv/versions/3.11.4/envs/pelven/lib/python3.11/site-packages/airflow/example_dags/example_time_delta_sensor_async.py for tasks to queue
[2023-07-20T23:02:18.915+0200] {logging_mixin.py:150} INFO - [2023-07-20T23:02:18.915+0200] {dagbag.py:541} INFO - Filling up the DagBag from /Users/dimitrikestenbaum/.pyenv/versions/3.11.4/envs/pelven/lib/python3.11/site-packages/airflow/example_dags/example_time_delta_sensor_async.py
[2023-07-20T23:02:18.934+0200] {processor.py:836} INFO - DAG(s) dict_keys(['example_time_delta_sensor_async']) retrieved from /Users/dimitrikestenbaum/.pyenv/versions/3.11.4/envs/pelven/lib/python3.11/site-packages/airflow/example_dags/example_time_delta_sensor_async.py
[2023-07-20T23:02:19.611+0200] {logging_mixin.py:150} INFO - [2023-07-20T23:02:19.611+0200] {dag.py:2742} INFO - Sync 1 DAGs
[2023-07-20T23:02:19.624+0200] {logging_mixin.py:150} INFO - [2023-07-20T23:02:19.624+0200] {dag.py:3504} INFO - Setting next_dagrun for example_time_delta_sensor_async to None, run_after=None
[2023-07-20T23:02:19.641+0200] {processor.py:179} INFO - Processing /Users/dimitrikestenbaum/.pyenv/versions/3.11.4/envs/pelven/lib/python3.11/site-packages/airflow/example_dags/example_time_delta_sensor_async.py took 0.731 seconds
[2023-07-20T23:03:56.746+0200] {processor.py:157} INFO - Started process (PID=14449) to work on /Users/dimitrikestenbaum/.pyenv/versions/3.11.4/envs/pelven/lib/python3.11/site-packages/airflow/example_dags/example_time_delta_sensor_async.py
[2023-07-20T23:03:56.751+0200] {processor.py:826} INFO - Processing file /Users/dimitrikestenbaum/.pyenv/versions/3.11.4/envs/pelven/lib/python3.11/site-packages/airflow/example_dags/example_time_delta_sensor_async.py for tasks to queue
[2023-07-20T23:03:56.752+0200] {logging_mixin.py:150} INFO - [2023-07-20T23:03:56.752+0200] {dagbag.py:541} INFO - Filling up the DagBag from /Users/dimitrikestenbaum/.pyenv/versions/3.11.4/envs/pelven/lib/python3.11/site-packages/airflow/example_dags/example_time_delta_sensor_async.py
[2023-07-20T23:03:56.775+0200] {processor.py:836} INFO - DAG(s) dict_keys(['example_time_delta_sensor_async']) retrieved from /Users/dimitrikestenbaum/.pyenv/versions/3.11.4/envs/pelven/lib/python3.11/site-packages/airflow/example_dags/example_time_delta_sensor_async.py
[2023-07-20T23:03:57.615+0200] {logging_mixin.py:150} INFO - [2023-07-20T23:03:57.615+0200] {dag.py:2742} INFO - Sync 1 DAGs
[2023-07-20T23:03:57.632+0200] {logging_mixin.py:150} INFO - [2023-07-20T23:03:57.632+0200] {dag.py:3504} INFO - Setting next_dagrun for example_time_delta_sensor_async to None, run_after=None
[2023-07-20T23:03:57.652+0200] {processor.py:179} INFO - Processing /Users/dimitrikestenbaum/.pyenv/versions/3.11.4/envs/pelven/lib/python3.11/site-packages/airflow/example_dags/example_time_delta_sensor_async.py took 0.907 seconds
[2023-07-20T23:05:35.911+0200] {processor.py:157} INFO - Started process (PID=14778) to work on /Users/dimitrikestenbaum/.pyenv/versions/3.11.4/envs/pelven/lib/python3.11/site-packages/airflow/example_dags/example_time_delta_sensor_async.py
[2023-07-20T23:05:35.915+0200] {processor.py:826} INFO - Processing file /Users/dimitrikestenbaum/.pyenv/versions/3.11.4/envs/pelven/lib/python3.11/site-packages/airflow/example_dags/example_time_delta_sensor_async.py for tasks to queue
[2023-07-20T23:05:35.916+0200] {logging_mixin.py:150} INFO - [2023-07-20T23:05:35.916+0200] {dagbag.py:541} INFO - Filling up the DagBag from /Users/dimitrikestenbaum/.pyenv/versions/3.11.4/envs/pelven/lib/python3.11/site-packages/airflow/example_dags/example_time_delta_sensor_async.py
[2023-07-20T23:05:35.932+0200] {processor.py:836} INFO - DAG(s) dict_keys(['example_time_delta_sensor_async']) retrieved from /Users/dimitrikestenbaum/.pyenv/versions/3.11.4/envs/pelven/lib/python3.11/site-packages/airflow/example_dags/example_time_delta_sensor_async.py
[2023-07-20T23:05:36.680+0200] {logging_mixin.py:150} INFO - [2023-07-20T23:05:36.680+0200] {dag.py:2742} INFO - Sync 1 DAGs
[2023-07-20T23:05:36.696+0200] {logging_mixin.py:150} INFO - [2023-07-20T23:05:36.696+0200] {dag.py:3504} INFO - Setting next_dagrun for example_time_delta_sensor_async to None, run_after=None
[2023-07-20T23:05:36.714+0200] {processor.py:179} INFO - Processing /Users/dimitrikestenbaum/.pyenv/versions/3.11.4/envs/pelven/lib/python3.11/site-packages/airflow/example_dags/example_time_delta_sensor_async.py took 0.803 seconds
[2023-07-20T23:07:19.328+0200] {processor.py:157} INFO - Started process (PID=14893) to work on /Users/dimitrikestenbaum/.pyenv/versions/3.11.4/envs/pelven/lib/python3.11/site-packages/airflow/example_dags/example_time_delta_sensor_async.py
[2023-07-20T23:07:19.332+0200] {processor.py:826} INFO - Processing file /Users/dimitrikestenbaum/.pyenv/versions/3.11.4/envs/pelven/lib/python3.11/site-packages/airflow/example_dags/example_time_delta_sensor_async.py for tasks to queue
[2023-07-20T23:07:19.333+0200] {logging_mixin.py:150} INFO - [2023-07-20T23:07:19.333+0200] {dagbag.py:541} INFO - Filling up the DagBag from /Users/dimitrikestenbaum/.pyenv/versions/3.11.4/envs/pelven/lib/python3.11/site-packages/airflow/example_dags/example_time_delta_sensor_async.py
[2023-07-20T23:07:19.351+0200] {processor.py:836} INFO - DAG(s) dict_keys(['example_time_delta_sensor_async']) retrieved from /Users/dimitrikestenbaum/.pyenv/versions/3.11.4/envs/pelven/lib/python3.11/site-packages/airflow/example_dags/example_time_delta_sensor_async.py
[2023-07-20T23:07:20.027+0200] {logging_mixin.py:150} INFO - [2023-07-20T23:07:20.027+0200] {dag.py:2742} INFO - Sync 1 DAGs
[2023-07-20T23:07:20.042+0200] {logging_mixin.py:150} INFO - [2023-07-20T23:07:20.042+0200] {dag.py:3504} INFO - Setting next_dagrun for example_time_delta_sensor_async to None, run_after=None
[2023-07-20T23:07:20.072+0200] {processor.py:179} INFO - Processing /Users/dimitrikestenbaum/.pyenv/versions/3.11.4/envs/pelven/lib/python3.11/site-packages/airflow/example_dags/example_time_delta_sensor_async.py took 0.745 seconds
[2023-07-20T23:09:03.965+0200] {processor.py:157} INFO - Started process (PID=15008) to work on /Users/dimitrikestenbaum/.pyenv/versions/3.11.4/envs/pelven/lib/python3.11/site-packages/airflow/example_dags/example_time_delta_sensor_async.py
[2023-07-20T23:09:03.969+0200] {processor.py:826} INFO - Processing file /Users/dimitrikestenbaum/.pyenv/versions/3.11.4/envs/pelven/lib/python3.11/site-packages/airflow/example_dags/example_time_delta_sensor_async.py for tasks to queue
[2023-07-20T23:09:03.970+0200] {logging_mixin.py:150} INFO - [2023-07-20T23:09:03.969+0200] {dagbag.py:541} INFO - Filling up the DagBag from /Users/dimitrikestenbaum/.pyenv/versions/3.11.4/envs/pelven/lib/python3.11/site-packages/airflow/example_dags/example_time_delta_sensor_async.py
[2023-07-20T23:09:03.991+0200] {processor.py:836} INFO - DAG(s) dict_keys(['example_time_delta_sensor_async']) retrieved from /Users/dimitrikestenbaum/.pyenv/versions/3.11.4/envs/pelven/lib/python3.11/site-packages/airflow/example_dags/example_time_delta_sensor_async.py
[2023-07-20T23:09:04.706+0200] {logging_mixin.py:150} INFO - [2023-07-20T23:09:04.705+0200] {dag.py:2742} INFO - Sync 1 DAGs
[2023-07-20T23:09:04.720+0200] {logging_mixin.py:150} INFO - [2023-07-20T23:09:04.720+0200] {dag.py:3504} INFO - Setting next_dagrun for example_time_delta_sensor_async to None, run_after=None
[2023-07-20T23:09:04.737+0200] {processor.py:179} INFO - Processing /Users/dimitrikestenbaum/.pyenv/versions/3.11.4/envs/pelven/lib/python3.11/site-packages/airflow/example_dags/example_time_delta_sensor_async.py took 0.773 seconds
