[2023-07-20T22:56:36.570+0200] {processor.py:157} INFO - Started process (PID=13849) to work on /Users/dimitrikestenbaum/.pyenv/versions/3.11.4/envs/pelven/lib/python3.11/site-packages/airflow/example_dags/example_trigger_controller_dag.py
[2023-07-20T22:56:36.573+0200] {processor.py:826} INFO - Processing file /Users/dimitrikestenbaum/.pyenv/versions/3.11.4/envs/pelven/lib/python3.11/site-packages/airflow/example_dags/example_trigger_controller_dag.py for tasks to queue
[2023-07-20T22:56:36.574+0200] {logging_mixin.py:150} INFO - [2023-07-20T22:56:36.574+0200] {dagbag.py:541} INFO - Filling up the DagBag from /Users/dimitrikestenbaum/.pyenv/versions/3.11.4/envs/pelven/lib/python3.11/site-packages/airflow/example_dags/example_trigger_controller_dag.py
[2023-07-20T22:56:36.597+0200] {processor.py:836} INFO - DAG(s) dict_keys(['example_trigger_controller_dag']) retrieved from /Users/dimitrikestenbaum/.pyenv/versions/3.11.4/envs/pelven/lib/python3.11/site-packages/airflow/example_dags/example_trigger_controller_dag.py
[2023-07-20T22:56:37.468+0200] {logging_mixin.py:150} INFO - [2023-07-20T22:56:37.468+0200] {manager.py:504} INFO - Created Permission View: can delete on DAG:example_trigger_controller_dag
[2023-07-20T22:56:37.476+0200] {logging_mixin.py:150} INFO - [2023-07-20T22:56:37.476+0200] {manager.py:504} INFO - Created Permission View: can edit on DAG:example_trigger_controller_dag
[2023-07-20T22:56:37.482+0200] {logging_mixin.py:150} INFO - [2023-07-20T22:56:37.481+0200] {manager.py:504} INFO - Created Permission View: can read on DAG:example_trigger_controller_dag
[2023-07-20T22:56:37.490+0200] {logging_mixin.py:150} INFO - [2023-07-20T22:56:37.490+0200] {dag.py:2742} INFO - Sync 1 DAGs
[2023-07-20T22:56:37.497+0200] {logging_mixin.py:150} INFO - [2023-07-20T22:56:37.497+0200] {dag.py:2763} INFO - Creating ORM DAG for example_trigger_controller_dag
[2023-07-20T22:56:37.505+0200] {logging_mixin.py:150} INFO - [2023-07-20T22:56:37.504+0200] {dag.py:3504} INFO - Setting next_dagrun for example_trigger_controller_dag to 2021-01-01T00:00:00+00:00, run_after=2021-01-01T00:00:00+00:00
[2023-07-20T22:56:37.519+0200] {processor.py:179} INFO - Processing /Users/dimitrikestenbaum/.pyenv/versions/3.11.4/envs/pelven/lib/python3.11/site-packages/airflow/example_dags/example_trigger_controller_dag.py took 0.949 seconds
[2023-07-20T22:58:52.439+0200] {processor.py:157} INFO - Started process (PID=13986) to work on /Users/dimitrikestenbaum/.pyenv/versions/3.11.4/envs/pelven/lib/python3.11/site-packages/airflow/example_dags/example_trigger_controller_dag.py
[2023-07-20T22:58:52.443+0200] {processor.py:826} INFO - Processing file /Users/dimitrikestenbaum/.pyenv/versions/3.11.4/envs/pelven/lib/python3.11/site-packages/airflow/example_dags/example_trigger_controller_dag.py for tasks to queue
[2023-07-20T22:58:52.444+0200] {logging_mixin.py:150} INFO - [2023-07-20T22:58:52.444+0200] {dagbag.py:541} INFO - Filling up the DagBag from /Users/dimitrikestenbaum/.pyenv/versions/3.11.4/envs/pelven/lib/python3.11/site-packages/airflow/example_dags/example_trigger_controller_dag.py
[2023-07-20T22:58:52.466+0200] {processor.py:836} INFO - DAG(s) dict_keys(['example_trigger_controller_dag']) retrieved from /Users/dimitrikestenbaum/.pyenv/versions/3.11.4/envs/pelven/lib/python3.11/site-packages/airflow/example_dags/example_trigger_controller_dag.py
[2023-07-20T22:58:53.245+0200] {logging_mixin.py:150} INFO - [2023-07-20T22:58:53.244+0200] {dag.py:2742} INFO - Sync 1 DAGs
[2023-07-20T22:58:53.258+0200] {logging_mixin.py:150} INFO - [2023-07-20T22:58:53.258+0200] {dag.py:3504} INFO - Setting next_dagrun for example_trigger_controller_dag to 2021-01-01T00:00:00+00:00, run_after=2021-01-01T00:00:00+00:00
[2023-07-20T22:58:53.273+0200] {processor.py:179} INFO - Processing /Users/dimitrikestenbaum/.pyenv/versions/3.11.4/envs/pelven/lib/python3.11/site-packages/airflow/example_dags/example_trigger_controller_dag.py took 0.835 seconds
[2023-07-20T23:00:34.170+0200] {processor.py:157} INFO - Started process (PID=14088) to work on /Users/dimitrikestenbaum/.pyenv/versions/3.11.4/envs/pelven/lib/python3.11/site-packages/airflow/example_dags/example_trigger_controller_dag.py
[2023-07-20T23:00:34.175+0200] {processor.py:826} INFO - Processing file /Users/dimitrikestenbaum/.pyenv/versions/3.11.4/envs/pelven/lib/python3.11/site-packages/airflow/example_dags/example_trigger_controller_dag.py for tasks to queue
[2023-07-20T23:00:34.177+0200] {logging_mixin.py:150} INFO - [2023-07-20T23:00:34.176+0200] {dagbag.py:541} INFO - Filling up the DagBag from /Users/dimitrikestenbaum/.pyenv/versions/3.11.4/envs/pelven/lib/python3.11/site-packages/airflow/example_dags/example_trigger_controller_dag.py
[2023-07-20T23:00:34.216+0200] {processor.py:836} INFO - DAG(s) dict_keys(['example_trigger_controller_dag']) retrieved from /Users/dimitrikestenbaum/.pyenv/versions/3.11.4/envs/pelven/lib/python3.11/site-packages/airflow/example_dags/example_trigger_controller_dag.py
[2023-07-20T23:00:34.873+0200] {logging_mixin.py:150} INFO - [2023-07-20T23:00:34.873+0200] {dag.py:2742} INFO - Sync 1 DAGs
[2023-07-20T23:00:34.888+0200] {logging_mixin.py:150} INFO - [2023-07-20T23:00:34.888+0200] {dag.py:3504} INFO - Setting next_dagrun for example_trigger_controller_dag to 2021-01-01T00:00:00+00:00, run_after=2021-01-01T00:00:00+00:00
[2023-07-20T23:00:34.911+0200] {processor.py:179} INFO - Processing /Users/dimitrikestenbaum/.pyenv/versions/3.11.4/envs/pelven/lib/python3.11/site-packages/airflow/example_dags/example_trigger_controller_dag.py took 0.741 seconds
[2023-07-20T23:02:16.061+0200] {processor.py:157} INFO - Started process (PID=14198) to work on /Users/dimitrikestenbaum/.pyenv/versions/3.11.4/envs/pelven/lib/python3.11/site-packages/airflow/example_dags/example_trigger_controller_dag.py
[2023-07-20T23:02:16.064+0200] {processor.py:826} INFO - Processing file /Users/dimitrikestenbaum/.pyenv/versions/3.11.4/envs/pelven/lib/python3.11/site-packages/airflow/example_dags/example_trigger_controller_dag.py for tasks to queue
[2023-07-20T23:02:16.065+0200] {logging_mixin.py:150} INFO - [2023-07-20T23:02:16.064+0200] {dagbag.py:541} INFO - Filling up the DagBag from /Users/dimitrikestenbaum/.pyenv/versions/3.11.4/envs/pelven/lib/python3.11/site-packages/airflow/example_dags/example_trigger_controller_dag.py
[2023-07-20T23:02:16.083+0200] {processor.py:836} INFO - DAG(s) dict_keys(['example_trigger_controller_dag']) retrieved from /Users/dimitrikestenbaum/.pyenv/versions/3.11.4/envs/pelven/lib/python3.11/site-packages/airflow/example_dags/example_trigger_controller_dag.py
[2023-07-20T23:02:16.791+0200] {logging_mixin.py:150} INFO - [2023-07-20T23:02:16.791+0200] {dag.py:2742} INFO - Sync 1 DAGs
[2023-07-20T23:02:16.805+0200] {logging_mixin.py:150} INFO - [2023-07-20T23:02:16.805+0200] {dag.py:3504} INFO - Setting next_dagrun for example_trigger_controller_dag to 2021-01-01T00:00:00+00:00, run_after=2021-01-01T00:00:00+00:00
[2023-07-20T23:02:16.823+0200] {processor.py:179} INFO - Processing /Users/dimitrikestenbaum/.pyenv/versions/3.11.4/envs/pelven/lib/python3.11/site-packages/airflow/example_dags/example_trigger_controller_dag.py took 0.763 seconds
[2023-07-20T23:03:53.627+0200] {processor.py:157} INFO - Started process (PID=14440) to work on /Users/dimitrikestenbaum/.pyenv/versions/3.11.4/envs/pelven/lib/python3.11/site-packages/airflow/example_dags/example_trigger_controller_dag.py
[2023-07-20T23:03:53.632+0200] {processor.py:826} INFO - Processing file /Users/dimitrikestenbaum/.pyenv/versions/3.11.4/envs/pelven/lib/python3.11/site-packages/airflow/example_dags/example_trigger_controller_dag.py for tasks to queue
[2023-07-20T23:03:53.633+0200] {logging_mixin.py:150} INFO - [2023-07-20T23:03:53.632+0200] {dagbag.py:541} INFO - Filling up the DagBag from /Users/dimitrikestenbaum/.pyenv/versions/3.11.4/envs/pelven/lib/python3.11/site-packages/airflow/example_dags/example_trigger_controller_dag.py
[2023-07-20T23:03:53.653+0200] {processor.py:836} INFO - DAG(s) dict_keys(['example_trigger_controller_dag']) retrieved from /Users/dimitrikestenbaum/.pyenv/versions/3.11.4/envs/pelven/lib/python3.11/site-packages/airflow/example_dags/example_trigger_controller_dag.py
[2023-07-20T23:03:54.478+0200] {logging_mixin.py:150} INFO - [2023-07-20T23:03:54.478+0200] {dag.py:2742} INFO - Sync 1 DAGs
[2023-07-20T23:03:54.495+0200] {logging_mixin.py:150} INFO - [2023-07-20T23:03:54.494+0200] {dag.py:3504} INFO - Setting next_dagrun for example_trigger_controller_dag to 2021-01-01T00:00:00+00:00, run_after=2021-01-01T00:00:00+00:00
[2023-07-20T23:03:54.512+0200] {processor.py:179} INFO - Processing /Users/dimitrikestenbaum/.pyenv/versions/3.11.4/envs/pelven/lib/python3.11/site-packages/airflow/example_dags/example_trigger_controller_dag.py took 0.886 seconds
[2023-07-20T23:05:33.065+0200] {processor.py:157} INFO - Started process (PID=14777) to work on /Users/dimitrikestenbaum/.pyenv/versions/3.11.4/envs/pelven/lib/python3.11/site-packages/airflow/example_dags/example_trigger_controller_dag.py
[2023-07-20T23:05:33.069+0200] {processor.py:826} INFO - Processing file /Users/dimitrikestenbaum/.pyenv/versions/3.11.4/envs/pelven/lib/python3.11/site-packages/airflow/example_dags/example_trigger_controller_dag.py for tasks to queue
[2023-07-20T23:05:33.070+0200] {logging_mixin.py:150} INFO - [2023-07-20T23:05:33.070+0200] {dagbag.py:541} INFO - Filling up the DagBag from /Users/dimitrikestenbaum/.pyenv/versions/3.11.4/envs/pelven/lib/python3.11/site-packages/airflow/example_dags/example_trigger_controller_dag.py
[2023-07-20T23:05:33.087+0200] {processor.py:836} INFO - DAG(s) dict_keys(['example_trigger_controller_dag']) retrieved from /Users/dimitrikestenbaum/.pyenv/versions/3.11.4/envs/pelven/lib/python3.11/site-packages/airflow/example_dags/example_trigger_controller_dag.py
[2023-07-20T23:05:33.816+0200] {logging_mixin.py:150} INFO - [2023-07-20T23:05:33.816+0200] {dag.py:2742} INFO - Sync 1 DAGs
[2023-07-20T23:05:33.830+0200] {logging_mixin.py:150} INFO - [2023-07-20T23:05:33.830+0200] {dag.py:3504} INFO - Setting next_dagrun for example_trigger_controller_dag to 2021-01-01T00:00:00+00:00, run_after=2021-01-01T00:00:00+00:00
[2023-07-20T23:05:33.848+0200] {processor.py:179} INFO - Processing /Users/dimitrikestenbaum/.pyenv/versions/3.11.4/envs/pelven/lib/python3.11/site-packages/airflow/example_dags/example_trigger_controller_dag.py took 0.783 seconds
[2023-07-20T23:07:15.897+0200] {processor.py:157} INFO - Started process (PID=14889) to work on /Users/dimitrikestenbaum/.pyenv/versions/3.11.4/envs/pelven/lib/python3.11/site-packages/airflow/example_dags/example_trigger_controller_dag.py
[2023-07-20T23:07:15.901+0200] {processor.py:826} INFO - Processing file /Users/dimitrikestenbaum/.pyenv/versions/3.11.4/envs/pelven/lib/python3.11/site-packages/airflow/example_dags/example_trigger_controller_dag.py for tasks to queue
[2023-07-20T23:07:15.902+0200] {logging_mixin.py:150} INFO - [2023-07-20T23:07:15.901+0200] {dagbag.py:541} INFO - Filling up the DagBag from /Users/dimitrikestenbaum/.pyenv/versions/3.11.4/envs/pelven/lib/python3.11/site-packages/airflow/example_dags/example_trigger_controller_dag.py
[2023-07-20T23:07:15.924+0200] {processor.py:836} INFO - DAG(s) dict_keys(['example_trigger_controller_dag']) retrieved from /Users/dimitrikestenbaum/.pyenv/versions/3.11.4/envs/pelven/lib/python3.11/site-packages/airflow/example_dags/example_trigger_controller_dag.py
[2023-07-20T23:07:17.147+0200] {logging_mixin.py:150} INFO - [2023-07-20T23:07:17.147+0200] {dag.py:2742} INFO - Sync 1 DAGs
[2023-07-20T23:07:17.165+0200] {logging_mixin.py:150} INFO - [2023-07-20T23:07:17.165+0200] {dag.py:3504} INFO - Setting next_dagrun for example_trigger_controller_dag to 2021-01-01T00:00:00+00:00, run_after=2021-01-01T00:00:00+00:00
[2023-07-20T23:07:17.183+0200] {processor.py:179} INFO - Processing /Users/dimitrikestenbaum/.pyenv/versions/3.11.4/envs/pelven/lib/python3.11/site-packages/airflow/example_dags/example_trigger_controller_dag.py took 1.287 seconds
[2023-07-20T23:09:01.119+0200] {processor.py:157} INFO - Started process (PID=15007) to work on /Users/dimitrikestenbaum/.pyenv/versions/3.11.4/envs/pelven/lib/python3.11/site-packages/airflow/example_dags/example_trigger_controller_dag.py
[2023-07-20T23:09:01.123+0200] {processor.py:826} INFO - Processing file /Users/dimitrikestenbaum/.pyenv/versions/3.11.4/envs/pelven/lib/python3.11/site-packages/airflow/example_dags/example_trigger_controller_dag.py for tasks to queue
[2023-07-20T23:09:01.123+0200] {logging_mixin.py:150} INFO - [2023-07-20T23:09:01.123+0200] {dagbag.py:541} INFO - Filling up the DagBag from /Users/dimitrikestenbaum/.pyenv/versions/3.11.4/envs/pelven/lib/python3.11/site-packages/airflow/example_dags/example_trigger_controller_dag.py
[2023-07-20T23:09:01.149+0200] {processor.py:836} INFO - DAG(s) dict_keys(['example_trigger_controller_dag']) retrieved from /Users/dimitrikestenbaum/.pyenv/versions/3.11.4/envs/pelven/lib/python3.11/site-packages/airflow/example_dags/example_trigger_controller_dag.py
[2023-07-20T23:09:01.846+0200] {logging_mixin.py:150} INFO - [2023-07-20T23:09:01.845+0200] {dag.py:2742} INFO - Sync 1 DAGs
[2023-07-20T23:09:01.858+0200] {logging_mixin.py:150} INFO - [2023-07-20T23:09:01.858+0200] {dag.py:3504} INFO - Setting next_dagrun for example_trigger_controller_dag to 2021-01-01T00:00:00+00:00, run_after=2021-01-01T00:00:00+00:00
[2023-07-20T23:09:01.873+0200] {processor.py:179} INFO - Processing /Users/dimitrikestenbaum/.pyenv/versions/3.11.4/envs/pelven/lib/python3.11/site-packages/airflow/example_dags/example_trigger_controller_dag.py took 0.755 seconds
