[2023-07-20T22:56:54.608+0200] {processor.py:157} INFO - Started process (PID=13872) to work on /Users/dimitrikestenbaum/.pyenv/versions/3.11.4/envs/pelven/lib/python3.11/site-packages/airflow/example_dags/example_skip_dag.py
[2023-07-20T22:56:54.611+0200] {processor.py:826} INFO - Processing file /Users/dimitrikestenbaum/.pyenv/versions/3.11.4/envs/pelven/lib/python3.11/site-packages/airflow/example_dags/example_skip_dag.py for tasks to queue
[2023-07-20T22:56:54.611+0200] {logging_mixin.py:150} INFO - [2023-07-20T22:56:54.611+0200] {dagbag.py:541} INFO - Filling up the DagBag from /Users/dimitrikestenbaum/.pyenv/versions/3.11.4/envs/pelven/lib/python3.11/site-packages/airflow/example_dags/example_skip_dag.py
[2023-07-20T22:56:54.626+0200] {processor.py:836} INFO - DAG(s) dict_keys(['example_skip_dag']) retrieved from /Users/dimitrikestenbaum/.pyenv/versions/3.11.4/envs/pelven/lib/python3.11/site-packages/airflow/example_dags/example_skip_dag.py
[2023-07-20T22:56:55.475+0200] {logging_mixin.py:150} INFO - [2023-07-20T22:56:55.475+0200] {manager.py:504} INFO - Created Permission View: can edit on DAG:example_skip_dag
[2023-07-20T22:56:55.485+0200] {logging_mixin.py:150} INFO - [2023-07-20T22:56:55.485+0200] {manager.py:504} INFO - Created Permission View: can delete on DAG:example_skip_dag
[2023-07-20T22:56:55.494+0200] {logging_mixin.py:150} INFO - [2023-07-20T22:56:55.494+0200] {manager.py:504} INFO - Created Permission View: can read on DAG:example_skip_dag
[2023-07-20T22:56:55.507+0200] {logging_mixin.py:150} INFO - [2023-07-20T22:56:55.507+0200] {dag.py:2742} INFO - Sync 1 DAGs
[2023-07-20T22:56:55.517+0200] {logging_mixin.py:150} INFO - [2023-07-20T22:56:55.517+0200] {dag.py:2763} INFO - Creating ORM DAG for example_skip_dag
[2023-07-20T22:56:55.527+0200] {logging_mixin.py:150} INFO - [2023-07-20T22:56:55.527+0200] {dag.py:3504} INFO - Setting next_dagrun for example_skip_dag to 2023-07-19T20:56:55.526961+00:00, run_after=2023-07-20T20:56:55.526961+00:00
[2023-07-20T22:56:55.547+0200] {processor.py:179} INFO - Processing /Users/dimitrikestenbaum/.pyenv/versions/3.11.4/envs/pelven/lib/python3.11/site-packages/airflow/example_dags/example_skip_dag.py took 0.940 seconds
[2023-07-20T22:59:07.199+0200] {processor.py:157} INFO - Started process (PID=14002) to work on /Users/dimitrikestenbaum/.pyenv/versions/3.11.4/envs/pelven/lib/python3.11/site-packages/airflow/example_dags/example_skip_dag.py
[2023-07-20T22:59:07.201+0200] {processor.py:826} INFO - Processing file /Users/dimitrikestenbaum/.pyenv/versions/3.11.4/envs/pelven/lib/python3.11/site-packages/airflow/example_dags/example_skip_dag.py for tasks to queue
[2023-07-20T22:59:07.202+0200] {logging_mixin.py:150} INFO - [2023-07-20T22:59:07.202+0200] {dagbag.py:541} INFO - Filling up the DagBag from /Users/dimitrikestenbaum/.pyenv/versions/3.11.4/envs/pelven/lib/python3.11/site-packages/airflow/example_dags/example_skip_dag.py
[2023-07-20T22:59:07.216+0200] {processor.py:836} INFO - DAG(s) dict_keys(['example_skip_dag']) retrieved from /Users/dimitrikestenbaum/.pyenv/versions/3.11.4/envs/pelven/lib/python3.11/site-packages/airflow/example_dags/example_skip_dag.py
[2023-07-20T22:59:07.926+0200] {logging_mixin.py:150} INFO - [2023-07-20T22:59:07.926+0200] {dag.py:2742} INFO - Sync 1 DAGs
[2023-07-20T22:59:07.940+0200] {logging_mixin.py:150} INFO - [2023-07-20T22:59:07.940+0200] {dag.py:3504} INFO - Setting next_dagrun for example_skip_dag to 2023-07-19T20:59:07.940198+00:00, run_after=2023-07-20T20:59:07.940198+00:00
[2023-07-20T22:59:07.959+0200] {processor.py:179} INFO - Processing /Users/dimitrikestenbaum/.pyenv/versions/3.11.4/envs/pelven/lib/python3.11/site-packages/airflow/example_dags/example_skip_dag.py took 0.761 seconds
[2023-07-20T23:00:51.200+0200] {processor.py:157} INFO - Started process (PID=14103) to work on /Users/dimitrikestenbaum/.pyenv/versions/3.11.4/envs/pelven/lib/python3.11/site-packages/airflow/example_dags/example_skip_dag.py
[2023-07-20T23:00:51.203+0200] {processor.py:826} INFO - Processing file /Users/dimitrikestenbaum/.pyenv/versions/3.11.4/envs/pelven/lib/python3.11/site-packages/airflow/example_dags/example_skip_dag.py for tasks to queue
[2023-07-20T23:00:51.204+0200] {logging_mixin.py:150} INFO - [2023-07-20T23:00:51.204+0200] {dagbag.py:541} INFO - Filling up the DagBag from /Users/dimitrikestenbaum/.pyenv/versions/3.11.4/envs/pelven/lib/python3.11/site-packages/airflow/example_dags/example_skip_dag.py
[2023-07-20T23:00:51.222+0200] {processor.py:836} INFO - DAG(s) dict_keys(['example_skip_dag']) retrieved from /Users/dimitrikestenbaum/.pyenv/versions/3.11.4/envs/pelven/lib/python3.11/site-packages/airflow/example_dags/example_skip_dag.py
[2023-07-20T23:00:51.940+0200] {logging_mixin.py:150} INFO - [2023-07-20T23:00:51.940+0200] {dag.py:2742} INFO - Sync 1 DAGs
[2023-07-20T23:00:51.953+0200] {logging_mixin.py:150} INFO - [2023-07-20T23:00:51.953+0200] {dag.py:3504} INFO - Setting next_dagrun for example_skip_dag to 2023-07-19T21:00:51.953322+00:00, run_after=2023-07-20T21:00:51.953322+00:00
[2023-07-20T23:00:51.970+0200] {processor.py:179} INFO - Processing /Users/dimitrikestenbaum/.pyenv/versions/3.11.4/envs/pelven/lib/python3.11/site-packages/airflow/example_dags/example_skip_dag.py took 0.771 seconds
[2023-07-20T23:02:32.871+0200] {processor.py:157} INFO - Started process (PID=14218) to work on /Users/dimitrikestenbaum/.pyenv/versions/3.11.4/envs/pelven/lib/python3.11/site-packages/airflow/example_dags/example_skip_dag.py
[2023-07-20T23:02:32.876+0200] {processor.py:826} INFO - Processing file /Users/dimitrikestenbaum/.pyenv/versions/3.11.4/envs/pelven/lib/python3.11/site-packages/airflow/example_dags/example_skip_dag.py for tasks to queue
[2023-07-20T23:02:32.876+0200] {logging_mixin.py:150} INFO - [2023-07-20T23:02:32.876+0200] {dagbag.py:541} INFO - Filling up the DagBag from /Users/dimitrikestenbaum/.pyenv/versions/3.11.4/envs/pelven/lib/python3.11/site-packages/airflow/example_dags/example_skip_dag.py
[2023-07-20T23:02:32.896+0200] {processor.py:836} INFO - DAG(s) dict_keys(['example_skip_dag']) retrieved from /Users/dimitrikestenbaum/.pyenv/versions/3.11.4/envs/pelven/lib/python3.11/site-packages/airflow/example_dags/example_skip_dag.py
[2023-07-20T23:02:33.616+0200] {logging_mixin.py:150} INFO - [2023-07-20T23:02:33.615+0200] {dag.py:2742} INFO - Sync 1 DAGs
[2023-07-20T23:02:33.632+0200] {logging_mixin.py:150} INFO - [2023-07-20T23:02:33.632+0200] {dag.py:3504} INFO - Setting next_dagrun for example_skip_dag to 2023-07-19T21:02:33.632029+00:00, run_after=2023-07-20T21:02:33.632029+00:00
[2023-07-20T23:02:33.654+0200] {processor.py:179} INFO - Processing /Users/dimitrikestenbaum/.pyenv/versions/3.11.4/envs/pelven/lib/python3.11/site-packages/airflow/example_dags/example_skip_dag.py took 0.784 seconds
[2023-07-20T23:04:11.625+0200] {processor.py:157} INFO - Started process (PID=14462) to work on /Users/dimitrikestenbaum/.pyenv/versions/3.11.4/envs/pelven/lib/python3.11/site-packages/airflow/example_dags/example_skip_dag.py
[2023-07-20T23:04:11.629+0200] {processor.py:826} INFO - Processing file /Users/dimitrikestenbaum/.pyenv/versions/3.11.4/envs/pelven/lib/python3.11/site-packages/airflow/example_dags/example_skip_dag.py for tasks to queue
[2023-07-20T23:04:11.629+0200] {logging_mixin.py:150} INFO - [2023-07-20T23:04:11.629+0200] {dagbag.py:541} INFO - Filling up the DagBag from /Users/dimitrikestenbaum/.pyenv/versions/3.11.4/envs/pelven/lib/python3.11/site-packages/airflow/example_dags/example_skip_dag.py
[2023-07-20T23:04:11.646+0200] {processor.py:836} INFO - DAG(s) dict_keys(['example_skip_dag']) retrieved from /Users/dimitrikestenbaum/.pyenv/versions/3.11.4/envs/pelven/lib/python3.11/site-packages/airflow/example_dags/example_skip_dag.py
[2023-07-20T23:04:12.340+0200] {logging_mixin.py:150} INFO - [2023-07-20T23:04:12.340+0200] {dag.py:2742} INFO - Sync 1 DAGs
[2023-07-20T23:04:12.352+0200] {logging_mixin.py:150} INFO - [2023-07-20T23:04:12.352+0200] {dag.py:3504} INFO - Setting next_dagrun for example_skip_dag to 2023-07-19T21:04:12.352541+00:00, run_after=2023-07-20T21:04:12.352541+00:00
[2023-07-20T23:04:12.369+0200] {processor.py:179} INFO - Processing /Users/dimitrikestenbaum/.pyenv/versions/3.11.4/envs/pelven/lib/python3.11/site-packages/airflow/example_dags/example_skip_dag.py took 0.745 seconds
[2023-07-20T23:05:48.623+0200] {processor.py:157} INFO - Started process (PID=14791) to work on /Users/dimitrikestenbaum/.pyenv/versions/3.11.4/envs/pelven/lib/python3.11/site-packages/airflow/example_dags/example_skip_dag.py
[2023-07-20T23:05:48.627+0200] {processor.py:826} INFO - Processing file /Users/dimitrikestenbaum/.pyenv/versions/3.11.4/envs/pelven/lib/python3.11/site-packages/airflow/example_dags/example_skip_dag.py for tasks to queue
[2023-07-20T23:05:48.628+0200] {logging_mixin.py:150} INFO - [2023-07-20T23:05:48.628+0200] {dagbag.py:541} INFO - Filling up the DagBag from /Users/dimitrikestenbaum/.pyenv/versions/3.11.4/envs/pelven/lib/python3.11/site-packages/airflow/example_dags/example_skip_dag.py
[2023-07-20T23:05:48.645+0200] {processor.py:836} INFO - DAG(s) dict_keys(['example_skip_dag']) retrieved from /Users/dimitrikestenbaum/.pyenv/versions/3.11.4/envs/pelven/lib/python3.11/site-packages/airflow/example_dags/example_skip_dag.py
[2023-07-20T23:05:49.347+0200] {logging_mixin.py:150} INFO - [2023-07-20T23:05:49.347+0200] {dag.py:2742} INFO - Sync 1 DAGs
[2023-07-20T23:05:49.361+0200] {logging_mixin.py:150} INFO - [2023-07-20T23:05:49.361+0200] {dag.py:3504} INFO - Setting next_dagrun for example_skip_dag to 2023-07-19T21:05:49.361340+00:00, run_after=2023-07-20T21:05:49.361340+00:00
[2023-07-20T23:05:49.378+0200] {processor.py:179} INFO - Processing /Users/dimitrikestenbaum/.pyenv/versions/3.11.4/envs/pelven/lib/python3.11/site-packages/airflow/example_dags/example_skip_dag.py took 0.755 seconds
[2023-07-20T23:07:33.088+0200] {processor.py:157} INFO - Started process (PID=14907) to work on /Users/dimitrikestenbaum/.pyenv/versions/3.11.4/envs/pelven/lib/python3.11/site-packages/airflow/example_dags/example_skip_dag.py
[2023-07-20T23:07:33.093+0200] {processor.py:826} INFO - Processing file /Users/dimitrikestenbaum/.pyenv/versions/3.11.4/envs/pelven/lib/python3.11/site-packages/airflow/example_dags/example_skip_dag.py for tasks to queue
[2023-07-20T23:07:33.094+0200] {logging_mixin.py:150} INFO - [2023-07-20T23:07:33.093+0200] {dagbag.py:541} INFO - Filling up the DagBag from /Users/dimitrikestenbaum/.pyenv/versions/3.11.4/envs/pelven/lib/python3.11/site-packages/airflow/example_dags/example_skip_dag.py
[2023-07-20T23:07:33.114+0200] {processor.py:836} INFO - DAG(s) dict_keys(['example_skip_dag']) retrieved from /Users/dimitrikestenbaum/.pyenv/versions/3.11.4/envs/pelven/lib/python3.11/site-packages/airflow/example_dags/example_skip_dag.py
[2023-07-20T23:07:33.918+0200] {logging_mixin.py:150} INFO - [2023-07-20T23:07:33.917+0200] {dag.py:2742} INFO - Sync 1 DAGs
[2023-07-20T23:07:33.933+0200] {logging_mixin.py:150} INFO - [2023-07-20T23:07:33.933+0200] {dag.py:3504} INFO - Setting next_dagrun for example_skip_dag to 2023-07-19T21:07:33.933019+00:00, run_after=2023-07-20T21:07:33.933019+00:00
[2023-07-20T23:07:33.953+0200] {processor.py:179} INFO - Processing /Users/dimitrikestenbaum/.pyenv/versions/3.11.4/envs/pelven/lib/python3.11/site-packages/airflow/example_dags/example_skip_dag.py took 0.866 seconds
[2023-07-20T23:09:18.848+0200] {processor.py:157} INFO - Started process (PID=15022) to work on /Users/dimitrikestenbaum/.pyenv/versions/3.11.4/envs/pelven/lib/python3.11/site-packages/airflow/example_dags/example_skip_dag.py
[2023-07-20T23:09:18.851+0200] {processor.py:826} INFO - Processing file /Users/dimitrikestenbaum/.pyenv/versions/3.11.4/envs/pelven/lib/python3.11/site-packages/airflow/example_dags/example_skip_dag.py for tasks to queue
[2023-07-20T23:09:18.852+0200] {logging_mixin.py:150} INFO - [2023-07-20T23:09:18.852+0200] {dagbag.py:541} INFO - Filling up the DagBag from /Users/dimitrikestenbaum/.pyenv/versions/3.11.4/envs/pelven/lib/python3.11/site-packages/airflow/example_dags/example_skip_dag.py
[2023-07-20T23:09:18.869+0200] {processor.py:836} INFO - DAG(s) dict_keys(['example_skip_dag']) retrieved from /Users/dimitrikestenbaum/.pyenv/versions/3.11.4/envs/pelven/lib/python3.11/site-packages/airflow/example_dags/example_skip_dag.py
[2023-07-20T23:09:19.880+0200] {logging_mixin.py:150} INFO - [2023-07-20T23:09:19.879+0200] {dag.py:2742} INFO - Sync 1 DAGs
[2023-07-20T23:09:19.899+0200] {logging_mixin.py:150} INFO - [2023-07-20T23:09:19.899+0200] {dag.py:3504} INFO - Setting next_dagrun for example_skip_dag to 2023-07-19T21:09:19.899382+00:00, run_after=2023-07-20T21:09:19.899382+00:00
[2023-07-20T23:09:19.933+0200] {processor.py:179} INFO - Processing /Users/dimitrikestenbaum/.pyenv/versions/3.11.4/envs/pelven/lib/python3.11/site-packages/airflow/example_dags/example_skip_dag.py took 1.086 seconds
