[2023-07-20T22:58:02.483+0200] {processor.py:157} INFO - Started process (PID=13941) to work on /Users/dimitrikestenbaum/.pyenv/versions/3.11.4/envs/pelven/lib/python3.11/site-packages/airflow/example_dags/example_branch_operator_decorator.py
[2023-07-20T22:58:02.487+0200] {processor.py:826} INFO - Processing file /Users/dimitrikestenbaum/.pyenv/versions/3.11.4/envs/pelven/lib/python3.11/site-packages/airflow/example_dags/example_branch_operator_decorator.py for tasks to queue
[2023-07-20T22:58:02.487+0200] {logging_mixin.py:150} INFO - [2023-07-20T22:58:02.487+0200] {dagbag.py:541} INFO - Filling up the DagBag from /Users/dimitrikestenbaum/.pyenv/versions/3.11.4/envs/pelven/lib/python3.11/site-packages/airflow/example_dags/example_branch_operator_decorator.py
[2023-07-20T22:58:02.557+0200] {processor.py:836} INFO - DAG(s) dict_keys(['example_branch_python_operator_decorator']) retrieved from /Users/dimitrikestenbaum/.pyenv/versions/3.11.4/envs/pelven/lib/python3.11/site-packages/airflow/example_dags/example_branch_operator_decorator.py
[2023-07-20T22:58:03.402+0200] {logging_mixin.py:150} INFO - [2023-07-20T22:58:03.402+0200] {manager.py:504} INFO - Created Permission View: can edit on DAG:example_branch_python_operator_decorator
[2023-07-20T22:58:03.411+0200] {logging_mixin.py:150} INFO - [2023-07-20T22:58:03.411+0200] {manager.py:504} INFO - Created Permission View: can delete on DAG:example_branch_python_operator_decorator
[2023-07-20T22:58:03.418+0200] {logging_mixin.py:150} INFO - [2023-07-20T22:58:03.418+0200] {manager.py:504} INFO - Created Permission View: can read on DAG:example_branch_python_operator_decorator
[2023-07-20T22:58:03.429+0200] {logging_mixin.py:150} INFO - [2023-07-20T22:58:03.428+0200] {dag.py:2742} INFO - Sync 1 DAGs
[2023-07-20T22:58:03.436+0200] {logging_mixin.py:150} INFO - [2023-07-20T22:58:03.436+0200] {dag.py:2763} INFO - Creating ORM DAG for example_branch_python_operator_decorator
[2023-07-20T22:58:03.445+0200] {logging_mixin.py:150} INFO - [2023-07-20T22:58:03.445+0200] {dag.py:3504} INFO - Setting next_dagrun for example_branch_python_operator_decorator to 2023-07-19T00:00:00+00:00, run_after=2023-07-20T00:00:00+00:00
[2023-07-20T22:58:03.464+0200] {processor.py:179} INFO - Processing /Users/dimitrikestenbaum/.pyenv/versions/3.11.4/envs/pelven/lib/python3.11/site-packages/airflow/example_dags/example_branch_operator_decorator.py took 0.981 seconds
[2023-07-20T23:01:26.735+0200] {processor.py:157} INFO - Started process (PID=14144) to work on /Users/dimitrikestenbaum/.pyenv/versions/3.11.4/envs/pelven/lib/python3.11/site-packages/airflow/example_dags/example_branch_operator_decorator.py
[2023-07-20T23:01:26.738+0200] {processor.py:826} INFO - Processing file /Users/dimitrikestenbaum/.pyenv/versions/3.11.4/envs/pelven/lib/python3.11/site-packages/airflow/example_dags/example_branch_operator_decorator.py for tasks to queue
[2023-07-20T23:01:26.738+0200] {logging_mixin.py:150} INFO - [2023-07-20T23:01:26.738+0200] {dagbag.py:541} INFO - Filling up the DagBag from /Users/dimitrikestenbaum/.pyenv/versions/3.11.4/envs/pelven/lib/python3.11/site-packages/airflow/example_dags/example_branch_operator_decorator.py
[2023-07-20T23:01:26.805+0200] {processor.py:836} INFO - DAG(s) dict_keys(['example_branch_python_operator_decorator']) retrieved from /Users/dimitrikestenbaum/.pyenv/versions/3.11.4/envs/pelven/lib/python3.11/site-packages/airflow/example_dags/example_branch_operator_decorator.py
[2023-07-20T23:01:27.411+0200] {logging_mixin.py:150} INFO - [2023-07-20T23:01:27.411+0200] {dag.py:2742} INFO - Sync 1 DAGs
[2023-07-20T23:01:27.425+0200] {logging_mixin.py:150} INFO - [2023-07-20T23:01:27.425+0200] {dag.py:3504} INFO - Setting next_dagrun for example_branch_python_operator_decorator to 2023-07-19T00:00:00+00:00, run_after=2023-07-20T00:00:00+00:00
[2023-07-20T23:01:27.447+0200] {processor.py:179} INFO - Processing /Users/dimitrikestenbaum/.pyenv/versions/3.11.4/envs/pelven/lib/python3.11/site-packages/airflow/example_dags/example_branch_operator_decorator.py took 0.714 seconds
[2023-07-20T23:04:45.674+0200] {processor.py:157} INFO - Started process (PID=14577) to work on /Users/dimitrikestenbaum/.pyenv/versions/3.11.4/envs/pelven/lib/python3.11/site-packages/airflow/example_dags/example_branch_operator_decorator.py
[2023-07-20T23:04:45.680+0200] {processor.py:826} INFO - Processing file /Users/dimitrikestenbaum/.pyenv/versions/3.11.4/envs/pelven/lib/python3.11/site-packages/airflow/example_dags/example_branch_operator_decorator.py for tasks to queue
[2023-07-20T23:04:45.681+0200] {logging_mixin.py:150} INFO - [2023-07-20T23:04:45.681+0200] {dagbag.py:541} INFO - Filling up the DagBag from /Users/dimitrikestenbaum/.pyenv/versions/3.11.4/envs/pelven/lib/python3.11/site-packages/airflow/example_dags/example_branch_operator_decorator.py
[2023-07-20T23:04:45.780+0200] {processor.py:836} INFO - DAG(s) dict_keys(['example_branch_python_operator_decorator']) retrieved from /Users/dimitrikestenbaum/.pyenv/versions/3.11.4/envs/pelven/lib/python3.11/site-packages/airflow/example_dags/example_branch_operator_decorator.py
[2023-07-20T23:04:46.494+0200] {logging_mixin.py:150} INFO - [2023-07-20T23:04:46.494+0200] {dag.py:2742} INFO - Sync 1 DAGs
[2023-07-20T23:04:46.509+0200] {logging_mixin.py:150} INFO - [2023-07-20T23:04:46.509+0200] {dag.py:3504} INFO - Setting next_dagrun for example_branch_python_operator_decorator to 2023-07-19T00:00:00+00:00, run_after=2023-07-20T00:00:00+00:00
[2023-07-20T23:04:46.523+0200] {processor.py:179} INFO - Processing /Users/dimitrikestenbaum/.pyenv/versions/3.11.4/envs/pelven/lib/python3.11/site-packages/airflow/example_dags/example_branch_operator_decorator.py took 0.850 seconds
[2023-07-20T23:08:11.684+0200] {processor.py:157} INFO - Started process (PID=14947) to work on /Users/dimitrikestenbaum/.pyenv/versions/3.11.4/envs/pelven/lib/python3.11/site-packages/airflow/example_dags/example_branch_operator_decorator.py
[2023-07-20T23:08:11.688+0200] {processor.py:826} INFO - Processing file /Users/dimitrikestenbaum/.pyenv/versions/3.11.4/envs/pelven/lib/python3.11/site-packages/airflow/example_dags/example_branch_operator_decorator.py for tasks to queue
[2023-07-20T23:08:11.689+0200] {logging_mixin.py:150} INFO - [2023-07-20T23:08:11.689+0200] {dagbag.py:541} INFO - Filling up the DagBag from /Users/dimitrikestenbaum/.pyenv/versions/3.11.4/envs/pelven/lib/python3.11/site-packages/airflow/example_dags/example_branch_operator_decorator.py
[2023-07-20T23:08:11.782+0200] {processor.py:836} INFO - DAG(s) dict_keys(['example_branch_python_operator_decorator']) retrieved from /Users/dimitrikestenbaum/.pyenv/versions/3.11.4/envs/pelven/lib/python3.11/site-packages/airflow/example_dags/example_branch_operator_decorator.py
[2023-07-20T23:08:12.815+0200] {logging_mixin.py:150} INFO - [2023-07-20T23:08:12.815+0200] {dag.py:2742} INFO - Sync 1 DAGs
[2023-07-20T23:08:12.832+0200] {logging_mixin.py:150} INFO - [2023-07-20T23:08:12.832+0200] {dag.py:3504} INFO - Setting next_dagrun for example_branch_python_operator_decorator to 2023-07-19T00:00:00+00:00, run_after=2023-07-20T00:00:00+00:00
[2023-07-20T23:08:12.852+0200] {processor.py:179} INFO - Processing /Users/dimitrikestenbaum/.pyenv/versions/3.11.4/envs/pelven/lib/python3.11/site-packages/airflow/example_dags/example_branch_operator_decorator.py took 1.169 seconds
