[2023-07-20T22:58:13.829+0200] {processor.py:157} INFO - Started process (PID=13954) to work on /Users/dimitrikestenbaum/.pyenv/versions/3.11.4/envs/pelven/lib/python3.11/site-packages/airflow/example_dags/example_branch_datetime_operator.py
[2023-07-20T22:58:13.832+0200] {processor.py:826} INFO - Processing file /Users/dimitrikestenbaum/.pyenv/versions/3.11.4/envs/pelven/lib/python3.11/site-packages/airflow/example_dags/example_branch_datetime_operator.py for tasks to queue
[2023-07-20T22:58:13.833+0200] {logging_mixin.py:150} INFO - [2023-07-20T22:58:13.832+0200] {dagbag.py:541} INFO - Filling up the DagBag from /Users/dimitrikestenbaum/.pyenv/versions/3.11.4/envs/pelven/lib/python3.11/site-packages/airflow/example_dags/example_branch_datetime_operator.py
[2023-07-20T22:58:13.854+0200] {processor.py:836} INFO - DAG(s) dict_keys(['example_branch_datetime_operator', 'example_branch_datetime_operator_2', 'example_branch_datetime_operator_3']) retrieved from /Users/dimitrikestenbaum/.pyenv/versions/3.11.4/envs/pelven/lib/python3.11/site-packages/airflow/example_dags/example_branch_datetime_operator.py
[2023-07-20T22:58:14.530+0200] {logging_mixin.py:150} INFO - [2023-07-20T22:58:14.530+0200] {manager.py:504} INFO - Created Permission View: can read on DAG:example_branch_datetime_operator
[2023-07-20T22:58:14.538+0200] {logging_mixin.py:150} INFO - [2023-07-20T22:58:14.537+0200] {manager.py:504} INFO - Created Permission View: can edit on DAG:example_branch_datetime_operator
[2023-07-20T22:58:14.542+0200] {logging_mixin.py:150} INFO - [2023-07-20T22:58:14.542+0200] {manager.py:504} INFO - Created Permission View: can delete on DAG:example_branch_datetime_operator
[2023-07-20T22:58:14.561+0200] {logging_mixin.py:150} INFO - [2023-07-20T22:58:14.561+0200] {manager.py:504} INFO - Created Permission View: can read on DAG:example_branch_datetime_operator_2
[2023-07-20T22:58:14.565+0200] {logging_mixin.py:150} INFO - [2023-07-20T22:58:14.565+0200] {manager.py:504} INFO - Created Permission View: can edit on DAG:example_branch_datetime_operator_2
[2023-07-20T22:58:14.571+0200] {logging_mixin.py:150} INFO - [2023-07-20T22:58:14.571+0200] {manager.py:504} INFO - Created Permission View: can delete on DAG:example_branch_datetime_operator_2
[2023-07-20T22:58:14.584+0200] {logging_mixin.py:150} INFO - [2023-07-20T22:58:14.584+0200] {manager.py:504} INFO - Created Permission View: can read on DAG:example_branch_datetime_operator_3
[2023-07-20T22:58:14.588+0200] {logging_mixin.py:150} INFO - [2023-07-20T22:58:14.588+0200] {manager.py:504} INFO - Created Permission View: can edit on DAG:example_branch_datetime_operator_3
[2023-07-20T22:58:14.594+0200] {logging_mixin.py:150} INFO - [2023-07-20T22:58:14.594+0200] {manager.py:504} INFO - Created Permission View: can delete on DAG:example_branch_datetime_operator_3
[2023-07-20T22:58:14.597+0200] {logging_mixin.py:150} INFO - [2023-07-20T22:58:14.597+0200] {dag.py:2742} INFO - Sync 3 DAGs
[2023-07-20T22:58:14.607+0200] {logging_mixin.py:150} INFO - [2023-07-20T22:58:14.606+0200] {dag.py:2763} INFO - Creating ORM DAG for example_branch_datetime_operator
[2023-07-20T22:58:14.607+0200] {logging_mixin.py:150} INFO - [2023-07-20T22:58:14.607+0200] {dag.py:2763} INFO - Creating ORM DAG for example_branch_datetime_operator_3
[2023-07-20T22:58:14.607+0200] {logging_mixin.py:150} INFO - [2023-07-20T22:58:14.607+0200] {dag.py:2763} INFO - Creating ORM DAG for example_branch_datetime_operator_2
[2023-07-20T22:58:14.615+0200] {logging_mixin.py:150} INFO - [2023-07-20T22:58:14.615+0200] {dag.py:3504} INFO - Setting next_dagrun for example_branch_datetime_operator to 2023-07-19T00:00:00+00:00, run_after=2023-07-20T00:00:00+00:00
[2023-07-20T22:58:14.617+0200] {logging_mixin.py:150} INFO - [2023-07-20T22:58:14.617+0200] {dag.py:3504} INFO - Setting next_dagrun for example_branch_datetime_operator_2 to 2023-07-19T00:00:00+00:00, run_after=2023-07-20T00:00:00+00:00
[2023-07-20T22:58:14.618+0200] {logging_mixin.py:150} INFO - [2023-07-20T22:58:14.618+0200] {dag.py:3504} INFO - Setting next_dagrun for example_branch_datetime_operator_3 to 2023-07-19T00:00:00+00:00, run_after=2023-07-20T00:00:00+00:00
[2023-07-20T22:58:14.634+0200] {processor.py:179} INFO - Processing /Users/dimitrikestenbaum/.pyenv/versions/3.11.4/envs/pelven/lib/python3.11/site-packages/airflow/example_dags/example_branch_datetime_operator.py took 0.806 seconds
[2023-07-20T23:01:37.783+0200] {processor.py:157} INFO - Started process (PID=14148) to work on /Users/dimitrikestenbaum/.pyenv/versions/3.11.4/envs/pelven/lib/python3.11/site-packages/airflow/example_dags/example_branch_datetime_operator.py
[2023-07-20T23:01:37.786+0200] {processor.py:826} INFO - Processing file /Users/dimitrikestenbaum/.pyenv/versions/3.11.4/envs/pelven/lib/python3.11/site-packages/airflow/example_dags/example_branch_datetime_operator.py for tasks to queue
[2023-07-20T23:01:37.786+0200] {logging_mixin.py:150} INFO - [2023-07-20T23:01:37.786+0200] {dagbag.py:541} INFO - Filling up the DagBag from /Users/dimitrikestenbaum/.pyenv/versions/3.11.4/envs/pelven/lib/python3.11/site-packages/airflow/example_dags/example_branch_datetime_operator.py
[2023-07-20T23:01:37.805+0200] {processor.py:836} INFO - DAG(s) dict_keys(['example_branch_datetime_operator_3', 'example_branch_datetime_operator', 'example_branch_datetime_operator_2']) retrieved from /Users/dimitrikestenbaum/.pyenv/versions/3.11.4/envs/pelven/lib/python3.11/site-packages/airflow/example_dags/example_branch_datetime_operator.py
[2023-07-20T23:01:38.556+0200] {logging_mixin.py:150} INFO - [2023-07-20T23:01:38.556+0200] {dag.py:2742} INFO - Sync 3 DAGs
[2023-07-20T23:01:38.571+0200] {logging_mixin.py:150} INFO - [2023-07-20T23:01:38.571+0200] {dag.py:3504} INFO - Setting next_dagrun for example_branch_datetime_operator to 2023-07-19T00:00:00+00:00, run_after=2023-07-20T00:00:00+00:00
[2023-07-20T23:01:38.576+0200] {logging_mixin.py:150} INFO - [2023-07-20T23:01:38.576+0200] {dag.py:3504} INFO - Setting next_dagrun for example_branch_datetime_operator_2 to 2023-07-19T00:00:00+00:00, run_after=2023-07-20T00:00:00+00:00
[2023-07-20T23:01:38.577+0200] {logging_mixin.py:150} INFO - [2023-07-20T23:01:38.577+0200] {dag.py:3504} INFO - Setting next_dagrun for example_branch_datetime_operator_3 to 2023-07-19T00:00:00+00:00, run_after=2023-07-20T00:00:00+00:00
[2023-07-20T23:01:38.591+0200] {processor.py:179} INFO - Processing /Users/dimitrikestenbaum/.pyenv/versions/3.11.4/envs/pelven/lib/python3.11/site-packages/airflow/example_dags/example_branch_datetime_operator.py took 0.808 seconds
[2023-07-20T23:04:57.670+0200] {processor.py:157} INFO - Started process (PID=14592) to work on /Users/dimitrikestenbaum/.pyenv/versions/3.11.4/envs/pelven/lib/python3.11/site-packages/airflow/example_dags/example_branch_datetime_operator.py
[2023-07-20T23:04:57.675+0200] {processor.py:826} INFO - Processing file /Users/dimitrikestenbaum/.pyenv/versions/3.11.4/envs/pelven/lib/python3.11/site-packages/airflow/example_dags/example_branch_datetime_operator.py for tasks to queue
[2023-07-20T23:04:57.676+0200] {logging_mixin.py:150} INFO - [2023-07-20T23:04:57.676+0200] {dagbag.py:541} INFO - Filling up the DagBag from /Users/dimitrikestenbaum/.pyenv/versions/3.11.4/envs/pelven/lib/python3.11/site-packages/airflow/example_dags/example_branch_datetime_operator.py
[2023-07-20T23:04:57.703+0200] {processor.py:836} INFO - DAG(s) dict_keys(['example_branch_datetime_operator', 'example_branch_datetime_operator_2', 'example_branch_datetime_operator_3']) retrieved from /Users/dimitrikestenbaum/.pyenv/versions/3.11.4/envs/pelven/lib/python3.11/site-packages/airflow/example_dags/example_branch_datetime_operator.py
[2023-07-20T23:04:58.520+0200] {logging_mixin.py:150} INFO - [2023-07-20T23:04:58.519+0200] {dag.py:2742} INFO - Sync 3 DAGs
[2023-07-20T23:04:58.534+0200] {logging_mixin.py:150} INFO - [2023-07-20T23:04:58.534+0200] {dag.py:3504} INFO - Setting next_dagrun for example_branch_datetime_operator to 2023-07-19T00:00:00+00:00, run_after=2023-07-20T00:00:00+00:00
[2023-07-20T23:04:58.539+0200] {logging_mixin.py:150} INFO - [2023-07-20T23:04:58.538+0200] {dag.py:3504} INFO - Setting next_dagrun for example_branch_datetime_operator_2 to 2023-07-19T00:00:00+00:00, run_after=2023-07-20T00:00:00+00:00
[2023-07-20T23:04:58.541+0200] {logging_mixin.py:150} INFO - [2023-07-20T23:04:58.540+0200] {dag.py:3504} INFO - Setting next_dagrun for example_branch_datetime_operator_3 to 2023-07-19T00:00:00+00:00, run_after=2023-07-20T00:00:00+00:00
[2023-07-20T23:04:58.553+0200] {processor.py:179} INFO - Processing /Users/dimitrikestenbaum/.pyenv/versions/3.11.4/envs/pelven/lib/python3.11/site-packages/airflow/example_dags/example_branch_datetime_operator.py took 0.884 seconds
[2023-07-20T23:08:24.536+0200] {processor.py:157} INFO - Started process (PID=14963) to work on /Users/dimitrikestenbaum/.pyenv/versions/3.11.4/envs/pelven/lib/python3.11/site-packages/airflow/example_dags/example_branch_datetime_operator.py
[2023-07-20T23:08:24.541+0200] {processor.py:826} INFO - Processing file /Users/dimitrikestenbaum/.pyenv/versions/3.11.4/envs/pelven/lib/python3.11/site-packages/airflow/example_dags/example_branch_datetime_operator.py for tasks to queue
[2023-07-20T23:08:24.543+0200] {logging_mixin.py:150} INFO - [2023-07-20T23:08:24.542+0200] {dagbag.py:541} INFO - Filling up the DagBag from /Users/dimitrikestenbaum/.pyenv/versions/3.11.4/envs/pelven/lib/python3.11/site-packages/airflow/example_dags/example_branch_datetime_operator.py
[2023-07-20T23:08:24.569+0200] {processor.py:836} INFO - DAG(s) dict_keys(['example_branch_datetime_operator_2', 'example_branch_datetime_operator', 'example_branch_datetime_operator_3']) retrieved from /Users/dimitrikestenbaum/.pyenv/versions/3.11.4/envs/pelven/lib/python3.11/site-packages/airflow/example_dags/example_branch_datetime_operator.py
[2023-07-20T23:08:25.324+0200] {logging_mixin.py:150} INFO - [2023-07-20T23:08:25.324+0200] {dag.py:2742} INFO - Sync 3 DAGs
[2023-07-20T23:08:25.339+0200] {logging_mixin.py:150} INFO - [2023-07-20T23:08:25.339+0200] {dag.py:3504} INFO - Setting next_dagrun for example_branch_datetime_operator to 2023-07-19T00:00:00+00:00, run_after=2023-07-20T00:00:00+00:00
[2023-07-20T23:08:25.342+0200] {logging_mixin.py:150} INFO - [2023-07-20T23:08:25.342+0200] {dag.py:3504} INFO - Setting next_dagrun for example_branch_datetime_operator_2 to 2023-07-19T00:00:00+00:00, run_after=2023-07-20T00:00:00+00:00
[2023-07-20T23:08:25.344+0200] {logging_mixin.py:150} INFO - [2023-07-20T23:08:25.344+0200] {dag.py:3504} INFO - Setting next_dagrun for example_branch_datetime_operator_3 to 2023-07-19T00:00:00+00:00, run_after=2023-07-20T00:00:00+00:00
[2023-07-20T23:08:25.360+0200] {processor.py:179} INFO - Processing /Users/dimitrikestenbaum/.pyenv/versions/3.11.4/envs/pelven/lib/python3.11/site-packages/airflow/example_dags/example_branch_datetime_operator.py took 0.825 seconds
