[2023-07-20T22:56:48.692+0200] {processor.py:157} INFO - Started process (PID=13862) to work on /Users/dimitrikestenbaum/.pyenv/versions/3.11.4/envs/pelven/lib/python3.11/site-packages/airflow/example_dags/example_subdag_operator.py
[2023-07-20T22:56:48.696+0200] {processor.py:826} INFO - Processing file /Users/dimitrikestenbaum/.pyenv/versions/3.11.4/envs/pelven/lib/python3.11/site-packages/airflow/example_dags/example_subdag_operator.py for tasks to queue
[2023-07-20T22:56:48.696+0200] {logging_mixin.py:150} INFO - [2023-07-20T22:56:48.696+0200] {dagbag.py:541} INFO - Filling up the DagBag from /Users/dimitrikestenbaum/.pyenv/versions/3.11.4/envs/pelven/lib/python3.11/site-packages/airflow/example_dags/example_subdag_operator.py
[2023-07-20T22:56:49.447+0200] {processor.py:836} INFO - DAG(s) dict_keys(['example_subdag_operator.section-1', 'example_subdag_operator.section-2', 'example_subdag_operator']) retrieved from /Users/dimitrikestenbaum/.pyenv/versions/3.11.4/envs/pelven/lib/python3.11/site-packages/airflow/example_dags/example_subdag_operator.py
[2023-07-20T22:56:49.538+0200] {logging_mixin.py:150} INFO - [2023-07-20T22:56:49.538+0200] {manager.py:504} INFO - Created Permission View: can delete on DAG:example_subdag_operator
[2023-07-20T22:56:49.546+0200] {logging_mixin.py:150} INFO - [2023-07-20T22:56:49.545+0200] {manager.py:504} INFO - Created Permission View: can edit on DAG:example_subdag_operator
[2023-07-20T22:56:49.552+0200] {logging_mixin.py:150} INFO - [2023-07-20T22:56:49.552+0200] {manager.py:504} INFO - Created Permission View: can read on DAG:example_subdag_operator
[2023-07-20T22:56:49.561+0200] {logging_mixin.py:150} INFO - [2023-07-20T22:56:49.561+0200] {dag.py:2742} INFO - Sync 3 DAGs
[2023-07-20T22:56:49.568+0200] {logging_mixin.py:150} INFO - [2023-07-20T22:56:49.567+0200] {dag.py:2763} INFO - Creating ORM DAG for example_subdag_operator.section-1
[2023-07-20T22:56:49.569+0200] {logging_mixin.py:150} INFO - [2023-07-20T22:56:49.568+0200] {dag.py:2763} INFO - Creating ORM DAG for example_subdag_operator
[2023-07-20T22:56:49.569+0200] {logging_mixin.py:150} INFO - [2023-07-20T22:56:49.569+0200] {dag.py:2763} INFO - Creating ORM DAG for example_subdag_operator.section-2
[2023-07-20T22:56:49.576+0200] {logging_mixin.py:150} INFO - [2023-07-20T22:56:49.576+0200] {dag.py:3504} INFO - Setting next_dagrun for example_subdag_operator to 2022-01-01T00:00:00+00:00, run_after=2022-01-01T00:00:00+00:00
[2023-07-20T22:56:49.577+0200] {logging_mixin.py:150} INFO - [2023-07-20T22:56:49.576+0200] {dag.py:3504} INFO - Setting next_dagrun for example_subdag_operator.section-1 to None, run_after=None
[2023-07-20T22:56:49.577+0200] {logging_mixin.py:150} INFO - [2023-07-20T22:56:49.577+0200] {dag.py:3504} INFO - Setting next_dagrun for example_subdag_operator.section-2 to None, run_after=None
[2023-07-20T22:56:49.582+0200] {logging_mixin.py:150} INFO - [2023-07-20T22:56:49.582+0200] {dag.py:2742} INFO - Sync 2 DAGs
[2023-07-20T22:56:49.589+0200] {logging_mixin.py:150} INFO - [2023-07-20T22:56:49.589+0200] {dag.py:3504} INFO - Setting next_dagrun for example_subdag_operator.section-1 to None, run_after=None
[2023-07-20T22:56:49.591+0200] {logging_mixin.py:150} INFO - [2023-07-20T22:56:49.591+0200] {dag.py:3504} INFO - Setting next_dagrun for example_subdag_operator.section-2 to None, run_after=None
[2023-07-20T22:56:49.606+0200] {processor.py:179} INFO - Processing /Users/dimitrikestenbaum/.pyenv/versions/3.11.4/envs/pelven/lib/python3.11/site-packages/airflow/example_dags/example_subdag_operator.py took 0.915 seconds
[2023-07-20T22:59:03.240+0200] {processor.py:157} INFO - Started process (PID=13999) to work on /Users/dimitrikestenbaum/.pyenv/versions/3.11.4/envs/pelven/lib/python3.11/site-packages/airflow/example_dags/example_subdag_operator.py
[2023-07-20T22:59:03.244+0200] {processor.py:826} INFO - Processing file /Users/dimitrikestenbaum/.pyenv/versions/3.11.4/envs/pelven/lib/python3.11/site-packages/airflow/example_dags/example_subdag_operator.py for tasks to queue
[2023-07-20T22:59:03.244+0200] {logging_mixin.py:150} INFO - [2023-07-20T22:59:03.244+0200] {dagbag.py:541} INFO - Filling up the DagBag from /Users/dimitrikestenbaum/.pyenv/versions/3.11.4/envs/pelven/lib/python3.11/site-packages/airflow/example_dags/example_subdag_operator.py
[2023-07-20T22:59:03.982+0200] {processor.py:836} INFO - DAG(s) dict_keys(['example_subdag_operator.section-1', 'example_subdag_operator.section-2', 'example_subdag_operator']) retrieved from /Users/dimitrikestenbaum/.pyenv/versions/3.11.4/envs/pelven/lib/python3.11/site-packages/airflow/example_dags/example_subdag_operator.py
[2023-07-20T22:59:04.023+0200] {logging_mixin.py:150} INFO - [2023-07-20T22:59:04.023+0200] {dag.py:2742} INFO - Sync 3 DAGs
[2023-07-20T22:59:04.040+0200] {logging_mixin.py:150} INFO - [2023-07-20T22:59:04.040+0200] {dag.py:3504} INFO - Setting next_dagrun for example_subdag_operator to 2022-01-01T00:00:00+00:00, run_after=2022-01-01T00:00:00+00:00
[2023-07-20T22:59:04.042+0200] {logging_mixin.py:150} INFO - [2023-07-20T22:59:04.042+0200] {dag.py:3504} INFO - Setting next_dagrun for example_subdag_operator.section-1 to None, run_after=None
[2023-07-20T22:59:04.043+0200] {logging_mixin.py:150} INFO - [2023-07-20T22:59:04.043+0200] {dag.py:3504} INFO - Setting next_dagrun for example_subdag_operator.section-2 to None, run_after=None
[2023-07-20T22:59:04.048+0200] {logging_mixin.py:150} INFO - [2023-07-20T22:59:04.048+0200] {dag.py:2742} INFO - Sync 2 DAGs
[2023-07-20T22:59:04.051+0200] {logging_mixin.py:150} INFO - [2023-07-20T22:59:04.051+0200] {dag.py:3504} INFO - Setting next_dagrun for example_subdag_operator.section-1 to None, run_after=None
[2023-07-20T22:59:04.051+0200] {logging_mixin.py:150} INFO - [2023-07-20T22:59:04.051+0200] {dag.py:3504} INFO - Setting next_dagrun for example_subdag_operator.section-2 to None, run_after=None
[2023-07-20T22:59:04.064+0200] {processor.py:179} INFO - Processing /Users/dimitrikestenbaum/.pyenv/versions/3.11.4/envs/pelven/lib/python3.11/site-packages/airflow/example_dags/example_subdag_operator.py took 0.825 seconds
[2023-07-20T23:00:45.171+0200] {processor.py:157} INFO - Started process (PID=14100) to work on /Users/dimitrikestenbaum/.pyenv/versions/3.11.4/envs/pelven/lib/python3.11/site-packages/airflow/example_dags/example_subdag_operator.py
[2023-07-20T23:00:45.174+0200] {processor.py:826} INFO - Processing file /Users/dimitrikestenbaum/.pyenv/versions/3.11.4/envs/pelven/lib/python3.11/site-packages/airflow/example_dags/example_subdag_operator.py for tasks to queue
[2023-07-20T23:00:45.175+0200] {logging_mixin.py:150} INFO - [2023-07-20T23:00:45.175+0200] {dagbag.py:541} INFO - Filling up the DagBag from /Users/dimitrikestenbaum/.pyenv/versions/3.11.4/envs/pelven/lib/python3.11/site-packages/airflow/example_dags/example_subdag_operator.py
[2023-07-20T23:00:46.009+0200] {processor.py:836} INFO - DAG(s) dict_keys(['example_subdag_operator.section-1', 'example_subdag_operator.section-2', 'example_subdag_operator']) retrieved from /Users/dimitrikestenbaum/.pyenv/versions/3.11.4/envs/pelven/lib/python3.11/site-packages/airflow/example_dags/example_subdag_operator.py
[2023-07-20T23:00:46.045+0200] {logging_mixin.py:150} INFO - [2023-07-20T23:00:46.045+0200] {dag.py:2742} INFO - Sync 3 DAGs
[2023-07-20T23:00:46.058+0200] {logging_mixin.py:150} INFO - [2023-07-20T23:00:46.058+0200] {dag.py:3504} INFO - Setting next_dagrun for example_subdag_operator to 2022-01-01T00:00:00+00:00, run_after=2022-01-01T00:00:00+00:00
[2023-07-20T23:00:46.060+0200] {logging_mixin.py:150} INFO - [2023-07-20T23:00:46.060+0200] {dag.py:3504} INFO - Setting next_dagrun for example_subdag_operator.section-1 to None, run_after=None
[2023-07-20T23:00:46.061+0200] {logging_mixin.py:150} INFO - [2023-07-20T23:00:46.061+0200] {dag.py:3504} INFO - Setting next_dagrun for example_subdag_operator.section-2 to None, run_after=None
[2023-07-20T23:00:46.065+0200] {logging_mixin.py:150} INFO - [2023-07-20T23:00:46.065+0200] {dag.py:2742} INFO - Sync 2 DAGs
[2023-07-20T23:00:46.068+0200] {logging_mixin.py:150} INFO - [2023-07-20T23:00:46.068+0200] {dag.py:3504} INFO - Setting next_dagrun for example_subdag_operator.section-1 to None, run_after=None
[2023-07-20T23:00:46.068+0200] {logging_mixin.py:150} INFO - [2023-07-20T23:00:46.068+0200] {dag.py:3504} INFO - Setting next_dagrun for example_subdag_operator.section-2 to None, run_after=None
[2023-07-20T23:00:46.079+0200] {processor.py:179} INFO - Processing /Users/dimitrikestenbaum/.pyenv/versions/3.11.4/envs/pelven/lib/python3.11/site-packages/airflow/example_dags/example_subdag_operator.py took 0.909 seconds
[2023-07-20T23:02:26.808+0200] {processor.py:157} INFO - Started process (PID=14216) to work on /Users/dimitrikestenbaum/.pyenv/versions/3.11.4/envs/pelven/lib/python3.11/site-packages/airflow/example_dags/example_subdag_operator.py
[2023-07-20T23:02:26.813+0200] {processor.py:826} INFO - Processing file /Users/dimitrikestenbaum/.pyenv/versions/3.11.4/envs/pelven/lib/python3.11/site-packages/airflow/example_dags/example_subdag_operator.py for tasks to queue
[2023-07-20T23:02:26.813+0200] {logging_mixin.py:150} INFO - [2023-07-20T23:02:26.813+0200] {dagbag.py:541} INFO - Filling up the DagBag from /Users/dimitrikestenbaum/.pyenv/versions/3.11.4/envs/pelven/lib/python3.11/site-packages/airflow/example_dags/example_subdag_operator.py
[2023-07-20T23:02:27.556+0200] {processor.py:836} INFO - DAG(s) dict_keys(['example_subdag_operator.section-1', 'example_subdag_operator.section-2', 'example_subdag_operator']) retrieved from /Users/dimitrikestenbaum/.pyenv/versions/3.11.4/envs/pelven/lib/python3.11/site-packages/airflow/example_dags/example_subdag_operator.py
[2023-07-20T23:02:27.596+0200] {logging_mixin.py:150} INFO - [2023-07-20T23:02:27.596+0200] {dag.py:2742} INFO - Sync 3 DAGs
[2023-07-20T23:02:27.610+0200] {logging_mixin.py:150} INFO - [2023-07-20T23:02:27.609+0200] {dag.py:3504} INFO - Setting next_dagrun for example_subdag_operator to 2022-01-01T00:00:00+00:00, run_after=2022-01-01T00:00:00+00:00
[2023-07-20T23:02:27.612+0200] {logging_mixin.py:150} INFO - [2023-07-20T23:02:27.612+0200] {dag.py:3504} INFO - Setting next_dagrun for example_subdag_operator.section-1 to None, run_after=None
[2023-07-20T23:02:27.613+0200] {logging_mixin.py:150} INFO - [2023-07-20T23:02:27.613+0200] {dag.py:3504} INFO - Setting next_dagrun for example_subdag_operator.section-2 to None, run_after=None
[2023-07-20T23:02:27.617+0200] {logging_mixin.py:150} INFO - [2023-07-20T23:02:27.617+0200] {dag.py:2742} INFO - Sync 2 DAGs
[2023-07-20T23:02:27.620+0200] {logging_mixin.py:150} INFO - [2023-07-20T23:02:27.620+0200] {dag.py:3504} INFO - Setting next_dagrun for example_subdag_operator.section-1 to None, run_after=None
[2023-07-20T23:02:27.620+0200] {logging_mixin.py:150} INFO - [2023-07-20T23:02:27.620+0200] {dag.py:3504} INFO - Setting next_dagrun for example_subdag_operator.section-2 to None, run_after=None
[2023-07-20T23:02:27.631+0200] {processor.py:179} INFO - Processing /Users/dimitrikestenbaum/.pyenv/versions/3.11.4/envs/pelven/lib/python3.11/site-packages/airflow/example_dags/example_subdag_operator.py took 0.823 seconds
[2023-07-20T23:04:05.681+0200] {processor.py:157} INFO - Started process (PID=14452) to work on /Users/dimitrikestenbaum/.pyenv/versions/3.11.4/envs/pelven/lib/python3.11/site-packages/airflow/example_dags/example_subdag_operator.py
[2023-07-20T23:04:05.685+0200] {processor.py:826} INFO - Processing file /Users/dimitrikestenbaum/.pyenv/versions/3.11.4/envs/pelven/lib/python3.11/site-packages/airflow/example_dags/example_subdag_operator.py for tasks to queue
[2023-07-20T23:04:05.686+0200] {logging_mixin.py:150} INFO - [2023-07-20T23:04:05.686+0200] {dagbag.py:541} INFO - Filling up the DagBag from /Users/dimitrikestenbaum/.pyenv/versions/3.11.4/envs/pelven/lib/python3.11/site-packages/airflow/example_dags/example_subdag_operator.py
[2023-07-20T23:04:06.315+0200] {processor.py:836} INFO - DAG(s) dict_keys(['example_subdag_operator.section-1', 'example_subdag_operator.section-2', 'example_subdag_operator']) retrieved from /Users/dimitrikestenbaum/.pyenv/versions/3.11.4/envs/pelven/lib/python3.11/site-packages/airflow/example_dags/example_subdag_operator.py
[2023-07-20T23:04:06.351+0200] {logging_mixin.py:150} INFO - [2023-07-20T23:04:06.350+0200] {dag.py:2742} INFO - Sync 3 DAGs
[2023-07-20T23:04:06.365+0200] {logging_mixin.py:150} INFO - [2023-07-20T23:04:06.365+0200] {dag.py:3504} INFO - Setting next_dagrun for example_subdag_operator to 2022-01-01T00:00:00+00:00, run_after=2022-01-01T00:00:00+00:00
[2023-07-20T23:04:06.367+0200] {logging_mixin.py:150} INFO - [2023-07-20T23:04:06.367+0200] {dag.py:3504} INFO - Setting next_dagrun for example_subdag_operator.section-1 to None, run_after=None
[2023-07-20T23:04:06.368+0200] {logging_mixin.py:150} INFO - [2023-07-20T23:04:06.368+0200] {dag.py:3504} INFO - Setting next_dagrun for example_subdag_operator.section-2 to None, run_after=None
[2023-07-20T23:04:06.372+0200] {logging_mixin.py:150} INFO - [2023-07-20T23:04:06.372+0200] {dag.py:2742} INFO - Sync 2 DAGs
[2023-07-20T23:04:06.375+0200] {logging_mixin.py:150} INFO - [2023-07-20T23:04:06.375+0200] {dag.py:3504} INFO - Setting next_dagrun for example_subdag_operator.section-1 to None, run_after=None
[2023-07-20T23:04:06.375+0200] {logging_mixin.py:150} INFO - [2023-07-20T23:04:06.375+0200] {dag.py:3504} INFO - Setting next_dagrun for example_subdag_operator.section-2 to None, run_after=None
[2023-07-20T23:04:06.387+0200] {processor.py:179} INFO - Processing /Users/dimitrikestenbaum/.pyenv/versions/3.11.4/envs/pelven/lib/python3.11/site-packages/airflow/example_dags/example_subdag_operator.py took 0.707 seconds
[2023-07-20T23:05:42.869+0200] {processor.py:157} INFO - Started process (PID=14789) to work on /Users/dimitrikestenbaum/.pyenv/versions/3.11.4/envs/pelven/lib/python3.11/site-packages/airflow/example_dags/example_subdag_operator.py
[2023-07-20T23:05:42.873+0200] {processor.py:826} INFO - Processing file /Users/dimitrikestenbaum/.pyenv/versions/3.11.4/envs/pelven/lib/python3.11/site-packages/airflow/example_dags/example_subdag_operator.py for tasks to queue
[2023-07-20T23:05:42.874+0200] {logging_mixin.py:150} INFO - [2023-07-20T23:05:42.873+0200] {dagbag.py:541} INFO - Filling up the DagBag from /Users/dimitrikestenbaum/.pyenv/versions/3.11.4/envs/pelven/lib/python3.11/site-packages/airflow/example_dags/example_subdag_operator.py
[2023-07-20T23:05:43.538+0200] {processor.py:836} INFO - DAG(s) dict_keys(['example_subdag_operator.section-1', 'example_subdag_operator.section-2', 'example_subdag_operator']) retrieved from /Users/dimitrikestenbaum/.pyenv/versions/3.11.4/envs/pelven/lib/python3.11/site-packages/airflow/example_dags/example_subdag_operator.py
[2023-07-20T23:05:43.637+0200] {logging_mixin.py:150} INFO - [2023-07-20T23:05:43.637+0200] {dag.py:2742} INFO - Sync 3 DAGs
[2023-07-20T23:05:43.652+0200] {logging_mixin.py:150} INFO - [2023-07-20T23:05:43.651+0200] {dag.py:3504} INFO - Setting next_dagrun for example_subdag_operator to 2022-01-01T00:00:00+00:00, run_after=2022-01-01T00:00:00+00:00
[2023-07-20T23:05:43.653+0200] {logging_mixin.py:150} INFO - [2023-07-20T23:05:43.653+0200] {dag.py:3504} INFO - Setting next_dagrun for example_subdag_operator.section-1 to None, run_after=None
[2023-07-20T23:05:43.654+0200] {logging_mixin.py:150} INFO - [2023-07-20T23:05:43.654+0200] {dag.py:3504} INFO - Setting next_dagrun for example_subdag_operator.section-2 to None, run_after=None
[2023-07-20T23:05:43.659+0200] {logging_mixin.py:150} INFO - [2023-07-20T23:05:43.659+0200] {dag.py:2742} INFO - Sync 2 DAGs
[2023-07-20T23:05:43.662+0200] {logging_mixin.py:150} INFO - [2023-07-20T23:05:43.662+0200] {dag.py:3504} INFO - Setting next_dagrun for example_subdag_operator.section-1 to None, run_after=None
[2023-07-20T23:05:43.662+0200] {logging_mixin.py:150} INFO - [2023-07-20T23:05:43.662+0200] {dag.py:3504} INFO - Setting next_dagrun for example_subdag_operator.section-2 to None, run_after=None
[2023-07-20T23:05:43.674+0200] {processor.py:179} INFO - Processing /Users/dimitrikestenbaum/.pyenv/versions/3.11.4/envs/pelven/lib/python3.11/site-packages/airflow/example_dags/example_subdag_operator.py took 0.806 seconds
[2023-07-20T23:07:27.376+0200] {processor.py:157} INFO - Started process (PID=14905) to work on /Users/dimitrikestenbaum/.pyenv/versions/3.11.4/envs/pelven/lib/python3.11/site-packages/airflow/example_dags/example_subdag_operator.py
[2023-07-20T23:07:27.381+0200] {processor.py:826} INFO - Processing file /Users/dimitrikestenbaum/.pyenv/versions/3.11.4/envs/pelven/lib/python3.11/site-packages/airflow/example_dags/example_subdag_operator.py for tasks to queue
[2023-07-20T23:07:27.382+0200] {logging_mixin.py:150} INFO - [2023-07-20T23:07:27.382+0200] {dagbag.py:541} INFO - Filling up the DagBag from /Users/dimitrikestenbaum/.pyenv/versions/3.11.4/envs/pelven/lib/python3.11/site-packages/airflow/example_dags/example_subdag_operator.py
[2023-07-20T23:07:28.052+0200] {processor.py:836} INFO - DAG(s) dict_keys(['example_subdag_operator.section-1', 'example_subdag_operator.section-2', 'example_subdag_operator']) retrieved from /Users/dimitrikestenbaum/.pyenv/versions/3.11.4/envs/pelven/lib/python3.11/site-packages/airflow/example_dags/example_subdag_operator.py
[2023-07-20T23:07:28.087+0200] {logging_mixin.py:150} INFO - [2023-07-20T23:07:28.087+0200] {dag.py:2742} INFO - Sync 3 DAGs
[2023-07-20T23:07:28.104+0200] {logging_mixin.py:150} INFO - [2023-07-20T23:07:28.104+0200] {dag.py:3504} INFO - Setting next_dagrun for example_subdag_operator to 2022-01-01T00:00:00+00:00, run_after=2022-01-01T00:00:00+00:00
[2023-07-20T23:07:28.107+0200] {logging_mixin.py:150} INFO - [2023-07-20T23:07:28.107+0200] {dag.py:3504} INFO - Setting next_dagrun for example_subdag_operator.section-1 to None, run_after=None
[2023-07-20T23:07:28.108+0200] {logging_mixin.py:150} INFO - [2023-07-20T23:07:28.108+0200] {dag.py:3504} INFO - Setting next_dagrun for example_subdag_operator.section-2 to None, run_after=None
[2023-07-20T23:07:28.114+0200] {logging_mixin.py:150} INFO - [2023-07-20T23:07:28.113+0200] {dag.py:2742} INFO - Sync 2 DAGs
[2023-07-20T23:07:28.117+0200] {logging_mixin.py:150} INFO - [2023-07-20T23:07:28.117+0200] {dag.py:3504} INFO - Setting next_dagrun for example_subdag_operator.section-1 to None, run_after=None
[2023-07-20T23:07:28.117+0200] {logging_mixin.py:150} INFO - [2023-07-20T23:07:28.117+0200] {dag.py:3504} INFO - Setting next_dagrun for example_subdag_operator.section-2 to None, run_after=None
[2023-07-20T23:07:28.131+0200] {processor.py:179} INFO - Processing /Users/dimitrikestenbaum/.pyenv/versions/3.11.4/envs/pelven/lib/python3.11/site-packages/airflow/example_dags/example_subdag_operator.py took 0.755 seconds
[2023-07-20T23:09:12.378+0200] {processor.py:157} INFO - Started process (PID=15019) to work on /Users/dimitrikestenbaum/.pyenv/versions/3.11.4/envs/pelven/lib/python3.11/site-packages/airflow/example_dags/example_subdag_operator.py
[2023-07-20T23:09:12.383+0200] {processor.py:826} INFO - Processing file /Users/dimitrikestenbaum/.pyenv/versions/3.11.4/envs/pelven/lib/python3.11/site-packages/airflow/example_dags/example_subdag_operator.py for tasks to queue
[2023-07-20T23:09:12.384+0200] {logging_mixin.py:150} INFO - [2023-07-20T23:09:12.384+0200] {dagbag.py:541} INFO - Filling up the DagBag from /Users/dimitrikestenbaum/.pyenv/versions/3.11.4/envs/pelven/lib/python3.11/site-packages/airflow/example_dags/example_subdag_operator.py
[2023-07-20T23:09:13.103+0200] {processor.py:836} INFO - DAG(s) dict_keys(['example_subdag_operator.section-1', 'example_subdag_operator.section-2', 'example_subdag_operator']) retrieved from /Users/dimitrikestenbaum/.pyenv/versions/3.11.4/envs/pelven/lib/python3.11/site-packages/airflow/example_dags/example_subdag_operator.py
[2023-07-20T23:09:13.189+0200] {logging_mixin.py:150} INFO - [2023-07-20T23:09:13.189+0200] {dag.py:2742} INFO - Sync 3 DAGs
[2023-07-20T23:09:13.214+0200] {logging_mixin.py:150} INFO - [2023-07-20T23:09:13.214+0200] {dag.py:3504} INFO - Setting next_dagrun for example_subdag_operator to 2022-01-01T00:00:00+00:00, run_after=2022-01-01T00:00:00+00:00
[2023-07-20T23:09:13.218+0200] {logging_mixin.py:150} INFO - [2023-07-20T23:09:13.217+0200] {dag.py:3504} INFO - Setting next_dagrun for example_subdag_operator.section-1 to None, run_after=None
[2023-07-20T23:09:13.219+0200] {logging_mixin.py:150} INFO - [2023-07-20T23:09:13.219+0200] {dag.py:3504} INFO - Setting next_dagrun for example_subdag_operator.section-2 to None, run_after=None
[2023-07-20T23:09:13.229+0200] {logging_mixin.py:150} INFO - [2023-07-20T23:09:13.228+0200] {dag.py:2742} INFO - Sync 2 DAGs
[2023-07-20T23:09:13.235+0200] {logging_mixin.py:150} INFO - [2023-07-20T23:09:13.234+0200] {dag.py:3504} INFO - Setting next_dagrun for example_subdag_operator.section-1 to None, run_after=None
[2023-07-20T23:09:13.235+0200] {logging_mixin.py:150} INFO - [2023-07-20T23:09:13.235+0200] {dag.py:3504} INFO - Setting next_dagrun for example_subdag_operator.section-2 to None, run_after=None
[2023-07-20T23:09:13.247+0200] {processor.py:179} INFO - Processing /Users/dimitrikestenbaum/.pyenv/versions/3.11.4/envs/pelven/lib/python3.11/site-packages/airflow/example_dags/example_subdag_operator.py took 0.870 seconds
