[2023-07-20T22:57:53.646+0200] {processor.py:157} INFO - Started process (PID=13930) to work on /Users/dimitrikestenbaum/.pyenv/versions/3.11.4/envs/pelven/lib/python3.11/site-packages/airflow/example_dags/example_dag_decorator.py
[2023-07-20T22:57:53.650+0200] {processor.py:826} INFO - Processing file /Users/dimitrikestenbaum/.pyenv/versions/3.11.4/envs/pelven/lib/python3.11/site-packages/airflow/example_dags/example_dag_decorator.py for tasks to queue
[2023-07-20T22:57:53.650+0200] {logging_mixin.py:150} INFO - [2023-07-20T22:57:53.650+0200] {dagbag.py:541} INFO - Filling up the DagBag from /Users/dimitrikestenbaum/.pyenv/versions/3.11.4/envs/pelven/lib/python3.11/site-packages/airflow/example_dags/example_dag_decorator.py
[2023-07-20T22:57:53.864+0200] {processor.py:836} INFO - DAG(s) dict_keys(['example_dag_decorator']) retrieved from /Users/dimitrikestenbaum/.pyenv/versions/3.11.4/envs/pelven/lib/python3.11/site-packages/airflow/example_dags/example_dag_decorator.py
[2023-07-20T22:57:54.503+0200] {logging_mixin.py:150} INFO - [2023-07-20T22:57:54.503+0200] {manager.py:504} INFO - Created Permission View: can delete on DAG:example_dag_decorator
[2023-07-20T22:57:54.511+0200] {logging_mixin.py:150} INFO - [2023-07-20T22:57:54.511+0200] {manager.py:504} INFO - Created Permission View: can read on DAG:example_dag_decorator
[2023-07-20T22:57:54.517+0200] {logging_mixin.py:150} INFO - [2023-07-20T22:57:54.517+0200] {manager.py:504} INFO - Created Permission View: can edit on DAG:example_dag_decorator
[2023-07-20T22:57:54.526+0200] {logging_mixin.py:150} INFO - [2023-07-20T22:57:54.526+0200] {dag.py:2742} INFO - Sync 1 DAGs
[2023-07-20T22:57:54.533+0200] {logging_mixin.py:150} INFO - [2023-07-20T22:57:54.532+0200] {dag.py:2763} INFO - Creating ORM DAG for example_dag_decorator
[2023-07-20T22:57:54.539+0200] {logging_mixin.py:150} INFO - [2023-07-20T22:57:54.539+0200] {dag.py:3504} INFO - Setting next_dagrun for example_dag_decorator to None, run_after=None
[2023-07-20T22:57:54.557+0200] {processor.py:179} INFO - Processing /Users/dimitrikestenbaum/.pyenv/versions/3.11.4/envs/pelven/lib/python3.11/site-packages/airflow/example_dags/example_dag_decorator.py took 0.912 seconds
[2023-07-20T23:01:17.953+0200] {processor.py:157} INFO - Started process (PID=14130) to work on /Users/dimitrikestenbaum/.pyenv/versions/3.11.4/envs/pelven/lib/python3.11/site-packages/airflow/example_dags/example_dag_decorator.py
[2023-07-20T23:01:17.957+0200] {processor.py:826} INFO - Processing file /Users/dimitrikestenbaum/.pyenv/versions/3.11.4/envs/pelven/lib/python3.11/site-packages/airflow/example_dags/example_dag_decorator.py for tasks to queue
[2023-07-20T23:01:17.957+0200] {logging_mixin.py:150} INFO - [2023-07-20T23:01:17.957+0200] {dagbag.py:541} INFO - Filling up the DagBag from /Users/dimitrikestenbaum/.pyenv/versions/3.11.4/envs/pelven/lib/python3.11/site-packages/airflow/example_dags/example_dag_decorator.py
[2023-07-20T23:01:18.179+0200] {processor.py:836} INFO - DAG(s) dict_keys(['example_dag_decorator']) retrieved from /Users/dimitrikestenbaum/.pyenv/versions/3.11.4/envs/pelven/lib/python3.11/site-packages/airflow/example_dags/example_dag_decorator.py
[2023-07-20T23:01:18.846+0200] {logging_mixin.py:150} INFO - [2023-07-20T23:01:18.845+0200] {dag.py:2742} INFO - Sync 1 DAGs
[2023-07-20T23:01:18.858+0200] {logging_mixin.py:150} INFO - [2023-07-20T23:01:18.858+0200] {dag.py:3504} INFO - Setting next_dagrun for example_dag_decorator to None, run_after=None
[2023-07-20T23:01:18.876+0200] {processor.py:179} INFO - Processing /Users/dimitrikestenbaum/.pyenv/versions/3.11.4/envs/pelven/lib/python3.11/site-packages/airflow/example_dags/example_dag_decorator.py took 0.923 seconds
[2023-07-20T23:04:36.677+0200] {processor.py:157} INFO - Started process (PID=14566) to work on /Users/dimitrikestenbaum/.pyenv/versions/3.11.4/envs/pelven/lib/python3.11/site-packages/airflow/example_dags/example_dag_decorator.py
[2023-07-20T23:04:36.682+0200] {processor.py:826} INFO - Processing file /Users/dimitrikestenbaum/.pyenv/versions/3.11.4/envs/pelven/lib/python3.11/site-packages/airflow/example_dags/example_dag_decorator.py for tasks to queue
[2023-07-20T23:04:36.683+0200] {logging_mixin.py:150} INFO - [2023-07-20T23:04:36.682+0200] {dagbag.py:541} INFO - Filling up the DagBag from /Users/dimitrikestenbaum/.pyenv/versions/3.11.4/envs/pelven/lib/python3.11/site-packages/airflow/example_dags/example_dag_decorator.py
[2023-07-20T23:04:36.929+0200] {processor.py:836} INFO - DAG(s) dict_keys(['example_dag_decorator']) retrieved from /Users/dimitrikestenbaum/.pyenv/versions/3.11.4/envs/pelven/lib/python3.11/site-packages/airflow/example_dags/example_dag_decorator.py
[2023-07-20T23:04:37.693+0200] {logging_mixin.py:150} INFO - [2023-07-20T23:04:37.692+0200] {dag.py:2742} INFO - Sync 1 DAGs
[2023-07-20T23:04:37.707+0200] {logging_mixin.py:150} INFO - [2023-07-20T23:04:37.707+0200] {dag.py:3504} INFO - Setting next_dagrun for example_dag_decorator to None, run_after=None
[2023-07-20T23:04:37.725+0200] {processor.py:179} INFO - Processing /Users/dimitrikestenbaum/.pyenv/versions/3.11.4/envs/pelven/lib/python3.11/site-packages/airflow/example_dags/example_dag_decorator.py took 1.049 seconds
[2023-07-20T23:08:01.975+0200] {processor.py:157} INFO - Started process (PID=14936) to work on /Users/dimitrikestenbaum/.pyenv/versions/3.11.4/envs/pelven/lib/python3.11/site-packages/airflow/example_dags/example_dag_decorator.py
[2023-07-20T23:08:01.979+0200] {processor.py:826} INFO - Processing file /Users/dimitrikestenbaum/.pyenv/versions/3.11.4/envs/pelven/lib/python3.11/site-packages/airflow/example_dags/example_dag_decorator.py for tasks to queue
[2023-07-20T23:08:01.980+0200] {logging_mixin.py:150} INFO - [2023-07-20T23:08:01.980+0200] {dagbag.py:541} INFO - Filling up the DagBag from /Users/dimitrikestenbaum/.pyenv/versions/3.11.4/envs/pelven/lib/python3.11/site-packages/airflow/example_dags/example_dag_decorator.py
[2023-07-20T23:08:02.242+0200] {processor.py:836} INFO - DAG(s) dict_keys(['example_dag_decorator']) retrieved from /Users/dimitrikestenbaum/.pyenv/versions/3.11.4/envs/pelven/lib/python3.11/site-packages/airflow/example_dags/example_dag_decorator.py
[2023-07-20T23:08:02.968+0200] {logging_mixin.py:150} INFO - [2023-07-20T23:08:02.968+0200] {dag.py:2742} INFO - Sync 1 DAGs
[2023-07-20T23:08:02.982+0200] {logging_mixin.py:150} INFO - [2023-07-20T23:08:02.982+0200] {dag.py:3504} INFO - Setting next_dagrun for example_dag_decorator to None, run_after=None
[2023-07-20T23:08:03.004+0200] {processor.py:179} INFO - Processing /Users/dimitrikestenbaum/.pyenv/versions/3.11.4/envs/pelven/lib/python3.11/site-packages/airflow/example_dags/example_dag_decorator.py took 1.029 seconds
