[2023-07-20T22:57:08.672+0200] {processor.py:157} INFO - Started process (PID=13886) to work on /Users/dimitrikestenbaum/.pyenv/versions/3.11.4/envs/pelven/lib/python3.11/site-packages/airflow/example_dags/example_sensors.py
[2023-07-20T22:57:08.676+0200] {processor.py:826} INFO - Processing file /Users/dimitrikestenbaum/.pyenv/versions/3.11.4/envs/pelven/lib/python3.11/site-packages/airflow/example_dags/example_sensors.py for tasks to queue
[2023-07-20T22:57:08.677+0200] {logging_mixin.py:150} INFO - [2023-07-20T22:57:08.677+0200] {dagbag.py:541} INFO - Filling up the DagBag from /Users/dimitrikestenbaum/.pyenv/versions/3.11.4/envs/pelven/lib/python3.11/site-packages/airflow/example_dags/example_sensors.py
[2023-07-20T22:57:08.741+0200] {processor.py:836} INFO - DAG(s) dict_keys(['example_sensors']) retrieved from /Users/dimitrikestenbaum/.pyenv/versions/3.11.4/envs/pelven/lib/python3.11/site-packages/airflow/example_dags/example_sensors.py
[2023-07-20T22:57:09.607+0200] {logging_mixin.py:150} INFO - [2023-07-20T22:57:09.607+0200] {manager.py:504} INFO - Created Permission View: can read on DAG:example_sensors
[2023-07-20T22:57:09.617+0200] {logging_mixin.py:150} INFO - [2023-07-20T22:57:09.616+0200] {manager.py:504} INFO - Created Permission View: can edit on DAG:example_sensors
[2023-07-20T22:57:09.623+0200] {logging_mixin.py:150} INFO - [2023-07-20T22:57:09.623+0200] {manager.py:504} INFO - Created Permission View: can delete on DAG:example_sensors
[2023-07-20T22:57:09.635+0200] {logging_mixin.py:150} INFO - [2023-07-20T22:57:09.635+0200] {dag.py:2742} INFO - Sync 1 DAGs
[2023-07-20T22:57:09.645+0200] {logging_mixin.py:150} INFO - [2023-07-20T22:57:09.645+0200] {dag.py:2763} INFO - Creating ORM DAG for example_sensors
[2023-07-20T22:57:09.653+0200] {logging_mixin.py:150} INFO - [2023-07-20T22:57:09.653+0200] {dag.py:3504} INFO - Setting next_dagrun for example_sensors to None, run_after=None
[2023-07-20T22:57:09.672+0200] {processor.py:179} INFO - Processing /Users/dimitrikestenbaum/.pyenv/versions/3.11.4/envs/pelven/lib/python3.11/site-packages/airflow/example_dags/example_sensors.py took 1.000 seconds
[2023-07-20T22:59:21.459+0200] {processor.py:157} INFO - Started process (PID=14016) to work on /Users/dimitrikestenbaum/.pyenv/versions/3.11.4/envs/pelven/lib/python3.11/site-packages/airflow/example_dags/example_sensors.py
[2023-07-20T22:59:21.463+0200] {processor.py:826} INFO - Processing file /Users/dimitrikestenbaum/.pyenv/versions/3.11.4/envs/pelven/lib/python3.11/site-packages/airflow/example_dags/example_sensors.py for tasks to queue
[2023-07-20T22:59:21.463+0200] {logging_mixin.py:150} INFO - [2023-07-20T22:59:21.463+0200] {dagbag.py:541} INFO - Filling up the DagBag from /Users/dimitrikestenbaum/.pyenv/versions/3.11.4/envs/pelven/lib/python3.11/site-packages/airflow/example_dags/example_sensors.py
[2023-07-20T22:59:21.517+0200] {processor.py:836} INFO - DAG(s) dict_keys(['example_sensors']) retrieved from /Users/dimitrikestenbaum/.pyenv/versions/3.11.4/envs/pelven/lib/python3.11/site-packages/airflow/example_dags/example_sensors.py
[2023-07-20T22:59:22.250+0200] {logging_mixin.py:150} INFO - [2023-07-20T22:59:22.249+0200] {dag.py:2742} INFO - Sync 1 DAGs
[2023-07-20T22:59:22.266+0200] {logging_mixin.py:150} INFO - [2023-07-20T22:59:22.266+0200] {dag.py:3504} INFO - Setting next_dagrun for example_sensors to None, run_after=None
[2023-07-20T22:59:22.283+0200] {processor.py:179} INFO - Processing /Users/dimitrikestenbaum/.pyenv/versions/3.11.4/envs/pelven/lib/python3.11/site-packages/airflow/example_dags/example_sensors.py took 0.824 seconds
[2023-07-20T23:01:03.975+0200] {processor.py:157} INFO - Started process (PID=14116) to work on /Users/dimitrikestenbaum/.pyenv/versions/3.11.4/envs/pelven/lib/python3.11/site-packages/airflow/example_dags/example_sensors.py
[2023-07-20T23:01:03.979+0200] {processor.py:826} INFO - Processing file /Users/dimitrikestenbaum/.pyenv/versions/3.11.4/envs/pelven/lib/python3.11/site-packages/airflow/example_dags/example_sensors.py for tasks to queue
[2023-07-20T23:01:03.979+0200] {logging_mixin.py:150} INFO - [2023-07-20T23:01:03.979+0200] {dagbag.py:541} INFO - Filling up the DagBag from /Users/dimitrikestenbaum/.pyenv/versions/3.11.4/envs/pelven/lib/python3.11/site-packages/airflow/example_dags/example_sensors.py
[2023-07-20T23:01:04.060+0200] {processor.py:836} INFO - DAG(s) dict_keys(['example_sensors']) retrieved from /Users/dimitrikestenbaum/.pyenv/versions/3.11.4/envs/pelven/lib/python3.11/site-packages/airflow/example_dags/example_sensors.py
[2023-07-20T23:01:04.755+0200] {logging_mixin.py:150} INFO - [2023-07-20T23:01:04.755+0200] {dag.py:2742} INFO - Sync 1 DAGs
[2023-07-20T23:01:04.771+0200] {logging_mixin.py:150} INFO - [2023-07-20T23:01:04.771+0200] {dag.py:3504} INFO - Setting next_dagrun for example_sensors to None, run_after=None
[2023-07-20T23:01:04.787+0200] {processor.py:179} INFO - Processing /Users/dimitrikestenbaum/.pyenv/versions/3.11.4/envs/pelven/lib/python3.11/site-packages/airflow/example_dags/example_sensors.py took 0.812 seconds
[2023-07-20T23:02:45.317+0200] {processor.py:157} INFO - Started process (PID=14231) to work on /Users/dimitrikestenbaum/.pyenv/versions/3.11.4/envs/pelven/lib/python3.11/site-packages/airflow/example_dags/example_sensors.py
[2023-07-20T23:02:45.321+0200] {processor.py:826} INFO - Processing file /Users/dimitrikestenbaum/.pyenv/versions/3.11.4/envs/pelven/lib/python3.11/site-packages/airflow/example_dags/example_sensors.py for tasks to queue
[2023-07-20T23:02:45.322+0200] {logging_mixin.py:150} INFO - [2023-07-20T23:02:45.322+0200] {dagbag.py:541} INFO - Filling up the DagBag from /Users/dimitrikestenbaum/.pyenv/versions/3.11.4/envs/pelven/lib/python3.11/site-packages/airflow/example_dags/example_sensors.py
[2023-07-20T23:02:45.401+0200] {processor.py:836} INFO - DAG(s) dict_keys(['example_sensors']) retrieved from /Users/dimitrikestenbaum/.pyenv/versions/3.11.4/envs/pelven/lib/python3.11/site-packages/airflow/example_dags/example_sensors.py
[2023-07-20T23:02:46.099+0200] {logging_mixin.py:150} INFO - [2023-07-20T23:02:46.099+0200] {dag.py:2742} INFO - Sync 1 DAGs
[2023-07-20T23:02:46.115+0200] {logging_mixin.py:150} INFO - [2023-07-20T23:02:46.115+0200] {dag.py:3504} INFO - Setting next_dagrun for example_sensors to None, run_after=None
[2023-07-20T23:02:46.133+0200] {processor.py:179} INFO - Processing /Users/dimitrikestenbaum/.pyenv/versions/3.11.4/envs/pelven/lib/python3.11/site-packages/airflow/example_dags/example_sensors.py took 0.817 seconds
[2023-07-20T23:04:25.255+0200] {processor.py:157} INFO - Started process (PID=14513) to work on /Users/dimitrikestenbaum/.pyenv/versions/3.11.4/envs/pelven/lib/python3.11/site-packages/airflow/example_dags/example_sensors.py
[2023-07-20T23:04:25.259+0200] {processor.py:826} INFO - Processing file /Users/dimitrikestenbaum/.pyenv/versions/3.11.4/envs/pelven/lib/python3.11/site-packages/airflow/example_dags/example_sensors.py for tasks to queue
[2023-07-20T23:04:25.259+0200] {logging_mixin.py:150} INFO - [2023-07-20T23:04:25.259+0200] {dagbag.py:541} INFO - Filling up the DagBag from /Users/dimitrikestenbaum/.pyenv/versions/3.11.4/envs/pelven/lib/python3.11/site-packages/airflow/example_dags/example_sensors.py
[2023-07-20T23:04:25.316+0200] {processor.py:836} INFO - DAG(s) dict_keys(['example_sensors']) retrieved from /Users/dimitrikestenbaum/.pyenv/versions/3.11.4/envs/pelven/lib/python3.11/site-packages/airflow/example_dags/example_sensors.py
[2023-07-20T23:04:25.985+0200] {logging_mixin.py:150} INFO - [2023-07-20T23:04:25.984+0200] {dag.py:2742} INFO - Sync 1 DAGs
[2023-07-20T23:04:26.000+0200] {logging_mixin.py:150} INFO - [2023-07-20T23:04:26.000+0200] {dag.py:3504} INFO - Setting next_dagrun for example_sensors to None, run_after=None
[2023-07-20T23:04:26.017+0200] {processor.py:179} INFO - Processing /Users/dimitrikestenbaum/.pyenv/versions/3.11.4/envs/pelven/lib/python3.11/site-packages/airflow/example_dags/example_sensors.py took 0.763 seconds
[2023-07-20T23:06:02.226+0200] {processor.py:157} INFO - Started process (PID=14805) to work on /Users/dimitrikestenbaum/.pyenv/versions/3.11.4/envs/pelven/lib/python3.11/site-packages/airflow/example_dags/example_sensors.py
[2023-07-20T23:06:02.230+0200] {processor.py:826} INFO - Processing file /Users/dimitrikestenbaum/.pyenv/versions/3.11.4/envs/pelven/lib/python3.11/site-packages/airflow/example_dags/example_sensors.py for tasks to queue
[2023-07-20T23:06:02.231+0200] {logging_mixin.py:150} INFO - [2023-07-20T23:06:02.231+0200] {dagbag.py:541} INFO - Filling up the DagBag from /Users/dimitrikestenbaum/.pyenv/versions/3.11.4/envs/pelven/lib/python3.11/site-packages/airflow/example_dags/example_sensors.py
[2023-07-20T23:06:02.278+0200] {processor.py:836} INFO - DAG(s) dict_keys(['example_sensors']) retrieved from /Users/dimitrikestenbaum/.pyenv/versions/3.11.4/envs/pelven/lib/python3.11/site-packages/airflow/example_dags/example_sensors.py
[2023-07-20T23:06:02.957+0200] {logging_mixin.py:150} INFO - [2023-07-20T23:06:02.957+0200] {dag.py:2742} INFO - Sync 1 DAGs
[2023-07-20T23:06:02.969+0200] {logging_mixin.py:150} INFO - [2023-07-20T23:06:02.969+0200] {dag.py:3504} INFO - Setting next_dagrun for example_sensors to None, run_after=None
[2023-07-20T23:06:02.983+0200] {processor.py:179} INFO - Processing /Users/dimitrikestenbaum/.pyenv/versions/3.11.4/envs/pelven/lib/python3.11/site-packages/airflow/example_dags/example_sensors.py took 0.758 seconds
[2023-07-20T23:07:47.326+0200] {processor.py:157} INFO - Started process (PID=14920) to work on /Users/dimitrikestenbaum/.pyenv/versions/3.11.4/envs/pelven/lib/python3.11/site-packages/airflow/example_dags/example_sensors.py
[2023-07-20T23:07:47.331+0200] {processor.py:826} INFO - Processing file /Users/dimitrikestenbaum/.pyenv/versions/3.11.4/envs/pelven/lib/python3.11/site-packages/airflow/example_dags/example_sensors.py for tasks to queue
[2023-07-20T23:07:47.332+0200] {logging_mixin.py:150} INFO - [2023-07-20T23:07:47.331+0200] {dagbag.py:541} INFO - Filling up the DagBag from /Users/dimitrikestenbaum/.pyenv/versions/3.11.4/envs/pelven/lib/python3.11/site-packages/airflow/example_dags/example_sensors.py
[2023-07-20T23:07:47.413+0200] {processor.py:836} INFO - DAG(s) dict_keys(['example_sensors']) retrieved from /Users/dimitrikestenbaum/.pyenv/versions/3.11.4/envs/pelven/lib/python3.11/site-packages/airflow/example_dags/example_sensors.py
[2023-07-20T23:07:48.887+0200] {logging_mixin.py:150} INFO - [2023-07-20T23:07:48.887+0200] {dag.py:2742} INFO - Sync 1 DAGs
[2023-07-20T23:07:48.905+0200] {logging_mixin.py:150} INFO - [2023-07-20T23:07:48.905+0200] {dag.py:3504} INFO - Setting next_dagrun for example_sensors to None, run_after=None
[2023-07-20T23:07:48.925+0200] {processor.py:179} INFO - Processing /Users/dimitrikestenbaum/.pyenv/versions/3.11.4/envs/pelven/lib/python3.11/site-packages/airflow/example_dags/example_sensors.py took 1.601 seconds
[2023-07-20T23:09:31.511+0200] {processor.py:157} INFO - Started process (PID=15035) to work on /Users/dimitrikestenbaum/.pyenv/versions/3.11.4/envs/pelven/lib/python3.11/site-packages/airflow/example_dags/example_sensors.py
[2023-07-20T23:09:31.515+0200] {processor.py:826} INFO - Processing file /Users/dimitrikestenbaum/.pyenv/versions/3.11.4/envs/pelven/lib/python3.11/site-packages/airflow/example_dags/example_sensors.py for tasks to queue
[2023-07-20T23:09:31.516+0200] {logging_mixin.py:150} INFO - [2023-07-20T23:09:31.515+0200] {dagbag.py:541} INFO - Filling up the DagBag from /Users/dimitrikestenbaum/.pyenv/versions/3.11.4/envs/pelven/lib/python3.11/site-packages/airflow/example_dags/example_sensors.py
[2023-07-20T23:09:31.574+0200] {processor.py:836} INFO - DAG(s) dict_keys(['example_sensors']) retrieved from /Users/dimitrikestenbaum/.pyenv/versions/3.11.4/envs/pelven/lib/python3.11/site-packages/airflow/example_dags/example_sensors.py
[2023-07-20T23:09:32.309+0200] {logging_mixin.py:150} INFO - [2023-07-20T23:09:32.309+0200] {dag.py:2742} INFO - Sync 1 DAGs
[2023-07-20T23:09:32.325+0200] {logging_mixin.py:150} INFO - [2023-07-20T23:09:32.325+0200] {dag.py:3504} INFO - Setting next_dagrun for example_sensors to None, run_after=None
[2023-07-20T23:09:32.342+0200] {processor.py:179} INFO - Processing /Users/dimitrikestenbaum/.pyenv/versions/3.11.4/envs/pelven/lib/python3.11/site-packages/airflow/example_dags/example_sensors.py took 0.832 seconds
