[2023-07-20T22:57:03.401+0200] {processor.py:157} INFO - Started process (PID=13884) to work on /Users/dimitrikestenbaum/.pyenv/versions/3.11.4/envs/pelven/lib/python3.11/site-packages/airflow/example_dags/example_setup_teardown_taskflow.py
[2023-07-20T22:57:03.405+0200] {processor.py:826} INFO - Processing file /Users/dimitrikestenbaum/.pyenv/versions/3.11.4/envs/pelven/lib/python3.11/site-packages/airflow/example_dags/example_setup_teardown_taskflow.py for tasks to queue
[2023-07-20T22:57:03.405+0200] {logging_mixin.py:150} INFO - [2023-07-20T22:57:03.405+0200] {dagbag.py:541} INFO - Filling up the DagBag from /Users/dimitrikestenbaum/.pyenv/versions/3.11.4/envs/pelven/lib/python3.11/site-packages/airflow/example_dags/example_setup_teardown_taskflow.py
[2023-07-20T22:57:03.472+0200] {processor.py:838} WARNING - No viable dags retrieved from /Users/dimitrikestenbaum/.pyenv/versions/3.11.4/envs/pelven/lib/python3.11/site-packages/airflow/example_dags/example_setup_teardown_taskflow.py
[2023-07-20T22:57:04.134+0200] {processor.py:179} INFO - Processing /Users/dimitrikestenbaum/.pyenv/versions/3.11.4/envs/pelven/lib/python3.11/site-packages/airflow/example_dags/example_setup_teardown_taskflow.py took 0.733 seconds
[2023-07-20T22:59:15.986+0200] {processor.py:157} INFO - Started process (PID=14013) to work on /Users/dimitrikestenbaum/.pyenv/versions/3.11.4/envs/pelven/lib/python3.11/site-packages/airflow/example_dags/example_setup_teardown_taskflow.py
[2023-07-20T22:59:15.989+0200] {processor.py:826} INFO - Processing file /Users/dimitrikestenbaum/.pyenv/versions/3.11.4/envs/pelven/lib/python3.11/site-packages/airflow/example_dags/example_setup_teardown_taskflow.py for tasks to queue
[2023-07-20T22:59:15.990+0200] {logging_mixin.py:150} INFO - [2023-07-20T22:59:15.990+0200] {dagbag.py:541} INFO - Filling up the DagBag from /Users/dimitrikestenbaum/.pyenv/versions/3.11.4/envs/pelven/lib/python3.11/site-packages/airflow/example_dags/example_setup_teardown_taskflow.py
[2023-07-20T22:59:16.057+0200] {processor.py:838} WARNING - No viable dags retrieved from /Users/dimitrikestenbaum/.pyenv/versions/3.11.4/envs/pelven/lib/python3.11/site-packages/airflow/example_dags/example_setup_teardown_taskflow.py
[2023-07-20T22:59:16.718+0200] {processor.py:179} INFO - Processing /Users/dimitrikestenbaum/.pyenv/versions/3.11.4/envs/pelven/lib/python3.11/site-packages/airflow/example_dags/example_setup_teardown_taskflow.py took 0.733 seconds
[2023-07-20T23:00:59.080+0200] {processor.py:157} INFO - Started process (PID=14114) to work on /Users/dimitrikestenbaum/.pyenv/versions/3.11.4/envs/pelven/lib/python3.11/site-packages/airflow/example_dags/example_setup_teardown_taskflow.py
[2023-07-20T23:00:59.083+0200] {processor.py:826} INFO - Processing file /Users/dimitrikestenbaum/.pyenv/versions/3.11.4/envs/pelven/lib/python3.11/site-packages/airflow/example_dags/example_setup_teardown_taskflow.py for tasks to queue
[2023-07-20T23:00:59.083+0200] {logging_mixin.py:150} INFO - [2023-07-20T23:00:59.083+0200] {dagbag.py:541} INFO - Filling up the DagBag from /Users/dimitrikestenbaum/.pyenv/versions/3.11.4/envs/pelven/lib/python3.11/site-packages/airflow/example_dags/example_setup_teardown_taskflow.py
[2023-07-20T23:00:59.140+0200] {processor.py:838} WARNING - No viable dags retrieved from /Users/dimitrikestenbaum/.pyenv/versions/3.11.4/envs/pelven/lib/python3.11/site-packages/airflow/example_dags/example_setup_teardown_taskflow.py
[2023-07-20T23:00:59.780+0200] {processor.py:179} INFO - Processing /Users/dimitrikestenbaum/.pyenv/versions/3.11.4/envs/pelven/lib/python3.11/site-packages/airflow/example_dags/example_setup_teardown_taskflow.py took 0.701 seconds
[2023-07-20T23:02:40.723+0200] {processor.py:157} INFO - Started process (PID=14229) to work on /Users/dimitrikestenbaum/.pyenv/versions/3.11.4/envs/pelven/lib/python3.11/site-packages/airflow/example_dags/example_setup_teardown_taskflow.py
[2023-07-20T23:02:40.727+0200] {processor.py:826} INFO - Processing file /Users/dimitrikestenbaum/.pyenv/versions/3.11.4/envs/pelven/lib/python3.11/site-packages/airflow/example_dags/example_setup_teardown_taskflow.py for tasks to queue
[2023-07-20T23:02:40.728+0200] {logging_mixin.py:150} INFO - [2023-07-20T23:02:40.728+0200] {dagbag.py:541} INFO - Filling up the DagBag from /Users/dimitrikestenbaum/.pyenv/versions/3.11.4/envs/pelven/lib/python3.11/site-packages/airflow/example_dags/example_setup_teardown_taskflow.py
[2023-07-20T23:02:40.787+0200] {processor.py:838} WARNING - No viable dags retrieved from /Users/dimitrikestenbaum/.pyenv/versions/3.11.4/envs/pelven/lib/python3.11/site-packages/airflow/example_dags/example_setup_teardown_taskflow.py
[2023-07-20T23:02:41.346+0200] {processor.py:179} INFO - Processing /Users/dimitrikestenbaum/.pyenv/versions/3.11.4/envs/pelven/lib/python3.11/site-packages/airflow/example_dags/example_setup_teardown_taskflow.py took 0.624 seconds
[2023-07-20T23:04:19.707+0200] {processor.py:157} INFO - Started process (PID=14503) to work on /Users/dimitrikestenbaum/.pyenv/versions/3.11.4/envs/pelven/lib/python3.11/site-packages/airflow/example_dags/example_setup_teardown_taskflow.py
[2023-07-20T23:04:19.711+0200] {processor.py:826} INFO - Processing file /Users/dimitrikestenbaum/.pyenv/versions/3.11.4/envs/pelven/lib/python3.11/site-packages/airflow/example_dags/example_setup_teardown_taskflow.py for tasks to queue
[2023-07-20T23:04:19.713+0200] {logging_mixin.py:150} INFO - [2023-07-20T23:04:19.713+0200] {dagbag.py:541} INFO - Filling up the DagBag from /Users/dimitrikestenbaum/.pyenv/versions/3.11.4/envs/pelven/lib/python3.11/site-packages/airflow/example_dags/example_setup_teardown_taskflow.py
[2023-07-20T23:04:19.788+0200] {processor.py:838} WARNING - No viable dags retrieved from /Users/dimitrikestenbaum/.pyenv/versions/3.11.4/envs/pelven/lib/python3.11/site-packages/airflow/example_dags/example_setup_teardown_taskflow.py
[2023-07-20T23:04:20.400+0200] {processor.py:179} INFO - Processing /Users/dimitrikestenbaum/.pyenv/versions/3.11.4/envs/pelven/lib/python3.11/site-packages/airflow/example_dags/example_setup_teardown_taskflow.py took 0.694 seconds
[2023-07-20T23:05:57.004+0200] {processor.py:157} INFO - Started process (PID=14803) to work on /Users/dimitrikestenbaum/.pyenv/versions/3.11.4/envs/pelven/lib/python3.11/site-packages/airflow/example_dags/example_setup_teardown_taskflow.py
[2023-07-20T23:05:57.009+0200] {processor.py:826} INFO - Processing file /Users/dimitrikestenbaum/.pyenv/versions/3.11.4/envs/pelven/lib/python3.11/site-packages/airflow/example_dags/example_setup_teardown_taskflow.py for tasks to queue
[2023-07-20T23:05:57.010+0200] {logging_mixin.py:150} INFO - [2023-07-20T23:05:57.010+0200] {dagbag.py:541} INFO - Filling up the DagBag from /Users/dimitrikestenbaum/.pyenv/versions/3.11.4/envs/pelven/lib/python3.11/site-packages/airflow/example_dags/example_setup_teardown_taskflow.py
[2023-07-20T23:05:57.087+0200] {processor.py:838} WARNING - No viable dags retrieved from /Users/dimitrikestenbaum/.pyenv/versions/3.11.4/envs/pelven/lib/python3.11/site-packages/airflow/example_dags/example_setup_teardown_taskflow.py
[2023-07-20T23:05:57.652+0200] {processor.py:179} INFO - Processing /Users/dimitrikestenbaum/.pyenv/versions/3.11.4/envs/pelven/lib/python3.11/site-packages/airflow/example_dags/example_setup_teardown_taskflow.py took 0.649 seconds
[2023-07-20T23:07:41.683+0200] {processor.py:157} INFO - Started process (PID=14918) to work on /Users/dimitrikestenbaum/.pyenv/versions/3.11.4/envs/pelven/lib/python3.11/site-packages/airflow/example_dags/example_setup_teardown_taskflow.py
[2023-07-20T23:07:41.687+0200] {processor.py:826} INFO - Processing file /Users/dimitrikestenbaum/.pyenv/versions/3.11.4/envs/pelven/lib/python3.11/site-packages/airflow/example_dags/example_setup_teardown_taskflow.py for tasks to queue
[2023-07-20T23:07:41.689+0200] {logging_mixin.py:150} INFO - [2023-07-20T23:07:41.689+0200] {dagbag.py:541} INFO - Filling up the DagBag from /Users/dimitrikestenbaum/.pyenv/versions/3.11.4/envs/pelven/lib/python3.11/site-packages/airflow/example_dags/example_setup_teardown_taskflow.py
[2023-07-20T23:07:41.765+0200] {processor.py:838} WARNING - No viable dags retrieved from /Users/dimitrikestenbaum/.pyenv/versions/3.11.4/envs/pelven/lib/python3.11/site-packages/airflow/example_dags/example_setup_teardown_taskflow.py
[2023-07-20T23:07:42.347+0200] {processor.py:179} INFO - Processing /Users/dimitrikestenbaum/.pyenv/versions/3.11.4/envs/pelven/lib/python3.11/site-packages/airflow/example_dags/example_setup_teardown_taskflow.py took 0.665 seconds
[2023-07-20T23:09:27.494+0200] {processor.py:157} INFO - Started process (PID=15033) to work on /Users/dimitrikestenbaum/.pyenv/versions/3.11.4/envs/pelven/lib/python3.11/site-packages/airflow/example_dags/example_setup_teardown_taskflow.py
[2023-07-20T23:09:27.499+0200] {processor.py:826} INFO - Processing file /Users/dimitrikestenbaum/.pyenv/versions/3.11.4/envs/pelven/lib/python3.11/site-packages/airflow/example_dags/example_setup_teardown_taskflow.py for tasks to queue
[2023-07-20T23:09:27.500+0200] {logging_mixin.py:150} INFO - [2023-07-20T23:09:27.499+0200] {dagbag.py:541} INFO - Filling up the DagBag from /Users/dimitrikestenbaum/.pyenv/versions/3.11.4/envs/pelven/lib/python3.11/site-packages/airflow/example_dags/example_setup_teardown_taskflow.py
[2023-07-20T23:09:27.566+0200] {processor.py:838} WARNING - No viable dags retrieved from /Users/dimitrikestenbaum/.pyenv/versions/3.11.4/envs/pelven/lib/python3.11/site-packages/airflow/example_dags/example_setup_teardown_taskflow.py
[2023-07-20T23:09:28.251+0200] {processor.py:179} INFO - Processing /Users/dimitrikestenbaum/.pyenv/versions/3.11.4/envs/pelven/lib/python3.11/site-packages/airflow/example_dags/example_setup_teardown_taskflow.py took 0.757 seconds
