[2023-07-20T22:57:47.250+0200] {processor.py:157} INFO - Started process (PID=13927) to work on /Users/dimitrikestenbaum/.pyenv/versions/3.11.4/envs/pelven/lib/python3.11/site-packages/airflow/example_dags/example_dynamic_task_mapping.py
[2023-07-20T22:57:47.253+0200] {processor.py:826} INFO - Processing file /Users/dimitrikestenbaum/.pyenv/versions/3.11.4/envs/pelven/lib/python3.11/site-packages/airflow/example_dags/example_dynamic_task_mapping.py for tasks to queue
[2023-07-20T22:57:47.253+0200] {logging_mixin.py:150} INFO - [2023-07-20T22:57:47.253+0200] {dagbag.py:541} INFO - Filling up the DagBag from /Users/dimitrikestenbaum/.pyenv/versions/3.11.4/envs/pelven/lib/python3.11/site-packages/airflow/example_dags/example_dynamic_task_mapping.py
[2023-07-20T22:57:47.333+0200] {processor.py:836} INFO - DAG(s) dict_keys(['example_dynamic_task_mapping']) retrieved from /Users/dimitrikestenbaum/.pyenv/versions/3.11.4/envs/pelven/lib/python3.11/site-packages/airflow/example_dags/example_dynamic_task_mapping.py
[2023-07-20T22:57:48.175+0200] {logging_mixin.py:150} INFO - [2023-07-20T22:57:48.175+0200] {manager.py:504} INFO - Created Permission View: can read on DAG:example_dynamic_task_mapping
[2023-07-20T22:57:48.184+0200] {logging_mixin.py:150} INFO - [2023-07-20T22:57:48.184+0200] {manager.py:504} INFO - Created Permission View: can delete on DAG:example_dynamic_task_mapping
[2023-07-20T22:57:48.190+0200] {logging_mixin.py:150} INFO - [2023-07-20T22:57:48.190+0200] {manager.py:504} INFO - Created Permission View: can edit on DAG:example_dynamic_task_mapping
[2023-07-20T22:57:48.201+0200] {logging_mixin.py:150} INFO - [2023-07-20T22:57:48.201+0200] {dag.py:2742} INFO - Sync 1 DAGs
[2023-07-20T22:57:48.209+0200] {logging_mixin.py:150} INFO - [2023-07-20T22:57:48.209+0200] {dag.py:2763} INFO - Creating ORM DAG for example_dynamic_task_mapping
[2023-07-20T22:57:48.217+0200] {logging_mixin.py:150} INFO - [2023-07-20T22:57:48.217+0200] {dag.py:3504} INFO - Setting next_dagrun for example_dynamic_task_mapping to 2022-03-04T00:00:00+00:00, run_after=2022-03-05T00:00:00+00:00
[2023-07-20T22:57:48.234+0200] {processor.py:179} INFO - Processing /Users/dimitrikestenbaum/.pyenv/versions/3.11.4/envs/pelven/lib/python3.11/site-packages/airflow/example_dags/example_dynamic_task_mapping.py took 0.985 seconds
[2023-07-20T23:00:00.613+0200] {processor.py:157} INFO - Started process (PID=14057) to work on /Users/dimitrikestenbaum/.pyenv/versions/3.11.4/envs/pelven/lib/python3.11/site-packages/airflow/example_dags/example_dynamic_task_mapping.py
[2023-07-20T23:00:00.616+0200] {processor.py:826} INFO - Processing file /Users/dimitrikestenbaum/.pyenv/versions/3.11.4/envs/pelven/lib/python3.11/site-packages/airflow/example_dags/example_dynamic_task_mapping.py for tasks to queue
[2023-07-20T23:00:00.618+0200] {logging_mixin.py:150} INFO - [2023-07-20T23:00:00.618+0200] {dagbag.py:541} INFO - Filling up the DagBag from /Users/dimitrikestenbaum/.pyenv/versions/3.11.4/envs/pelven/lib/python3.11/site-packages/airflow/example_dags/example_dynamic_task_mapping.py
[2023-07-20T23:00:00.687+0200] {processor.py:836} INFO - DAG(s) dict_keys(['example_dynamic_task_mapping']) retrieved from /Users/dimitrikestenbaum/.pyenv/versions/3.11.4/envs/pelven/lib/python3.11/site-packages/airflow/example_dags/example_dynamic_task_mapping.py
[2023-07-20T23:00:01.386+0200] {logging_mixin.py:150} INFO - [2023-07-20T23:00:01.386+0200] {dag.py:2742} INFO - Sync 1 DAGs
[2023-07-20T23:00:01.402+0200] {logging_mixin.py:150} INFO - [2023-07-20T23:00:01.402+0200] {dag.py:3504} INFO - Setting next_dagrun for example_dynamic_task_mapping to 2022-03-04T00:00:00+00:00, run_after=2022-03-05T00:00:00+00:00
[2023-07-20T23:00:01.419+0200] {processor.py:179} INFO - Processing /Users/dimitrikestenbaum/.pyenv/versions/3.11.4/envs/pelven/lib/python3.11/site-packages/airflow/example_dags/example_dynamic_task_mapping.py took 0.808 seconds
[2023-07-20T23:03:19.050+0200] {processor.py:157} INFO - Started process (PID=14319) to work on /Users/dimitrikestenbaum/.pyenv/versions/3.11.4/envs/pelven/lib/python3.11/site-packages/airflow/example_dags/example_dynamic_task_mapping.py
[2023-07-20T23:03:19.054+0200] {processor.py:826} INFO - Processing file /Users/dimitrikestenbaum/.pyenv/versions/3.11.4/envs/pelven/lib/python3.11/site-packages/airflow/example_dags/example_dynamic_task_mapping.py for tasks to queue
[2023-07-20T23:03:19.055+0200] {logging_mixin.py:150} INFO - [2023-07-20T23:03:19.055+0200] {dagbag.py:541} INFO - Filling up the DagBag from /Users/dimitrikestenbaum/.pyenv/versions/3.11.4/envs/pelven/lib/python3.11/site-packages/airflow/example_dags/example_dynamic_task_mapping.py
[2023-07-20T23:03:19.126+0200] {processor.py:836} INFO - DAG(s) dict_keys(['example_dynamic_task_mapping']) retrieved from /Users/dimitrikestenbaum/.pyenv/versions/3.11.4/envs/pelven/lib/python3.11/site-packages/airflow/example_dags/example_dynamic_task_mapping.py
[2023-07-20T23:03:19.827+0200] {logging_mixin.py:150} INFO - [2023-07-20T23:03:19.827+0200] {dag.py:2742} INFO - Sync 1 DAGs
[2023-07-20T23:03:19.842+0200] {logging_mixin.py:150} INFO - [2023-07-20T23:03:19.842+0200] {dag.py:3504} INFO - Setting next_dagrun for example_dynamic_task_mapping to 2022-03-04T00:00:00+00:00, run_after=2022-03-05T00:00:00+00:00
[2023-07-20T23:03:19.857+0200] {processor.py:179} INFO - Processing /Users/dimitrikestenbaum/.pyenv/versions/3.11.4/envs/pelven/lib/python3.11/site-packages/airflow/example_dags/example_dynamic_task_mapping.py took 0.808 seconds
[2023-07-20T23:06:40.358+0200] {processor.py:157} INFO - Started process (PID=14846) to work on /Users/dimitrikestenbaum/.pyenv/versions/3.11.4/envs/pelven/lib/python3.11/site-packages/airflow/example_dags/example_dynamic_task_mapping.py
[2023-07-20T23:06:40.363+0200] {processor.py:826} INFO - Processing file /Users/dimitrikestenbaum/.pyenv/versions/3.11.4/envs/pelven/lib/python3.11/site-packages/airflow/example_dags/example_dynamic_task_mapping.py for tasks to queue
[2023-07-20T23:06:40.364+0200] {logging_mixin.py:150} INFO - [2023-07-20T23:06:40.364+0200] {dagbag.py:541} INFO - Filling up the DagBag from /Users/dimitrikestenbaum/.pyenv/versions/3.11.4/envs/pelven/lib/python3.11/site-packages/airflow/example_dags/example_dynamic_task_mapping.py
[2023-07-20T23:06:40.440+0200] {processor.py:836} INFO - DAG(s) dict_keys(['example_dynamic_task_mapping']) retrieved from /Users/dimitrikestenbaum/.pyenv/versions/3.11.4/envs/pelven/lib/python3.11/site-packages/airflow/example_dags/example_dynamic_task_mapping.py
[2023-07-20T23:06:41.215+0200] {logging_mixin.py:150} INFO - [2023-07-20T23:06:41.214+0200] {dag.py:2742} INFO - Sync 1 DAGs
[2023-07-20T23:06:41.231+0200] {logging_mixin.py:150} INFO - [2023-07-20T23:06:41.231+0200] {dag.py:3504} INFO - Setting next_dagrun for example_dynamic_task_mapping to 2022-03-04T00:00:00+00:00, run_after=2022-03-05T00:00:00+00:00
[2023-07-20T23:06:41.252+0200] {processor.py:179} INFO - Processing /Users/dimitrikestenbaum/.pyenv/versions/3.11.4/envs/pelven/lib/python3.11/site-packages/airflow/example_dags/example_dynamic_task_mapping.py took 0.894 seconds
[2023-07-20T23:10:12.641+0200] {processor.py:157} INFO - Started process (PID=15082) to work on /Users/dimitrikestenbaum/.pyenv/versions/3.11.4/envs/pelven/lib/python3.11/site-packages/airflow/example_dags/example_dynamic_task_mapping.py
[2023-07-20T23:10:12.646+0200] {processor.py:826} INFO - Processing file /Users/dimitrikestenbaum/.pyenv/versions/3.11.4/envs/pelven/lib/python3.11/site-packages/airflow/example_dags/example_dynamic_task_mapping.py for tasks to queue
[2023-07-20T23:10:12.646+0200] {logging_mixin.py:150} INFO - [2023-07-20T23:10:12.646+0200] {dagbag.py:541} INFO - Filling up the DagBag from /Users/dimitrikestenbaum/.pyenv/versions/3.11.4/envs/pelven/lib/python3.11/site-packages/airflow/example_dags/example_dynamic_task_mapping.py
[2023-07-20T23:10:12.729+0200] {processor.py:836} INFO - DAG(s) dict_keys(['example_dynamic_task_mapping']) retrieved from /Users/dimitrikestenbaum/.pyenv/versions/3.11.4/envs/pelven/lib/python3.11/site-packages/airflow/example_dags/example_dynamic_task_mapping.py
[2023-07-20T23:10:13.666+0200] {logging_mixin.py:150} INFO - [2023-07-20T23:10:13.666+0200] {dag.py:2742} INFO - Sync 1 DAGs
[2023-07-20T23:10:13.689+0200] {logging_mixin.py:150} INFO - [2023-07-20T23:10:13.689+0200] {dag.py:3504} INFO - Setting next_dagrun for example_dynamic_task_mapping to 2022-03-04T00:00:00+00:00, run_after=2022-03-05T00:00:00+00:00
[2023-07-20T23:10:13.712+0200] {processor.py:179} INFO - Processing /Users/dimitrikestenbaum/.pyenv/versions/3.11.4/envs/pelven/lib/python3.11/site-packages/airflow/example_dags/example_dynamic_task_mapping.py took 1.072 seconds
