[2023-07-20T22:57:06.242+0200] {processor.py:157} INFO - Started process (PID=13885) to work on /Users/dimitrikestenbaum/.pyenv/versions/3.11.4/envs/pelven/lib/python3.11/site-packages/airflow/example_dags/example_setup_teardown.py
[2023-07-20T22:57:06.246+0200] {processor.py:826} INFO - Processing file /Users/dimitrikestenbaum/.pyenv/versions/3.11.4/envs/pelven/lib/python3.11/site-packages/airflow/example_dags/example_setup_teardown.py for tasks to queue
[2023-07-20T22:57:06.246+0200] {logging_mixin.py:150} INFO - [2023-07-20T22:57:06.246+0200] {dagbag.py:541} INFO - Filling up the DagBag from /Users/dimitrikestenbaum/.pyenv/versions/3.11.4/envs/pelven/lib/python3.11/site-packages/airflow/example_dags/example_setup_teardown.py
[2023-07-20T22:57:06.249+0200] {processor.py:838} WARNING - No viable dags retrieved from /Users/dimitrikestenbaum/.pyenv/versions/3.11.4/envs/pelven/lib/python3.11/site-packages/airflow/example_dags/example_setup_teardown.py
[2023-07-20T22:57:06.957+0200] {processor.py:179} INFO - Processing /Users/dimitrikestenbaum/.pyenv/versions/3.11.4/envs/pelven/lib/python3.11/site-packages/airflow/example_dags/example_setup_teardown.py took 0.716 seconds
[2023-07-20T22:59:18.745+0200] {processor.py:157} INFO - Started process (PID=14015) to work on /Users/dimitrikestenbaum/.pyenv/versions/3.11.4/envs/pelven/lib/python3.11/site-packages/airflow/example_dags/example_setup_teardown.py
[2023-07-20T22:59:18.748+0200] {processor.py:826} INFO - Processing file /Users/dimitrikestenbaum/.pyenv/versions/3.11.4/envs/pelven/lib/python3.11/site-packages/airflow/example_dags/example_setup_teardown.py for tasks to queue
[2023-07-20T22:59:18.748+0200] {logging_mixin.py:150} INFO - [2023-07-20T22:59:18.748+0200] {dagbag.py:541} INFO - Filling up the DagBag from /Users/dimitrikestenbaum/.pyenv/versions/3.11.4/envs/pelven/lib/python3.11/site-packages/airflow/example_dags/example_setup_teardown.py
[2023-07-20T22:59:18.751+0200] {processor.py:838} WARNING - No viable dags retrieved from /Users/dimitrikestenbaum/.pyenv/versions/3.11.4/envs/pelven/lib/python3.11/site-packages/airflow/example_dags/example_setup_teardown.py
[2023-07-20T22:59:19.361+0200] {processor.py:179} INFO - Processing /Users/dimitrikestenbaum/.pyenv/versions/3.11.4/envs/pelven/lib/python3.11/site-packages/airflow/example_dags/example_setup_teardown.py took 0.617 seconds
[2023-07-20T23:01:01.851+0200] {processor.py:157} INFO - Started process (PID=14115) to work on /Users/dimitrikestenbaum/.pyenv/versions/3.11.4/envs/pelven/lib/python3.11/site-packages/airflow/example_dags/example_setup_teardown.py
[2023-07-20T23:01:01.855+0200] {processor.py:826} INFO - Processing file /Users/dimitrikestenbaum/.pyenv/versions/3.11.4/envs/pelven/lib/python3.11/site-packages/airflow/example_dags/example_setup_teardown.py for tasks to queue
[2023-07-20T23:01:01.855+0200] {logging_mixin.py:150} INFO - [2023-07-20T23:01:01.855+0200] {dagbag.py:541} INFO - Filling up the DagBag from /Users/dimitrikestenbaum/.pyenv/versions/3.11.4/envs/pelven/lib/python3.11/site-packages/airflow/example_dags/example_setup_teardown.py
[2023-07-20T23:01:01.858+0200] {processor.py:838} WARNING - No viable dags retrieved from /Users/dimitrikestenbaum/.pyenv/versions/3.11.4/envs/pelven/lib/python3.11/site-packages/airflow/example_dags/example_setup_teardown.py
[2023-07-20T23:01:02.496+0200] {processor.py:179} INFO - Processing /Users/dimitrikestenbaum/.pyenv/versions/3.11.4/envs/pelven/lib/python3.11/site-packages/airflow/example_dags/example_setup_teardown.py took 0.646 seconds
[2023-07-20T23:02:42.598+0200] {processor.py:157} INFO - Started process (PID=14230) to work on /Users/dimitrikestenbaum/.pyenv/versions/3.11.4/envs/pelven/lib/python3.11/site-packages/airflow/example_dags/example_setup_teardown.py
[2023-07-20T23:02:42.603+0200] {processor.py:826} INFO - Processing file /Users/dimitrikestenbaum/.pyenv/versions/3.11.4/envs/pelven/lib/python3.11/site-packages/airflow/example_dags/example_setup_teardown.py for tasks to queue
[2023-07-20T23:02:42.603+0200] {logging_mixin.py:150} INFO - [2023-07-20T23:02:42.603+0200] {dagbag.py:541} INFO - Filling up the DagBag from /Users/dimitrikestenbaum/.pyenv/versions/3.11.4/envs/pelven/lib/python3.11/site-packages/airflow/example_dags/example_setup_teardown.py
[2023-07-20T23:02:42.606+0200] {processor.py:838} WARNING - No viable dags retrieved from /Users/dimitrikestenbaum/.pyenv/versions/3.11.4/envs/pelven/lib/python3.11/site-packages/airflow/example_dags/example_setup_teardown.py
[2023-07-20T23:02:43.230+0200] {processor.py:179} INFO - Processing /Users/dimitrikestenbaum/.pyenv/versions/3.11.4/envs/pelven/lib/python3.11/site-packages/airflow/example_dags/example_setup_teardown.py took 0.632 seconds
[2023-07-20T23:04:22.494+0200] {processor.py:157} INFO - Started process (PID=14504) to work on /Users/dimitrikestenbaum/.pyenv/versions/3.11.4/envs/pelven/lib/python3.11/site-packages/airflow/example_dags/example_setup_teardown.py
[2023-07-20T23:04:22.499+0200] {processor.py:826} INFO - Processing file /Users/dimitrikestenbaum/.pyenv/versions/3.11.4/envs/pelven/lib/python3.11/site-packages/airflow/example_dags/example_setup_teardown.py for tasks to queue
[2023-07-20T23:04:22.500+0200] {logging_mixin.py:150} INFO - [2023-07-20T23:04:22.499+0200] {dagbag.py:541} INFO - Filling up the DagBag from /Users/dimitrikestenbaum/.pyenv/versions/3.11.4/envs/pelven/lib/python3.11/site-packages/airflow/example_dags/example_setup_teardown.py
[2023-07-20T23:04:22.503+0200] {processor.py:838} WARNING - No viable dags retrieved from /Users/dimitrikestenbaum/.pyenv/versions/3.11.4/envs/pelven/lib/python3.11/site-packages/airflow/example_dags/example_setup_teardown.py
[2023-07-20T23:04:23.190+0200] {processor.py:179} INFO - Processing /Users/dimitrikestenbaum/.pyenv/versions/3.11.4/envs/pelven/lib/python3.11/site-packages/airflow/example_dags/example_setup_teardown.py took 0.697 seconds
[2023-07-20T23:05:59.640+0200] {processor.py:157} INFO - Started process (PID=14804) to work on /Users/dimitrikestenbaum/.pyenv/versions/3.11.4/envs/pelven/lib/python3.11/site-packages/airflow/example_dags/example_setup_teardown.py
[2023-07-20T23:05:59.645+0200] {processor.py:826} INFO - Processing file /Users/dimitrikestenbaum/.pyenv/versions/3.11.4/envs/pelven/lib/python3.11/site-packages/airflow/example_dags/example_setup_teardown.py for tasks to queue
[2023-07-20T23:05:59.645+0200] {logging_mixin.py:150} INFO - [2023-07-20T23:05:59.645+0200] {dagbag.py:541} INFO - Filling up the DagBag from /Users/dimitrikestenbaum/.pyenv/versions/3.11.4/envs/pelven/lib/python3.11/site-packages/airflow/example_dags/example_setup_teardown.py
[2023-07-20T23:05:59.648+0200] {processor.py:838} WARNING - No viable dags retrieved from /Users/dimitrikestenbaum/.pyenv/versions/3.11.4/envs/pelven/lib/python3.11/site-packages/airflow/example_dags/example_setup_teardown.py
[2023-07-20T23:06:00.243+0200] {processor.py:179} INFO - Processing /Users/dimitrikestenbaum/.pyenv/versions/3.11.4/envs/pelven/lib/python3.11/site-packages/airflow/example_dags/example_setup_teardown.py took 0.603 seconds
[2023-07-20T23:07:44.368+0200] {processor.py:157} INFO - Started process (PID=14919) to work on /Users/dimitrikestenbaum/.pyenv/versions/3.11.4/envs/pelven/lib/python3.11/site-packages/airflow/example_dags/example_setup_teardown.py
[2023-07-20T23:07:44.373+0200] {processor.py:826} INFO - Processing file /Users/dimitrikestenbaum/.pyenv/versions/3.11.4/envs/pelven/lib/python3.11/site-packages/airflow/example_dags/example_setup_teardown.py for tasks to queue
[2023-07-20T23:07:44.373+0200] {logging_mixin.py:150} INFO - [2023-07-20T23:07:44.373+0200] {dagbag.py:541} INFO - Filling up the DagBag from /Users/dimitrikestenbaum/.pyenv/versions/3.11.4/envs/pelven/lib/python3.11/site-packages/airflow/example_dags/example_setup_teardown.py
[2023-07-20T23:07:44.376+0200] {processor.py:838} WARNING - No viable dags retrieved from /Users/dimitrikestenbaum/.pyenv/versions/3.11.4/envs/pelven/lib/python3.11/site-packages/airflow/example_dags/example_setup_teardown.py
[2023-07-20T23:07:45.078+0200] {processor.py:179} INFO - Processing /Users/dimitrikestenbaum/.pyenv/versions/3.11.4/envs/pelven/lib/python3.11/site-packages/airflow/example_dags/example_setup_teardown.py took 0.710 seconds
[2023-07-20T23:09:29.498+0200] {processor.py:157} INFO - Started process (PID=15034) to work on /Users/dimitrikestenbaum/.pyenv/versions/3.11.4/envs/pelven/lib/python3.11/site-packages/airflow/example_dags/example_setup_teardown.py
[2023-07-20T23:09:29.502+0200] {processor.py:826} INFO - Processing file /Users/dimitrikestenbaum/.pyenv/versions/3.11.4/envs/pelven/lib/python3.11/site-packages/airflow/example_dags/example_setup_teardown.py for tasks to queue
[2023-07-20T23:09:29.503+0200] {logging_mixin.py:150} INFO - [2023-07-20T23:09:29.503+0200] {dagbag.py:541} INFO - Filling up the DagBag from /Users/dimitrikestenbaum/.pyenv/versions/3.11.4/envs/pelven/lib/python3.11/site-packages/airflow/example_dags/example_setup_teardown.py
[2023-07-20T23:09:29.506+0200] {processor.py:838} WARNING - No viable dags retrieved from /Users/dimitrikestenbaum/.pyenv/versions/3.11.4/envs/pelven/lib/python3.11/site-packages/airflow/example_dags/example_setup_teardown.py
[2023-07-20T23:09:30.222+0200] {processor.py:179} INFO - Processing /Users/dimitrikestenbaum/.pyenv/versions/3.11.4/envs/pelven/lib/python3.11/site-packages/airflow/example_dags/example_setup_teardown.py took 0.725 seconds
