[2023-07-20T22:58:11.400+0200] {processor.py:157} INFO - Started process (PID=13953) to work on /Users/dimitrikestenbaum/.pyenv/versions/3.11.4/envs/pelven/lib/python3.11/site-packages/airflow/example_dags/example_branch_day_of_week_operator.py
[2023-07-20T22:58:11.403+0200] {processor.py:826} INFO - Processing file /Users/dimitrikestenbaum/.pyenv/versions/3.11.4/envs/pelven/lib/python3.11/site-packages/airflow/example_dags/example_branch_day_of_week_operator.py for tasks to queue
[2023-07-20T22:58:11.404+0200] {logging_mixin.py:150} INFO - [2023-07-20T22:58:11.404+0200] {dagbag.py:541} INFO - Filling up the DagBag from /Users/dimitrikestenbaum/.pyenv/versions/3.11.4/envs/pelven/lib/python3.11/site-packages/airflow/example_dags/example_branch_day_of_week_operator.py
[2023-07-20T22:58:11.421+0200] {processor.py:836} INFO - DAG(s) dict_keys(['example_weekday_branch_operator']) retrieved from /Users/dimitrikestenbaum/.pyenv/versions/3.11.4/envs/pelven/lib/python3.11/site-packages/airflow/example_dags/example_branch_day_of_week_operator.py
[2023-07-20T22:58:12.129+0200] {logging_mixin.py:150} INFO - [2023-07-20T22:58:12.129+0200] {manager.py:504} INFO - Created Permission View: can read on DAG:example_weekday_branch_operator
[2023-07-20T22:58:12.136+0200] {logging_mixin.py:150} INFO - [2023-07-20T22:58:12.136+0200] {manager.py:504} INFO - Created Permission View: can edit on DAG:example_weekday_branch_operator
[2023-07-20T22:58:12.141+0200] {logging_mixin.py:150} INFO - [2023-07-20T22:58:12.141+0200] {manager.py:504} INFO - Created Permission View: can delete on DAG:example_weekday_branch_operator
[2023-07-20T22:58:12.150+0200] {logging_mixin.py:150} INFO - [2023-07-20T22:58:12.150+0200] {dag.py:2742} INFO - Sync 1 DAGs
[2023-07-20T22:58:12.157+0200] {logging_mixin.py:150} INFO - [2023-07-20T22:58:12.157+0200] {dag.py:2763} INFO - Creating ORM DAG for example_weekday_branch_operator
[2023-07-20T22:58:12.165+0200] {logging_mixin.py:150} INFO - [2023-07-20T22:58:12.165+0200] {dag.py:3504} INFO - Setting next_dagrun for example_weekday_branch_operator to 2023-07-19T00:00:00+00:00, run_after=2023-07-20T00:00:00+00:00
[2023-07-20T22:58:12.180+0200] {processor.py:179} INFO - Processing /Users/dimitrikestenbaum/.pyenv/versions/3.11.4/envs/pelven/lib/python3.11/site-packages/airflow/example_dags/example_branch_day_of_week_operator.py took 0.781 seconds
[2023-07-20T23:01:34.986+0200] {processor.py:157} INFO - Started process (PID=14147) to work on /Users/dimitrikestenbaum/.pyenv/versions/3.11.4/envs/pelven/lib/python3.11/site-packages/airflow/example_dags/example_branch_day_of_week_operator.py
[2023-07-20T23:01:34.989+0200] {processor.py:826} INFO - Processing file /Users/dimitrikestenbaum/.pyenv/versions/3.11.4/envs/pelven/lib/python3.11/site-packages/airflow/example_dags/example_branch_day_of_week_operator.py for tasks to queue
[2023-07-20T23:01:34.990+0200] {logging_mixin.py:150} INFO - [2023-07-20T23:01:34.990+0200] {dagbag.py:541} INFO - Filling up the DagBag from /Users/dimitrikestenbaum/.pyenv/versions/3.11.4/envs/pelven/lib/python3.11/site-packages/airflow/example_dags/example_branch_day_of_week_operator.py
[2023-07-20T23:01:35.012+0200] {processor.py:836} INFO - DAG(s) dict_keys(['example_weekday_branch_operator']) retrieved from /Users/dimitrikestenbaum/.pyenv/versions/3.11.4/envs/pelven/lib/python3.11/site-packages/airflow/example_dags/example_branch_day_of_week_operator.py
[2023-07-20T23:01:35.669+0200] {logging_mixin.py:150} INFO - [2023-07-20T23:01:35.669+0200] {dag.py:2742} INFO - Sync 1 DAGs
[2023-07-20T23:01:35.685+0200] {logging_mixin.py:150} INFO - [2023-07-20T23:01:35.684+0200] {dag.py:3504} INFO - Setting next_dagrun for example_weekday_branch_operator to 2023-07-19T00:00:00+00:00, run_after=2023-07-20T00:00:00+00:00
[2023-07-20T23:01:35.702+0200] {processor.py:179} INFO - Processing /Users/dimitrikestenbaum/.pyenv/versions/3.11.4/envs/pelven/lib/python3.11/site-packages/airflow/example_dags/example_branch_day_of_week_operator.py took 0.717 seconds
[2023-07-20T23:04:54.598+0200] {processor.py:157} INFO - Started process (PID=14583) to work on /Users/dimitrikestenbaum/.pyenv/versions/3.11.4/envs/pelven/lib/python3.11/site-packages/airflow/example_dags/example_branch_day_of_week_operator.py
[2023-07-20T23:04:54.603+0200] {processor.py:826} INFO - Processing file /Users/dimitrikestenbaum/.pyenv/versions/3.11.4/envs/pelven/lib/python3.11/site-packages/airflow/example_dags/example_branch_day_of_week_operator.py for tasks to queue
[2023-07-20T23:04:54.604+0200] {logging_mixin.py:150} INFO - [2023-07-20T23:04:54.604+0200] {dagbag.py:541} INFO - Filling up the DagBag from /Users/dimitrikestenbaum/.pyenv/versions/3.11.4/envs/pelven/lib/python3.11/site-packages/airflow/example_dags/example_branch_day_of_week_operator.py
[2023-07-20T23:04:54.628+0200] {processor.py:836} INFO - DAG(s) dict_keys(['example_weekday_branch_operator']) retrieved from /Users/dimitrikestenbaum/.pyenv/versions/3.11.4/envs/pelven/lib/python3.11/site-packages/airflow/example_dags/example_branch_day_of_week_operator.py
[2023-07-20T23:04:55.336+0200] {logging_mixin.py:150} INFO - [2023-07-20T23:04:55.336+0200] {dag.py:2742} INFO - Sync 1 DAGs
[2023-07-20T23:04:55.352+0200] {logging_mixin.py:150} INFO - [2023-07-20T23:04:55.352+0200] {dag.py:3504} INFO - Setting next_dagrun for example_weekday_branch_operator to 2023-07-19T00:00:00+00:00, run_after=2023-07-20T00:00:00+00:00
[2023-07-20T23:04:55.369+0200] {processor.py:179} INFO - Processing /Users/dimitrikestenbaum/.pyenv/versions/3.11.4/envs/pelven/lib/python3.11/site-packages/airflow/example_dags/example_branch_day_of_week_operator.py took 0.772 seconds
[2023-07-20T23:08:21.525+0200] {processor.py:157} INFO - Started process (PID=14960) to work on /Users/dimitrikestenbaum/.pyenv/versions/3.11.4/envs/pelven/lib/python3.11/site-packages/airflow/example_dags/example_branch_day_of_week_operator.py
[2023-07-20T23:08:21.529+0200] {processor.py:826} INFO - Processing file /Users/dimitrikestenbaum/.pyenv/versions/3.11.4/envs/pelven/lib/python3.11/site-packages/airflow/example_dags/example_branch_day_of_week_operator.py for tasks to queue
[2023-07-20T23:08:21.530+0200] {logging_mixin.py:150} INFO - [2023-07-20T23:08:21.530+0200] {dagbag.py:541} INFO - Filling up the DagBag from /Users/dimitrikestenbaum/.pyenv/versions/3.11.4/envs/pelven/lib/python3.11/site-packages/airflow/example_dags/example_branch_day_of_week_operator.py
[2023-07-20T23:08:21.551+0200] {processor.py:836} INFO - DAG(s) dict_keys(['example_weekday_branch_operator']) retrieved from /Users/dimitrikestenbaum/.pyenv/versions/3.11.4/envs/pelven/lib/python3.11/site-packages/airflow/example_dags/example_branch_day_of_week_operator.py
[2023-07-20T23:08:22.388+0200] {logging_mixin.py:150} INFO - [2023-07-20T23:08:22.388+0200] {dag.py:2742} INFO - Sync 1 DAGs
[2023-07-20T23:08:22.405+0200] {logging_mixin.py:150} INFO - [2023-07-20T23:08:22.405+0200] {dag.py:3504} INFO - Setting next_dagrun for example_weekday_branch_operator to 2023-07-19T00:00:00+00:00, run_after=2023-07-20T00:00:00+00:00
[2023-07-20T23:08:22.424+0200] {processor.py:179} INFO - Processing /Users/dimitrikestenbaum/.pyenv/versions/3.11.4/envs/pelven/lib/python3.11/site-packages/airflow/example_dags/example_branch_day_of_week_operator.py took 0.899 seconds
