[2023-07-20T22:58:16.848+0200] {processor.py:157} INFO - Started process (PID=13955) to work on /Users/dimitrikestenbaum/.pyenv/versions/3.11.4/envs/pelven/lib/python3.11/site-packages/airflow/example_dags/example_bash_operator.py
[2023-07-20T22:58:16.851+0200] {processor.py:826} INFO - Processing file /Users/dimitrikestenbaum/.pyenv/versions/3.11.4/envs/pelven/lib/python3.11/site-packages/airflow/example_dags/example_bash_operator.py for tasks to queue
[2023-07-20T22:58:16.852+0200] {logging_mixin.py:150} INFO - [2023-07-20T22:58:16.852+0200] {dagbag.py:541} INFO - Filling up the DagBag from /Users/dimitrikestenbaum/.pyenv/versions/3.11.4/envs/pelven/lib/python3.11/site-packages/airflow/example_dags/example_bash_operator.py
[2023-07-20T22:58:16.919+0200] {processor.py:836} INFO - DAG(s) dict_keys(['example_bash_operator']) retrieved from /Users/dimitrikestenbaum/.pyenv/versions/3.11.4/envs/pelven/lib/python3.11/site-packages/airflow/example_dags/example_bash_operator.py
[2023-07-20T22:58:17.666+0200] {logging_mixin.py:150} INFO - [2023-07-20T22:58:17.665+0200] {manager.py:504} INFO - Created Permission View: can delete on DAG:example_bash_operator
[2023-07-20T22:58:17.674+0200] {logging_mixin.py:150} INFO - [2023-07-20T22:58:17.674+0200] {manager.py:504} INFO - Created Permission View: can edit on DAG:example_bash_operator
[2023-07-20T22:58:17.681+0200] {logging_mixin.py:150} INFO - [2023-07-20T22:58:17.681+0200] {manager.py:504} INFO - Created Permission View: can read on DAG:example_bash_operator
[2023-07-20T22:58:17.692+0200] {logging_mixin.py:150} INFO - [2023-07-20T22:58:17.692+0200] {dag.py:2742} INFO - Sync 1 DAGs
[2023-07-20T22:58:17.699+0200] {logging_mixin.py:150} INFO - [2023-07-20T22:58:17.699+0200] {dag.py:2763} INFO - Creating ORM DAG for example_bash_operator
[2023-07-20T22:58:17.708+0200] {logging_mixin.py:150} INFO - [2023-07-20T22:58:17.708+0200] {dag.py:3504} INFO - Setting next_dagrun for example_bash_operator to 2023-07-19T00:00:00+00:00, run_after=2023-07-20T00:00:00+00:00
[2023-07-20T22:58:17.725+0200] {processor.py:179} INFO - Processing /Users/dimitrikestenbaum/.pyenv/versions/3.11.4/envs/pelven/lib/python3.11/site-packages/airflow/example_dags/example_bash_operator.py took 0.878 seconds
[2023-07-20T23:01:40.660+0200] {processor.py:157} INFO - Started process (PID=14157) to work on /Users/dimitrikestenbaum/.pyenv/versions/3.11.4/envs/pelven/lib/python3.11/site-packages/airflow/example_dags/example_bash_operator.py
[2023-07-20T23:01:40.663+0200] {processor.py:826} INFO - Processing file /Users/dimitrikestenbaum/.pyenv/versions/3.11.4/envs/pelven/lib/python3.11/site-packages/airflow/example_dags/example_bash_operator.py for tasks to queue
[2023-07-20T23:01:40.664+0200] {logging_mixin.py:150} INFO - [2023-07-20T23:01:40.664+0200] {dagbag.py:541} INFO - Filling up the DagBag from /Users/dimitrikestenbaum/.pyenv/versions/3.11.4/envs/pelven/lib/python3.11/site-packages/airflow/example_dags/example_bash_operator.py
[2023-07-20T23:01:40.735+0200] {processor.py:836} INFO - DAG(s) dict_keys(['example_bash_operator']) retrieved from /Users/dimitrikestenbaum/.pyenv/versions/3.11.4/envs/pelven/lib/python3.11/site-packages/airflow/example_dags/example_bash_operator.py
[2023-07-20T23:01:41.368+0200] {logging_mixin.py:150} INFO - [2023-07-20T23:01:41.367+0200] {dag.py:2742} INFO - Sync 1 DAGs
[2023-07-20T23:01:41.386+0200] {logging_mixin.py:150} INFO - [2023-07-20T23:01:41.385+0200] {dag.py:3504} INFO - Setting next_dagrun for example_bash_operator to 2023-07-19T00:00:00+00:00, run_after=2023-07-20T00:00:00+00:00
[2023-07-20T23:01:41.404+0200] {processor.py:179} INFO - Processing /Users/dimitrikestenbaum/.pyenv/versions/3.11.4/envs/pelven/lib/python3.11/site-packages/airflow/example_dags/example_bash_operator.py took 0.746 seconds
[2023-07-20T23:05:00.628+0200] {processor.py:157} INFO - Started process (PID=14596) to work on /Users/dimitrikestenbaum/.pyenv/versions/3.11.4/envs/pelven/lib/python3.11/site-packages/airflow/example_dags/example_bash_operator.py
[2023-07-20T23:05:00.632+0200] {processor.py:826} INFO - Processing file /Users/dimitrikestenbaum/.pyenv/versions/3.11.4/envs/pelven/lib/python3.11/site-packages/airflow/example_dags/example_bash_operator.py for tasks to queue
[2023-07-20T23:05:00.633+0200] {logging_mixin.py:150} INFO - [2023-07-20T23:05:00.633+0200] {dagbag.py:541} INFO - Filling up the DagBag from /Users/dimitrikestenbaum/.pyenv/versions/3.11.4/envs/pelven/lib/python3.11/site-packages/airflow/example_dags/example_bash_operator.py
[2023-07-20T23:05:00.699+0200] {processor.py:836} INFO - DAG(s) dict_keys(['example_bash_operator']) retrieved from /Users/dimitrikestenbaum/.pyenv/versions/3.11.4/envs/pelven/lib/python3.11/site-packages/airflow/example_dags/example_bash_operator.py
[2023-07-20T23:05:01.379+0200] {logging_mixin.py:150} INFO - [2023-07-20T23:05:01.379+0200] {dag.py:2742} INFO - Sync 1 DAGs
[2023-07-20T23:05:01.399+0200] {logging_mixin.py:150} INFO - [2023-07-20T23:05:01.399+0200] {dag.py:3504} INFO - Setting next_dagrun for example_bash_operator to 2023-07-19T00:00:00+00:00, run_after=2023-07-20T00:00:00+00:00
[2023-07-20T23:05:01.416+0200] {processor.py:179} INFO - Processing /Users/dimitrikestenbaum/.pyenv/versions/3.11.4/envs/pelven/lib/python3.11/site-packages/airflow/example_dags/example_bash_operator.py took 0.789 seconds
[2023-07-20T23:08:27.461+0200] {processor.py:157} INFO - Started process (PID=14973) to work on /Users/dimitrikestenbaum/.pyenv/versions/3.11.4/envs/pelven/lib/python3.11/site-packages/airflow/example_dags/example_bash_operator.py
[2023-07-20T23:08:27.465+0200] {processor.py:826} INFO - Processing file /Users/dimitrikestenbaum/.pyenv/versions/3.11.4/envs/pelven/lib/python3.11/site-packages/airflow/example_dags/example_bash_operator.py for tasks to queue
[2023-07-20T23:08:27.466+0200] {logging_mixin.py:150} INFO - [2023-07-20T23:08:27.466+0200] {dagbag.py:541} INFO - Filling up the DagBag from /Users/dimitrikestenbaum/.pyenv/versions/3.11.4/envs/pelven/lib/python3.11/site-packages/airflow/example_dags/example_bash_operator.py
[2023-07-20T23:08:27.551+0200] {processor.py:836} INFO - DAG(s) dict_keys(['example_bash_operator']) retrieved from /Users/dimitrikestenbaum/.pyenv/versions/3.11.4/envs/pelven/lib/python3.11/site-packages/airflow/example_dags/example_bash_operator.py
[2023-07-20T23:08:28.292+0200] {logging_mixin.py:150} INFO - [2023-07-20T23:08:28.292+0200] {dag.py:2742} INFO - Sync 1 DAGs
[2023-07-20T23:08:28.306+0200] {logging_mixin.py:150} INFO - [2023-07-20T23:08:28.306+0200] {dag.py:3504} INFO - Setting next_dagrun for example_bash_operator to 2023-07-19T00:00:00+00:00, run_after=2023-07-20T00:00:00+00:00
[2023-07-20T23:08:28.324+0200] {processor.py:179} INFO - Processing /Users/dimitrikestenbaum/.pyenv/versions/3.11.4/envs/pelven/lib/python3.11/site-packages/airflow/example_dags/example_bash_operator.py took 0.863 seconds
