[2023-07-20T22:58:05.244+0200] {processor.py:157} INFO - Started process (PID=13942) to work on /Users/dimitrikestenbaum/.pyenv/versions/3.11.4/envs/pelven/lib/python3.11/site-packages/airflow/example_dags/example_branch_operator.py
[2023-07-20T22:58:05.248+0200] {processor.py:826} INFO - Processing file /Users/dimitrikestenbaum/.pyenv/versions/3.11.4/envs/pelven/lib/python3.11/site-packages/airflow/example_dags/example_branch_operator.py for tasks to queue
[2023-07-20T22:58:05.248+0200] {logging_mixin.py:150} INFO - [2023-07-20T22:58:05.248+0200] {dagbag.py:541} INFO - Filling up the DagBag from /Users/dimitrikestenbaum/.pyenv/versions/3.11.4/envs/pelven/lib/python3.11/site-packages/airflow/example_dags/example_branch_operator.py
[2023-07-20T22:58:05.308+0200] {processor.py:836} INFO - DAG(s) dict_keys(['example_branch_operator']) retrieved from /Users/dimitrikestenbaum/.pyenv/versions/3.11.4/envs/pelven/lib/python3.11/site-packages/airflow/example_dags/example_branch_operator.py
[2023-07-20T22:58:06.090+0200] {logging_mixin.py:150} INFO - [2023-07-20T22:58:06.090+0200] {manager.py:504} INFO - Created Permission View: can edit on DAG:example_branch_operator
[2023-07-20T22:58:06.100+0200] {logging_mixin.py:150} INFO - [2023-07-20T22:58:06.100+0200] {manager.py:504} INFO - Created Permission View: can delete on DAG:example_branch_operator
[2023-07-20T22:58:06.106+0200] {logging_mixin.py:150} INFO - [2023-07-20T22:58:06.106+0200] {manager.py:504} INFO - Created Permission View: can read on DAG:example_branch_operator
[2023-07-20T22:58:06.116+0200] {logging_mixin.py:150} INFO - [2023-07-20T22:58:06.116+0200] {dag.py:2742} INFO - Sync 1 DAGs
[2023-07-20T22:58:06.123+0200] {logging_mixin.py:150} INFO - [2023-07-20T22:58:06.123+0200] {dag.py:2763} INFO - Creating ORM DAG for example_branch_operator
[2023-07-20T22:58:06.133+0200] {logging_mixin.py:150} INFO - [2023-07-20T22:58:06.133+0200] {dag.py:3504} INFO - Setting next_dagrun for example_branch_operator to 2023-07-19T00:00:00+00:00, run_after=2023-07-20T00:00:00+00:00
[2023-07-20T22:58:06.150+0200] {processor.py:179} INFO - Processing /Users/dimitrikestenbaum/.pyenv/versions/3.11.4/envs/pelven/lib/python3.11/site-packages/airflow/example_dags/example_branch_operator.py took 0.907 seconds
[2023-07-20T23:01:29.524+0200] {processor.py:157} INFO - Started process (PID=14145) to work on /Users/dimitrikestenbaum/.pyenv/versions/3.11.4/envs/pelven/lib/python3.11/site-packages/airflow/example_dags/example_branch_operator.py
[2023-07-20T23:01:29.528+0200] {processor.py:826} INFO - Processing file /Users/dimitrikestenbaum/.pyenv/versions/3.11.4/envs/pelven/lib/python3.11/site-packages/airflow/example_dags/example_branch_operator.py for tasks to queue
[2023-07-20T23:01:29.528+0200] {logging_mixin.py:150} INFO - [2023-07-20T23:01:29.528+0200] {dagbag.py:541} INFO - Filling up the DagBag from /Users/dimitrikestenbaum/.pyenv/versions/3.11.4/envs/pelven/lib/python3.11/site-packages/airflow/example_dags/example_branch_operator.py
[2023-07-20T23:01:29.585+0200] {processor.py:836} INFO - DAG(s) dict_keys(['example_branch_operator']) retrieved from /Users/dimitrikestenbaum/.pyenv/versions/3.11.4/envs/pelven/lib/python3.11/site-packages/airflow/example_dags/example_branch_operator.py
[2023-07-20T23:01:30.278+0200] {logging_mixin.py:150} INFO - [2023-07-20T23:01:30.278+0200] {dag.py:2742} INFO - Sync 1 DAGs
[2023-07-20T23:01:30.294+0200] {logging_mixin.py:150} INFO - [2023-07-20T23:01:30.294+0200] {dag.py:3504} INFO - Setting next_dagrun for example_branch_operator to 2023-07-19T00:00:00+00:00, run_after=2023-07-20T00:00:00+00:00
[2023-07-20T23:01:30.310+0200] {processor.py:179} INFO - Processing /Users/dimitrikestenbaum/.pyenv/versions/3.11.4/envs/pelven/lib/python3.11/site-packages/airflow/example_dags/example_branch_operator.py took 0.787 seconds
[2023-07-20T23:04:48.712+0200] {processor.py:157} INFO - Started process (PID=14580) to work on /Users/dimitrikestenbaum/.pyenv/versions/3.11.4/envs/pelven/lib/python3.11/site-packages/airflow/example_dags/example_branch_operator.py
[2023-07-20T23:04:48.717+0200] {processor.py:826} INFO - Processing file /Users/dimitrikestenbaum/.pyenv/versions/3.11.4/envs/pelven/lib/python3.11/site-packages/airflow/example_dags/example_branch_operator.py for tasks to queue
[2023-07-20T23:04:48.718+0200] {logging_mixin.py:150} INFO - [2023-07-20T23:04:48.718+0200] {dagbag.py:541} INFO - Filling up the DagBag from /Users/dimitrikestenbaum/.pyenv/versions/3.11.4/envs/pelven/lib/python3.11/site-packages/airflow/example_dags/example_branch_operator.py
[2023-07-20T23:04:48.783+0200] {processor.py:836} INFO - DAG(s) dict_keys(['example_branch_operator']) retrieved from /Users/dimitrikestenbaum/.pyenv/versions/3.11.4/envs/pelven/lib/python3.11/site-packages/airflow/example_dags/example_branch_operator.py
[2023-07-20T23:04:49.575+0200] {logging_mixin.py:150} INFO - [2023-07-20T23:04:49.575+0200] {dag.py:2742} INFO - Sync 1 DAGs
[2023-07-20T23:04:49.591+0200] {logging_mixin.py:150} INFO - [2023-07-20T23:04:49.590+0200] {dag.py:3504} INFO - Setting next_dagrun for example_branch_operator to 2023-07-19T00:00:00+00:00, run_after=2023-07-20T00:00:00+00:00
[2023-07-20T23:04:49.606+0200] {processor.py:179} INFO - Processing /Users/dimitrikestenbaum/.pyenv/versions/3.11.4/envs/pelven/lib/python3.11/site-packages/airflow/example_dags/example_branch_operator.py took 0.894 seconds
[2023-07-20T23:08:15.100+0200] {processor.py:157} INFO - Started process (PID=14950) to work on /Users/dimitrikestenbaum/.pyenv/versions/3.11.4/envs/pelven/lib/python3.11/site-packages/airflow/example_dags/example_branch_operator.py
[2023-07-20T23:08:15.105+0200] {processor.py:826} INFO - Processing file /Users/dimitrikestenbaum/.pyenv/versions/3.11.4/envs/pelven/lib/python3.11/site-packages/airflow/example_dags/example_branch_operator.py for tasks to queue
[2023-07-20T23:08:15.105+0200] {logging_mixin.py:150} INFO - [2023-07-20T23:08:15.105+0200] {dagbag.py:541} INFO - Filling up the DagBag from /Users/dimitrikestenbaum/.pyenv/versions/3.11.4/envs/pelven/lib/python3.11/site-packages/airflow/example_dags/example_branch_operator.py
[2023-07-20T23:08:15.171+0200] {processor.py:836} INFO - DAG(s) dict_keys(['example_branch_operator']) retrieved from /Users/dimitrikestenbaum/.pyenv/versions/3.11.4/envs/pelven/lib/python3.11/site-packages/airflow/example_dags/example_branch_operator.py
[2023-07-20T23:08:16.203+0200] {logging_mixin.py:150} INFO - [2023-07-20T23:08:16.203+0200] {dag.py:2742} INFO - Sync 1 DAGs
[2023-07-20T23:08:16.228+0200] {logging_mixin.py:150} INFO - [2023-07-20T23:08:16.228+0200] {dag.py:3504} INFO - Setting next_dagrun for example_branch_operator to 2023-07-19T00:00:00+00:00, run_after=2023-07-20T00:00:00+00:00
[2023-07-20T23:08:16.251+0200] {processor.py:179} INFO - Processing /Users/dimitrikestenbaum/.pyenv/versions/3.11.4/envs/pelven/lib/python3.11/site-packages/airflow/example_dags/example_branch_operator.py took 1.151 seconds
