[2023-07-20T22:57:40.900+0200] {processor.py:157} INFO - Started process (PID=13925) to work on /Users/dimitrikestenbaum/.pyenv/versions/3.11.4/envs/pelven/lib/python3.11/site-packages/airflow/example_dags/example_external_task_marker_dag.py
[2023-07-20T22:57:40.903+0200] {processor.py:826} INFO - Processing file /Users/dimitrikestenbaum/.pyenv/versions/3.11.4/envs/pelven/lib/python3.11/site-packages/airflow/example_dags/example_external_task_marker_dag.py for tasks to queue
[2023-07-20T22:57:40.904+0200] {logging_mixin.py:150} INFO - [2023-07-20T22:57:40.904+0200] {dagbag.py:541} INFO - Filling up the DagBag from /Users/dimitrikestenbaum/.pyenv/versions/3.11.4/envs/pelven/lib/python3.11/site-packages/airflow/example_dags/example_external_task_marker_dag.py
[2023-07-20T22:57:40.919+0200] {processor.py:836} INFO - DAG(s) dict_keys(['example_external_task_marker_parent', 'example_external_task_marker_child']) retrieved from /Users/dimitrikestenbaum/.pyenv/versions/3.11.4/envs/pelven/lib/python3.11/site-packages/airflow/example_dags/example_external_task_marker_dag.py
[2023-07-20T22:57:41.805+0200] {logging_mixin.py:150} INFO - [2023-07-20T22:57:41.805+0200] {manager.py:504} INFO - Created Permission View: can read on DAG:example_external_task_marker_parent
[2023-07-20T22:57:41.814+0200] {logging_mixin.py:150} INFO - [2023-07-20T22:57:41.814+0200] {manager.py:504} INFO - Created Permission View: can edit on DAG:example_external_task_marker_parent
[2023-07-20T22:57:41.820+0200] {logging_mixin.py:150} INFO - [2023-07-20T22:57:41.820+0200] {manager.py:504} INFO - Created Permission View: can delete on DAG:example_external_task_marker_parent
[2023-07-20T22:57:41.852+0200] {logging_mixin.py:150} INFO - [2023-07-20T22:57:41.851+0200] {manager.py:504} INFO - Created Permission View: can read on DAG:example_external_task_marker_child
[2023-07-20T22:57:41.858+0200] {logging_mixin.py:150} INFO - [2023-07-20T22:57:41.858+0200] {manager.py:504} INFO - Created Permission View: can edit on DAG:example_external_task_marker_child
[2023-07-20T22:57:41.865+0200] {logging_mixin.py:150} INFO - [2023-07-20T22:57:41.865+0200] {manager.py:504} INFO - Created Permission View: can delete on DAG:example_external_task_marker_child
[2023-07-20T22:57:41.870+0200] {logging_mixin.py:150} INFO - [2023-07-20T22:57:41.869+0200] {dag.py:2742} INFO - Sync 2 DAGs
[2023-07-20T22:57:41.880+0200] {logging_mixin.py:150} INFO - [2023-07-20T22:57:41.880+0200] {dag.py:2763} INFO - Creating ORM DAG for example_external_task_marker_parent
[2023-07-20T22:57:41.880+0200] {logging_mixin.py:150} INFO - [2023-07-20T22:57:41.880+0200] {dag.py:2763} INFO - Creating ORM DAG for example_external_task_marker_child
[2023-07-20T22:57:41.887+0200] {logging_mixin.py:150} INFO - [2023-07-20T22:57:41.887+0200] {dag.py:3504} INFO - Setting next_dagrun for example_external_task_marker_child to None, run_after=None
[2023-07-20T22:57:41.887+0200] {logging_mixin.py:150} INFO - [2023-07-20T22:57:41.887+0200] {dag.py:3504} INFO - Setting next_dagrun for example_external_task_marker_parent to None, run_after=None
[2023-07-20T22:57:41.903+0200] {processor.py:179} INFO - Processing /Users/dimitrikestenbaum/.pyenv/versions/3.11.4/envs/pelven/lib/python3.11/site-packages/airflow/example_dags/example_external_task_marker_dag.py took 1.004 seconds
[2023-07-20T22:59:54.536+0200] {processor.py:157} INFO - Started process (PID=14047) to work on /Users/dimitrikestenbaum/.pyenv/versions/3.11.4/envs/pelven/lib/python3.11/site-packages/airflow/example_dags/example_external_task_marker_dag.py
[2023-07-20T22:59:54.540+0200] {processor.py:826} INFO - Processing file /Users/dimitrikestenbaum/.pyenv/versions/3.11.4/envs/pelven/lib/python3.11/site-packages/airflow/example_dags/example_external_task_marker_dag.py for tasks to queue
[2023-07-20T22:59:54.541+0200] {logging_mixin.py:150} INFO - [2023-07-20T22:59:54.541+0200] {dagbag.py:541} INFO - Filling up the DagBag from /Users/dimitrikestenbaum/.pyenv/versions/3.11.4/envs/pelven/lib/python3.11/site-packages/airflow/example_dags/example_external_task_marker_dag.py
[2023-07-20T22:59:54.563+0200] {processor.py:836} INFO - DAG(s) dict_keys(['example_external_task_marker_parent', 'example_external_task_marker_child']) retrieved from /Users/dimitrikestenbaum/.pyenv/versions/3.11.4/envs/pelven/lib/python3.11/site-packages/airflow/example_dags/example_external_task_marker_dag.py
[2023-07-20T22:59:55.316+0200] {logging_mixin.py:150} INFO - [2023-07-20T22:59:55.316+0200] {dag.py:2742} INFO - Sync 2 DAGs
[2023-07-20T22:59:55.332+0200] {logging_mixin.py:150} INFO - [2023-07-20T22:59:55.331+0200] {dag.py:3504} INFO - Setting next_dagrun for example_external_task_marker_child to None, run_after=None
[2023-07-20T22:59:55.336+0200] {logging_mixin.py:150} INFO - [2023-07-20T22:59:55.335+0200] {dag.py:3504} INFO - Setting next_dagrun for example_external_task_marker_parent to None, run_after=None
[2023-07-20T22:59:55.355+0200] {processor.py:179} INFO - Processing /Users/dimitrikestenbaum/.pyenv/versions/3.11.4/envs/pelven/lib/python3.11/site-packages/airflow/example_dags/example_external_task_marker_dag.py took 0.820 seconds
[2023-07-20T23:03:13.234+0200] {processor.py:157} INFO - Started process (PID=14305) to work on /Users/dimitrikestenbaum/.pyenv/versions/3.11.4/envs/pelven/lib/python3.11/site-packages/airflow/example_dags/example_external_task_marker_dag.py
[2023-07-20T23:03:13.239+0200] {processor.py:826} INFO - Processing file /Users/dimitrikestenbaum/.pyenv/versions/3.11.4/envs/pelven/lib/python3.11/site-packages/airflow/example_dags/example_external_task_marker_dag.py for tasks to queue
[2023-07-20T23:03:13.240+0200] {logging_mixin.py:150} INFO - [2023-07-20T23:03:13.240+0200] {dagbag.py:541} INFO - Filling up the DagBag from /Users/dimitrikestenbaum/.pyenv/versions/3.11.4/envs/pelven/lib/python3.11/site-packages/airflow/example_dags/example_external_task_marker_dag.py
[2023-07-20T23:03:13.261+0200] {processor.py:836} INFO - DAG(s) dict_keys(['example_external_task_marker_child', 'example_external_task_marker_parent']) retrieved from /Users/dimitrikestenbaum/.pyenv/versions/3.11.4/envs/pelven/lib/python3.11/site-packages/airflow/example_dags/example_external_task_marker_dag.py
[2023-07-20T23:03:13.999+0200] {logging_mixin.py:150} INFO - [2023-07-20T23:03:13.999+0200] {dag.py:2742} INFO - Sync 2 DAGs
[2023-07-20T23:03:14.015+0200] {logging_mixin.py:150} INFO - [2023-07-20T23:03:14.015+0200] {dag.py:3504} INFO - Setting next_dagrun for example_external_task_marker_child to None, run_after=None
[2023-07-20T23:03:14.019+0200] {logging_mixin.py:150} INFO - [2023-07-20T23:03:14.019+0200] {dag.py:3504} INFO - Setting next_dagrun for example_external_task_marker_parent to None, run_after=None
[2023-07-20T23:03:14.038+0200] {processor.py:179} INFO - Processing /Users/dimitrikestenbaum/.pyenv/versions/3.11.4/envs/pelven/lib/python3.11/site-packages/airflow/example_dags/example_external_task_marker_dag.py took 0.804 seconds
[2023-07-20T23:06:33.795+0200] {processor.py:157} INFO - Started process (PID=14835) to work on /Users/dimitrikestenbaum/.pyenv/versions/3.11.4/envs/pelven/lib/python3.11/site-packages/airflow/example_dags/example_external_task_marker_dag.py
[2023-07-20T23:06:33.799+0200] {processor.py:826} INFO - Processing file /Users/dimitrikestenbaum/.pyenv/versions/3.11.4/envs/pelven/lib/python3.11/site-packages/airflow/example_dags/example_external_task_marker_dag.py for tasks to queue
[2023-07-20T23:06:33.800+0200] {logging_mixin.py:150} INFO - [2023-07-20T23:06:33.800+0200] {dagbag.py:541} INFO - Filling up the DagBag from /Users/dimitrikestenbaum/.pyenv/versions/3.11.4/envs/pelven/lib/python3.11/site-packages/airflow/example_dags/example_external_task_marker_dag.py
[2023-07-20T23:06:33.820+0200] {processor.py:836} INFO - DAG(s) dict_keys(['example_external_task_marker_child', 'example_external_task_marker_parent']) retrieved from /Users/dimitrikestenbaum/.pyenv/versions/3.11.4/envs/pelven/lib/python3.11/site-packages/airflow/example_dags/example_external_task_marker_dag.py
[2023-07-20T23:06:34.668+0200] {logging_mixin.py:150} INFO - [2023-07-20T23:06:34.667+0200] {dag.py:2742} INFO - Sync 2 DAGs
[2023-07-20T23:06:34.681+0200] {logging_mixin.py:150} INFO - [2023-07-20T23:06:34.681+0200] {dag.py:3504} INFO - Setting next_dagrun for example_external_task_marker_child to None, run_after=None
[2023-07-20T23:06:34.683+0200] {logging_mixin.py:150} INFO - [2023-07-20T23:06:34.683+0200] {dag.py:3504} INFO - Setting next_dagrun for example_external_task_marker_parent to None, run_after=None
[2023-07-20T23:06:34.700+0200] {processor.py:179} INFO - Processing /Users/dimitrikestenbaum/.pyenv/versions/3.11.4/envs/pelven/lib/python3.11/site-packages/airflow/example_dags/example_external_task_marker_dag.py took 0.907 seconds
[2023-07-20T23:10:06.718+0200] {processor.py:157} INFO - Started process (PID=15071) to work on /Users/dimitrikestenbaum/.pyenv/versions/3.11.4/envs/pelven/lib/python3.11/site-packages/airflow/example_dags/example_external_task_marker_dag.py
[2023-07-20T23:10:06.722+0200] {processor.py:826} INFO - Processing file /Users/dimitrikestenbaum/.pyenv/versions/3.11.4/envs/pelven/lib/python3.11/site-packages/airflow/example_dags/example_external_task_marker_dag.py for tasks to queue
[2023-07-20T23:10:06.723+0200] {logging_mixin.py:150} INFO - [2023-07-20T23:10:06.723+0200] {dagbag.py:541} INFO - Filling up the DagBag from /Users/dimitrikestenbaum/.pyenv/versions/3.11.4/envs/pelven/lib/python3.11/site-packages/airflow/example_dags/example_external_task_marker_dag.py
[2023-07-20T23:10:06.746+0200] {processor.py:836} INFO - DAG(s) dict_keys(['example_external_task_marker_parent', 'example_external_task_marker_child']) retrieved from /Users/dimitrikestenbaum/.pyenv/versions/3.11.4/envs/pelven/lib/python3.11/site-packages/airflow/example_dags/example_external_task_marker_dag.py
[2023-07-20T23:10:07.617+0200] {logging_mixin.py:150} INFO - [2023-07-20T23:10:07.617+0200] {dag.py:2742} INFO - Sync 2 DAGs
[2023-07-20T23:10:07.634+0200] {logging_mixin.py:150} INFO - [2023-07-20T23:10:07.634+0200] {dag.py:3504} INFO - Setting next_dagrun for example_external_task_marker_child to None, run_after=None
[2023-07-20T23:10:07.639+0200] {logging_mixin.py:150} INFO - [2023-07-20T23:10:07.638+0200] {dag.py:3504} INFO - Setting next_dagrun for example_external_task_marker_parent to None, run_after=None
[2023-07-20T23:10:07.659+0200] {processor.py:179} INFO - Processing /Users/dimitrikestenbaum/.pyenv/versions/3.11.4/envs/pelven/lib/python3.11/site-packages/airflow/example_dags/example_external_task_marker_dag.py took 0.942 seconds
