[2023-07-20T22:56:24.455+0200] {processor.py:157} INFO - Started process (PID=13830) to work on /Users/dimitrikestenbaum/.pyenv/versions/3.11.4/envs/pelven/lib/python3.11/site-packages/airflow/example_dags/tutorial.py
[2023-07-20T22:56:24.458+0200] {processor.py:826} INFO - Processing file /Users/dimitrikestenbaum/.pyenv/versions/3.11.4/envs/pelven/lib/python3.11/site-packages/airflow/example_dags/tutorial.py for tasks to queue
[2023-07-20T22:56:24.459+0200] {logging_mixin.py:150} INFO - [2023-07-20T22:56:24.459+0200] {dagbag.py:541} INFO - Filling up the DagBag from /Users/dimitrikestenbaum/.pyenv/versions/3.11.4/envs/pelven/lib/python3.11/site-packages/airflow/example_dags/tutorial.py
[2023-07-20T22:56:24.479+0200] {processor.py:836} INFO - DAG(s) dict_keys(['tutorial']) retrieved from /Users/dimitrikestenbaum/.pyenv/versions/3.11.4/envs/pelven/lib/python3.11/site-packages/airflow/example_dags/tutorial.py
[2023-07-20T22:56:25.311+0200] {logging_mixin.py:150} INFO - [2023-07-20T22:56:25.311+0200] {manager.py:504} INFO - Created Permission View: can read on DAG:tutorial
[2023-07-20T22:56:25.321+0200] {logging_mixin.py:150} INFO - [2023-07-20T22:56:25.320+0200] {manager.py:504} INFO - Created Permission View: can delete on DAG:tutorial
[2023-07-20T22:56:25.326+0200] {logging_mixin.py:150} INFO - [2023-07-20T22:56:25.326+0200] {manager.py:504} INFO - Created Permission View: can edit on DAG:tutorial
[2023-07-20T22:56:25.337+0200] {logging_mixin.py:150} INFO - [2023-07-20T22:56:25.336+0200] {dag.py:2742} INFO - Sync 1 DAGs
[2023-07-20T22:56:25.347+0200] {logging_mixin.py:150} INFO - [2023-07-20T22:56:25.347+0200] {dag.py:2763} INFO - Creating ORM DAG for tutorial
[2023-07-20T22:56:25.354+0200] {logging_mixin.py:150} INFO - [2023-07-20T22:56:25.354+0200] {dag.py:3504} INFO - Setting next_dagrun for tutorial to 2023-07-19T20:56:25.354673+00:00, run_after=2023-07-20T20:56:25.354673+00:00
[2023-07-20T22:56:25.371+0200] {processor.py:179} INFO - Processing /Users/dimitrikestenbaum/.pyenv/versions/3.11.4/envs/pelven/lib/python3.11/site-packages/airflow/example_dags/tutorial.py took 0.916 seconds
[2023-07-20T22:58:40.165+0200] {processor.py:157} INFO - Started process (PID=13981) to work on /Users/dimitrikestenbaum/.pyenv/versions/3.11.4/envs/pelven/lib/python3.11/site-packages/airflow/example_dags/tutorial.py
[2023-07-20T22:58:40.168+0200] {processor.py:826} INFO - Processing file /Users/dimitrikestenbaum/.pyenv/versions/3.11.4/envs/pelven/lib/python3.11/site-packages/airflow/example_dags/tutorial.py for tasks to queue
[2023-07-20T22:58:40.169+0200] {logging_mixin.py:150} INFO - [2023-07-20T22:58:40.169+0200] {dagbag.py:541} INFO - Filling up the DagBag from /Users/dimitrikestenbaum/.pyenv/versions/3.11.4/envs/pelven/lib/python3.11/site-packages/airflow/example_dags/tutorial.py
[2023-07-20T22:58:40.189+0200] {processor.py:836} INFO - DAG(s) dict_keys(['tutorial']) retrieved from /Users/dimitrikestenbaum/.pyenv/versions/3.11.4/envs/pelven/lib/python3.11/site-packages/airflow/example_dags/tutorial.py
[2023-07-20T22:58:40.930+0200] {logging_mixin.py:150} INFO - [2023-07-20T22:58:40.930+0200] {dag.py:2742} INFO - Sync 1 DAGs
[2023-07-20T22:58:40.942+0200] {logging_mixin.py:150} INFO - [2023-07-20T22:58:40.942+0200] {dag.py:3504} INFO - Setting next_dagrun for tutorial to 2023-07-19T20:58:40.942159+00:00, run_after=2023-07-20T20:58:40.942159+00:00
[2023-07-20T22:58:40.958+0200] {processor.py:179} INFO - Processing /Users/dimitrikestenbaum/.pyenv/versions/3.11.4/envs/pelven/lib/python3.11/site-packages/airflow/example_dags/tutorial.py took 0.794 seconds
[2023-07-20T23:00:22.490+0200] {processor.py:157} INFO - Started process (PID=14076) to work on /Users/dimitrikestenbaum/.pyenv/versions/3.11.4/envs/pelven/lib/python3.11/site-packages/airflow/example_dags/tutorial.py
[2023-07-20T23:00:22.494+0200] {processor.py:826} INFO - Processing file /Users/dimitrikestenbaum/.pyenv/versions/3.11.4/envs/pelven/lib/python3.11/site-packages/airflow/example_dags/tutorial.py for tasks to queue
[2023-07-20T23:00:22.494+0200] {logging_mixin.py:150} INFO - [2023-07-20T23:00:22.494+0200] {dagbag.py:541} INFO - Filling up the DagBag from /Users/dimitrikestenbaum/.pyenv/versions/3.11.4/envs/pelven/lib/python3.11/site-packages/airflow/example_dags/tutorial.py
[2023-07-20T23:00:22.512+0200] {processor.py:836} INFO - DAG(s) dict_keys(['tutorial']) retrieved from /Users/dimitrikestenbaum/.pyenv/versions/3.11.4/envs/pelven/lib/python3.11/site-packages/airflow/example_dags/tutorial.py
[2023-07-20T23:00:23.262+0200] {logging_mixin.py:150} INFO - [2023-07-20T23:00:23.261+0200] {dag.py:2742} INFO - Sync 1 DAGs
[2023-07-20T23:00:23.276+0200] {logging_mixin.py:150} INFO - [2023-07-20T23:00:23.276+0200] {dag.py:3504} INFO - Setting next_dagrun for tutorial to 2023-07-19T21:00:23.276007+00:00, run_after=2023-07-20T21:00:23.276007+00:00
[2023-07-20T23:00:23.297+0200] {processor.py:179} INFO - Processing /Users/dimitrikestenbaum/.pyenv/versions/3.11.4/envs/pelven/lib/python3.11/site-packages/airflow/example_dags/tutorial.py took 0.807 seconds
[2023-07-20T23:02:04.224+0200] {processor.py:157} INFO - Started process (PID=14177) to work on /Users/dimitrikestenbaum/.pyenv/versions/3.11.4/envs/pelven/lib/python3.11/site-packages/airflow/example_dags/tutorial.py
[2023-07-20T23:02:04.228+0200] {processor.py:826} INFO - Processing file /Users/dimitrikestenbaum/.pyenv/versions/3.11.4/envs/pelven/lib/python3.11/site-packages/airflow/example_dags/tutorial.py for tasks to queue
[2023-07-20T23:02:04.229+0200] {logging_mixin.py:150} INFO - [2023-07-20T23:02:04.229+0200] {dagbag.py:541} INFO - Filling up the DagBag from /Users/dimitrikestenbaum/.pyenv/versions/3.11.4/envs/pelven/lib/python3.11/site-packages/airflow/example_dags/tutorial.py
[2023-07-20T23:02:04.253+0200] {processor.py:836} INFO - DAG(s) dict_keys(['tutorial']) retrieved from /Users/dimitrikestenbaum/.pyenv/versions/3.11.4/envs/pelven/lib/python3.11/site-packages/airflow/example_dags/tutorial.py
[2023-07-20T23:02:04.996+0200] {logging_mixin.py:150} INFO - [2023-07-20T23:02:04.996+0200] {dag.py:2742} INFO - Sync 1 DAGs
[2023-07-20T23:02:05.011+0200] {logging_mixin.py:150} INFO - [2023-07-20T23:02:05.010+0200] {dag.py:3504} INFO - Setting next_dagrun for tutorial to 2023-07-19T21:02:05.010749+00:00, run_after=2023-07-20T21:02:05.010749+00:00
[2023-07-20T23:02:05.028+0200] {processor.py:179} INFO - Processing /Users/dimitrikestenbaum/.pyenv/versions/3.11.4/envs/pelven/lib/python3.11/site-packages/airflow/example_dags/tutorial.py took 0.804 seconds
[2023-07-20T23:03:42.516+0200] {processor.py:157} INFO - Started process (PID=14392) to work on /Users/dimitrikestenbaum/.pyenv/versions/3.11.4/envs/pelven/lib/python3.11/site-packages/airflow/example_dags/tutorial.py
[2023-07-20T23:03:42.520+0200] {processor.py:826} INFO - Processing file /Users/dimitrikestenbaum/.pyenv/versions/3.11.4/envs/pelven/lib/python3.11/site-packages/airflow/example_dags/tutorial.py for tasks to queue
[2023-07-20T23:03:42.521+0200] {logging_mixin.py:150} INFO - [2023-07-20T23:03:42.521+0200] {dagbag.py:541} INFO - Filling up the DagBag from /Users/dimitrikestenbaum/.pyenv/versions/3.11.4/envs/pelven/lib/python3.11/site-packages/airflow/example_dags/tutorial.py
[2023-07-20T23:03:42.542+0200] {processor.py:836} INFO - DAG(s) dict_keys(['tutorial']) retrieved from /Users/dimitrikestenbaum/.pyenv/versions/3.11.4/envs/pelven/lib/python3.11/site-packages/airflow/example_dags/tutorial.py
[2023-07-20T23:03:43.244+0200] {logging_mixin.py:150} INFO - [2023-07-20T23:03:43.243+0200] {dag.py:2742} INFO - Sync 1 DAGs
[2023-07-20T23:03:43.257+0200] {logging_mixin.py:150} INFO - [2023-07-20T23:03:43.257+0200] {dag.py:3504} INFO - Setting next_dagrun for tutorial to 2023-07-19T21:03:43.257690+00:00, run_after=2023-07-20T21:03:43.257690+00:00
[2023-07-20T23:03:43.274+0200] {processor.py:179} INFO - Processing /Users/dimitrikestenbaum/.pyenv/versions/3.11.4/envs/pelven/lib/python3.11/site-packages/airflow/example_dags/tutorial.py took 0.759 seconds
[2023-07-20T23:05:21.353+0200] {processor.py:157} INFO - Started process (PID=14728) to work on /Users/dimitrikestenbaum/.pyenv/versions/3.11.4/envs/pelven/lib/python3.11/site-packages/airflow/example_dags/tutorial.py
[2023-07-20T23:05:21.357+0200] {processor.py:826} INFO - Processing file /Users/dimitrikestenbaum/.pyenv/versions/3.11.4/envs/pelven/lib/python3.11/site-packages/airflow/example_dags/tutorial.py for tasks to queue
[2023-07-20T23:05:21.358+0200] {logging_mixin.py:150} INFO - [2023-07-20T23:05:21.358+0200] {dagbag.py:541} INFO - Filling up the DagBag from /Users/dimitrikestenbaum/.pyenv/versions/3.11.4/envs/pelven/lib/python3.11/site-packages/airflow/example_dags/tutorial.py
[2023-07-20T23:05:21.376+0200] {processor.py:836} INFO - DAG(s) dict_keys(['tutorial']) retrieved from /Users/dimitrikestenbaum/.pyenv/versions/3.11.4/envs/pelven/lib/python3.11/site-packages/airflow/example_dags/tutorial.py
[2023-07-20T23:05:22.030+0200] {logging_mixin.py:150} INFO - [2023-07-20T23:05:22.030+0200] {dag.py:2742} INFO - Sync 1 DAGs
[2023-07-20T23:05:22.042+0200] {logging_mixin.py:150} INFO - [2023-07-20T23:05:22.042+0200] {dag.py:3504} INFO - Setting next_dagrun for tutorial to 2023-07-19T21:05:22.042001+00:00, run_after=2023-07-20T21:05:22.042001+00:00
[2023-07-20T23:05:22.057+0200] {processor.py:179} INFO - Processing /Users/dimitrikestenbaum/.pyenv/versions/3.11.4/envs/pelven/lib/python3.11/site-packages/airflow/example_dags/tutorial.py took 0.705 seconds
[2023-07-20T23:07:03.348+0200] {processor.py:157} INFO - Started process (PID=14876) to work on /Users/dimitrikestenbaum/.pyenv/versions/3.11.4/envs/pelven/lib/python3.11/site-packages/airflow/example_dags/tutorial.py
[2023-07-20T23:07:03.351+0200] {processor.py:826} INFO - Processing file /Users/dimitrikestenbaum/.pyenv/versions/3.11.4/envs/pelven/lib/python3.11/site-packages/airflow/example_dags/tutorial.py for tasks to queue
[2023-07-20T23:07:03.351+0200] {logging_mixin.py:150} INFO - [2023-07-20T23:07:03.351+0200] {dagbag.py:541} INFO - Filling up the DagBag from /Users/dimitrikestenbaum/.pyenv/versions/3.11.4/envs/pelven/lib/python3.11/site-packages/airflow/example_dags/tutorial.py
[2023-07-20T23:07:03.368+0200] {processor.py:836} INFO - DAG(s) dict_keys(['tutorial']) retrieved from /Users/dimitrikestenbaum/.pyenv/versions/3.11.4/envs/pelven/lib/python3.11/site-packages/airflow/example_dags/tutorial.py
[2023-07-20T23:07:04.186+0200] {logging_mixin.py:150} INFO - [2023-07-20T23:07:04.186+0200] {dag.py:2742} INFO - Sync 1 DAGs
[2023-07-20T23:07:04.203+0200] {logging_mixin.py:150} INFO - [2023-07-20T23:07:04.203+0200] {dag.py:3504} INFO - Setting next_dagrun for tutorial to 2023-07-19T21:07:04.203336+00:00, run_after=2023-07-20T21:07:04.203336+00:00
[2023-07-20T23:07:04.221+0200] {processor.py:179} INFO - Processing /Users/dimitrikestenbaum/.pyenv/versions/3.11.4/envs/pelven/lib/python3.11/site-packages/airflow/example_dags/tutorial.py took 0.874 seconds
[2023-07-20T23:08:49.904+0200] {processor.py:157} INFO - Started process (PID=14995) to work on /Users/dimitrikestenbaum/.pyenv/versions/3.11.4/envs/pelven/lib/python3.11/site-packages/airflow/example_dags/tutorial.py
[2023-07-20T23:08:49.909+0200] {processor.py:826} INFO - Processing file /Users/dimitrikestenbaum/.pyenv/versions/3.11.4/envs/pelven/lib/python3.11/site-packages/airflow/example_dags/tutorial.py for tasks to queue
[2023-07-20T23:08:49.910+0200] {logging_mixin.py:150} INFO - [2023-07-20T23:08:49.910+0200] {dagbag.py:541} INFO - Filling up the DagBag from /Users/dimitrikestenbaum/.pyenv/versions/3.11.4/envs/pelven/lib/python3.11/site-packages/airflow/example_dags/tutorial.py
[2023-07-20T23:08:49.933+0200] {processor.py:836} INFO - DAG(s) dict_keys(['tutorial']) retrieved from /Users/dimitrikestenbaum/.pyenv/versions/3.11.4/envs/pelven/lib/python3.11/site-packages/airflow/example_dags/tutorial.py
[2023-07-20T23:08:50.651+0200] {logging_mixin.py:150} INFO - [2023-07-20T23:08:50.651+0200] {dag.py:2742} INFO - Sync 1 DAGs
[2023-07-20T23:08:50.665+0200] {logging_mixin.py:150} INFO - [2023-07-20T23:08:50.665+0200] {dag.py:3504} INFO - Setting next_dagrun for tutorial to 2023-07-19T21:08:50.665067+00:00, run_after=2023-07-20T21:08:50.665067+00:00
[2023-07-20T23:08:50.682+0200] {processor.py:179} INFO - Processing /Users/dimitrikestenbaum/.pyenv/versions/3.11.4/envs/pelven/lib/python3.11/site-packages/airflow/example_dags/tutorial.py took 0.778 seconds
