[2023-07-20T22:56:21.487+0200] {processor.py:157} INFO - Started process (PID=13829) to work on /Users/dimitrikestenbaum/.pyenv/versions/3.11.4/envs/pelven/lib/python3.11/site-packages/airflow/example_dags/tutorial_dag.py
[2023-07-20T22:56:21.490+0200] {processor.py:826} INFO - Processing file /Users/dimitrikestenbaum/.pyenv/versions/3.11.4/envs/pelven/lib/python3.11/site-packages/airflow/example_dags/tutorial_dag.py for tasks to queue
[2023-07-20T22:56:21.490+0200] {logging_mixin.py:150} INFO - [2023-07-20T22:56:21.490+0200] {dagbag.py:541} INFO - Filling up the DagBag from /Users/dimitrikestenbaum/.pyenv/versions/3.11.4/envs/pelven/lib/python3.11/site-packages/airflow/example_dags/tutorial_dag.py
[2023-07-20T22:56:21.542+0200] {processor.py:836} INFO - DAG(s) dict_keys(['tutorial_dag']) retrieved from /Users/dimitrikestenbaum/.pyenv/versions/3.11.4/envs/pelven/lib/python3.11/site-packages/airflow/example_dags/tutorial_dag.py
[2023-07-20T22:56:22.243+0200] {logging_mixin.py:150} INFO - [2023-07-20T22:56:22.243+0200] {manager.py:504} INFO - Created Permission View: can edit on DAG:tutorial_dag
[2023-07-20T22:56:22.251+0200] {logging_mixin.py:150} INFO - [2023-07-20T22:56:22.251+0200] {manager.py:504} INFO - Created Permission View: can read on DAG:tutorial_dag
[2023-07-20T22:56:22.257+0200] {logging_mixin.py:150} INFO - [2023-07-20T22:56:22.257+0200] {manager.py:504} INFO - Created Permission View: can delete on DAG:tutorial_dag
[2023-07-20T22:56:22.268+0200] {logging_mixin.py:150} INFO - [2023-07-20T22:56:22.267+0200] {dag.py:2742} INFO - Sync 1 DAGs
[2023-07-20T22:56:22.275+0200] {logging_mixin.py:150} INFO - [2023-07-20T22:56:22.274+0200] {dag.py:2763} INFO - Creating ORM DAG for tutorial_dag
[2023-07-20T22:56:22.283+0200] {logging_mixin.py:150} INFO - [2023-07-20T22:56:22.283+0200] {dag.py:3504} INFO - Setting next_dagrun for tutorial_dag to None, run_after=None
[2023-07-20T22:56:22.299+0200] {processor.py:179} INFO - Processing /Users/dimitrikestenbaum/.pyenv/versions/3.11.4/envs/pelven/lib/python3.11/site-packages/airflow/example_dags/tutorial_dag.py took 0.813 seconds
[2023-07-20T22:58:37.087+0200] {processor.py:157} INFO - Started process (PID=13972) to work on /Users/dimitrikestenbaum/.pyenv/versions/3.11.4/envs/pelven/lib/python3.11/site-packages/airflow/example_dags/tutorial_dag.py
[2023-07-20T22:58:37.090+0200] {processor.py:826} INFO - Processing file /Users/dimitrikestenbaum/.pyenv/versions/3.11.4/envs/pelven/lib/python3.11/site-packages/airflow/example_dags/tutorial_dag.py for tasks to queue
[2023-07-20T22:58:37.090+0200] {logging_mixin.py:150} INFO - [2023-07-20T22:58:37.090+0200] {dagbag.py:541} INFO - Filling up the DagBag from /Users/dimitrikestenbaum/.pyenv/versions/3.11.4/envs/pelven/lib/python3.11/site-packages/airflow/example_dags/tutorial_dag.py
[2023-07-20T22:58:37.151+0200] {processor.py:836} INFO - DAG(s) dict_keys(['tutorial_dag']) retrieved from /Users/dimitrikestenbaum/.pyenv/versions/3.11.4/envs/pelven/lib/python3.11/site-packages/airflow/example_dags/tutorial_dag.py
[2023-07-20T22:58:37.899+0200] {logging_mixin.py:150} INFO - [2023-07-20T22:58:37.899+0200] {dag.py:2742} INFO - Sync 1 DAGs
[2023-07-20T22:58:37.919+0200] {logging_mixin.py:150} INFO - [2023-07-20T22:58:37.919+0200] {dag.py:3504} INFO - Setting next_dagrun for tutorial_dag to None, run_after=None
[2023-07-20T22:58:37.939+0200] {processor.py:179} INFO - Processing /Users/dimitrikestenbaum/.pyenv/versions/3.11.4/envs/pelven/lib/python3.11/site-packages/airflow/example_dags/tutorial_dag.py took 0.853 seconds
[2023-07-20T23:00:19.507+0200] {processor.py:157} INFO - Started process (PID=14073) to work on /Users/dimitrikestenbaum/.pyenv/versions/3.11.4/envs/pelven/lib/python3.11/site-packages/airflow/example_dags/tutorial_dag.py
[2023-07-20T23:00:19.510+0200] {processor.py:826} INFO - Processing file /Users/dimitrikestenbaum/.pyenv/versions/3.11.4/envs/pelven/lib/python3.11/site-packages/airflow/example_dags/tutorial_dag.py for tasks to queue
[2023-07-20T23:00:19.510+0200] {logging_mixin.py:150} INFO - [2023-07-20T23:00:19.510+0200] {dagbag.py:541} INFO - Filling up the DagBag from /Users/dimitrikestenbaum/.pyenv/versions/3.11.4/envs/pelven/lib/python3.11/site-packages/airflow/example_dags/tutorial_dag.py
[2023-07-20T23:00:19.561+0200] {processor.py:836} INFO - DAG(s) dict_keys(['tutorial_dag']) retrieved from /Users/dimitrikestenbaum/.pyenv/versions/3.11.4/envs/pelven/lib/python3.11/site-packages/airflow/example_dags/tutorial_dag.py
[2023-07-20T23:00:20.244+0200] {logging_mixin.py:150} INFO - [2023-07-20T23:00:20.243+0200] {dag.py:2742} INFO - Sync 1 DAGs
[2023-07-20T23:00:20.258+0200] {logging_mixin.py:150} INFO - [2023-07-20T23:00:20.258+0200] {dag.py:3504} INFO - Setting next_dagrun for tutorial_dag to None, run_after=None
[2023-07-20T23:00:20.279+0200] {processor.py:179} INFO - Processing /Users/dimitrikestenbaum/.pyenv/versions/3.11.4/envs/pelven/lib/python3.11/site-packages/airflow/example_dags/tutorial_dag.py took 0.773 seconds
[2023-07-20T23:02:01.621+0200] {processor.py:157} INFO - Started process (PID=14176) to work on /Users/dimitrikestenbaum/.pyenv/versions/3.11.4/envs/pelven/lib/python3.11/site-packages/airflow/example_dags/tutorial_dag.py
[2023-07-20T23:02:01.625+0200] {processor.py:826} INFO - Processing file /Users/dimitrikestenbaum/.pyenv/versions/3.11.4/envs/pelven/lib/python3.11/site-packages/airflow/example_dags/tutorial_dag.py for tasks to queue
[2023-07-20T23:02:01.626+0200] {logging_mixin.py:150} INFO - [2023-07-20T23:02:01.626+0200] {dagbag.py:541} INFO - Filling up the DagBag from /Users/dimitrikestenbaum/.pyenv/versions/3.11.4/envs/pelven/lib/python3.11/site-packages/airflow/example_dags/tutorial_dag.py
[2023-07-20T23:02:01.688+0200] {processor.py:836} INFO - DAG(s) dict_keys(['tutorial_dag']) retrieved from /Users/dimitrikestenbaum/.pyenv/versions/3.11.4/envs/pelven/lib/python3.11/site-packages/airflow/example_dags/tutorial_dag.py
[2023-07-20T23:02:02.706+0200] {logging_mixin.py:150} INFO - [2023-07-20T23:02:02.706+0200] {dag.py:2742} INFO - Sync 1 DAGs
[2023-07-20T23:02:02.726+0200] {logging_mixin.py:150} INFO - [2023-07-20T23:02:02.726+0200] {dag.py:3504} INFO - Setting next_dagrun for tutorial_dag to None, run_after=None
[2023-07-20T23:02:02.752+0200] {processor.py:179} INFO - Processing /Users/dimitrikestenbaum/.pyenv/versions/3.11.4/envs/pelven/lib/python3.11/site-packages/airflow/example_dags/tutorial_dag.py took 1.131 seconds
[2023-07-20T23:03:39.624+0200] {processor.py:157} INFO - Started process (PID=14383) to work on /Users/dimitrikestenbaum/.pyenv/versions/3.11.4/envs/pelven/lib/python3.11/site-packages/airflow/example_dags/tutorial_dag.py
[2023-07-20T23:03:39.630+0200] {processor.py:826} INFO - Processing file /Users/dimitrikestenbaum/.pyenv/versions/3.11.4/envs/pelven/lib/python3.11/site-packages/airflow/example_dags/tutorial_dag.py for tasks to queue
[2023-07-20T23:03:39.630+0200] {logging_mixin.py:150} INFO - [2023-07-20T23:03:39.630+0200] {dagbag.py:541} INFO - Filling up the DagBag from /Users/dimitrikestenbaum/.pyenv/versions/3.11.4/envs/pelven/lib/python3.11/site-packages/airflow/example_dags/tutorial_dag.py
[2023-07-20T23:03:39.700+0200] {processor.py:836} INFO - DAG(s) dict_keys(['tutorial_dag']) retrieved from /Users/dimitrikestenbaum/.pyenv/versions/3.11.4/envs/pelven/lib/python3.11/site-packages/airflow/example_dags/tutorial_dag.py
[2023-07-20T23:03:40.398+0200] {logging_mixin.py:150} INFO - [2023-07-20T23:03:40.398+0200] {dag.py:2742} INFO - Sync 1 DAGs
[2023-07-20T23:03:40.412+0200] {logging_mixin.py:150} INFO - [2023-07-20T23:03:40.411+0200] {dag.py:3504} INFO - Setting next_dagrun for tutorial_dag to None, run_after=None
[2023-07-20T23:03:40.427+0200] {processor.py:179} INFO - Processing /Users/dimitrikestenbaum/.pyenv/versions/3.11.4/envs/pelven/lib/python3.11/site-packages/airflow/example_dags/tutorial_dag.py took 0.803 seconds
[2023-07-20T23:05:18.557+0200] {processor.py:157} INFO - Started process (PID=14726) to work on /Users/dimitrikestenbaum/.pyenv/versions/3.11.4/envs/pelven/lib/python3.11/site-packages/airflow/example_dags/tutorial_dag.py
[2023-07-20T23:05:18.562+0200] {processor.py:826} INFO - Processing file /Users/dimitrikestenbaum/.pyenv/versions/3.11.4/envs/pelven/lib/python3.11/site-packages/airflow/example_dags/tutorial_dag.py for tasks to queue
[2023-07-20T23:05:18.562+0200] {logging_mixin.py:150} INFO - [2023-07-20T23:05:18.562+0200] {dagbag.py:541} INFO - Filling up the DagBag from /Users/dimitrikestenbaum/.pyenv/versions/3.11.4/envs/pelven/lib/python3.11/site-packages/airflow/example_dags/tutorial_dag.py
[2023-07-20T23:05:18.619+0200] {processor.py:836} INFO - DAG(s) dict_keys(['tutorial_dag']) retrieved from /Users/dimitrikestenbaum/.pyenv/versions/3.11.4/envs/pelven/lib/python3.11/site-packages/airflow/example_dags/tutorial_dag.py
[2023-07-20T23:05:19.276+0200] {logging_mixin.py:150} INFO - [2023-07-20T23:05:19.275+0200] {dag.py:2742} INFO - Sync 1 DAGs
[2023-07-20T23:05:19.288+0200] {logging_mixin.py:150} INFO - [2023-07-20T23:05:19.288+0200] {dag.py:3504} INFO - Setting next_dagrun for tutorial_dag to None, run_after=None
[2023-07-20T23:05:19.303+0200] {processor.py:179} INFO - Processing /Users/dimitrikestenbaum/.pyenv/versions/3.11.4/envs/pelven/lib/python3.11/site-packages/airflow/example_dags/tutorial_dag.py took 0.747 seconds
[2023-07-20T23:07:00.432+0200] {processor.py:157} INFO - Started process (PID=14875) to work on /Users/dimitrikestenbaum/.pyenv/versions/3.11.4/envs/pelven/lib/python3.11/site-packages/airflow/example_dags/tutorial_dag.py
[2023-07-20T23:07:00.435+0200] {processor.py:826} INFO - Processing file /Users/dimitrikestenbaum/.pyenv/versions/3.11.4/envs/pelven/lib/python3.11/site-packages/airflow/example_dags/tutorial_dag.py for tasks to queue
[2023-07-20T23:07:00.435+0200] {logging_mixin.py:150} INFO - [2023-07-20T23:07:00.435+0200] {dagbag.py:541} INFO - Filling up the DagBag from /Users/dimitrikestenbaum/.pyenv/versions/3.11.4/envs/pelven/lib/python3.11/site-packages/airflow/example_dags/tutorial_dag.py
[2023-07-20T23:07:00.492+0200] {processor.py:836} INFO - DAG(s) dict_keys(['tutorial_dag']) retrieved from /Users/dimitrikestenbaum/.pyenv/versions/3.11.4/envs/pelven/lib/python3.11/site-packages/airflow/example_dags/tutorial_dag.py
[2023-07-20T23:07:01.228+0200] {logging_mixin.py:150} INFO - [2023-07-20T23:07:01.228+0200] {dag.py:2742} INFO - Sync 1 DAGs
[2023-07-20T23:07:01.241+0200] {logging_mixin.py:150} INFO - [2023-07-20T23:07:01.241+0200] {dag.py:3504} INFO - Setting next_dagrun for tutorial_dag to None, run_after=None
[2023-07-20T23:07:01.259+0200] {processor.py:179} INFO - Processing /Users/dimitrikestenbaum/.pyenv/versions/3.11.4/envs/pelven/lib/python3.11/site-packages/airflow/example_dags/tutorial_dag.py took 0.829 seconds
[2023-07-20T23:08:46.932+0200] {processor.py:157} INFO - Started process (PID=14993) to work on /Users/dimitrikestenbaum/.pyenv/versions/3.11.4/envs/pelven/lib/python3.11/site-packages/airflow/example_dags/tutorial_dag.py
[2023-07-20T23:08:46.936+0200] {processor.py:826} INFO - Processing file /Users/dimitrikestenbaum/.pyenv/versions/3.11.4/envs/pelven/lib/python3.11/site-packages/airflow/example_dags/tutorial_dag.py for tasks to queue
[2023-07-20T23:08:46.937+0200] {logging_mixin.py:150} INFO - [2023-07-20T23:08:46.937+0200] {dagbag.py:541} INFO - Filling up the DagBag from /Users/dimitrikestenbaum/.pyenv/versions/3.11.4/envs/pelven/lib/python3.11/site-packages/airflow/example_dags/tutorial_dag.py
[2023-07-20T23:08:46.992+0200] {processor.py:836} INFO - DAG(s) dict_keys(['tutorial_dag']) retrieved from /Users/dimitrikestenbaum/.pyenv/versions/3.11.4/envs/pelven/lib/python3.11/site-packages/airflow/example_dags/tutorial_dag.py
[2023-07-20T23:08:47.774+0200] {logging_mixin.py:150} INFO - [2023-07-20T23:08:47.774+0200] {dag.py:2742} INFO - Sync 1 DAGs
[2023-07-20T23:08:47.788+0200] {logging_mixin.py:150} INFO - [2023-07-20T23:08:47.788+0200] {dag.py:3504} INFO - Setting next_dagrun for tutorial_dag to None, run_after=None
[2023-07-20T23:08:47.804+0200] {processor.py:179} INFO - Processing /Users/dimitrikestenbaum/.pyenv/versions/3.11.4/envs/pelven/lib/python3.11/site-packages/airflow/example_dags/tutorial_dag.py took 0.872 seconds
