[2023-07-20T22:56:18.411+0200] {processor.py:157} INFO - Started process (PID=13824) to work on /Users/dimitrikestenbaum/.pyenv/versions/3.11.4/envs/pelven/lib/python3.11/site-packages/airflow/example_dags/tutorial_taskflow_api.py
[2023-07-20T22:56:18.415+0200] {processor.py:826} INFO - Processing file /Users/dimitrikestenbaum/.pyenv/versions/3.11.4/envs/pelven/lib/python3.11/site-packages/airflow/example_dags/tutorial_taskflow_api.py for tasks to queue
[2023-07-20T22:56:18.415+0200] {logging_mixin.py:150} INFO - [2023-07-20T22:56:18.415+0200] {dagbag.py:541} INFO - Filling up the DagBag from /Users/dimitrikestenbaum/.pyenv/versions/3.11.4/envs/pelven/lib/python3.11/site-packages/airflow/example_dags/tutorial_taskflow_api.py
[2023-07-20T22:56:18.500+0200] {processor.py:836} INFO - DAG(s) dict_keys(['tutorial_taskflow_api']) retrieved from /Users/dimitrikestenbaum/.pyenv/versions/3.11.4/envs/pelven/lib/python3.11/site-packages/airflow/example_dags/tutorial_taskflow_api.py
[2023-07-20T22:56:19.278+0200] {logging_mixin.py:150} INFO - [2023-07-20T22:56:19.277+0200] {manager.py:504} INFO - Created Permission View: can edit on DAG:tutorial_taskflow_api
[2023-07-20T22:56:19.286+0200] {logging_mixin.py:150} INFO - [2023-07-20T22:56:19.286+0200] {manager.py:504} INFO - Created Permission View: can delete on DAG:tutorial_taskflow_api
[2023-07-20T22:56:19.291+0200] {logging_mixin.py:150} INFO - [2023-07-20T22:56:19.291+0200] {manager.py:504} INFO - Created Permission View: can read on DAG:tutorial_taskflow_api
[2023-07-20T22:56:19.300+0200] {logging_mixin.py:150} INFO - [2023-07-20T22:56:19.300+0200] {dag.py:2742} INFO - Sync 1 DAGs
[2023-07-20T22:56:19.307+0200] {logging_mixin.py:150} INFO - [2023-07-20T22:56:19.307+0200] {dag.py:2763} INFO - Creating ORM DAG for tutorial_taskflow_api
[2023-07-20T22:56:19.314+0200] {logging_mixin.py:150} INFO - [2023-07-20T22:56:19.314+0200] {dag.py:3504} INFO - Setting next_dagrun for tutorial_taskflow_api to None, run_after=None
[2023-07-20T22:56:19.329+0200] {processor.py:179} INFO - Processing /Users/dimitrikestenbaum/.pyenv/versions/3.11.4/envs/pelven/lib/python3.11/site-packages/airflow/example_dags/tutorial_taskflow_api.py took 0.918 seconds
[2023-07-20T22:58:33.827+0200] {processor.py:157} INFO - Started process (PID=13971) to work on /Users/dimitrikestenbaum/.pyenv/versions/3.11.4/envs/pelven/lib/python3.11/site-packages/airflow/example_dags/tutorial_taskflow_api.py
[2023-07-20T22:58:33.831+0200] {processor.py:826} INFO - Processing file /Users/dimitrikestenbaum/.pyenv/versions/3.11.4/envs/pelven/lib/python3.11/site-packages/airflow/example_dags/tutorial_taskflow_api.py for tasks to queue
[2023-07-20T22:58:33.832+0200] {logging_mixin.py:150} INFO - [2023-07-20T22:58:33.832+0200] {dagbag.py:541} INFO - Filling up the DagBag from /Users/dimitrikestenbaum/.pyenv/versions/3.11.4/envs/pelven/lib/python3.11/site-packages/airflow/example_dags/tutorial_taskflow_api.py
[2023-07-20T22:58:33.928+0200] {processor.py:836} INFO - DAG(s) dict_keys(['tutorial_taskflow_api']) retrieved from /Users/dimitrikestenbaum/.pyenv/versions/3.11.4/envs/pelven/lib/python3.11/site-packages/airflow/example_dags/tutorial_taskflow_api.py
[2023-07-20T22:58:34.887+0200] {logging_mixin.py:150} INFO - [2023-07-20T22:58:34.887+0200] {dag.py:2742} INFO - Sync 1 DAGs
[2023-07-20T22:58:34.904+0200] {logging_mixin.py:150} INFO - [2023-07-20T22:58:34.904+0200] {dag.py:3504} INFO - Setting next_dagrun for tutorial_taskflow_api to None, run_after=None
[2023-07-20T22:58:34.923+0200] {processor.py:179} INFO - Processing /Users/dimitrikestenbaum/.pyenv/versions/3.11.4/envs/pelven/lib/python3.11/site-packages/airflow/example_dags/tutorial_taskflow_api.py took 1.098 seconds
[2023-07-20T23:00:16.525+0200] {processor.py:157} INFO - Started process (PID=14071) to work on /Users/dimitrikestenbaum/.pyenv/versions/3.11.4/envs/pelven/lib/python3.11/site-packages/airflow/example_dags/tutorial_taskflow_api.py
[2023-07-20T23:00:16.528+0200] {processor.py:826} INFO - Processing file /Users/dimitrikestenbaum/.pyenv/versions/3.11.4/envs/pelven/lib/python3.11/site-packages/airflow/example_dags/tutorial_taskflow_api.py for tasks to queue
[2023-07-20T23:00:16.529+0200] {logging_mixin.py:150} INFO - [2023-07-20T23:00:16.529+0200] {dagbag.py:541} INFO - Filling up the DagBag from /Users/dimitrikestenbaum/.pyenv/versions/3.11.4/envs/pelven/lib/python3.11/site-packages/airflow/example_dags/tutorial_taskflow_api.py
[2023-07-20T23:00:16.604+0200] {processor.py:836} INFO - DAG(s) dict_keys(['tutorial_taskflow_api']) retrieved from /Users/dimitrikestenbaum/.pyenv/versions/3.11.4/envs/pelven/lib/python3.11/site-packages/airflow/example_dags/tutorial_taskflow_api.py
[2023-07-20T23:00:17.372+0200] {logging_mixin.py:150} INFO - [2023-07-20T23:00:17.372+0200] {dag.py:2742} INFO - Sync 1 DAGs
[2023-07-20T23:00:17.388+0200] {logging_mixin.py:150} INFO - [2023-07-20T23:00:17.388+0200] {dag.py:3504} INFO - Setting next_dagrun for tutorial_taskflow_api to None, run_after=None
[2023-07-20T23:00:17.407+0200] {processor.py:179} INFO - Processing /Users/dimitrikestenbaum/.pyenv/versions/3.11.4/envs/pelven/lib/python3.11/site-packages/airflow/example_dags/tutorial_taskflow_api.py took 0.883 seconds
[2023-07-20T23:01:58.534+0200] {processor.py:157} INFO - Started process (PID=14174) to work on /Users/dimitrikestenbaum/.pyenv/versions/3.11.4/envs/pelven/lib/python3.11/site-packages/airflow/example_dags/tutorial_taskflow_api.py
[2023-07-20T23:01:58.550+0200] {processor.py:826} INFO - Processing file /Users/dimitrikestenbaum/.pyenv/versions/3.11.4/envs/pelven/lib/python3.11/site-packages/airflow/example_dags/tutorial_taskflow_api.py for tasks to queue
[2023-07-20T23:01:58.551+0200] {logging_mixin.py:150} INFO - [2023-07-20T23:01:58.551+0200] {dagbag.py:541} INFO - Filling up the DagBag from /Users/dimitrikestenbaum/.pyenv/versions/3.11.4/envs/pelven/lib/python3.11/site-packages/airflow/example_dags/tutorial_taskflow_api.py
[2023-07-20T23:01:58.639+0200] {processor.py:836} INFO - DAG(s) dict_keys(['tutorial_taskflow_api']) retrieved from /Users/dimitrikestenbaum/.pyenv/versions/3.11.4/envs/pelven/lib/python3.11/site-packages/airflow/example_dags/tutorial_taskflow_api.py
[2023-07-20T23:01:59.425+0200] {logging_mixin.py:150} INFO - [2023-07-20T23:01:59.424+0200] {dag.py:2742} INFO - Sync 1 DAGs
[2023-07-20T23:01:59.441+0200] {logging_mixin.py:150} INFO - [2023-07-20T23:01:59.441+0200] {dag.py:3504} INFO - Setting next_dagrun for tutorial_taskflow_api to None, run_after=None
[2023-07-20T23:01:59.456+0200] {processor.py:179} INFO - Processing /Users/dimitrikestenbaum/.pyenv/versions/3.11.4/envs/pelven/lib/python3.11/site-packages/airflow/example_dags/tutorial_taskflow_api.py took 0.923 seconds
[2023-07-20T23:03:36.731+0200] {processor.py:157} INFO - Started process (PID=14377) to work on /Users/dimitrikestenbaum/.pyenv/versions/3.11.4/envs/pelven/lib/python3.11/site-packages/airflow/example_dags/tutorial_taskflow_api.py
[2023-07-20T23:03:36.735+0200] {processor.py:826} INFO - Processing file /Users/dimitrikestenbaum/.pyenv/versions/3.11.4/envs/pelven/lib/python3.11/site-packages/airflow/example_dags/tutorial_taskflow_api.py for tasks to queue
[2023-07-20T23:03:36.735+0200] {logging_mixin.py:150} INFO - [2023-07-20T23:03:36.735+0200] {dagbag.py:541} INFO - Filling up the DagBag from /Users/dimitrikestenbaum/.pyenv/versions/3.11.4/envs/pelven/lib/python3.11/site-packages/airflow/example_dags/tutorial_taskflow_api.py
[2023-07-20T23:03:36.811+0200] {processor.py:836} INFO - DAG(s) dict_keys(['tutorial_taskflow_api']) retrieved from /Users/dimitrikestenbaum/.pyenv/versions/3.11.4/envs/pelven/lib/python3.11/site-packages/airflow/example_dags/tutorial_taskflow_api.py
[2023-07-20T23:03:37.478+0200] {logging_mixin.py:150} INFO - [2023-07-20T23:03:37.478+0200] {dag.py:2742} INFO - Sync 1 DAGs
[2023-07-20T23:03:37.493+0200] {logging_mixin.py:150} INFO - [2023-07-20T23:03:37.492+0200] {dag.py:3504} INFO - Setting next_dagrun for tutorial_taskflow_api to None, run_after=None
[2023-07-20T23:03:37.508+0200] {processor.py:179} INFO - Processing /Users/dimitrikestenbaum/.pyenv/versions/3.11.4/envs/pelven/lib/python3.11/site-packages/airflow/example_dags/tutorial_taskflow_api.py took 0.778 seconds
[2023-07-20T23:05:15.838+0200] {processor.py:157} INFO - Started process (PID=14724) to work on /Users/dimitrikestenbaum/.pyenv/versions/3.11.4/envs/pelven/lib/python3.11/site-packages/airflow/example_dags/tutorial_taskflow_api.py
[2023-07-20T23:05:15.842+0200] {processor.py:826} INFO - Processing file /Users/dimitrikestenbaum/.pyenv/versions/3.11.4/envs/pelven/lib/python3.11/site-packages/airflow/example_dags/tutorial_taskflow_api.py for tasks to queue
[2023-07-20T23:05:15.843+0200] {logging_mixin.py:150} INFO - [2023-07-20T23:05:15.843+0200] {dagbag.py:541} INFO - Filling up the DagBag from /Users/dimitrikestenbaum/.pyenv/versions/3.11.4/envs/pelven/lib/python3.11/site-packages/airflow/example_dags/tutorial_taskflow_api.py
[2023-07-20T23:05:15.911+0200] {processor.py:836} INFO - DAG(s) dict_keys(['tutorial_taskflow_api']) retrieved from /Users/dimitrikestenbaum/.pyenv/versions/3.11.4/envs/pelven/lib/python3.11/site-packages/airflow/example_dags/tutorial_taskflow_api.py
[2023-07-20T23:05:16.498+0200] {logging_mixin.py:150} INFO - [2023-07-20T23:05:16.497+0200] {dag.py:2742} INFO - Sync 1 DAGs
[2023-07-20T23:05:16.510+0200] {logging_mixin.py:150} INFO - [2023-07-20T23:05:16.510+0200] {dag.py:3504} INFO - Setting next_dagrun for tutorial_taskflow_api to None, run_after=None
[2023-07-20T23:05:16.527+0200] {processor.py:179} INFO - Processing /Users/dimitrikestenbaum/.pyenv/versions/3.11.4/envs/pelven/lib/python3.11/site-packages/airflow/example_dags/tutorial_taskflow_api.py took 0.690 seconds
[2023-07-20T23:06:57.563+0200] {processor.py:157} INFO - Started process (PID=14874) to work on /Users/dimitrikestenbaum/.pyenv/versions/3.11.4/envs/pelven/lib/python3.11/site-packages/airflow/example_dags/tutorial_taskflow_api.py
[2023-07-20T23:06:57.566+0200] {processor.py:826} INFO - Processing file /Users/dimitrikestenbaum/.pyenv/versions/3.11.4/envs/pelven/lib/python3.11/site-packages/airflow/example_dags/tutorial_taskflow_api.py for tasks to queue
[2023-07-20T23:06:57.566+0200] {logging_mixin.py:150} INFO - [2023-07-20T23:06:57.566+0200] {dagbag.py:541} INFO - Filling up the DagBag from /Users/dimitrikestenbaum/.pyenv/versions/3.11.4/envs/pelven/lib/python3.11/site-packages/airflow/example_dags/tutorial_taskflow_api.py
[2023-07-20T23:06:57.636+0200] {processor.py:836} INFO - DAG(s) dict_keys(['tutorial_taskflow_api']) retrieved from /Users/dimitrikestenbaum/.pyenv/versions/3.11.4/envs/pelven/lib/python3.11/site-packages/airflow/example_dags/tutorial_taskflow_api.py
[2023-07-20T23:06:58.363+0200] {logging_mixin.py:150} INFO - [2023-07-20T23:06:58.362+0200] {dag.py:2742} INFO - Sync 1 DAGs
[2023-07-20T23:06:58.375+0200] {logging_mixin.py:150} INFO - [2023-07-20T23:06:58.374+0200] {dag.py:3504} INFO - Setting next_dagrun for tutorial_taskflow_api to None, run_after=None
[2023-07-20T23:06:58.402+0200] {processor.py:179} INFO - Processing /Users/dimitrikestenbaum/.pyenv/versions/3.11.4/envs/pelven/lib/python3.11/site-packages/airflow/example_dags/tutorial_taskflow_api.py took 0.840 seconds
[2023-07-20T23:08:44.013+0200] {processor.py:157} INFO - Started process (PID=14990) to work on /Users/dimitrikestenbaum/.pyenv/versions/3.11.4/envs/pelven/lib/python3.11/site-packages/airflow/example_dags/tutorial_taskflow_api.py
[2023-07-20T23:08:44.016+0200] {processor.py:826} INFO - Processing file /Users/dimitrikestenbaum/.pyenv/versions/3.11.4/envs/pelven/lib/python3.11/site-packages/airflow/example_dags/tutorial_taskflow_api.py for tasks to queue
[2023-07-20T23:08:44.017+0200] {logging_mixin.py:150} INFO - [2023-07-20T23:08:44.016+0200] {dagbag.py:541} INFO - Filling up the DagBag from /Users/dimitrikestenbaum/.pyenv/versions/3.11.4/envs/pelven/lib/python3.11/site-packages/airflow/example_dags/tutorial_taskflow_api.py
[2023-07-20T23:08:44.125+0200] {processor.py:836} INFO - DAG(s) dict_keys(['tutorial_taskflow_api']) retrieved from /Users/dimitrikestenbaum/.pyenv/versions/3.11.4/envs/pelven/lib/python3.11/site-packages/airflow/example_dags/tutorial_taskflow_api.py
[2023-07-20T23:08:44.805+0200] {logging_mixin.py:150} INFO - [2023-07-20T23:08:44.805+0200] {dag.py:2742} INFO - Sync 1 DAGs
[2023-07-20T23:08:44.820+0200] {logging_mixin.py:150} INFO - [2023-07-20T23:08:44.820+0200] {dag.py:3504} INFO - Setting next_dagrun for tutorial_taskflow_api to None, run_after=None
[2023-07-20T23:08:44.835+0200] {processor.py:179} INFO - Processing /Users/dimitrikestenbaum/.pyenv/versions/3.11.4/envs/pelven/lib/python3.11/site-packages/airflow/example_dags/tutorial_taskflow_api.py took 0.823 seconds
