[2023-07-20T22:56:04.999+0200] {processor.py:157} INFO - Started process (PID=13800) to work on /Users/dimitrikestenbaum/.pyenv/versions/3.11.4/envs/pelven/lib/python3.11/site-packages/airflow/example_dags/subdags/subdag.py
[2023-07-20T22:56:05.003+0200] {processor.py:826} INFO - Processing file /Users/dimitrikestenbaum/.pyenv/versions/3.11.4/envs/pelven/lib/python3.11/site-packages/airflow/example_dags/subdags/subdag.py for tasks to queue
[2023-07-20T22:56:05.004+0200] {logging_mixin.py:150} INFO - [2023-07-20T22:56:05.003+0200] {dagbag.py:541} INFO - Filling up the DagBag from /Users/dimitrikestenbaum/.pyenv/versions/3.11.4/envs/pelven/lib/python3.11/site-packages/airflow/example_dags/subdags/subdag.py
[2023-07-20T22:56:05.006+0200] {processor.py:838} WARNING - No viable dags retrieved from /Users/dimitrikestenbaum/.pyenv/versions/3.11.4/envs/pelven/lib/python3.11/site-packages/airflow/example_dags/subdags/subdag.py
[2023-07-20T22:56:05.748+0200] {processor.py:179} INFO - Processing /Users/dimitrikestenbaum/.pyenv/versions/3.11.4/envs/pelven/lib/python3.11/site-packages/airflow/example_dags/subdags/subdag.py took 0.750 seconds
[2023-07-20T22:58:19.977+0200] {processor.py:157} INFO - Started process (PID=13957) to work on /Users/dimitrikestenbaum/.pyenv/versions/3.11.4/envs/pelven/lib/python3.11/site-packages/airflow/example_dags/subdags/subdag.py
[2023-07-20T22:58:19.980+0200] {processor.py:826} INFO - Processing file /Users/dimitrikestenbaum/.pyenv/versions/3.11.4/envs/pelven/lib/python3.11/site-packages/airflow/example_dags/subdags/subdag.py for tasks to queue
[2023-07-20T22:58:19.980+0200] {logging_mixin.py:150} INFO - [2023-07-20T22:58:19.980+0200] {dagbag.py:541} INFO - Filling up the DagBag from /Users/dimitrikestenbaum/.pyenv/versions/3.11.4/envs/pelven/lib/python3.11/site-packages/airflow/example_dags/subdags/subdag.py
[2023-07-20T22:58:19.982+0200] {processor.py:838} WARNING - No viable dags retrieved from /Users/dimitrikestenbaum/.pyenv/versions/3.11.4/envs/pelven/lib/python3.11/site-packages/airflow/example_dags/subdags/subdag.py
[2023-07-20T22:58:20.707+0200] {processor.py:179} INFO - Processing /Users/dimitrikestenbaum/.pyenv/versions/3.11.4/envs/pelven/lib/python3.11/site-packages/airflow/example_dags/subdags/subdag.py took 0.731 seconds
[2023-07-20T23:00:03.517+0200] {processor.py:157} INFO - Started process (PID=14058) to work on /Users/dimitrikestenbaum/.pyenv/versions/3.11.4/envs/pelven/lib/python3.11/site-packages/airflow/example_dags/subdags/subdag.py
[2023-07-20T23:00:03.520+0200] {processor.py:826} INFO - Processing file /Users/dimitrikestenbaum/.pyenv/versions/3.11.4/envs/pelven/lib/python3.11/site-packages/airflow/example_dags/subdags/subdag.py for tasks to queue
[2023-07-20T23:00:03.520+0200] {logging_mixin.py:150} INFO - [2023-07-20T23:00:03.520+0200] {dagbag.py:541} INFO - Filling up the DagBag from /Users/dimitrikestenbaum/.pyenv/versions/3.11.4/envs/pelven/lib/python3.11/site-packages/airflow/example_dags/subdags/subdag.py
[2023-07-20T23:00:03.523+0200] {processor.py:838} WARNING - No viable dags retrieved from /Users/dimitrikestenbaum/.pyenv/versions/3.11.4/envs/pelven/lib/python3.11/site-packages/airflow/example_dags/subdags/subdag.py
[2023-07-20T23:00:04.236+0200] {processor.py:179} INFO - Processing /Users/dimitrikestenbaum/.pyenv/versions/3.11.4/envs/pelven/lib/python3.11/site-packages/airflow/example_dags/subdags/subdag.py took 0.720 seconds
[2023-07-20T23:01:43.613+0200] {processor.py:157} INFO - Started process (PID=14158) to work on /Users/dimitrikestenbaum/.pyenv/versions/3.11.4/envs/pelven/lib/python3.11/site-packages/airflow/example_dags/subdags/subdag.py
[2023-07-20T23:01:43.616+0200] {processor.py:826} INFO - Processing file /Users/dimitrikestenbaum/.pyenv/versions/3.11.4/envs/pelven/lib/python3.11/site-packages/airflow/example_dags/subdags/subdag.py for tasks to queue
[2023-07-20T23:01:43.616+0200] {logging_mixin.py:150} INFO - [2023-07-20T23:01:43.616+0200] {dagbag.py:541} INFO - Filling up the DagBag from /Users/dimitrikestenbaum/.pyenv/versions/3.11.4/envs/pelven/lib/python3.11/site-packages/airflow/example_dags/subdags/subdag.py
[2023-07-20T23:01:43.618+0200] {processor.py:838} WARNING - No viable dags retrieved from /Users/dimitrikestenbaum/.pyenv/versions/3.11.4/envs/pelven/lib/python3.11/site-packages/airflow/example_dags/subdags/subdag.py
[2023-07-20T23:01:44.355+0200] {processor.py:179} INFO - Processing /Users/dimitrikestenbaum/.pyenv/versions/3.11.4/envs/pelven/lib/python3.11/site-packages/airflow/example_dags/subdags/subdag.py took 0.743 seconds
[2023-07-20T23:03:21.964+0200] {processor.py:157} INFO - Started process (PID=14326) to work on /Users/dimitrikestenbaum/.pyenv/versions/3.11.4/envs/pelven/lib/python3.11/site-packages/airflow/example_dags/subdags/subdag.py
[2023-07-20T23:03:21.967+0200] {processor.py:826} INFO - Processing file /Users/dimitrikestenbaum/.pyenv/versions/3.11.4/envs/pelven/lib/python3.11/site-packages/airflow/example_dags/subdags/subdag.py for tasks to queue
[2023-07-20T23:03:21.968+0200] {logging_mixin.py:150} INFO - [2023-07-20T23:03:21.968+0200] {dagbag.py:541} INFO - Filling up the DagBag from /Users/dimitrikestenbaum/.pyenv/versions/3.11.4/envs/pelven/lib/python3.11/site-packages/airflow/example_dags/subdags/subdag.py
[2023-07-20T23:03:21.971+0200] {processor.py:838} WARNING - No viable dags retrieved from /Users/dimitrikestenbaum/.pyenv/versions/3.11.4/envs/pelven/lib/python3.11/site-packages/airflow/example_dags/subdags/subdag.py
[2023-07-20T23:03:22.786+0200] {processor.py:179} INFO - Processing /Users/dimitrikestenbaum/.pyenv/versions/3.11.4/envs/pelven/lib/python3.11/site-packages/airflow/example_dags/subdags/subdag.py took 0.823 seconds
[2023-07-20T23:05:03.526+0200] {processor.py:157} INFO - Started process (PID=14600) to work on /Users/dimitrikestenbaum/.pyenv/versions/3.11.4/envs/pelven/lib/python3.11/site-packages/airflow/example_dags/subdags/subdag.py
[2023-07-20T23:05:03.531+0200] {processor.py:826} INFO - Processing file /Users/dimitrikestenbaum/.pyenv/versions/3.11.4/envs/pelven/lib/python3.11/site-packages/airflow/example_dags/subdags/subdag.py for tasks to queue
[2023-07-20T23:05:03.531+0200] {logging_mixin.py:150} INFO - [2023-07-20T23:05:03.531+0200] {dagbag.py:541} INFO - Filling up the DagBag from /Users/dimitrikestenbaum/.pyenv/versions/3.11.4/envs/pelven/lib/python3.11/site-packages/airflow/example_dags/subdags/subdag.py
[2023-07-20T23:05:03.535+0200] {processor.py:838} WARNING - No viable dags retrieved from /Users/dimitrikestenbaum/.pyenv/versions/3.11.4/envs/pelven/lib/python3.11/site-packages/airflow/example_dags/subdags/subdag.py
[2023-07-20T23:05:04.209+0200] {processor.py:179} INFO - Processing /Users/dimitrikestenbaum/.pyenv/versions/3.11.4/envs/pelven/lib/python3.11/site-packages/airflow/example_dags/subdags/subdag.py took 0.684 seconds
[2023-07-20T23:06:43.575+0200] {processor.py:157} INFO - Started process (PID=14848) to work on /Users/dimitrikestenbaum/.pyenv/versions/3.11.4/envs/pelven/lib/python3.11/site-packages/airflow/example_dags/subdags/subdag.py
[2023-07-20T23:06:43.578+0200] {processor.py:826} INFO - Processing file /Users/dimitrikestenbaum/.pyenv/versions/3.11.4/envs/pelven/lib/python3.11/site-packages/airflow/example_dags/subdags/subdag.py for tasks to queue
[2023-07-20T23:06:43.578+0200] {logging_mixin.py:150} INFO - [2023-07-20T23:06:43.578+0200] {dagbag.py:541} INFO - Filling up the DagBag from /Users/dimitrikestenbaum/.pyenv/versions/3.11.4/envs/pelven/lib/python3.11/site-packages/airflow/example_dags/subdags/subdag.py
[2023-07-20T23:06:43.580+0200] {processor.py:838} WARNING - No viable dags retrieved from /Users/dimitrikestenbaum/.pyenv/versions/3.11.4/envs/pelven/lib/python3.11/site-packages/airflow/example_dags/subdags/subdag.py
[2023-07-20T23:06:44.323+0200] {processor.py:179} INFO - Processing /Users/dimitrikestenbaum/.pyenv/versions/3.11.4/envs/pelven/lib/python3.11/site-packages/airflow/example_dags/subdags/subdag.py took 0.749 seconds
[2023-07-20T23:08:30.468+0200] {processor.py:157} INFO - Started process (PID=14976) to work on /Users/dimitrikestenbaum/.pyenv/versions/3.11.4/envs/pelven/lib/python3.11/site-packages/airflow/example_dags/subdags/subdag.py
[2023-07-20T23:08:30.473+0200] {processor.py:826} INFO - Processing file /Users/dimitrikestenbaum/.pyenv/versions/3.11.4/envs/pelven/lib/python3.11/site-packages/airflow/example_dags/subdags/subdag.py for tasks to queue
[2023-07-20T23:08:30.473+0200] {logging_mixin.py:150} INFO - [2023-07-20T23:08:30.473+0200] {dagbag.py:541} INFO - Filling up the DagBag from /Users/dimitrikestenbaum/.pyenv/versions/3.11.4/envs/pelven/lib/python3.11/site-packages/airflow/example_dags/subdags/subdag.py
[2023-07-20T23:08:30.476+0200] {processor.py:838} WARNING - No viable dags retrieved from /Users/dimitrikestenbaum/.pyenv/versions/3.11.4/envs/pelven/lib/python3.11/site-packages/airflow/example_dags/subdags/subdag.py
[2023-07-20T23:08:31.122+0200] {processor.py:179} INFO - Processing /Users/dimitrikestenbaum/.pyenv/versions/3.11.4/envs/pelven/lib/python3.11/site-packages/airflow/example_dags/subdags/subdag.py took 0.654 seconds
[2023-07-20T23:10:16.010+0200] {processor.py:157} INFO - Started process (PID=15083) to work on /Users/dimitrikestenbaum/.pyenv/versions/3.11.4/envs/pelven/lib/python3.11/site-packages/airflow/example_dags/subdags/subdag.py
[2023-07-20T23:10:16.014+0200] {processor.py:826} INFO - Processing file /Users/dimitrikestenbaum/.pyenv/versions/3.11.4/envs/pelven/lib/python3.11/site-packages/airflow/example_dags/subdags/subdag.py for tasks to queue
[2023-07-20T23:10:16.014+0200] {logging_mixin.py:150} INFO - [2023-07-20T23:10:16.014+0200] {dagbag.py:541} INFO - Filling up the DagBag from /Users/dimitrikestenbaum/.pyenv/versions/3.11.4/envs/pelven/lib/python3.11/site-packages/airflow/example_dags/subdags/subdag.py
[2023-07-20T23:10:16.017+0200] {processor.py:838} WARNING - No viable dags retrieved from /Users/dimitrikestenbaum/.pyenv/versions/3.11.4/envs/pelven/lib/python3.11/site-packages/airflow/example_dags/subdags/subdag.py
[2023-07-20T23:10:16.775+0200] {processor.py:179} INFO - Processing /Users/dimitrikestenbaum/.pyenv/versions/3.11.4/envs/pelven/lib/python3.11/site-packages/airflow/example_dags/subdags/subdag.py took 0.766 seconds
