[2023-07-23T14:01:42.721+0200] {taskinstance.py:1103} INFO - Dependencies all met for dep_context=non-requeueable deps ti=<TaskInstance: nba_stats_scraper.execute_scraping manual__2023-07-23T12:01:40.810270+00:00 [queued]>
[2023-07-23T14:01:42.729+0200] {taskinstance.py:1103} INFO - Dependencies all met for dep_context=requeueable deps ti=<TaskInstance: nba_stats_scraper.execute_scraping manual__2023-07-23T12:01:40.810270+00:00 [queued]>
[2023-07-23T14:01:42.729+0200] {taskinstance.py:1308} INFO - Starting attempt 1 of 1
[2023-07-23T14:01:42.739+0200] {taskinstance.py:1327} INFO - Executing <Task(BashOperator): execute_scraping> on 2023-07-23 12:01:40.810270+00:00
[2023-07-23T14:01:42.742+0200] {standard_task_runner.py:57} INFO - Started process 6820 to run task
[2023-07-23T14:01:42.747+0200] {standard_task_runner.py:84} INFO - Running: ['***', 'tasks', 'run', 'nba_stats_scraper', 'execute_scraping', 'manual__2023-07-23T12:01:40.810270+00:00', '--job-id', '40', '--raw', '--subdir', 'DAGS_FOLDER/nba_stats_scrape_exec.py', '--cfg-path', '/var/folders/fc/9vrqth010qgbrhv1th35kb040000gn/T/tmp1y0vao6s']
[2023-07-23T14:01:42.750+0200] {standard_task_runner.py:85} INFO - Job 40: Subtask execute_scraping
[2023-07-23T14:01:42.814+0200] {task_command.py:410} INFO - Running <TaskInstance: nba_stats_scraper.execute_scraping manual__2023-07-23T12:01:40.810270+00:00 [running]> on host dimitris-mbp.home
[2023-07-23T14:01:42.934+0200] {taskinstance.py:1545} INFO - Exporting env vars: AIRFLOW_CTX_DAG_OWNER='***' AIRFLOW_CTX_DAG_ID='nba_stats_scraper' AIRFLOW_CTX_TASK_ID='execute_scraping' AIRFLOW_CTX_EXECUTION_DATE='2023-07-23T12:01:40.810270+00:00' AIRFLOW_CTX_TRY_NUMBER='1' AIRFLOW_CTX_DAG_RUN_ID='manual__2023-07-23T12:01:40.810270+00:00'
[2023-07-23T14:01:42.937+0200] {subprocess.py:63} INFO - Tmp dir root location: /var/folders/fc/9vrqth010qgbrhv1th35kb040000gn/T
[2023-07-23T14:01:42.938+0200] {subprocess.py:75} INFO - Running command: ['/bin/bash', '-c', 'python3 ~/desktop/nba_mvp_predictor/main.py']
[2023-07-23T14:01:42.947+0200] {subprocess.py:86} INFO - Output:
[2023-07-23T14:01:43.200+0200] {subprocess.py:93} INFO - Traceback (most recent call last):
[2023-07-23T14:01:43.202+0200] {subprocess.py:93} INFO -   File "/Users/dimitrikestenbaum/desktop/nba_mvp_predictor/main.py", line 4, in <module>
[2023-07-23T14:01:43.203+0200] {subprocess.py:93} INFO -     from nba_stats_scraping.nba_stats_scraper import Nba_stats_scraper
[2023-07-23T14:01:43.204+0200] {subprocess.py:93} INFO -   File "/Users/dimitrikestenbaum/Desktop/nba_mvp_predictor/nba_stats_scraping/nba_stats_scraper.py", line 4, in <module>
[2023-07-23T14:01:43.205+0200] {subprocess.py:93} INFO -     import pandas as pd
[2023-07-23T14:01:43.206+0200] {subprocess.py:93} INFO - ModuleNotFoundError: No module named 'pandas'
[2023-07-23T14:01:43.245+0200] {subprocess.py:97} INFO - Command exited with return code 1
[2023-07-23T14:01:43.261+0200] {taskinstance.py:1824} ERROR - Task failed with exception
Traceback (most recent call last):
  File "/Users/dimitrikestenbaum/.pyenv/versions/3.11.4/envs/pelven/lib/python3.11/site-packages/airflow/operators/bash.py", line 210, in execute
    raise AirflowException(
airflow.exceptions.AirflowException: Bash command failed. The command returned a non-zero exit code 1.
[2023-07-23T14:01:43.267+0200] {taskinstance.py:1345} INFO - Marking task as FAILED. dag_id=nba_stats_scraper, task_id=execute_scraping, execution_date=20230723T120140, start_date=20230723T120142, end_date=20230723T120143
[2023-07-23T14:01:43.282+0200] {standard_task_runner.py:104} ERROR - Failed to execute job 40 for task execute_scraping (Bash command failed. The command returned a non-zero exit code 1.; 6820)
[2023-07-23T14:01:43.326+0200] {local_task_job_runner.py:225} INFO - Task exited with return code 1
[2023-07-23T14:01:43.352+0200] {taskinstance.py:2653} INFO - 0 downstream tasks scheduled from follow-on schedule check
