[2023-07-23T13:52:21.530+0200] {processor.py:157} INFO - Started process (PID=5272) to work on /Users/dimitrikestenbaum/airflow/dags/nba_stats_scrape_exec.py
[2023-07-23T13:52:21.534+0200] {processor.py:826} INFO - Processing file /Users/dimitrikestenbaum/airflow/dags/nba_stats_scrape_exec.py for tasks to queue
[2023-07-23T13:52:21.534+0200] {logging_mixin.py:150} INFO - [2023-07-23T13:52:21.534+0200] {dagbag.py:541} INFO - Filling up the DagBag from /Users/dimitrikestenbaum/airflow/dags/nba_stats_scrape_exec.py
[2023-07-23T13:52:21.583+0200] {processor.py:836} INFO - DAG(s) dict_keys(['nba_stats_scraper']) retrieved from /Users/dimitrikestenbaum/airflow/dags/nba_stats_scrape_exec.py
[2023-07-23T13:52:22.449+0200] {logging_mixin.py:150} INFO - [2023-07-23T13:52:22.448+0200] {manager.py:504} INFO - Created Permission View: can read on DAG:nba_stats_scraper
[2023-07-23T13:52:22.459+0200] {logging_mixin.py:150} INFO - [2023-07-23T13:52:22.459+0200] {manager.py:504} INFO - Created Permission View: can delete on DAG:nba_stats_scraper
[2023-07-23T13:52:22.465+0200] {logging_mixin.py:150} INFO - [2023-07-23T13:52:22.465+0200] {manager.py:504} INFO - Created Permission View: can edit on DAG:nba_stats_scraper
[2023-07-23T13:52:22.478+0200] {logging_mixin.py:150} INFO - [2023-07-23T13:52:22.478+0200] {dag.py:2742} INFO - Sync 1 DAGs
[2023-07-23T13:52:22.487+0200] {logging_mixin.py:150} INFO - [2023-07-23T13:52:22.487+0200] {dag.py:2763} INFO - Creating ORM DAG for nba_stats_scraper
[2023-07-23T13:52:22.495+0200] {logging_mixin.py:150} INFO - [2023-07-23T13:52:22.495+0200] {dag.py:3504} INFO - Setting next_dagrun for nba_stats_scraper to None, run_after=None
[2023-07-23T13:52:22.511+0200] {processor.py:179} INFO - Processing /Users/dimitrikestenbaum/airflow/dags/nba_stats_scrape_exec.py took 0.983 seconds
[2023-07-23T13:52:53.713+0200] {processor.py:157} INFO - Started process (PID=5473) to work on /Users/dimitrikestenbaum/airflow/dags/nba_stats_scrape_exec.py
[2023-07-23T13:52:53.717+0200] {processor.py:826} INFO - Processing file /Users/dimitrikestenbaum/airflow/dags/nba_stats_scrape_exec.py for tasks to queue
[2023-07-23T13:52:53.717+0200] {logging_mixin.py:150} INFO - [2023-07-23T13:52:53.717+0200] {dagbag.py:541} INFO - Filling up the DagBag from /Users/dimitrikestenbaum/airflow/dags/nba_stats_scrape_exec.py
[2023-07-23T13:52:53.760+0200] {processor.py:836} INFO - DAG(s) dict_keys(['nba_stats_scraper']) retrieved from /Users/dimitrikestenbaum/airflow/dags/nba_stats_scrape_exec.py
[2023-07-23T13:52:54.528+0200] {logging_mixin.py:150} INFO - [2023-07-23T13:52:54.528+0200] {dag.py:2742} INFO - Sync 1 DAGs
[2023-07-23T13:52:54.546+0200] {logging_mixin.py:150} INFO - [2023-07-23T13:52:54.545+0200] {dag.py:3504} INFO - Setting next_dagrun for nba_stats_scraper to None, run_after=None
[2023-07-23T13:52:54.561+0200] {processor.py:179} INFO - Processing /Users/dimitrikestenbaum/airflow/dags/nba_stats_scrape_exec.py took 0.850 seconds
[2023-07-23T13:53:25.886+0200] {processor.py:157} INFO - Started process (PID=5505) to work on /Users/dimitrikestenbaum/airflow/dags/nba_stats_scrape_exec.py
[2023-07-23T13:53:25.889+0200] {processor.py:826} INFO - Processing file /Users/dimitrikestenbaum/airflow/dags/nba_stats_scrape_exec.py for tasks to queue
[2023-07-23T13:53:25.890+0200] {logging_mixin.py:150} INFO - [2023-07-23T13:53:25.890+0200] {dagbag.py:541} INFO - Filling up the DagBag from /Users/dimitrikestenbaum/airflow/dags/nba_stats_scrape_exec.py
[2023-07-23T13:53:25.940+0200] {processor.py:836} INFO - DAG(s) dict_keys(['nba_stats_scraper']) retrieved from /Users/dimitrikestenbaum/airflow/dags/nba_stats_scrape_exec.py
[2023-07-23T13:53:26.696+0200] {logging_mixin.py:150} INFO - [2023-07-23T13:53:26.695+0200] {dag.py:2742} INFO - Sync 1 DAGs
[2023-07-23T13:53:26.717+0200] {logging_mixin.py:150} INFO - [2023-07-23T13:53:26.717+0200] {dag.py:3504} INFO - Setting next_dagrun for nba_stats_scraper to None, run_after=None
[2023-07-23T13:53:26.736+0200] {processor.py:179} INFO - Processing /Users/dimitrikestenbaum/airflow/dags/nba_stats_scrape_exec.py took 0.851 seconds
[2023-07-23T13:53:57.996+0200] {processor.py:157} INFO - Started process (PID=5553) to work on /Users/dimitrikestenbaum/airflow/dags/nba_stats_scrape_exec.py
[2023-07-23T13:53:57.999+0200] {processor.py:826} INFO - Processing file /Users/dimitrikestenbaum/airflow/dags/nba_stats_scrape_exec.py for tasks to queue
[2023-07-23T13:53:58.000+0200] {logging_mixin.py:150} INFO - [2023-07-23T13:53:57.999+0200] {dagbag.py:541} INFO - Filling up the DagBag from /Users/dimitrikestenbaum/airflow/dags/nba_stats_scrape_exec.py
[2023-07-23T13:53:58.041+0200] {processor.py:836} INFO - DAG(s) dict_keys(['nba_stats_scraper']) retrieved from /Users/dimitrikestenbaum/airflow/dags/nba_stats_scrape_exec.py
[2023-07-23T13:53:58.776+0200] {logging_mixin.py:150} INFO - [2023-07-23T13:53:58.776+0200] {dag.py:2742} INFO - Sync 1 DAGs
[2023-07-23T13:53:58.795+0200] {logging_mixin.py:150} INFO - [2023-07-23T13:53:58.795+0200] {dag.py:3504} INFO - Setting next_dagrun for nba_stats_scraper to None, run_after=None
[2023-07-23T13:53:58.810+0200] {processor.py:179} INFO - Processing /Users/dimitrikestenbaum/airflow/dags/nba_stats_scrape_exec.py took 0.814 seconds
[2023-07-23T14:01:23.400+0200] {processor.py:157} INFO - Started process (PID=6755) to work on /Users/dimitrikestenbaum/airflow/dags/nba_stats_scrape_exec.py
[2023-07-23T14:01:23.403+0200] {processor.py:826} INFO - Processing file /Users/dimitrikestenbaum/airflow/dags/nba_stats_scrape_exec.py for tasks to queue
[2023-07-23T14:01:23.403+0200] {logging_mixin.py:150} INFO - [2023-07-23T14:01:23.403+0200] {dagbag.py:541} INFO - Filling up the DagBag from /Users/dimitrikestenbaum/airflow/dags/nba_stats_scrape_exec.py
[2023-07-23T14:01:23.408+0200] {logging_mixin.py:150} INFO - [2023-07-23T14:01:23.407+0200] {nba_stats_scrape_exec.py:9} INFO - Yes, you will see this log :)
[2023-07-23T14:01:23.449+0200] {processor.py:836} INFO - DAG(s) dict_keys(['nba_stats_scraper']) retrieved from /Users/dimitrikestenbaum/airflow/dags/nba_stats_scrape_exec.py
[2023-07-23T14:01:24.389+0200] {logging_mixin.py:150} INFO - [2023-07-23T14:01:24.388+0200] {dag.py:2742} INFO - Sync 1 DAGs
[2023-07-23T14:01:24.415+0200] {logging_mixin.py:150} INFO - [2023-07-23T14:01:24.415+0200] {dag.py:3504} INFO - Setting next_dagrun for nba_stats_scraper to None, run_after=None
[2023-07-23T14:01:24.437+0200] {processor.py:179} INFO - Processing /Users/dimitrikestenbaum/airflow/dags/nba_stats_scrape_exec.py took 1.039 seconds
[2023-07-23T14:01:55.656+0200] {processor.py:157} INFO - Started process (PID=6835) to work on /Users/dimitrikestenbaum/airflow/dags/nba_stats_scrape_exec.py
[2023-07-23T14:01:55.659+0200] {processor.py:826} INFO - Processing file /Users/dimitrikestenbaum/airflow/dags/nba_stats_scrape_exec.py for tasks to queue
[2023-07-23T14:01:55.660+0200] {logging_mixin.py:150} INFO - [2023-07-23T14:01:55.659+0200] {dagbag.py:541} INFO - Filling up the DagBag from /Users/dimitrikestenbaum/airflow/dags/nba_stats_scrape_exec.py
[2023-07-23T14:01:55.663+0200] {logging_mixin.py:150} INFO - [2023-07-23T14:01:55.663+0200] {nba_stats_scrape_exec.py:9} INFO - Yes, you will see this log :)
[2023-07-23T14:01:55.706+0200] {processor.py:836} INFO - DAG(s) dict_keys(['nba_stats_scraper']) retrieved from /Users/dimitrikestenbaum/airflow/dags/nba_stats_scrape_exec.py
[2023-07-23T14:01:56.500+0200] {logging_mixin.py:150} INFO - [2023-07-23T14:01:56.500+0200] {dag.py:2742} INFO - Sync 1 DAGs
[2023-07-23T14:01:56.518+0200] {logging_mixin.py:150} INFO - [2023-07-23T14:01:56.518+0200] {dag.py:3504} INFO - Setting next_dagrun for nba_stats_scraper to None, run_after=None
[2023-07-23T14:01:56.536+0200] {processor.py:179} INFO - Processing /Users/dimitrikestenbaum/airflow/dags/nba_stats_scrape_exec.py took 0.881 seconds
[2023-07-23T14:02:27.888+0200] {processor.py:157} INFO - Started process (PID=6867) to work on /Users/dimitrikestenbaum/airflow/dags/nba_stats_scrape_exec.py
[2023-07-23T14:02:27.892+0200] {processor.py:826} INFO - Processing file /Users/dimitrikestenbaum/airflow/dags/nba_stats_scrape_exec.py for tasks to queue
[2023-07-23T14:02:27.893+0200] {logging_mixin.py:150} INFO - [2023-07-23T14:02:27.893+0200] {dagbag.py:541} INFO - Filling up the DagBag from /Users/dimitrikestenbaum/airflow/dags/nba_stats_scrape_exec.py
[2023-07-23T14:02:27.898+0200] {logging_mixin.py:150} INFO - [2023-07-23T14:02:27.897+0200] {nba_stats_scrape_exec.py:9} INFO - Yes, you will see this log :)
[2023-07-23T14:02:27.942+0200] {processor.py:836} INFO - DAG(s) dict_keys(['nba_stats_scraper']) retrieved from /Users/dimitrikestenbaum/airflow/dags/nba_stats_scrape_exec.py
[2023-07-23T14:02:28.724+0200] {logging_mixin.py:150} INFO - [2023-07-23T14:02:28.723+0200] {dag.py:2742} INFO - Sync 1 DAGs
[2023-07-23T14:02:28.743+0200] {logging_mixin.py:150} INFO - [2023-07-23T14:02:28.743+0200] {dag.py:3504} INFO - Setting next_dagrun for nba_stats_scraper to None, run_after=None
[2023-07-23T14:02:28.759+0200] {processor.py:179} INFO - Processing /Users/dimitrikestenbaum/airflow/dags/nba_stats_scrape_exec.py took 0.873 seconds
[2023-07-23T14:03:00.092+0200] {processor.py:157} INFO - Started process (PID=6924) to work on /Users/dimitrikestenbaum/airflow/dags/nba_stats_scrape_exec.py
[2023-07-23T14:03:00.095+0200] {processor.py:826} INFO - Processing file /Users/dimitrikestenbaum/airflow/dags/nba_stats_scrape_exec.py for tasks to queue
[2023-07-23T14:03:00.095+0200] {logging_mixin.py:150} INFO - [2023-07-23T14:03:00.095+0200] {dagbag.py:541} INFO - Filling up the DagBag from /Users/dimitrikestenbaum/airflow/dags/nba_stats_scrape_exec.py
[2023-07-23T14:03:00.100+0200] {logging_mixin.py:150} INFO - [2023-07-23T14:03:00.100+0200] {nba_stats_scrape_exec.py:9} INFO - Yes, you will see this log :)
[2023-07-23T14:03:00.139+0200] {processor.py:836} INFO - DAG(s) dict_keys(['nba_stats_scraper']) retrieved from /Users/dimitrikestenbaum/airflow/dags/nba_stats_scrape_exec.py
[2023-07-23T14:03:00.844+0200] {logging_mixin.py:150} INFO - [2023-07-23T14:03:00.844+0200] {dag.py:2742} INFO - Sync 1 DAGs
[2023-07-23T14:03:00.862+0200] {logging_mixin.py:150} INFO - [2023-07-23T14:03:00.861+0200] {dag.py:3504} INFO - Setting next_dagrun for nba_stats_scraper to None, run_after=None
[2023-07-23T14:03:00.877+0200] {processor.py:179} INFO - Processing /Users/dimitrikestenbaum/airflow/dags/nba_stats_scrape_exec.py took 0.786 seconds
[2023-07-23T14:03:32.176+0200] {processor.py:157} INFO - Started process (PID=7058) to work on /Users/dimitrikestenbaum/airflow/dags/nba_stats_scrape_exec.py
[2023-07-23T14:03:32.179+0200] {processor.py:826} INFO - Processing file /Users/dimitrikestenbaum/airflow/dags/nba_stats_scrape_exec.py for tasks to queue
[2023-07-23T14:03:32.179+0200] {logging_mixin.py:150} INFO - [2023-07-23T14:03:32.179+0200] {dagbag.py:541} INFO - Filling up the DagBag from /Users/dimitrikestenbaum/airflow/dags/nba_stats_scrape_exec.py
[2023-07-23T14:03:32.183+0200] {logging_mixin.py:150} INFO - [2023-07-23T14:03:32.183+0200] {nba_stats_scrape_exec.py:9} INFO - Yes, you will see this log :)
[2023-07-23T14:03:32.220+0200] {processor.py:836} INFO - DAG(s) dict_keys(['nba_stats_scraper']) retrieved from /Users/dimitrikestenbaum/airflow/dags/nba_stats_scrape_exec.py
[2023-07-23T14:03:33.025+0200] {logging_mixin.py:150} INFO - [2023-07-23T14:03:33.025+0200] {dag.py:2742} INFO - Sync 1 DAGs
[2023-07-23T14:03:33.043+0200] {logging_mixin.py:150} INFO - [2023-07-23T14:03:33.043+0200] {dag.py:3504} INFO - Setting next_dagrun for nba_stats_scraper to None, run_after=None
[2023-07-23T14:03:33.060+0200] {processor.py:179} INFO - Processing /Users/dimitrikestenbaum/airflow/dags/nba_stats_scrape_exec.py took 0.886 seconds
[2023-07-23T14:05:34.442+0200] {processor.py:157} INFO - Started process (PID=7872) to work on /Users/dimitrikestenbaum/airflow/dags/nba_stats_scrape_exec.py
[2023-07-23T14:05:34.445+0200] {processor.py:826} INFO - Processing file /Users/dimitrikestenbaum/airflow/dags/nba_stats_scrape_exec.py for tasks to queue
[2023-07-23T14:05:34.446+0200] {logging_mixin.py:150} INFO - [2023-07-23T14:05:34.446+0200] {dagbag.py:541} INFO - Filling up the DagBag from /Users/dimitrikestenbaum/airflow/dags/nba_stats_scrape_exec.py
[2023-07-23T14:05:34.450+0200] {logging_mixin.py:150} INFO - [2023-07-23T14:05:34.450+0200] {nba_stats_scrape_exec.py:9} INFO - Yes, you will see this log :)
[2023-07-23T14:05:34.492+0200] {processor.py:836} INFO - DAG(s) dict_keys(['nba_stats_scraper']) retrieved from /Users/dimitrikestenbaum/airflow/dags/nba_stats_scrape_exec.py
[2023-07-23T14:05:35.268+0200] {logging_mixin.py:150} INFO - [2023-07-23T14:05:35.267+0200] {dag.py:2742} INFO - Sync 1 DAGs
[2023-07-23T14:05:35.290+0200] {logging_mixin.py:150} INFO - [2023-07-23T14:05:35.290+0200] {dag.py:3504} INFO - Setting next_dagrun for nba_stats_scraper to None, run_after=None
[2023-07-23T14:05:35.308+0200] {processor.py:179} INFO - Processing /Users/dimitrikestenbaum/airflow/dags/nba_stats_scrape_exec.py took 0.867 seconds
[2023-07-23T14:06:06.474+0200] {processor.py:157} INFO - Started process (PID=7940) to work on /Users/dimitrikestenbaum/airflow/dags/nba_stats_scrape_exec.py
[2023-07-23T14:06:06.477+0200] {processor.py:826} INFO - Processing file /Users/dimitrikestenbaum/airflow/dags/nba_stats_scrape_exec.py for tasks to queue
[2023-07-23T14:06:06.477+0200] {logging_mixin.py:150} INFO - [2023-07-23T14:06:06.477+0200] {dagbag.py:541} INFO - Filling up the DagBag from /Users/dimitrikestenbaum/airflow/dags/nba_stats_scrape_exec.py
[2023-07-23T14:06:06.480+0200] {logging_mixin.py:150} INFO - [2023-07-23T14:06:06.480+0200] {nba_stats_scrape_exec.py:9} INFO - Yes, you will see this log :)
[2023-07-23T14:06:06.523+0200] {processor.py:836} INFO - DAG(s) dict_keys(['nba_stats_scraper']) retrieved from /Users/dimitrikestenbaum/airflow/dags/nba_stats_scrape_exec.py
[2023-07-23T14:06:07.194+0200] {logging_mixin.py:150} INFO - [2023-07-23T14:06:07.194+0200] {dag.py:2742} INFO - Sync 1 DAGs
[2023-07-23T14:06:07.212+0200] {logging_mixin.py:150} INFO - [2023-07-23T14:06:07.212+0200] {dag.py:3504} INFO - Setting next_dagrun for nba_stats_scraper to None, run_after=None
[2023-07-23T14:06:07.229+0200] {processor.py:179} INFO - Processing /Users/dimitrikestenbaum/airflow/dags/nba_stats_scrape_exec.py took 0.756 seconds
[2023-07-23T14:06:38.533+0200] {processor.py:157} INFO - Started process (PID=8110) to work on /Users/dimitrikestenbaum/airflow/dags/nba_stats_scrape_exec.py
[2023-07-23T14:06:38.536+0200] {processor.py:826} INFO - Processing file /Users/dimitrikestenbaum/airflow/dags/nba_stats_scrape_exec.py for tasks to queue
[2023-07-23T14:06:38.537+0200] {logging_mixin.py:150} INFO - [2023-07-23T14:06:38.537+0200] {dagbag.py:541} INFO - Filling up the DagBag from /Users/dimitrikestenbaum/airflow/dags/nba_stats_scrape_exec.py
[2023-07-23T14:06:38.547+0200] {logging_mixin.py:150} INFO - [2023-07-23T14:06:38.546+0200] {nba_stats_scrape_exec.py:9} INFO - Yes, you will see this log :)
[2023-07-23T14:06:38.595+0200] {processor.py:836} INFO - DAG(s) dict_keys(['nba_stats_scraper']) retrieved from /Users/dimitrikestenbaum/airflow/dags/nba_stats_scrape_exec.py
[2023-07-23T14:06:39.254+0200] {logging_mixin.py:150} INFO - [2023-07-23T14:06:39.254+0200] {dag.py:2742} INFO - Sync 1 DAGs
[2023-07-23T14:06:39.270+0200] {logging_mixin.py:150} INFO - [2023-07-23T14:06:39.270+0200] {dag.py:3504} INFO - Setting next_dagrun for nba_stats_scraper to None, run_after=None
[2023-07-23T14:06:39.285+0200] {processor.py:179} INFO - Processing /Users/dimitrikestenbaum/airflow/dags/nba_stats_scrape_exec.py took 0.754 seconds
[2023-07-23T14:07:10.567+0200] {processor.py:157} INFO - Started process (PID=8234) to work on /Users/dimitrikestenbaum/airflow/dags/nba_stats_scrape_exec.py
[2023-07-23T14:07:10.570+0200] {processor.py:826} INFO - Processing file /Users/dimitrikestenbaum/airflow/dags/nba_stats_scrape_exec.py for tasks to queue
[2023-07-23T14:07:10.571+0200] {logging_mixin.py:150} INFO - [2023-07-23T14:07:10.571+0200] {dagbag.py:541} INFO - Filling up the DagBag from /Users/dimitrikestenbaum/airflow/dags/nba_stats_scrape_exec.py
[2023-07-23T14:07:10.576+0200] {logging_mixin.py:150} INFO - [2023-07-23T14:07:10.576+0200] {nba_stats_scrape_exec.py:9} INFO - Yes, you will see this log :)
[2023-07-23T14:07:10.615+0200] {processor.py:836} INFO - DAG(s) dict_keys(['nba_stats_scraper']) retrieved from /Users/dimitrikestenbaum/airflow/dags/nba_stats_scrape_exec.py
[2023-07-23T14:07:11.270+0200] {logging_mixin.py:150} INFO - [2023-07-23T14:07:11.270+0200] {dag.py:2742} INFO - Sync 1 DAGs
[2023-07-23T14:07:11.288+0200] {logging_mixin.py:150} INFO - [2023-07-23T14:07:11.288+0200] {dag.py:3504} INFO - Setting next_dagrun for nba_stats_scraper to None, run_after=None
[2023-07-23T14:07:11.303+0200] {processor.py:179} INFO - Processing /Users/dimitrikestenbaum/airflow/dags/nba_stats_scrape_exec.py took 0.737 seconds
[2023-07-23T14:07:19.119+0200] {processor.py:157} INFO - Started process (PID=8252) to work on /Users/dimitrikestenbaum/airflow/dags/nba_stats_scrape_exec.py
[2023-07-23T14:07:19.123+0200] {processor.py:826} INFO - Processing file /Users/dimitrikestenbaum/airflow/dags/nba_stats_scrape_exec.py for tasks to queue
[2023-07-23T14:07:19.123+0200] {logging_mixin.py:150} INFO - [2023-07-23T14:07:19.123+0200] {dagbag.py:541} INFO - Filling up the DagBag from /Users/dimitrikestenbaum/airflow/dags/nba_stats_scrape_exec.py
[2023-07-23T14:07:19.172+0200] {processor.py:836} INFO - DAG(s) dict_keys(['nba_stats_scraper']) retrieved from /Users/dimitrikestenbaum/airflow/dags/nba_stats_scrape_exec.py
[2023-07-23T14:07:19.961+0200] {logging_mixin.py:150} INFO - [2023-07-23T14:07:19.960+0200] {dag.py:2742} INFO - Sync 1 DAGs
[2023-07-23T14:07:19.981+0200] {logging_mixin.py:150} INFO - [2023-07-23T14:07:19.981+0200] {dag.py:3504} INFO - Setting next_dagrun for nba_stats_scraper to None, run_after=None
[2023-07-23T14:07:20.000+0200] {processor.py:179} INFO - Processing /Users/dimitrikestenbaum/airflow/dags/nba_stats_scrape_exec.py took 0.883 seconds
[2023-07-23T14:07:22.138+0200] {processor.py:157} INFO - Started process (PID=8260) to work on /Users/dimitrikestenbaum/airflow/dags/nba_stats_scrape_exec.py
[2023-07-23T14:07:22.142+0200] {processor.py:826} INFO - Processing file /Users/dimitrikestenbaum/airflow/dags/nba_stats_scrape_exec.py for tasks to queue
[2023-07-23T14:07:22.142+0200] {logging_mixin.py:150} INFO - [2023-07-23T14:07:22.142+0200] {dagbag.py:541} INFO - Filling up the DagBag from /Users/dimitrikestenbaum/airflow/dags/nba_stats_scrape_exec.py
[2023-07-23T14:07:22.194+0200] {processor.py:836} INFO - DAG(s) dict_keys(['nba_stats_scraper']) retrieved from /Users/dimitrikestenbaum/airflow/dags/nba_stats_scrape_exec.py
[2023-07-23T14:07:22.912+0200] {logging_mixin.py:150} INFO - [2023-07-23T14:07:22.911+0200] {dag.py:2742} INFO - Sync 1 DAGs
[2023-07-23T14:07:22.929+0200] {logging_mixin.py:150} INFO - [2023-07-23T14:07:22.929+0200] {dag.py:3504} INFO - Setting next_dagrun for nba_stats_scraper to None, run_after=None
[2023-07-23T14:07:22.946+0200] {processor.py:179} INFO - Processing /Users/dimitrikestenbaum/airflow/dags/nba_stats_scrape_exec.py took 0.809 seconds
[2023-07-23T14:07:39.143+0200] {processor.py:157} INFO - Started process (PID=8539) to work on /Users/dimitrikestenbaum/airflow/dags/nba_stats_scrape_exec.py
[2023-07-23T14:07:39.146+0200] {processor.py:826} INFO - Processing file /Users/dimitrikestenbaum/airflow/dags/nba_stats_scrape_exec.py for tasks to queue
[2023-07-23T14:07:39.147+0200] {logging_mixin.py:150} INFO - [2023-07-23T14:07:39.146+0200] {dagbag.py:541} INFO - Filling up the DagBag from /Users/dimitrikestenbaum/airflow/dags/nba_stats_scrape_exec.py
[2023-07-23T14:07:39.200+0200] {processor.py:836} INFO - DAG(s) dict_keys(['nba_stats_scraper']) retrieved from /Users/dimitrikestenbaum/airflow/dags/nba_stats_scrape_exec.py
[2023-07-23T14:07:40.173+0200] {logging_mixin.py:150} INFO - [2023-07-23T14:07:40.173+0200] {dag.py:2742} INFO - Sync 1 DAGs
[2023-07-23T14:07:40.196+0200] {logging_mixin.py:150} INFO - [2023-07-23T14:07:40.196+0200] {dag.py:3504} INFO - Setting next_dagrun for nba_stats_scraper to None, run_after=None
[2023-07-23T14:07:40.216+0200] {processor.py:179} INFO - Processing /Users/dimitrikestenbaum/airflow/dags/nba_stats_scrape_exec.py took 1.074 seconds
[2023-07-23T14:08:11.727+0200] {processor.py:157} INFO - Started process (PID=8611) to work on /Users/dimitrikestenbaum/airflow/dags/nba_stats_scrape_exec.py
[2023-07-23T14:08:11.731+0200] {processor.py:826} INFO - Processing file /Users/dimitrikestenbaum/airflow/dags/nba_stats_scrape_exec.py for tasks to queue
[2023-07-23T14:08:11.731+0200] {logging_mixin.py:150} INFO - [2023-07-23T14:08:11.731+0200] {dagbag.py:541} INFO - Filling up the DagBag from /Users/dimitrikestenbaum/airflow/dags/nba_stats_scrape_exec.py
[2023-07-23T14:08:11.778+0200] {processor.py:836} INFO - DAG(s) dict_keys(['nba_stats_scraper']) retrieved from /Users/dimitrikestenbaum/airflow/dags/nba_stats_scrape_exec.py
[2023-07-23T14:08:12.566+0200] {logging_mixin.py:150} INFO - [2023-07-23T14:08:12.565+0200] {dag.py:2742} INFO - Sync 1 DAGs
[2023-07-23T14:08:12.592+0200] {logging_mixin.py:150} INFO - [2023-07-23T14:08:12.592+0200] {dag.py:3504} INFO - Setting next_dagrun for nba_stats_scraper to None, run_after=None
[2023-07-23T14:08:12.613+0200] {processor.py:179} INFO - Processing /Users/dimitrikestenbaum/airflow/dags/nba_stats_scrape_exec.py took 0.887 seconds
[2023-07-23T14:08:44.086+0200] {processor.py:157} INFO - Started process (PID=8640) to work on /Users/dimitrikestenbaum/airflow/dags/nba_stats_scrape_exec.py
[2023-07-23T14:08:44.090+0200] {processor.py:826} INFO - Processing file /Users/dimitrikestenbaum/airflow/dags/nba_stats_scrape_exec.py for tasks to queue
[2023-07-23T14:08:44.091+0200] {logging_mixin.py:150} INFO - [2023-07-23T14:08:44.090+0200] {dagbag.py:541} INFO - Filling up the DagBag from /Users/dimitrikestenbaum/airflow/dags/nba_stats_scrape_exec.py
[2023-07-23T14:08:44.150+0200] {processor.py:836} INFO - DAG(s) dict_keys(['nba_stats_scraper']) retrieved from /Users/dimitrikestenbaum/airflow/dags/nba_stats_scrape_exec.py
[2023-07-23T14:08:45.021+0200] {logging_mixin.py:150} INFO - [2023-07-23T14:08:45.021+0200] {dag.py:2742} INFO - Sync 1 DAGs
[2023-07-23T14:08:45.040+0200] {logging_mixin.py:150} INFO - [2023-07-23T14:08:45.040+0200] {dag.py:3504} INFO - Setting next_dagrun for nba_stats_scraper to None, run_after=None
[2023-07-23T14:08:45.057+0200] {processor.py:179} INFO - Processing /Users/dimitrikestenbaum/airflow/dags/nba_stats_scrape_exec.py took 0.973 seconds
[2023-07-23T14:09:16.112+0200] {processor.py:157} INFO - Started process (PID=8667) to work on /Users/dimitrikestenbaum/airflow/dags/nba_stats_scrape_exec.py
[2023-07-23T14:09:16.115+0200] {processor.py:826} INFO - Processing file /Users/dimitrikestenbaum/airflow/dags/nba_stats_scrape_exec.py for tasks to queue
[2023-07-23T14:09:16.116+0200] {logging_mixin.py:150} INFO - [2023-07-23T14:09:16.115+0200] {dagbag.py:541} INFO - Filling up the DagBag from /Users/dimitrikestenbaum/airflow/dags/nba_stats_scrape_exec.py
[2023-07-23T14:09:16.159+0200] {processor.py:836} INFO - DAG(s) dict_keys(['nba_stats_scraper']) retrieved from /Users/dimitrikestenbaum/airflow/dags/nba_stats_scrape_exec.py
[2023-07-23T14:09:16.832+0200] {logging_mixin.py:150} INFO - [2023-07-23T14:09:16.831+0200] {dag.py:2742} INFO - Sync 1 DAGs
[2023-07-23T14:09:16.849+0200] {logging_mixin.py:150} INFO - [2023-07-23T14:09:16.849+0200] {dag.py:3504} INFO - Setting next_dagrun for nba_stats_scraper to None, run_after=None
[2023-07-23T14:09:16.864+0200] {processor.py:179} INFO - Processing /Users/dimitrikestenbaum/airflow/dags/nba_stats_scrape_exec.py took 0.753 seconds
[2023-07-23T14:09:48.133+0200] {processor.py:157} INFO - Started process (PID=8944) to work on /Users/dimitrikestenbaum/airflow/dags/nba_stats_scrape_exec.py
[2023-07-23T14:09:48.136+0200] {processor.py:826} INFO - Processing file /Users/dimitrikestenbaum/airflow/dags/nba_stats_scrape_exec.py for tasks to queue
[2023-07-23T14:09:48.137+0200] {logging_mixin.py:150} INFO - [2023-07-23T14:09:48.137+0200] {dagbag.py:541} INFO - Filling up the DagBag from /Users/dimitrikestenbaum/airflow/dags/nba_stats_scrape_exec.py
[2023-07-23T14:09:48.180+0200] {processor.py:836} INFO - DAG(s) dict_keys(['nba_stats_scraper']) retrieved from /Users/dimitrikestenbaum/airflow/dags/nba_stats_scrape_exec.py
[2023-07-23T14:09:48.881+0200] {logging_mixin.py:150} INFO - [2023-07-23T14:09:48.880+0200] {dag.py:2742} INFO - Sync 1 DAGs
[2023-07-23T14:09:48.899+0200] {logging_mixin.py:150} INFO - [2023-07-23T14:09:48.899+0200] {dag.py:3504} INFO - Setting next_dagrun for nba_stats_scraper to None, run_after=None
[2023-07-23T14:09:48.917+0200] {processor.py:179} INFO - Processing /Users/dimitrikestenbaum/airflow/dags/nba_stats_scrape_exec.py took 0.785 seconds
[2023-07-23T14:10:20.189+0200] {processor.py:157} INFO - Started process (PID=9275) to work on /Users/dimitrikestenbaum/airflow/dags/nba_stats_scrape_exec.py
[2023-07-23T14:10:20.193+0200] {processor.py:826} INFO - Processing file /Users/dimitrikestenbaum/airflow/dags/nba_stats_scrape_exec.py for tasks to queue
[2023-07-23T14:10:20.193+0200] {logging_mixin.py:150} INFO - [2023-07-23T14:10:20.193+0200] {dagbag.py:541} INFO - Filling up the DagBag from /Users/dimitrikestenbaum/airflow/dags/nba_stats_scrape_exec.py
[2023-07-23T14:10:20.237+0200] {processor.py:836} INFO - DAG(s) dict_keys(['nba_stats_scraper']) retrieved from /Users/dimitrikestenbaum/airflow/dags/nba_stats_scrape_exec.py
[2023-07-23T14:10:20.936+0200] {logging_mixin.py:150} INFO - [2023-07-23T14:10:20.936+0200] {dag.py:2742} INFO - Sync 1 DAGs
[2023-07-23T14:10:20.955+0200] {logging_mixin.py:150} INFO - [2023-07-23T14:10:20.955+0200] {dag.py:3504} INFO - Setting next_dagrun for nba_stats_scraper to None, run_after=None
[2023-07-23T14:10:20.972+0200] {processor.py:179} INFO - Processing /Users/dimitrikestenbaum/airflow/dags/nba_stats_scrape_exec.py took 0.784 seconds
[2023-07-23T14:10:52.355+0200] {processor.py:157} INFO - Started process (PID=9461) to work on /Users/dimitrikestenbaum/airflow/dags/nba_stats_scrape_exec.py
[2023-07-23T14:10:52.358+0200] {processor.py:826} INFO - Processing file /Users/dimitrikestenbaum/airflow/dags/nba_stats_scrape_exec.py for tasks to queue
[2023-07-23T14:10:52.358+0200] {logging_mixin.py:150} INFO - [2023-07-23T14:10:52.358+0200] {dagbag.py:541} INFO - Filling up the DagBag from /Users/dimitrikestenbaum/airflow/dags/nba_stats_scrape_exec.py
[2023-07-23T14:10:52.404+0200] {processor.py:836} INFO - DAG(s) dict_keys(['nba_stats_scraper']) retrieved from /Users/dimitrikestenbaum/airflow/dags/nba_stats_scrape_exec.py
[2023-07-23T14:10:53.220+0200] {logging_mixin.py:150} INFO - [2023-07-23T14:10:53.220+0200] {dag.py:2742} INFO - Sync 1 DAGs
[2023-07-23T14:10:53.246+0200] {logging_mixin.py:150} INFO - [2023-07-23T14:10:53.245+0200] {dag.py:3504} INFO - Setting next_dagrun for nba_stats_scraper to None, run_after=None
[2023-07-23T14:10:53.266+0200] {processor.py:179} INFO - Processing /Users/dimitrikestenbaum/airflow/dags/nba_stats_scrape_exec.py took 0.912 seconds
[2023-07-23T14:11:24.519+0200] {processor.py:157} INFO - Started process (PID=9862) to work on /Users/dimitrikestenbaum/airflow/dags/nba_stats_scrape_exec.py
[2023-07-23T14:11:24.523+0200] {processor.py:826} INFO - Processing file /Users/dimitrikestenbaum/airflow/dags/nba_stats_scrape_exec.py for tasks to queue
[2023-07-23T14:11:24.523+0200] {logging_mixin.py:150} INFO - [2023-07-23T14:11:24.523+0200] {dagbag.py:541} INFO - Filling up the DagBag from /Users/dimitrikestenbaum/airflow/dags/nba_stats_scrape_exec.py
[2023-07-23T14:11:24.571+0200] {processor.py:836} INFO - DAG(s) dict_keys(['nba_stats_scraper']) retrieved from /Users/dimitrikestenbaum/airflow/dags/nba_stats_scrape_exec.py
[2023-07-23T14:11:25.460+0200] {logging_mixin.py:150} INFO - [2023-07-23T14:11:25.459+0200] {dag.py:2742} INFO - Sync 1 DAGs
[2023-07-23T14:11:25.479+0200] {logging_mixin.py:150} INFO - [2023-07-23T14:11:25.479+0200] {dag.py:3504} INFO - Setting next_dagrun for nba_stats_scraper to None, run_after=None
[2023-07-23T14:11:25.496+0200] {processor.py:179} INFO - Processing /Users/dimitrikestenbaum/airflow/dags/nba_stats_scrape_exec.py took 0.978 seconds
[2023-07-23T14:11:56.730+0200] {processor.py:157} INFO - Started process (PID=9910) to work on /Users/dimitrikestenbaum/airflow/dags/nba_stats_scrape_exec.py
[2023-07-23T14:11:56.733+0200] {processor.py:826} INFO - Processing file /Users/dimitrikestenbaum/airflow/dags/nba_stats_scrape_exec.py for tasks to queue
[2023-07-23T14:11:56.734+0200] {logging_mixin.py:150} INFO - [2023-07-23T14:11:56.733+0200] {dagbag.py:541} INFO - Filling up the DagBag from /Users/dimitrikestenbaum/airflow/dags/nba_stats_scrape_exec.py
[2023-07-23T14:11:56.780+0200] {processor.py:836} INFO - DAG(s) dict_keys(['nba_stats_scraper']) retrieved from /Users/dimitrikestenbaum/airflow/dags/nba_stats_scrape_exec.py
[2023-07-23T14:11:57.546+0200] {logging_mixin.py:150} INFO - [2023-07-23T14:11:57.545+0200] {dag.py:2742} INFO - Sync 1 DAGs
[2023-07-23T14:11:57.566+0200] {logging_mixin.py:150} INFO - [2023-07-23T14:11:57.566+0200] {dag.py:3504} INFO - Setting next_dagrun for nba_stats_scraper to None, run_after=None
[2023-07-23T14:11:57.585+0200] {processor.py:179} INFO - Processing /Users/dimitrikestenbaum/airflow/dags/nba_stats_scrape_exec.py took 0.856 seconds
[2023-07-23T14:12:28.855+0200] {processor.py:157} INFO - Started process (PID=9932) to work on /Users/dimitrikestenbaum/airflow/dags/nba_stats_scrape_exec.py
[2023-07-23T14:12:28.857+0200] {processor.py:826} INFO - Processing file /Users/dimitrikestenbaum/airflow/dags/nba_stats_scrape_exec.py for tasks to queue
[2023-07-23T14:12:28.858+0200] {logging_mixin.py:150} INFO - [2023-07-23T14:12:28.858+0200] {dagbag.py:541} INFO - Filling up the DagBag from /Users/dimitrikestenbaum/airflow/dags/nba_stats_scrape_exec.py
[2023-07-23T14:12:28.901+0200] {processor.py:836} INFO - DAG(s) dict_keys(['nba_stats_scraper']) retrieved from /Users/dimitrikestenbaum/airflow/dags/nba_stats_scrape_exec.py
[2023-07-23T14:12:29.619+0200] {logging_mixin.py:150} INFO - [2023-07-23T14:12:29.619+0200] {dag.py:2742} INFO - Sync 1 DAGs
[2023-07-23T14:12:29.641+0200] {logging_mixin.py:150} INFO - [2023-07-23T14:12:29.641+0200] {dag.py:3504} INFO - Setting next_dagrun for nba_stats_scraper to None, run_after=None
[2023-07-23T14:12:29.660+0200] {processor.py:179} INFO - Processing /Users/dimitrikestenbaum/airflow/dags/nba_stats_scrape_exec.py took 0.807 seconds
[2023-07-23T14:13:00.935+0200] {processor.py:157} INFO - Started process (PID=9972) to work on /Users/dimitrikestenbaum/airflow/dags/nba_stats_scrape_exec.py
[2023-07-23T14:13:00.939+0200] {processor.py:826} INFO - Processing file /Users/dimitrikestenbaum/airflow/dags/nba_stats_scrape_exec.py for tasks to queue
[2023-07-23T14:13:00.940+0200] {logging_mixin.py:150} INFO - [2023-07-23T14:13:00.939+0200] {dagbag.py:541} INFO - Filling up the DagBag from /Users/dimitrikestenbaum/airflow/dags/nba_stats_scrape_exec.py
[2023-07-23T14:13:00.985+0200] {processor.py:836} INFO - DAG(s) dict_keys(['nba_stats_scraper']) retrieved from /Users/dimitrikestenbaum/airflow/dags/nba_stats_scrape_exec.py
[2023-07-23T14:13:01.630+0200] {logging_mixin.py:150} INFO - [2023-07-23T14:13:01.630+0200] {dag.py:2742} INFO - Sync 1 DAGs
[2023-07-23T14:13:01.648+0200] {logging_mixin.py:150} INFO - [2023-07-23T14:13:01.647+0200] {dag.py:3504} INFO - Setting next_dagrun for nba_stats_scraper to None, run_after=None
[2023-07-23T14:13:01.665+0200] {processor.py:179} INFO - Processing /Users/dimitrikestenbaum/airflow/dags/nba_stats_scrape_exec.py took 0.731 seconds
[2023-07-23T14:13:32.991+0200] {processor.py:157} INFO - Started process (PID=10082) to work on /Users/dimitrikestenbaum/airflow/dags/nba_stats_scrape_exec.py
[2023-07-23T14:13:32.994+0200] {processor.py:826} INFO - Processing file /Users/dimitrikestenbaum/airflow/dags/nba_stats_scrape_exec.py for tasks to queue
[2023-07-23T14:13:32.995+0200] {logging_mixin.py:150} INFO - [2023-07-23T14:13:32.994+0200] {dagbag.py:541} INFO - Filling up the DagBag from /Users/dimitrikestenbaum/airflow/dags/nba_stats_scrape_exec.py
[2023-07-23T14:13:33.040+0200] {processor.py:836} INFO - DAG(s) dict_keys(['nba_stats_scraper']) retrieved from /Users/dimitrikestenbaum/airflow/dags/nba_stats_scrape_exec.py
[2023-07-23T14:13:33.769+0200] {logging_mixin.py:150} INFO - [2023-07-23T14:13:33.769+0200] {dag.py:2742} INFO - Sync 1 DAGs
[2023-07-23T14:13:33.787+0200] {logging_mixin.py:150} INFO - [2023-07-23T14:13:33.787+0200] {dag.py:3504} INFO - Setting next_dagrun for nba_stats_scraper to None, run_after=None
[2023-07-23T14:13:33.803+0200] {processor.py:179} INFO - Processing /Users/dimitrikestenbaum/airflow/dags/nba_stats_scrape_exec.py took 0.813 seconds
[2023-07-23T14:14:04.900+0200] {processor.py:157} INFO - Started process (PID=10148) to work on /Users/dimitrikestenbaum/airflow/dags/nba_stats_scrape_exec.py
[2023-07-23T14:14:04.904+0200] {processor.py:826} INFO - Processing file /Users/dimitrikestenbaum/airflow/dags/nba_stats_scrape_exec.py for tasks to queue
[2023-07-23T14:14:04.905+0200] {logging_mixin.py:150} INFO - [2023-07-23T14:14:04.905+0200] {dagbag.py:541} INFO - Filling up the DagBag from /Users/dimitrikestenbaum/airflow/dags/nba_stats_scrape_exec.py
[2023-07-23T14:14:04.955+0200] {processor.py:836} INFO - DAG(s) dict_keys(['nba_stats_scraper']) retrieved from /Users/dimitrikestenbaum/airflow/dags/nba_stats_scrape_exec.py
[2023-07-23T14:14:05.609+0200] {logging_mixin.py:150} INFO - [2023-07-23T14:14:05.609+0200] {dag.py:2742} INFO - Sync 1 DAGs
[2023-07-23T14:14:05.631+0200] {logging_mixin.py:150} INFO - [2023-07-23T14:14:05.631+0200] {dag.py:3504} INFO - Setting next_dagrun for nba_stats_scraper to None, run_after=None
[2023-07-23T14:14:05.650+0200] {processor.py:179} INFO - Processing /Users/dimitrikestenbaum/airflow/dags/nba_stats_scrape_exec.py took 0.750 seconds
[2023-07-23T14:14:37.065+0200] {processor.py:157} INFO - Started process (PID=10296) to work on /Users/dimitrikestenbaum/airflow/dags/nba_stats_scrape_exec.py
[2023-07-23T14:14:37.069+0200] {processor.py:826} INFO - Processing file /Users/dimitrikestenbaum/airflow/dags/nba_stats_scrape_exec.py for tasks to queue
[2023-07-23T14:14:37.069+0200] {logging_mixin.py:150} INFO - [2023-07-23T14:14:37.069+0200] {dagbag.py:541} INFO - Filling up the DagBag from /Users/dimitrikestenbaum/airflow/dags/nba_stats_scrape_exec.py
[2023-07-23T14:14:37.116+0200] {processor.py:836} INFO - DAG(s) dict_keys(['nba_stats_scraper']) retrieved from /Users/dimitrikestenbaum/airflow/dags/nba_stats_scrape_exec.py
[2023-07-23T14:14:37.927+0200] {logging_mixin.py:150} INFO - [2023-07-23T14:14:37.927+0200] {dag.py:2742} INFO - Sync 1 DAGs
[2023-07-23T14:14:37.949+0200] {logging_mixin.py:150} INFO - [2023-07-23T14:14:37.949+0200] {dag.py:3504} INFO - Setting next_dagrun for nba_stats_scraper to None, run_after=None
[2023-07-23T14:14:37.967+0200] {processor.py:179} INFO - Processing /Users/dimitrikestenbaum/airflow/dags/nba_stats_scrape_exec.py took 0.903 seconds
[2023-07-23T14:15:10.109+0200] {processor.py:157} INFO - Started process (PID=10946) to work on /Users/dimitrikestenbaum/airflow/dags/nba_stats_scrape_exec.py
[2023-07-23T14:15:10.115+0200] {processor.py:826} INFO - Processing file /Users/dimitrikestenbaum/airflow/dags/nba_stats_scrape_exec.py for tasks to queue
[2023-07-23T14:15:10.115+0200] {logging_mixin.py:150} INFO - [2023-07-23T14:15:10.115+0200] {dagbag.py:541} INFO - Filling up the DagBag from /Users/dimitrikestenbaum/airflow/dags/nba_stats_scrape_exec.py
[2023-07-23T14:15:10.185+0200] {processor.py:836} INFO - DAG(s) dict_keys(['nba_stats_scraper']) retrieved from /Users/dimitrikestenbaum/airflow/dags/nba_stats_scrape_exec.py
[2023-07-23T14:15:11.553+0200] {logging_mixin.py:150} INFO - [2023-07-23T14:15:11.553+0200] {dag.py:2742} INFO - Sync 1 DAGs
[2023-07-23T14:15:11.586+0200] {logging_mixin.py:150} INFO - [2023-07-23T14:15:11.586+0200] {dag.py:3504} INFO - Setting next_dagrun for nba_stats_scraper to None, run_after=None
[2023-07-23T14:15:11.614+0200] {processor.py:179} INFO - Processing /Users/dimitrikestenbaum/airflow/dags/nba_stats_scrape_exec.py took 1.506 seconds
[2023-07-23T14:15:43.098+0200] {processor.py:157} INFO - Started process (PID=11682) to work on /Users/dimitrikestenbaum/airflow/dags/nba_stats_scrape_exec.py
[2023-07-23T14:15:43.100+0200] {processor.py:826} INFO - Processing file /Users/dimitrikestenbaum/airflow/dags/nba_stats_scrape_exec.py for tasks to queue
[2023-07-23T14:15:43.101+0200] {logging_mixin.py:150} INFO - [2023-07-23T14:15:43.101+0200] {dagbag.py:541} INFO - Filling up the DagBag from /Users/dimitrikestenbaum/airflow/dags/nba_stats_scrape_exec.py
[2023-07-23T14:15:43.140+0200] {processor.py:836} INFO - DAG(s) dict_keys(['nba_stats_scraper']) retrieved from /Users/dimitrikestenbaum/airflow/dags/nba_stats_scrape_exec.py
[2023-07-23T14:15:43.803+0200] {logging_mixin.py:150} INFO - [2023-07-23T14:15:43.803+0200] {dag.py:2742} INFO - Sync 1 DAGs
[2023-07-23T14:15:43.820+0200] {logging_mixin.py:150} INFO - [2023-07-23T14:15:43.820+0200] {dag.py:3504} INFO - Setting next_dagrun for nba_stats_scraper to None, run_after=None
[2023-07-23T14:15:43.837+0200] {processor.py:179} INFO - Processing /Users/dimitrikestenbaum/airflow/dags/nba_stats_scrape_exec.py took 0.740 seconds
[2023-07-23T14:16:15.028+0200] {processor.py:157} INFO - Started process (PID=11876) to work on /Users/dimitrikestenbaum/airflow/dags/nba_stats_scrape_exec.py
[2023-07-23T14:16:15.030+0200] {processor.py:826} INFO - Processing file /Users/dimitrikestenbaum/airflow/dags/nba_stats_scrape_exec.py for tasks to queue
[2023-07-23T14:16:15.031+0200] {logging_mixin.py:150} INFO - [2023-07-23T14:16:15.031+0200] {dagbag.py:541} INFO - Filling up the DagBag from /Users/dimitrikestenbaum/airflow/dags/nba_stats_scrape_exec.py
[2023-07-23T14:16:15.070+0200] {processor.py:836} INFO - DAG(s) dict_keys(['nba_stats_scraper']) retrieved from /Users/dimitrikestenbaum/airflow/dags/nba_stats_scrape_exec.py
[2023-07-23T14:16:15.676+0200] {logging_mixin.py:150} INFO - [2023-07-23T14:16:15.676+0200] {dag.py:2742} INFO - Sync 1 DAGs
[2023-07-23T14:16:15.692+0200] {logging_mixin.py:150} INFO - [2023-07-23T14:16:15.692+0200] {dag.py:3504} INFO - Setting next_dagrun for nba_stats_scraper to None, run_after=None
[2023-07-23T14:16:15.710+0200] {processor.py:179} INFO - Processing /Users/dimitrikestenbaum/airflow/dags/nba_stats_scrape_exec.py took 0.684 seconds
[2023-07-23T14:16:47.009+0200] {processor.py:157} INFO - Started process (PID=11912) to work on /Users/dimitrikestenbaum/airflow/dags/nba_stats_scrape_exec.py
[2023-07-23T14:16:47.012+0200] {processor.py:826} INFO - Processing file /Users/dimitrikestenbaum/airflow/dags/nba_stats_scrape_exec.py for tasks to queue
[2023-07-23T14:16:47.013+0200] {logging_mixin.py:150} INFO - [2023-07-23T14:16:47.013+0200] {dagbag.py:541} INFO - Filling up the DagBag from /Users/dimitrikestenbaum/airflow/dags/nba_stats_scrape_exec.py
[2023-07-23T14:16:47.055+0200] {processor.py:836} INFO - DAG(s) dict_keys(['nba_stats_scraper']) retrieved from /Users/dimitrikestenbaum/airflow/dags/nba_stats_scrape_exec.py
[2023-07-23T14:16:47.722+0200] {logging_mixin.py:150} INFO - [2023-07-23T14:16:47.722+0200] {dag.py:2742} INFO - Sync 1 DAGs
[2023-07-23T14:16:47.740+0200] {logging_mixin.py:150} INFO - [2023-07-23T14:16:47.740+0200] {dag.py:3504} INFO - Setting next_dagrun for nba_stats_scraper to None, run_after=None
[2023-07-23T14:16:47.757+0200] {processor.py:179} INFO - Processing /Users/dimitrikestenbaum/airflow/dags/nba_stats_scrape_exec.py took 0.749 seconds
[2023-07-23T14:17:19.013+0200] {processor.py:157} INFO - Started process (PID=12314) to work on /Users/dimitrikestenbaum/airflow/dags/nba_stats_scrape_exec.py
[2023-07-23T14:17:19.016+0200] {processor.py:826} INFO - Processing file /Users/dimitrikestenbaum/airflow/dags/nba_stats_scrape_exec.py for tasks to queue
[2023-07-23T14:17:19.016+0200] {logging_mixin.py:150} INFO - [2023-07-23T14:17:19.016+0200] {dagbag.py:541} INFO - Filling up the DagBag from /Users/dimitrikestenbaum/airflow/dags/nba_stats_scrape_exec.py
[2023-07-23T14:17:19.059+0200] {processor.py:836} INFO - DAG(s) dict_keys(['nba_stats_scraper']) retrieved from /Users/dimitrikestenbaum/airflow/dags/nba_stats_scrape_exec.py
[2023-07-23T14:17:19.707+0200] {logging_mixin.py:150} INFO - [2023-07-23T14:17:19.707+0200] {dag.py:2742} INFO - Sync 1 DAGs
[2023-07-23T14:17:19.726+0200] {logging_mixin.py:150} INFO - [2023-07-23T14:17:19.726+0200] {dag.py:3504} INFO - Setting next_dagrun for nba_stats_scraper to None, run_after=None
[2023-07-23T14:17:19.742+0200] {processor.py:179} INFO - Processing /Users/dimitrikestenbaum/airflow/dags/nba_stats_scrape_exec.py took 0.731 seconds
[2023-07-23T14:17:51.029+0200] {processor.py:157} INFO - Started process (PID=12394) to work on /Users/dimitrikestenbaum/airflow/dags/nba_stats_scrape_exec.py
[2023-07-23T14:17:51.032+0200] {processor.py:826} INFO - Processing file /Users/dimitrikestenbaum/airflow/dags/nba_stats_scrape_exec.py for tasks to queue
[2023-07-23T14:17:51.032+0200] {logging_mixin.py:150} INFO - [2023-07-23T14:17:51.032+0200] {dagbag.py:541} INFO - Filling up the DagBag from /Users/dimitrikestenbaum/airflow/dags/nba_stats_scrape_exec.py
[2023-07-23T14:17:51.074+0200] {processor.py:836} INFO - DAG(s) dict_keys(['nba_stats_scraper']) retrieved from /Users/dimitrikestenbaum/airflow/dags/nba_stats_scrape_exec.py
[2023-07-23T14:17:51.735+0200] {logging_mixin.py:150} INFO - [2023-07-23T14:17:51.734+0200] {dag.py:2742} INFO - Sync 1 DAGs
[2023-07-23T14:17:51.753+0200] {logging_mixin.py:150} INFO - [2023-07-23T14:17:51.753+0200] {dag.py:3504} INFO - Setting next_dagrun for nba_stats_scraper to None, run_after=None
[2023-07-23T14:17:51.770+0200] {processor.py:179} INFO - Processing /Users/dimitrikestenbaum/airflow/dags/nba_stats_scrape_exec.py took 0.743 seconds
[2023-07-23T14:18:23.084+0200] {processor.py:157} INFO - Started process (PID=12815) to work on /Users/dimitrikestenbaum/airflow/dags/nba_stats_scrape_exec.py
[2023-07-23T14:18:23.087+0200] {processor.py:826} INFO - Processing file /Users/dimitrikestenbaum/airflow/dags/nba_stats_scrape_exec.py for tasks to queue
[2023-07-23T14:18:23.088+0200] {logging_mixin.py:150} INFO - [2023-07-23T14:18:23.088+0200] {dagbag.py:541} INFO - Filling up the DagBag from /Users/dimitrikestenbaum/airflow/dags/nba_stats_scrape_exec.py
[2023-07-23T14:18:23.130+0200] {processor.py:836} INFO - DAG(s) dict_keys(['nba_stats_scraper']) retrieved from /Users/dimitrikestenbaum/airflow/dags/nba_stats_scrape_exec.py
[2023-07-23T14:18:23.880+0200] {logging_mixin.py:150} INFO - [2023-07-23T14:18:23.879+0200] {dag.py:2742} INFO - Sync 1 DAGs
[2023-07-23T14:18:23.899+0200] {logging_mixin.py:150} INFO - [2023-07-23T14:18:23.898+0200] {dag.py:3504} INFO - Setting next_dagrun for nba_stats_scraper to None, run_after=None
[2023-07-23T14:18:23.936+0200] {processor.py:179} INFO - Processing /Users/dimitrikestenbaum/airflow/dags/nba_stats_scrape_exec.py took 0.853 seconds
[2023-07-23T14:18:55.393+0200] {processor.py:157} INFO - Started process (PID=13030) to work on /Users/dimitrikestenbaum/airflow/dags/nba_stats_scrape_exec.py
[2023-07-23T14:18:55.396+0200] {processor.py:826} INFO - Processing file /Users/dimitrikestenbaum/airflow/dags/nba_stats_scrape_exec.py for tasks to queue
[2023-07-23T14:18:55.397+0200] {logging_mixin.py:150} INFO - [2023-07-23T14:18:55.397+0200] {dagbag.py:541} INFO - Filling up the DagBag from /Users/dimitrikestenbaum/airflow/dags/nba_stats_scrape_exec.py
[2023-07-23T14:18:55.444+0200] {processor.py:836} INFO - DAG(s) dict_keys(['nba_stats_scraper']) retrieved from /Users/dimitrikestenbaum/airflow/dags/nba_stats_scrape_exec.py
[2023-07-23T14:18:56.161+0200] {logging_mixin.py:150} INFO - [2023-07-23T14:18:56.161+0200] {dag.py:2742} INFO - Sync 1 DAGs
[2023-07-23T14:18:56.179+0200] {logging_mixin.py:150} INFO - [2023-07-23T14:18:56.179+0200] {dag.py:3504} INFO - Setting next_dagrun for nba_stats_scraper to None, run_after=None
[2023-07-23T14:18:56.198+0200] {processor.py:179} INFO - Processing /Users/dimitrikestenbaum/airflow/dags/nba_stats_scrape_exec.py took 0.806 seconds
[2023-07-23T14:19:27.458+0200] {processor.py:157} INFO - Started process (PID=13245) to work on /Users/dimitrikestenbaum/airflow/dags/nba_stats_scrape_exec.py
[2023-07-23T14:19:27.460+0200] {processor.py:826} INFO - Processing file /Users/dimitrikestenbaum/airflow/dags/nba_stats_scrape_exec.py for tasks to queue
[2023-07-23T14:19:27.461+0200] {logging_mixin.py:150} INFO - [2023-07-23T14:19:27.461+0200] {dagbag.py:541} INFO - Filling up the DagBag from /Users/dimitrikestenbaum/airflow/dags/nba_stats_scrape_exec.py
[2023-07-23T14:19:27.504+0200] {processor.py:836} INFO - DAG(s) dict_keys(['nba_stats_scraper']) retrieved from /Users/dimitrikestenbaum/airflow/dags/nba_stats_scrape_exec.py
[2023-07-23T14:19:28.225+0200] {logging_mixin.py:150} INFO - [2023-07-23T14:19:28.225+0200] {dag.py:2742} INFO - Sync 1 DAGs
[2023-07-23T14:19:28.243+0200] {logging_mixin.py:150} INFO - [2023-07-23T14:19:28.243+0200] {dag.py:3504} INFO - Setting next_dagrun for nba_stats_scraper to None, run_after=None
[2023-07-23T14:19:28.259+0200] {processor.py:179} INFO - Processing /Users/dimitrikestenbaum/airflow/dags/nba_stats_scrape_exec.py took 0.802 seconds
[2023-07-23T14:19:59.513+0200] {processor.py:157} INFO - Started process (PID=13380) to work on /Users/dimitrikestenbaum/airflow/dags/nba_stats_scrape_exec.py
[2023-07-23T14:19:59.516+0200] {processor.py:826} INFO - Processing file /Users/dimitrikestenbaum/airflow/dags/nba_stats_scrape_exec.py for tasks to queue
[2023-07-23T14:19:59.516+0200] {logging_mixin.py:150} INFO - [2023-07-23T14:19:59.516+0200] {dagbag.py:541} INFO - Filling up the DagBag from /Users/dimitrikestenbaum/airflow/dags/nba_stats_scrape_exec.py
[2023-07-23T14:19:59.600+0200] {processor.py:836} INFO - DAG(s) dict_keys(['nba_stats_scraper']) retrieved from /Users/dimitrikestenbaum/airflow/dags/nba_stats_scrape_exec.py
[2023-07-23T14:20:00.347+0200] {logging_mixin.py:150} INFO - [2023-07-23T14:20:00.346+0200] {dag.py:2742} INFO - Sync 1 DAGs
[2023-07-23T14:20:00.367+0200] {logging_mixin.py:150} INFO - [2023-07-23T14:20:00.367+0200] {dag.py:3504} INFO - Setting next_dagrun for nba_stats_scraper to None, run_after=None
[2023-07-23T14:20:00.387+0200] {processor.py:179} INFO - Processing /Users/dimitrikestenbaum/airflow/dags/nba_stats_scrape_exec.py took 0.875 seconds
[2023-07-23T14:20:31.676+0200] {processor.py:157} INFO - Started process (PID=13413) to work on /Users/dimitrikestenbaum/airflow/dags/nba_stats_scrape_exec.py
[2023-07-23T14:20:31.679+0200] {processor.py:826} INFO - Processing file /Users/dimitrikestenbaum/airflow/dags/nba_stats_scrape_exec.py for tasks to queue
[2023-07-23T14:20:31.680+0200] {logging_mixin.py:150} INFO - [2023-07-23T14:20:31.680+0200] {dagbag.py:541} INFO - Filling up the DagBag from /Users/dimitrikestenbaum/airflow/dags/nba_stats_scrape_exec.py
[2023-07-23T14:20:31.727+0200] {processor.py:836} INFO - DAG(s) dict_keys(['nba_stats_scraper']) retrieved from /Users/dimitrikestenbaum/airflow/dags/nba_stats_scrape_exec.py
[2023-07-23T14:20:32.433+0200] {logging_mixin.py:150} INFO - [2023-07-23T14:20:32.433+0200] {dag.py:2742} INFO - Sync 1 DAGs
[2023-07-23T14:20:32.453+0200] {logging_mixin.py:150} INFO - [2023-07-23T14:20:32.453+0200] {dag.py:3504} INFO - Setting next_dagrun for nba_stats_scraper to None, run_after=None
[2023-07-23T14:20:32.470+0200] {processor.py:179} INFO - Processing /Users/dimitrikestenbaum/airflow/dags/nba_stats_scrape_exec.py took 0.795 seconds
[2023-07-23T14:21:03.797+0200] {processor.py:157} INFO - Started process (PID=13450) to work on /Users/dimitrikestenbaum/airflow/dags/nba_stats_scrape_exec.py
[2023-07-23T14:21:03.800+0200] {processor.py:826} INFO - Processing file /Users/dimitrikestenbaum/airflow/dags/nba_stats_scrape_exec.py for tasks to queue
[2023-07-23T14:21:03.801+0200] {logging_mixin.py:150} INFO - [2023-07-23T14:21:03.801+0200] {dagbag.py:541} INFO - Filling up the DagBag from /Users/dimitrikestenbaum/airflow/dags/nba_stats_scrape_exec.py
[2023-07-23T14:21:03.844+0200] {processor.py:836} INFO - DAG(s) dict_keys(['nba_stats_scraper']) retrieved from /Users/dimitrikestenbaum/airflow/dags/nba_stats_scrape_exec.py
[2023-07-23T14:21:04.557+0200] {logging_mixin.py:150} INFO - [2023-07-23T14:21:04.556+0200] {dag.py:2742} INFO - Sync 1 DAGs
[2023-07-23T14:21:04.580+0200] {logging_mixin.py:150} INFO - [2023-07-23T14:21:04.580+0200] {dag.py:3504} INFO - Setting next_dagrun for nba_stats_scraper to None, run_after=None
[2023-07-23T14:21:04.599+0200] {processor.py:179} INFO - Processing /Users/dimitrikestenbaum/airflow/dags/nba_stats_scrape_exec.py took 0.803 seconds
[2023-07-23T14:21:35.814+0200] {processor.py:157} INFO - Started process (PID=13480) to work on /Users/dimitrikestenbaum/airflow/dags/nba_stats_scrape_exec.py
[2023-07-23T14:21:35.816+0200] {processor.py:826} INFO - Processing file /Users/dimitrikestenbaum/airflow/dags/nba_stats_scrape_exec.py for tasks to queue
[2023-07-23T14:21:35.817+0200] {logging_mixin.py:150} INFO - [2023-07-23T14:21:35.817+0200] {dagbag.py:541} INFO - Filling up the DagBag from /Users/dimitrikestenbaum/airflow/dags/nba_stats_scrape_exec.py
[2023-07-23T14:21:35.855+0200] {processor.py:836} INFO - DAG(s) dict_keys(['nba_stats_scraper']) retrieved from /Users/dimitrikestenbaum/airflow/dags/nba_stats_scrape_exec.py
[2023-07-23T14:21:36.488+0200] {logging_mixin.py:150} INFO - [2023-07-23T14:21:36.488+0200] {dag.py:2742} INFO - Sync 1 DAGs
[2023-07-23T14:21:36.506+0200] {logging_mixin.py:150} INFO - [2023-07-23T14:21:36.506+0200] {dag.py:3504} INFO - Setting next_dagrun for nba_stats_scraper to None, run_after=None
[2023-07-23T14:21:36.523+0200] {processor.py:179} INFO - Processing /Users/dimitrikestenbaum/airflow/dags/nba_stats_scrape_exec.py took 0.710 seconds
[2023-07-23T14:22:07.872+0200] {processor.py:157} INFO - Started process (PID=13510) to work on /Users/dimitrikestenbaum/airflow/dags/nba_stats_scrape_exec.py
[2023-07-23T14:22:07.875+0200] {processor.py:826} INFO - Processing file /Users/dimitrikestenbaum/airflow/dags/nba_stats_scrape_exec.py for tasks to queue
[2023-07-23T14:22:07.876+0200] {logging_mixin.py:150} INFO - [2023-07-23T14:22:07.876+0200] {dagbag.py:541} INFO - Filling up the DagBag from /Users/dimitrikestenbaum/airflow/dags/nba_stats_scrape_exec.py
[2023-07-23T14:22:07.920+0200] {processor.py:836} INFO - DAG(s) dict_keys(['nba_stats_scraper']) retrieved from /Users/dimitrikestenbaum/airflow/dags/nba_stats_scrape_exec.py
[2023-07-23T14:22:08.601+0200] {logging_mixin.py:150} INFO - [2023-07-23T14:22:08.601+0200] {dag.py:2742} INFO - Sync 1 DAGs
[2023-07-23T14:22:08.619+0200] {logging_mixin.py:150} INFO - [2023-07-23T14:22:08.619+0200] {dag.py:3504} INFO - Setting next_dagrun for nba_stats_scraper to None, run_after=None
[2023-07-23T14:22:08.635+0200] {processor.py:179} INFO - Processing /Users/dimitrikestenbaum/airflow/dags/nba_stats_scrape_exec.py took 0.764 seconds
[2023-07-23T14:22:39.890+0200] {processor.py:157} INFO - Started process (PID=13538) to work on /Users/dimitrikestenbaum/airflow/dags/nba_stats_scrape_exec.py
[2023-07-23T14:22:39.893+0200] {processor.py:826} INFO - Processing file /Users/dimitrikestenbaum/airflow/dags/nba_stats_scrape_exec.py for tasks to queue
[2023-07-23T14:22:39.893+0200] {logging_mixin.py:150} INFO - [2023-07-23T14:22:39.893+0200] {dagbag.py:541} INFO - Filling up the DagBag from /Users/dimitrikestenbaum/airflow/dags/nba_stats_scrape_exec.py
[2023-07-23T14:22:39.932+0200] {processor.py:836} INFO - DAG(s) dict_keys(['nba_stats_scraper']) retrieved from /Users/dimitrikestenbaum/airflow/dags/nba_stats_scrape_exec.py
[2023-07-23T14:22:40.569+0200] {logging_mixin.py:150} INFO - [2023-07-23T14:22:40.569+0200] {dag.py:2742} INFO - Sync 1 DAGs
[2023-07-23T14:22:40.585+0200] {logging_mixin.py:150} INFO - [2023-07-23T14:22:40.585+0200] {dag.py:3504} INFO - Setting next_dagrun for nba_stats_scraper to None, run_after=None
[2023-07-23T14:22:40.603+0200] {processor.py:179} INFO - Processing /Users/dimitrikestenbaum/airflow/dags/nba_stats_scrape_exec.py took 0.714 seconds
[2023-07-23T14:23:11.937+0200] {processor.py:157} INFO - Started process (PID=13568) to work on /Users/dimitrikestenbaum/airflow/dags/nba_stats_scrape_exec.py
[2023-07-23T14:23:11.940+0200] {processor.py:826} INFO - Processing file /Users/dimitrikestenbaum/airflow/dags/nba_stats_scrape_exec.py for tasks to queue
[2023-07-23T14:23:11.940+0200] {logging_mixin.py:150} INFO - [2023-07-23T14:23:11.940+0200] {dagbag.py:541} INFO - Filling up the DagBag from /Users/dimitrikestenbaum/airflow/dags/nba_stats_scrape_exec.py
[2023-07-23T14:23:11.989+0200] {processor.py:836} INFO - DAG(s) dict_keys(['nba_stats_scraper']) retrieved from /Users/dimitrikestenbaum/airflow/dags/nba_stats_scrape_exec.py
[2023-07-23T14:23:12.772+0200] {logging_mixin.py:150} INFO - [2023-07-23T14:23:12.772+0200] {dag.py:2742} INFO - Sync 1 DAGs
[2023-07-23T14:23:12.790+0200] {logging_mixin.py:150} INFO - [2023-07-23T14:23:12.790+0200] {dag.py:3504} INFO - Setting next_dagrun for nba_stats_scraper to None, run_after=None
[2023-07-23T14:23:12.809+0200] {processor.py:179} INFO - Processing /Users/dimitrikestenbaum/airflow/dags/nba_stats_scrape_exec.py took 0.874 seconds
[2023-07-23T14:23:44.175+0200] {processor.py:157} INFO - Started process (PID=13593) to work on /Users/dimitrikestenbaum/airflow/dags/nba_stats_scrape_exec.py
[2023-07-23T14:23:44.177+0200] {processor.py:826} INFO - Processing file /Users/dimitrikestenbaum/airflow/dags/nba_stats_scrape_exec.py for tasks to queue
[2023-07-23T14:23:44.178+0200] {logging_mixin.py:150} INFO - [2023-07-23T14:23:44.178+0200] {dagbag.py:541} INFO - Filling up the DagBag from /Users/dimitrikestenbaum/airflow/dags/nba_stats_scrape_exec.py
[2023-07-23T14:23:44.221+0200] {processor.py:836} INFO - DAG(s) dict_keys(['nba_stats_scraper']) retrieved from /Users/dimitrikestenbaum/airflow/dags/nba_stats_scrape_exec.py
[2023-07-23T14:23:44.863+0200] {logging_mixin.py:150} INFO - [2023-07-23T14:23:44.863+0200] {dag.py:2742} INFO - Sync 1 DAGs
[2023-07-23T14:23:44.879+0200] {logging_mixin.py:150} INFO - [2023-07-23T14:23:44.879+0200] {dag.py:3504} INFO - Setting next_dagrun for nba_stats_scraper to None, run_after=None
[2023-07-23T14:23:44.894+0200] {processor.py:179} INFO - Processing /Users/dimitrikestenbaum/airflow/dags/nba_stats_scrape_exec.py took 0.721 seconds
[2023-07-23T14:24:16.268+0200] {processor.py:157} INFO - Started process (PID=13629) to work on /Users/dimitrikestenbaum/airflow/dags/nba_stats_scrape_exec.py
[2023-07-23T14:24:16.271+0200] {processor.py:826} INFO - Processing file /Users/dimitrikestenbaum/airflow/dags/nba_stats_scrape_exec.py for tasks to queue
[2023-07-23T14:24:16.272+0200] {logging_mixin.py:150} INFO - [2023-07-23T14:24:16.272+0200] {dagbag.py:541} INFO - Filling up the DagBag from /Users/dimitrikestenbaum/airflow/dags/nba_stats_scrape_exec.py
[2023-07-23T14:24:16.313+0200] {processor.py:836} INFO - DAG(s) dict_keys(['nba_stats_scraper']) retrieved from /Users/dimitrikestenbaum/airflow/dags/nba_stats_scrape_exec.py
[2023-07-23T14:24:17.038+0200] {logging_mixin.py:150} INFO - [2023-07-23T14:24:17.038+0200] {dag.py:2742} INFO - Sync 1 DAGs
[2023-07-23T14:24:17.058+0200] {logging_mixin.py:150} INFO - [2023-07-23T14:24:17.057+0200] {dag.py:3504} INFO - Setting next_dagrun for nba_stats_scraper to None, run_after=None
[2023-07-23T14:24:17.075+0200] {processor.py:179} INFO - Processing /Users/dimitrikestenbaum/airflow/dags/nba_stats_scrape_exec.py took 0.807 seconds
[2023-07-23T14:24:48.174+0200] {processor.py:157} INFO - Started process (PID=13658) to work on /Users/dimitrikestenbaum/airflow/dags/nba_stats_scrape_exec.py
[2023-07-23T14:24:48.176+0200] {processor.py:826} INFO - Processing file /Users/dimitrikestenbaum/airflow/dags/nba_stats_scrape_exec.py for tasks to queue
[2023-07-23T14:24:48.177+0200] {logging_mixin.py:150} INFO - [2023-07-23T14:24:48.177+0200] {dagbag.py:541} INFO - Filling up the DagBag from /Users/dimitrikestenbaum/airflow/dags/nba_stats_scrape_exec.py
[2023-07-23T14:24:48.216+0200] {processor.py:836} INFO - DAG(s) dict_keys(['nba_stats_scraper']) retrieved from /Users/dimitrikestenbaum/airflow/dags/nba_stats_scrape_exec.py
[2023-07-23T14:24:48.842+0200] {logging_mixin.py:150} INFO - [2023-07-23T14:24:48.842+0200] {dag.py:2742} INFO - Sync 1 DAGs
[2023-07-23T14:24:48.859+0200] {logging_mixin.py:150} INFO - [2023-07-23T14:24:48.858+0200] {dag.py:3504} INFO - Setting next_dagrun for nba_stats_scraper to None, run_after=None
[2023-07-23T14:24:48.877+0200] {processor.py:179} INFO - Processing /Users/dimitrikestenbaum/airflow/dags/nba_stats_scrape_exec.py took 0.705 seconds
[2023-07-23T14:25:20.053+0200] {processor.py:157} INFO - Started process (PID=13683) to work on /Users/dimitrikestenbaum/airflow/dags/nba_stats_scrape_exec.py
[2023-07-23T14:25:20.056+0200] {processor.py:826} INFO - Processing file /Users/dimitrikestenbaum/airflow/dags/nba_stats_scrape_exec.py for tasks to queue
[2023-07-23T14:25:20.056+0200] {logging_mixin.py:150} INFO - [2023-07-23T14:25:20.056+0200] {dagbag.py:541} INFO - Filling up the DagBag from /Users/dimitrikestenbaum/airflow/dags/nba_stats_scrape_exec.py
[2023-07-23T14:25:20.095+0200] {processor.py:836} INFO - DAG(s) dict_keys(['nba_stats_scraper']) retrieved from /Users/dimitrikestenbaum/airflow/dags/nba_stats_scrape_exec.py
[2023-07-23T14:25:20.757+0200] {logging_mixin.py:150} INFO - [2023-07-23T14:25:20.757+0200] {dag.py:2742} INFO - Sync 1 DAGs
[2023-07-23T14:25:20.777+0200] {logging_mixin.py:150} INFO - [2023-07-23T14:25:20.776+0200] {dag.py:3504} INFO - Setting next_dagrun for nba_stats_scraper to None, run_after=None
[2023-07-23T14:25:20.793+0200] {processor.py:179} INFO - Processing /Users/dimitrikestenbaum/airflow/dags/nba_stats_scrape_exec.py took 0.741 seconds
[2023-07-23T14:25:51.819+0200] {processor.py:157} INFO - Started process (PID=13707) to work on /Users/dimitrikestenbaum/airflow/dags/nba_stats_scrape_exec.py
[2023-07-23T14:25:51.822+0200] {processor.py:826} INFO - Processing file /Users/dimitrikestenbaum/airflow/dags/nba_stats_scrape_exec.py for tasks to queue
[2023-07-23T14:25:51.822+0200] {logging_mixin.py:150} INFO - [2023-07-23T14:25:51.822+0200] {dagbag.py:541} INFO - Filling up the DagBag from /Users/dimitrikestenbaum/airflow/dags/nba_stats_scrape_exec.py
[2023-07-23T14:25:51.863+0200] {processor.py:836} INFO - DAG(s) dict_keys(['nba_stats_scraper']) retrieved from /Users/dimitrikestenbaum/airflow/dags/nba_stats_scrape_exec.py
[2023-07-23T14:25:52.454+0200] {logging_mixin.py:150} INFO - [2023-07-23T14:25:52.454+0200] {dag.py:2742} INFO - Sync 1 DAGs
[2023-07-23T14:25:52.470+0200] {logging_mixin.py:150} INFO - [2023-07-23T14:25:52.470+0200] {dag.py:3504} INFO - Setting next_dagrun for nba_stats_scraper to None, run_after=None
[2023-07-23T14:25:52.486+0200] {processor.py:179} INFO - Processing /Users/dimitrikestenbaum/airflow/dags/nba_stats_scrape_exec.py took 0.669 seconds
[2023-07-23T14:26:23.708+0200] {processor.py:157} INFO - Started process (PID=13730) to work on /Users/dimitrikestenbaum/airflow/dags/nba_stats_scrape_exec.py
[2023-07-23T14:26:23.711+0200] {processor.py:826} INFO - Processing file /Users/dimitrikestenbaum/airflow/dags/nba_stats_scrape_exec.py for tasks to queue
[2023-07-23T14:26:23.711+0200] {logging_mixin.py:150} INFO - [2023-07-23T14:26:23.711+0200] {dagbag.py:541} INFO - Filling up the DagBag from /Users/dimitrikestenbaum/airflow/dags/nba_stats_scrape_exec.py
[2023-07-23T14:26:23.751+0200] {processor.py:836} INFO - DAG(s) dict_keys(['nba_stats_scraper']) retrieved from /Users/dimitrikestenbaum/airflow/dags/nba_stats_scrape_exec.py
[2023-07-23T14:26:24.360+0200] {logging_mixin.py:150} INFO - [2023-07-23T14:26:24.359+0200] {dag.py:2742} INFO - Sync 1 DAGs
[2023-07-23T14:26:24.376+0200] {logging_mixin.py:150} INFO - [2023-07-23T14:26:24.375+0200] {dag.py:3504} INFO - Setting next_dagrun for nba_stats_scraper to None, run_after=None
[2023-07-23T14:26:24.392+0200] {processor.py:179} INFO - Processing /Users/dimitrikestenbaum/airflow/dags/nba_stats_scrape_exec.py took 0.685 seconds
[2023-07-23T14:26:55.592+0200] {processor.py:157} INFO - Started process (PID=13991) to work on /Users/dimitrikestenbaum/airflow/dags/nba_stats_scrape_exec.py
[2023-07-23T14:26:55.595+0200] {processor.py:826} INFO - Processing file /Users/dimitrikestenbaum/airflow/dags/nba_stats_scrape_exec.py for tasks to queue
[2023-07-23T14:26:55.595+0200] {logging_mixin.py:150} INFO - [2023-07-23T14:26:55.595+0200] {dagbag.py:541} INFO - Filling up the DagBag from /Users/dimitrikestenbaum/airflow/dags/nba_stats_scrape_exec.py
[2023-07-23T14:26:55.639+0200] {processor.py:836} INFO - DAG(s) dict_keys(['nba_stats_scraper']) retrieved from /Users/dimitrikestenbaum/airflow/dags/nba_stats_scrape_exec.py
[2023-07-23T14:26:56.285+0200] {logging_mixin.py:150} INFO - [2023-07-23T14:26:56.285+0200] {dag.py:2742} INFO - Sync 1 DAGs
[2023-07-23T14:26:56.301+0200] {logging_mixin.py:150} INFO - [2023-07-23T14:26:56.301+0200] {dag.py:3504} INFO - Setting next_dagrun for nba_stats_scraper to None, run_after=None
[2023-07-23T14:26:56.317+0200] {processor.py:179} INFO - Processing /Users/dimitrikestenbaum/airflow/dags/nba_stats_scrape_exec.py took 0.726 seconds
[2023-07-23T14:27:27.595+0200] {processor.py:157} INFO - Started process (PID=14035) to work on /Users/dimitrikestenbaum/airflow/dags/nba_stats_scrape_exec.py
[2023-07-23T14:27:27.598+0200] {processor.py:826} INFO - Processing file /Users/dimitrikestenbaum/airflow/dags/nba_stats_scrape_exec.py for tasks to queue
[2023-07-23T14:27:27.598+0200] {logging_mixin.py:150} INFO - [2023-07-23T14:27:27.598+0200] {dagbag.py:541} INFO - Filling up the DagBag from /Users/dimitrikestenbaum/airflow/dags/nba_stats_scrape_exec.py
[2023-07-23T14:27:27.642+0200] {processor.py:836} INFO - DAG(s) dict_keys(['nba_stats_scraper']) retrieved from /Users/dimitrikestenbaum/airflow/dags/nba_stats_scrape_exec.py
[2023-07-23T14:27:28.341+0200] {logging_mixin.py:150} INFO - [2023-07-23T14:27:28.341+0200] {dag.py:2742} INFO - Sync 1 DAGs
[2023-07-23T14:27:28.359+0200] {logging_mixin.py:150} INFO - [2023-07-23T14:27:28.358+0200] {dag.py:3504} INFO - Setting next_dagrun for nba_stats_scraper to None, run_after=None
[2023-07-23T14:27:28.375+0200] {processor.py:179} INFO - Processing /Users/dimitrikestenbaum/airflow/dags/nba_stats_scrape_exec.py took 0.781 seconds
[2023-07-23T14:27:59.687+0200] {processor.py:157} INFO - Started process (PID=14066) to work on /Users/dimitrikestenbaum/airflow/dags/nba_stats_scrape_exec.py
[2023-07-23T14:27:59.690+0200] {processor.py:826} INFO - Processing file /Users/dimitrikestenbaum/airflow/dags/nba_stats_scrape_exec.py for tasks to queue
[2023-07-23T14:27:59.690+0200] {logging_mixin.py:150} INFO - [2023-07-23T14:27:59.690+0200] {dagbag.py:541} INFO - Filling up the DagBag from /Users/dimitrikestenbaum/airflow/dags/nba_stats_scrape_exec.py
[2023-07-23T14:27:59.731+0200] {processor.py:836} INFO - DAG(s) dict_keys(['nba_stats_scraper']) retrieved from /Users/dimitrikestenbaum/airflow/dags/nba_stats_scrape_exec.py
[2023-07-23T14:28:00.351+0200] {logging_mixin.py:150} INFO - [2023-07-23T14:28:00.350+0200] {dag.py:2742} INFO - Sync 1 DAGs
[2023-07-23T14:28:00.367+0200] {logging_mixin.py:150} INFO - [2023-07-23T14:28:00.367+0200] {dag.py:3504} INFO - Setting next_dagrun for nba_stats_scraper to None, run_after=None
[2023-07-23T14:28:00.384+0200] {processor.py:179} INFO - Processing /Users/dimitrikestenbaum/airflow/dags/nba_stats_scrape_exec.py took 0.698 seconds
[2023-07-23T14:28:31.425+0200] {processor.py:157} INFO - Started process (PID=14088) to work on /Users/dimitrikestenbaum/airflow/dags/nba_stats_scrape_exec.py
[2023-07-23T14:28:31.428+0200] {processor.py:826} INFO - Processing file /Users/dimitrikestenbaum/airflow/dags/nba_stats_scrape_exec.py for tasks to queue
[2023-07-23T14:28:31.428+0200] {logging_mixin.py:150} INFO - [2023-07-23T14:28:31.428+0200] {dagbag.py:541} INFO - Filling up the DagBag from /Users/dimitrikestenbaum/airflow/dags/nba_stats_scrape_exec.py
[2023-07-23T14:28:31.467+0200] {processor.py:836} INFO - DAG(s) dict_keys(['nba_stats_scraper']) retrieved from /Users/dimitrikestenbaum/airflow/dags/nba_stats_scrape_exec.py
[2023-07-23T14:28:32.107+0200] {logging_mixin.py:150} INFO - [2023-07-23T14:28:32.106+0200] {dag.py:2742} INFO - Sync 1 DAGs
[2023-07-23T14:28:32.125+0200] {logging_mixin.py:150} INFO - [2023-07-23T14:28:32.125+0200] {dag.py:3504} INFO - Setting next_dagrun for nba_stats_scraper to None, run_after=None
[2023-07-23T14:28:32.141+0200] {processor.py:179} INFO - Processing /Users/dimitrikestenbaum/airflow/dags/nba_stats_scrape_exec.py took 0.718 seconds
[2023-07-23T14:29:03.404+0200] {processor.py:157} INFO - Started process (PID=14111) to work on /Users/dimitrikestenbaum/airflow/dags/nba_stats_scrape_exec.py
[2023-07-23T14:29:03.407+0200] {processor.py:826} INFO - Processing file /Users/dimitrikestenbaum/airflow/dags/nba_stats_scrape_exec.py for tasks to queue
[2023-07-23T14:29:03.407+0200] {logging_mixin.py:150} INFO - [2023-07-23T14:29:03.407+0200] {dagbag.py:541} INFO - Filling up the DagBag from /Users/dimitrikestenbaum/airflow/dags/nba_stats_scrape_exec.py
[2023-07-23T14:29:03.448+0200] {processor.py:836} INFO - DAG(s) dict_keys(['nba_stats_scraper']) retrieved from /Users/dimitrikestenbaum/airflow/dags/nba_stats_scrape_exec.py
[2023-07-23T14:29:04.057+0200] {logging_mixin.py:150} INFO - [2023-07-23T14:29:04.057+0200] {dag.py:2742} INFO - Sync 1 DAGs
[2023-07-23T14:29:04.074+0200] {logging_mixin.py:150} INFO - [2023-07-23T14:29:04.073+0200] {dag.py:3504} INFO - Setting next_dagrun for nba_stats_scraper to None, run_after=None
[2023-07-23T14:29:04.091+0200] {processor.py:179} INFO - Processing /Users/dimitrikestenbaum/airflow/dags/nba_stats_scrape_exec.py took 0.688 seconds
[2023-07-23T14:29:35.174+0200] {processor.py:157} INFO - Started process (PID=14148) to work on /Users/dimitrikestenbaum/airflow/dags/nba_stats_scrape_exec.py
[2023-07-23T14:29:35.176+0200] {processor.py:826} INFO - Processing file /Users/dimitrikestenbaum/airflow/dags/nba_stats_scrape_exec.py for tasks to queue
[2023-07-23T14:29:35.177+0200] {logging_mixin.py:150} INFO - [2023-07-23T14:29:35.177+0200] {dagbag.py:541} INFO - Filling up the DagBag from /Users/dimitrikestenbaum/airflow/dags/nba_stats_scrape_exec.py
[2023-07-23T14:29:35.222+0200] {processor.py:836} INFO - DAG(s) dict_keys(['nba_stats_scraper']) retrieved from /Users/dimitrikestenbaum/airflow/dags/nba_stats_scrape_exec.py
[2023-07-23T14:29:35.877+0200] {logging_mixin.py:150} INFO - [2023-07-23T14:29:35.877+0200] {dag.py:2742} INFO - Sync 1 DAGs
[2023-07-23T14:29:35.895+0200] {logging_mixin.py:150} INFO - [2023-07-23T14:29:35.895+0200] {dag.py:3504} INFO - Setting next_dagrun for nba_stats_scraper to None, run_after=None
[2023-07-23T14:29:35.914+0200] {processor.py:179} INFO - Processing /Users/dimitrikestenbaum/airflow/dags/nba_stats_scrape_exec.py took 0.741 seconds
[2023-07-23T14:30:07.132+0200] {processor.py:157} INFO - Started process (PID=14181) to work on /Users/dimitrikestenbaum/airflow/dags/nba_stats_scrape_exec.py
[2023-07-23T14:30:07.135+0200] {processor.py:826} INFO - Processing file /Users/dimitrikestenbaum/airflow/dags/nba_stats_scrape_exec.py for tasks to queue
[2023-07-23T14:30:07.136+0200] {logging_mixin.py:150} INFO - [2023-07-23T14:30:07.136+0200] {dagbag.py:541} INFO - Filling up the DagBag from /Users/dimitrikestenbaum/airflow/dags/nba_stats_scrape_exec.py
[2023-07-23T14:30:07.177+0200] {processor.py:836} INFO - DAG(s) dict_keys(['nba_stats_scraper']) retrieved from /Users/dimitrikestenbaum/airflow/dags/nba_stats_scrape_exec.py
[2023-07-23T14:30:07.817+0200] {logging_mixin.py:150} INFO - [2023-07-23T14:30:07.817+0200] {dag.py:2742} INFO - Sync 1 DAGs
[2023-07-23T14:30:07.835+0200] {logging_mixin.py:150} INFO - [2023-07-23T14:30:07.835+0200] {dag.py:3504} INFO - Setting next_dagrun for nba_stats_scraper to None, run_after=None
[2023-07-23T14:30:07.850+0200] {processor.py:179} INFO - Processing /Users/dimitrikestenbaum/airflow/dags/nba_stats_scrape_exec.py took 0.719 seconds
[2023-07-23T14:30:38.868+0200] {processor.py:157} INFO - Started process (PID=14219) to work on /Users/dimitrikestenbaum/airflow/dags/nba_stats_scrape_exec.py
[2023-07-23T14:30:38.870+0200] {processor.py:826} INFO - Processing file /Users/dimitrikestenbaum/airflow/dags/nba_stats_scrape_exec.py for tasks to queue
[2023-07-23T14:30:38.871+0200] {logging_mixin.py:150} INFO - [2023-07-23T14:30:38.871+0200] {dagbag.py:541} INFO - Filling up the DagBag from /Users/dimitrikestenbaum/airflow/dags/nba_stats_scrape_exec.py
[2023-07-23T14:30:38.913+0200] {processor.py:836} INFO - DAG(s) dict_keys(['nba_stats_scraper']) retrieved from /Users/dimitrikestenbaum/airflow/dags/nba_stats_scrape_exec.py
[2023-07-23T14:30:39.580+0200] {logging_mixin.py:150} INFO - [2023-07-23T14:30:39.580+0200] {dag.py:2742} INFO - Sync 1 DAGs
[2023-07-23T14:30:39.599+0200] {logging_mixin.py:150} INFO - [2023-07-23T14:30:39.599+0200] {dag.py:3504} INFO - Setting next_dagrun for nba_stats_scraper to None, run_after=None
[2023-07-23T14:30:39.614+0200] {processor.py:179} INFO - Processing /Users/dimitrikestenbaum/airflow/dags/nba_stats_scrape_exec.py took 0.748 seconds
[2023-07-23T14:31:10.898+0200] {processor.py:157} INFO - Started process (PID=14249) to work on /Users/dimitrikestenbaum/airflow/dags/nba_stats_scrape_exec.py
[2023-07-23T14:31:10.901+0200] {processor.py:826} INFO - Processing file /Users/dimitrikestenbaum/airflow/dags/nba_stats_scrape_exec.py for tasks to queue
[2023-07-23T14:31:10.901+0200] {logging_mixin.py:150} INFO - [2023-07-23T14:31:10.901+0200] {dagbag.py:541} INFO - Filling up the DagBag from /Users/dimitrikestenbaum/airflow/dags/nba_stats_scrape_exec.py
[2023-07-23T14:31:10.941+0200] {processor.py:836} INFO - DAG(s) dict_keys(['nba_stats_scraper']) retrieved from /Users/dimitrikestenbaum/airflow/dags/nba_stats_scrape_exec.py
[2023-07-23T14:31:11.585+0200] {logging_mixin.py:150} INFO - [2023-07-23T14:31:11.585+0200] {dag.py:2742} INFO - Sync 1 DAGs
[2023-07-23T14:31:11.608+0200] {logging_mixin.py:150} INFO - [2023-07-23T14:31:11.608+0200] {dag.py:3504} INFO - Setting next_dagrun for nba_stats_scraper to None, run_after=None
[2023-07-23T14:31:11.627+0200] {processor.py:179} INFO - Processing /Users/dimitrikestenbaum/airflow/dags/nba_stats_scrape_exec.py took 0.730 seconds
[2023-07-23T14:31:42.714+0200] {processor.py:157} INFO - Started process (PID=14279) to work on /Users/dimitrikestenbaum/airflow/dags/nba_stats_scrape_exec.py
[2023-07-23T14:31:42.717+0200] {processor.py:826} INFO - Processing file /Users/dimitrikestenbaum/airflow/dags/nba_stats_scrape_exec.py for tasks to queue
[2023-07-23T14:31:42.717+0200] {logging_mixin.py:150} INFO - [2023-07-23T14:31:42.717+0200] {dagbag.py:541} INFO - Filling up the DagBag from /Users/dimitrikestenbaum/airflow/dags/nba_stats_scrape_exec.py
[2023-07-23T14:31:42.759+0200] {processor.py:836} INFO - DAG(s) dict_keys(['nba_stats_scraper']) retrieved from /Users/dimitrikestenbaum/airflow/dags/nba_stats_scrape_exec.py
[2023-07-23T14:31:43.445+0200] {logging_mixin.py:150} INFO - [2023-07-23T14:31:43.445+0200] {dag.py:2742} INFO - Sync 1 DAGs
[2023-07-23T14:31:43.466+0200] {logging_mixin.py:150} INFO - [2023-07-23T14:31:43.466+0200] {dag.py:3504} INFO - Setting next_dagrun for nba_stats_scraper to None, run_after=None
[2023-07-23T14:31:43.483+0200] {processor.py:179} INFO - Processing /Users/dimitrikestenbaum/airflow/dags/nba_stats_scrape_exec.py took 0.770 seconds
[2023-07-23T14:32:14.886+0200] {processor.py:157} INFO - Started process (PID=14301) to work on /Users/dimitrikestenbaum/airflow/dags/nba_stats_scrape_exec.py
[2023-07-23T14:32:14.890+0200] {processor.py:826} INFO - Processing file /Users/dimitrikestenbaum/airflow/dags/nba_stats_scrape_exec.py for tasks to queue
[2023-07-23T14:32:14.891+0200] {logging_mixin.py:150} INFO - [2023-07-23T14:32:14.891+0200] {dagbag.py:541} INFO - Filling up the DagBag from /Users/dimitrikestenbaum/airflow/dags/nba_stats_scrape_exec.py
[2023-07-23T14:32:14.935+0200] {processor.py:836} INFO - DAG(s) dict_keys(['nba_stats_scraper']) retrieved from /Users/dimitrikestenbaum/airflow/dags/nba_stats_scrape_exec.py
[2023-07-23T14:32:15.730+0200] {logging_mixin.py:150} INFO - [2023-07-23T14:32:15.730+0200] {dag.py:2742} INFO - Sync 1 DAGs
[2023-07-23T14:32:15.750+0200] {logging_mixin.py:150} INFO - [2023-07-23T14:32:15.750+0200] {dag.py:3504} INFO - Setting next_dagrun for nba_stats_scraper to None, run_after=None
[2023-07-23T14:32:15.770+0200] {processor.py:179} INFO - Processing /Users/dimitrikestenbaum/airflow/dags/nba_stats_scrape_exec.py took 0.885 seconds
[2023-07-23T14:32:47.148+0200] {processor.py:157} INFO - Started process (PID=14523) to work on /Users/dimitrikestenbaum/airflow/dags/nba_stats_scrape_exec.py
[2023-07-23T14:32:47.151+0200] {processor.py:826} INFO - Processing file /Users/dimitrikestenbaum/airflow/dags/nba_stats_scrape_exec.py for tasks to queue
[2023-07-23T14:32:47.152+0200] {logging_mixin.py:150} INFO - [2023-07-23T14:32:47.152+0200] {dagbag.py:541} INFO - Filling up the DagBag from /Users/dimitrikestenbaum/airflow/dags/nba_stats_scrape_exec.py
[2023-07-23T14:32:47.194+0200] {processor.py:836} INFO - DAG(s) dict_keys(['nba_stats_scraper']) retrieved from /Users/dimitrikestenbaum/airflow/dags/nba_stats_scrape_exec.py
[2023-07-23T14:32:48.035+0200] {logging_mixin.py:150} INFO - [2023-07-23T14:32:48.035+0200] {dag.py:2742} INFO - Sync 1 DAGs
[2023-07-23T14:32:48.056+0200] {logging_mixin.py:150} INFO - [2023-07-23T14:32:48.056+0200] {dag.py:3504} INFO - Setting next_dagrun for nba_stats_scraper to None, run_after=None
[2023-07-23T14:32:48.074+0200] {processor.py:179} INFO - Processing /Users/dimitrikestenbaum/airflow/dags/nba_stats_scrape_exec.py took 0.927 seconds
[2023-07-23T14:33:19.574+0200] {processor.py:157} INFO - Started process (PID=14578) to work on /Users/dimitrikestenbaum/airflow/dags/nba_stats_scrape_exec.py
[2023-07-23T14:33:19.578+0200] {processor.py:826} INFO - Processing file /Users/dimitrikestenbaum/airflow/dags/nba_stats_scrape_exec.py for tasks to queue
[2023-07-23T14:33:19.579+0200] {logging_mixin.py:150} INFO - [2023-07-23T14:33:19.578+0200] {dagbag.py:541} INFO - Filling up the DagBag from /Users/dimitrikestenbaum/airflow/dags/nba_stats_scrape_exec.py
[2023-07-23T14:33:19.628+0200] {processor.py:836} INFO - DAG(s) dict_keys(['nba_stats_scraper']) retrieved from /Users/dimitrikestenbaum/airflow/dags/nba_stats_scrape_exec.py
[2023-07-23T14:33:20.435+0200] {logging_mixin.py:150} INFO - [2023-07-23T14:33:20.435+0200] {dag.py:2742} INFO - Sync 1 DAGs
[2023-07-23T14:33:20.457+0200] {logging_mixin.py:150} INFO - [2023-07-23T14:33:20.456+0200] {dag.py:3504} INFO - Setting next_dagrun for nba_stats_scraper to None, run_after=None
[2023-07-23T14:33:20.473+0200] {processor.py:179} INFO - Processing /Users/dimitrikestenbaum/airflow/dags/nba_stats_scrape_exec.py took 0.900 seconds
[2023-07-23T14:33:51.641+0200] {processor.py:157} INFO - Started process (PID=15258) to work on /Users/dimitrikestenbaum/airflow/dags/nba_stats_scrape_exec.py
[2023-07-23T14:33:51.644+0200] {processor.py:826} INFO - Processing file /Users/dimitrikestenbaum/airflow/dags/nba_stats_scrape_exec.py for tasks to queue
[2023-07-23T14:33:51.645+0200] {logging_mixin.py:150} INFO - [2023-07-23T14:33:51.645+0200] {dagbag.py:541} INFO - Filling up the DagBag from /Users/dimitrikestenbaum/airflow/dags/nba_stats_scrape_exec.py
[2023-07-23T14:33:51.691+0200] {processor.py:836} INFO - DAG(s) dict_keys(['nba_stats_scraper']) retrieved from /Users/dimitrikestenbaum/airflow/dags/nba_stats_scrape_exec.py
[2023-07-23T14:33:52.327+0200] {logging_mixin.py:150} INFO - [2023-07-23T14:33:52.326+0200] {dag.py:2742} INFO - Sync 1 DAGs
[2023-07-23T14:33:52.343+0200] {logging_mixin.py:150} INFO - [2023-07-23T14:33:52.343+0200] {dag.py:3504} INFO - Setting next_dagrun for nba_stats_scraper to None, run_after=None
[2023-07-23T14:33:52.359+0200] {processor.py:179} INFO - Processing /Users/dimitrikestenbaum/airflow/dags/nba_stats_scrape_exec.py took 0.721 seconds
[2023-07-23T14:34:23.702+0200] {processor.py:157} INFO - Started process (PID=15304) to work on /Users/dimitrikestenbaum/airflow/dags/nba_stats_scrape_exec.py
[2023-07-23T14:34:23.704+0200] {processor.py:826} INFO - Processing file /Users/dimitrikestenbaum/airflow/dags/nba_stats_scrape_exec.py for tasks to queue
[2023-07-23T14:34:23.705+0200] {logging_mixin.py:150} INFO - [2023-07-23T14:34:23.704+0200] {dagbag.py:541} INFO - Filling up the DagBag from /Users/dimitrikestenbaum/airflow/dags/nba_stats_scrape_exec.py
[2023-07-23T14:34:23.745+0200] {processor.py:836} INFO - DAG(s) dict_keys(['nba_stats_scraper']) retrieved from /Users/dimitrikestenbaum/airflow/dags/nba_stats_scrape_exec.py
[2023-07-23T14:34:24.650+0200] {logging_mixin.py:150} INFO - [2023-07-23T14:34:24.650+0200] {dag.py:2742} INFO - Sync 1 DAGs
[2023-07-23T14:34:24.678+0200] {logging_mixin.py:150} INFO - [2023-07-23T14:34:24.677+0200] {dag.py:3504} INFO - Setting next_dagrun for nba_stats_scraper to None, run_after=None
[2023-07-23T14:34:24.699+0200] {processor.py:179} INFO - Processing /Users/dimitrikestenbaum/airflow/dags/nba_stats_scrape_exec.py took 0.998 seconds
[2023-07-23T14:34:55.855+0200] {processor.py:157} INFO - Started process (PID=15500) to work on /Users/dimitrikestenbaum/airflow/dags/nba_stats_scrape_exec.py
[2023-07-23T14:34:55.858+0200] {processor.py:826} INFO - Processing file /Users/dimitrikestenbaum/airflow/dags/nba_stats_scrape_exec.py for tasks to queue
[2023-07-23T14:34:55.858+0200] {logging_mixin.py:150} INFO - [2023-07-23T14:34:55.858+0200] {dagbag.py:541} INFO - Filling up the DagBag from /Users/dimitrikestenbaum/airflow/dags/nba_stats_scrape_exec.py
[2023-07-23T14:34:55.904+0200] {processor.py:836} INFO - DAG(s) dict_keys(['nba_stats_scraper']) retrieved from /Users/dimitrikestenbaum/airflow/dags/nba_stats_scrape_exec.py
[2023-07-23T14:34:56.589+0200] {logging_mixin.py:150} INFO - [2023-07-23T14:34:56.589+0200] {dag.py:2742} INFO - Sync 1 DAGs
[2023-07-23T14:34:56.607+0200] {logging_mixin.py:150} INFO - [2023-07-23T14:34:56.606+0200] {dag.py:3504} INFO - Setting next_dagrun for nba_stats_scraper to None, run_after=None
[2023-07-23T14:34:56.622+0200] {processor.py:179} INFO - Processing /Users/dimitrikestenbaum/airflow/dags/nba_stats_scrape_exec.py took 0.769 seconds
[2023-07-23T14:35:27.828+0200] {processor.py:157} INFO - Started process (PID=15689) to work on /Users/dimitrikestenbaum/airflow/dags/nba_stats_scrape_exec.py
[2023-07-23T14:35:27.831+0200] {processor.py:826} INFO - Processing file /Users/dimitrikestenbaum/airflow/dags/nba_stats_scrape_exec.py for tasks to queue
[2023-07-23T14:35:27.831+0200] {logging_mixin.py:150} INFO - [2023-07-23T14:35:27.831+0200] {dagbag.py:541} INFO - Filling up the DagBag from /Users/dimitrikestenbaum/airflow/dags/nba_stats_scrape_exec.py
[2023-07-23T14:35:27.873+0200] {processor.py:836} INFO - DAG(s) dict_keys(['nba_stats_scraper']) retrieved from /Users/dimitrikestenbaum/airflow/dags/nba_stats_scrape_exec.py
[2023-07-23T14:35:28.553+0200] {logging_mixin.py:150} INFO - [2023-07-23T14:35:28.553+0200] {dag.py:2742} INFO - Sync 1 DAGs
[2023-07-23T14:35:28.571+0200] {logging_mixin.py:150} INFO - [2023-07-23T14:35:28.571+0200] {dag.py:3504} INFO - Setting next_dagrun for nba_stats_scraper to None, run_after=None
[2023-07-23T14:35:28.588+0200] {processor.py:179} INFO - Processing /Users/dimitrikestenbaum/airflow/dags/nba_stats_scrape_exec.py took 0.761 seconds
