[2023-07-20T22:56:13.375+0200] {processor.py:157} INFO - Started process (PID=13818) to work on /Users/dimitrikestenbaum/.pyenv/versions/3.11.4/envs/pelven/lib/python3.11/site-packages/airflow/example_dags/plugins/event_listener.py
[2023-07-20T22:56:13.378+0200] {processor.py:826} INFO - Processing file /Users/dimitrikestenbaum/.pyenv/versions/3.11.4/envs/pelven/lib/python3.11/site-packages/airflow/example_dags/plugins/event_listener.py for tasks to queue
[2023-07-20T22:56:13.379+0200] {logging_mixin.py:150} INFO - [2023-07-20T22:56:13.378+0200] {dagbag.py:541} INFO - Filling up the DagBag from /Users/dimitrikestenbaum/.pyenv/versions/3.11.4/envs/pelven/lib/python3.11/site-packages/airflow/example_dags/plugins/event_listener.py
[2023-07-20T22:56:13.379+0200] {processor.py:838} WARNING - No viable dags retrieved from /Users/dimitrikestenbaum/.pyenv/versions/3.11.4/envs/pelven/lib/python3.11/site-packages/airflow/example_dags/plugins/event_listener.py
[2023-07-20T22:56:14.054+0200] {processor.py:179} INFO - Processing /Users/dimitrikestenbaum/.pyenv/versions/3.11.4/envs/pelven/lib/python3.11/site-packages/airflow/example_dags/plugins/event_listener.py took 0.679 seconds
[2023-07-20T22:58:28.491+0200] {processor.py:157} INFO - Started process (PID=13968) to work on /Users/dimitrikestenbaum/.pyenv/versions/3.11.4/envs/pelven/lib/python3.11/site-packages/airflow/example_dags/plugins/event_listener.py
[2023-07-20T22:58:28.495+0200] {processor.py:826} INFO - Processing file /Users/dimitrikestenbaum/.pyenv/versions/3.11.4/envs/pelven/lib/python3.11/site-packages/airflow/example_dags/plugins/event_listener.py for tasks to queue
[2023-07-20T22:58:28.495+0200] {logging_mixin.py:150} INFO - [2023-07-20T22:58:28.495+0200] {dagbag.py:541} INFO - Filling up the DagBag from /Users/dimitrikestenbaum/.pyenv/versions/3.11.4/envs/pelven/lib/python3.11/site-packages/airflow/example_dags/plugins/event_listener.py
[2023-07-20T22:58:28.496+0200] {processor.py:838} WARNING - No viable dags retrieved from /Users/dimitrikestenbaum/.pyenv/versions/3.11.4/envs/pelven/lib/python3.11/site-packages/airflow/example_dags/plugins/event_listener.py
[2023-07-20T22:58:29.214+0200] {processor.py:179} INFO - Processing /Users/dimitrikestenbaum/.pyenv/versions/3.11.4/envs/pelven/lib/python3.11/site-packages/airflow/example_dags/plugins/event_listener.py took 0.724 seconds
[2023-07-20T23:00:10.441+0200] {processor.py:157} INFO - Started process (PID=14069) to work on /Users/dimitrikestenbaum/.pyenv/versions/3.11.4/envs/pelven/lib/python3.11/site-packages/airflow/example_dags/plugins/event_listener.py
[2023-07-20T23:00:10.445+0200] {processor.py:826} INFO - Processing file /Users/dimitrikestenbaum/.pyenv/versions/3.11.4/envs/pelven/lib/python3.11/site-packages/airflow/example_dags/plugins/event_listener.py for tasks to queue
[2023-07-20T23:00:10.447+0200] {logging_mixin.py:150} INFO - [2023-07-20T23:00:10.446+0200] {dagbag.py:541} INFO - Filling up the DagBag from /Users/dimitrikestenbaum/.pyenv/versions/3.11.4/envs/pelven/lib/python3.11/site-packages/airflow/example_dags/plugins/event_listener.py
[2023-07-20T23:00:10.448+0200] {processor.py:838} WARNING - No viable dags retrieved from /Users/dimitrikestenbaum/.pyenv/versions/3.11.4/envs/pelven/lib/python3.11/site-packages/airflow/example_dags/plugins/event_listener.py
[2023-07-20T23:00:11.235+0200] {processor.py:179} INFO - Processing /Users/dimitrikestenbaum/.pyenv/versions/3.11.4/envs/pelven/lib/python3.11/site-packages/airflow/example_dags/plugins/event_listener.py took 0.795 seconds
[2023-07-20T23:01:52.194+0200] {processor.py:157} INFO - Started process (PID=14163) to work on /Users/dimitrikestenbaum/.pyenv/versions/3.11.4/envs/pelven/lib/python3.11/site-packages/airflow/example_dags/plugins/event_listener.py
[2023-07-20T23:01:52.197+0200] {processor.py:826} INFO - Processing file /Users/dimitrikestenbaum/.pyenv/versions/3.11.4/envs/pelven/lib/python3.11/site-packages/airflow/example_dags/plugins/event_listener.py for tasks to queue
[2023-07-20T23:01:52.198+0200] {logging_mixin.py:150} INFO - [2023-07-20T23:01:52.198+0200] {dagbag.py:541} INFO - Filling up the DagBag from /Users/dimitrikestenbaum/.pyenv/versions/3.11.4/envs/pelven/lib/python3.11/site-packages/airflow/example_dags/plugins/event_listener.py
[2023-07-20T23:01:52.199+0200] {processor.py:838} WARNING - No viable dags retrieved from /Users/dimitrikestenbaum/.pyenv/versions/3.11.4/envs/pelven/lib/python3.11/site-packages/airflow/example_dags/plugins/event_listener.py
[2023-07-20T23:01:52.962+0200] {processor.py:179} INFO - Processing /Users/dimitrikestenbaum/.pyenv/versions/3.11.4/envs/pelven/lib/python3.11/site-packages/airflow/example_dags/plugins/event_listener.py took 0.769 seconds
[2023-07-20T23:03:30.985+0200] {processor.py:157} INFO - Started process (PID=14369) to work on /Users/dimitrikestenbaum/.pyenv/versions/3.11.4/envs/pelven/lib/python3.11/site-packages/airflow/example_dags/plugins/event_listener.py
[2023-07-20T23:03:30.989+0200] {processor.py:826} INFO - Processing file /Users/dimitrikestenbaum/.pyenv/versions/3.11.4/envs/pelven/lib/python3.11/site-packages/airflow/example_dags/plugins/event_listener.py for tasks to queue
[2023-07-20T23:03:30.990+0200] {logging_mixin.py:150} INFO - [2023-07-20T23:03:30.990+0200] {dagbag.py:541} INFO - Filling up the DagBag from /Users/dimitrikestenbaum/.pyenv/versions/3.11.4/envs/pelven/lib/python3.11/site-packages/airflow/example_dags/plugins/event_listener.py
[2023-07-20T23:03:30.991+0200] {processor.py:838} WARNING - No viable dags retrieved from /Users/dimitrikestenbaum/.pyenv/versions/3.11.4/envs/pelven/lib/python3.11/site-packages/airflow/example_dags/plugins/event_listener.py
[2023-07-20T23:03:31.739+0200] {processor.py:179} INFO - Processing /Users/dimitrikestenbaum/.pyenv/versions/3.11.4/envs/pelven/lib/python3.11/site-packages/airflow/example_dags/plugins/event_listener.py took 0.755 seconds
[2023-07-20T23:05:10.281+0200] {processor.py:157} INFO - Started process (PID=14648) to work on /Users/dimitrikestenbaum/.pyenv/versions/3.11.4/envs/pelven/lib/python3.11/site-packages/airflow/example_dags/plugins/event_listener.py
[2023-07-20T23:05:10.286+0200] {processor.py:826} INFO - Processing file /Users/dimitrikestenbaum/.pyenv/versions/3.11.4/envs/pelven/lib/python3.11/site-packages/airflow/example_dags/plugins/event_listener.py for tasks to queue
[2023-07-20T23:05:10.288+0200] {logging_mixin.py:150} INFO - [2023-07-20T23:05:10.287+0200] {dagbag.py:541} INFO - Filling up the DagBag from /Users/dimitrikestenbaum/.pyenv/versions/3.11.4/envs/pelven/lib/python3.11/site-packages/airflow/example_dags/plugins/event_listener.py
[2023-07-20T23:05:10.291+0200] {processor.py:838} WARNING - No viable dags retrieved from /Users/dimitrikestenbaum/.pyenv/versions/3.11.4/envs/pelven/lib/python3.11/site-packages/airflow/example_dags/plugins/event_listener.py
[2023-07-20T23:05:10.966+0200] {processor.py:179} INFO - Processing /Users/dimitrikestenbaum/.pyenv/versions/3.11.4/envs/pelven/lib/python3.11/site-packages/airflow/example_dags/plugins/event_listener.py took 0.685 seconds
[2023-07-20T23:06:52.072+0200] {processor.py:157} INFO - Started process (PID=14855) to work on /Users/dimitrikestenbaum/.pyenv/versions/3.11.4/envs/pelven/lib/python3.11/site-packages/airflow/example_dags/plugins/event_listener.py
[2023-07-20T23:06:52.075+0200] {processor.py:826} INFO - Processing file /Users/dimitrikestenbaum/.pyenv/versions/3.11.4/envs/pelven/lib/python3.11/site-packages/airflow/example_dags/plugins/event_listener.py for tasks to queue
[2023-07-20T23:06:52.075+0200] {logging_mixin.py:150} INFO - [2023-07-20T23:06:52.075+0200] {dagbag.py:541} INFO - Filling up the DagBag from /Users/dimitrikestenbaum/.pyenv/versions/3.11.4/envs/pelven/lib/python3.11/site-packages/airflow/example_dags/plugins/event_listener.py
[2023-07-20T23:06:52.076+0200] {processor.py:838} WARNING - No viable dags retrieved from /Users/dimitrikestenbaum/.pyenv/versions/3.11.4/envs/pelven/lib/python3.11/site-packages/airflow/example_dags/plugins/event_listener.py
[2023-07-20T23:06:52.750+0200] {processor.py:179} INFO - Processing /Users/dimitrikestenbaum/.pyenv/versions/3.11.4/envs/pelven/lib/python3.11/site-packages/airflow/example_dags/plugins/event_listener.py took 0.679 seconds
[2023-07-20T23:08:38.556+0200] {processor.py:157} INFO - Started process (PID=14980) to work on /Users/dimitrikestenbaum/.pyenv/versions/3.11.4/envs/pelven/lib/python3.11/site-packages/airflow/example_dags/plugins/event_listener.py
[2023-07-20T23:08:38.560+0200] {processor.py:826} INFO - Processing file /Users/dimitrikestenbaum/.pyenv/versions/3.11.4/envs/pelven/lib/python3.11/site-packages/airflow/example_dags/plugins/event_listener.py for tasks to queue
[2023-07-20T23:08:38.561+0200] {logging_mixin.py:150} INFO - [2023-07-20T23:08:38.560+0200] {dagbag.py:541} INFO - Filling up the DagBag from /Users/dimitrikestenbaum/.pyenv/versions/3.11.4/envs/pelven/lib/python3.11/site-packages/airflow/example_dags/plugins/event_listener.py
[2023-07-20T23:08:38.562+0200] {processor.py:838} WARNING - No viable dags retrieved from /Users/dimitrikestenbaum/.pyenv/versions/3.11.4/envs/pelven/lib/python3.11/site-packages/airflow/example_dags/plugins/event_listener.py
[2023-07-20T23:08:39.217+0200] {processor.py:179} INFO - Processing /Users/dimitrikestenbaum/.pyenv/versions/3.11.4/envs/pelven/lib/python3.11/site-packages/airflow/example_dags/plugins/event_listener.py took 0.662 seconds
