[2023-07-20T22:56:10.905+0200] {processor.py:157} INFO - Started process (PID=13814) to work on /Users/dimitrikestenbaum/.pyenv/versions/3.11.4/envs/pelven/lib/python3.11/site-packages/airflow/example_dags/plugins/listener_plugin.py
[2023-07-20T22:56:10.909+0200] {processor.py:826} INFO - Processing file /Users/dimitrikestenbaum/.pyenv/versions/3.11.4/envs/pelven/lib/python3.11/site-packages/airflow/example_dags/plugins/listener_plugin.py for tasks to queue
[2023-07-20T22:56:10.909+0200] {logging_mixin.py:150} INFO - [2023-07-20T22:56:10.909+0200] {dagbag.py:541} INFO - Filling up the DagBag from /Users/dimitrikestenbaum/.pyenv/versions/3.11.4/envs/pelven/lib/python3.11/site-packages/airflow/example_dags/plugins/listener_plugin.py
[2023-07-20T22:56:10.911+0200] {processor.py:838} WARNING - No viable dags retrieved from /Users/dimitrikestenbaum/.pyenv/versions/3.11.4/envs/pelven/lib/python3.11/site-packages/airflow/example_dags/plugins/listener_plugin.py
[2023-07-20T22:56:11.673+0200] {processor.py:179} INFO - Processing /Users/dimitrikestenbaum/.pyenv/versions/3.11.4/envs/pelven/lib/python3.11/site-packages/airflow/example_dags/plugins/listener_plugin.py took 0.769 seconds
[2023-07-20T22:58:25.725+0200] {processor.py:157} INFO - Started process (PID=13967) to work on /Users/dimitrikestenbaum/.pyenv/versions/3.11.4/envs/pelven/lib/python3.11/site-packages/airflow/example_dags/plugins/listener_plugin.py
[2023-07-20T22:58:25.728+0200] {processor.py:826} INFO - Processing file /Users/dimitrikestenbaum/.pyenv/versions/3.11.4/envs/pelven/lib/python3.11/site-packages/airflow/example_dags/plugins/listener_plugin.py for tasks to queue
[2023-07-20T22:58:25.728+0200] {logging_mixin.py:150} INFO - [2023-07-20T22:58:25.728+0200] {dagbag.py:541} INFO - Filling up the DagBag from /Users/dimitrikestenbaum/.pyenv/versions/3.11.4/envs/pelven/lib/python3.11/site-packages/airflow/example_dags/plugins/listener_plugin.py
[2023-07-20T22:58:25.730+0200] {processor.py:838} WARNING - No viable dags retrieved from /Users/dimitrikestenbaum/.pyenv/versions/3.11.4/envs/pelven/lib/python3.11/site-packages/airflow/example_dags/plugins/listener_plugin.py
[2023-07-20T22:58:26.356+0200] {processor.py:179} INFO - Processing /Users/dimitrikestenbaum/.pyenv/versions/3.11.4/envs/pelven/lib/python3.11/site-packages/airflow/example_dags/plugins/listener_plugin.py took 0.633 seconds
[2023-07-20T23:00:08.393+0200] {processor.py:157} INFO - Started process (PID=14060) to work on /Users/dimitrikestenbaum/.pyenv/versions/3.11.4/envs/pelven/lib/python3.11/site-packages/airflow/example_dags/plugins/listener_plugin.py
[2023-07-20T23:00:08.396+0200] {processor.py:826} INFO - Processing file /Users/dimitrikestenbaum/.pyenv/versions/3.11.4/envs/pelven/lib/python3.11/site-packages/airflow/example_dags/plugins/listener_plugin.py for tasks to queue
[2023-07-20T23:00:08.397+0200] {logging_mixin.py:150} INFO - [2023-07-20T23:00:08.397+0200] {dagbag.py:541} INFO - Filling up the DagBag from /Users/dimitrikestenbaum/.pyenv/versions/3.11.4/envs/pelven/lib/python3.11/site-packages/airflow/example_dags/plugins/listener_plugin.py
[2023-07-20T23:00:08.398+0200] {processor.py:838} WARNING - No viable dags retrieved from /Users/dimitrikestenbaum/.pyenv/versions/3.11.4/envs/pelven/lib/python3.11/site-packages/airflow/example_dags/plugins/listener_plugin.py
[2023-07-20T23:00:09.126+0200] {processor.py:179} INFO - Processing /Users/dimitrikestenbaum/.pyenv/versions/3.11.4/envs/pelven/lib/python3.11/site-packages/airflow/example_dags/plugins/listener_plugin.py took 0.733 seconds
[2023-07-20T23:01:49.308+0200] {processor.py:157} INFO - Started process (PID=14161) to work on /Users/dimitrikestenbaum/.pyenv/versions/3.11.4/envs/pelven/lib/python3.11/site-packages/airflow/example_dags/plugins/listener_plugin.py
[2023-07-20T23:01:49.312+0200] {processor.py:826} INFO - Processing file /Users/dimitrikestenbaum/.pyenv/versions/3.11.4/envs/pelven/lib/python3.11/site-packages/airflow/example_dags/plugins/listener_plugin.py for tasks to queue
[2023-07-20T23:01:49.312+0200] {logging_mixin.py:150} INFO - [2023-07-20T23:01:49.312+0200] {dagbag.py:541} INFO - Filling up the DagBag from /Users/dimitrikestenbaum/.pyenv/versions/3.11.4/envs/pelven/lib/python3.11/site-packages/airflow/example_dags/plugins/listener_plugin.py
[2023-07-20T23:01:49.318+0200] {processor.py:838} WARNING - No viable dags retrieved from /Users/dimitrikestenbaum/.pyenv/versions/3.11.4/envs/pelven/lib/python3.11/site-packages/airflow/example_dags/plugins/listener_plugin.py
[2023-07-20T23:01:50.011+0200] {processor.py:179} INFO - Processing /Users/dimitrikestenbaum/.pyenv/versions/3.11.4/envs/pelven/lib/python3.11/site-packages/airflow/example_dags/plugins/listener_plugin.py took 0.704 seconds
[2023-07-20T23:03:28.073+0200] {processor.py:157} INFO - Started process (PID=14367) to work on /Users/dimitrikestenbaum/.pyenv/versions/3.11.4/envs/pelven/lib/python3.11/site-packages/airflow/example_dags/plugins/listener_plugin.py
[2023-07-20T23:03:28.077+0200] {processor.py:826} INFO - Processing file /Users/dimitrikestenbaum/.pyenv/versions/3.11.4/envs/pelven/lib/python3.11/site-packages/airflow/example_dags/plugins/listener_plugin.py for tasks to queue
[2023-07-20T23:03:28.078+0200] {logging_mixin.py:150} INFO - [2023-07-20T23:03:28.078+0200] {dagbag.py:541} INFO - Filling up the DagBag from /Users/dimitrikestenbaum/.pyenv/versions/3.11.4/envs/pelven/lib/python3.11/site-packages/airflow/example_dags/plugins/listener_plugin.py
[2023-07-20T23:03:28.082+0200] {processor.py:838} WARNING - No viable dags retrieved from /Users/dimitrikestenbaum/.pyenv/versions/3.11.4/envs/pelven/lib/python3.11/site-packages/airflow/example_dags/plugins/listener_plugin.py
[2023-07-20T23:03:28.812+0200] {processor.py:179} INFO - Processing /Users/dimitrikestenbaum/.pyenv/versions/3.11.4/envs/pelven/lib/python3.11/site-packages/airflow/example_dags/plugins/listener_plugin.py took 0.739 seconds
[2023-07-20T23:05:08.497+0200] {processor.py:157} INFO - Started process (PID=14639) to work on /Users/dimitrikestenbaum/.pyenv/versions/3.11.4/envs/pelven/lib/python3.11/site-packages/airflow/example_dags/plugins/listener_plugin.py
[2023-07-20T23:05:08.501+0200] {processor.py:826} INFO - Processing file /Users/dimitrikestenbaum/.pyenv/versions/3.11.4/envs/pelven/lib/python3.11/site-packages/airflow/example_dags/plugins/listener_plugin.py for tasks to queue
[2023-07-20T23:05:08.502+0200] {logging_mixin.py:150} INFO - [2023-07-20T23:05:08.501+0200] {dagbag.py:541} INFO - Filling up the DagBag from /Users/dimitrikestenbaum/.pyenv/versions/3.11.4/envs/pelven/lib/python3.11/site-packages/airflow/example_dags/plugins/listener_plugin.py
[2023-07-20T23:05:08.507+0200] {processor.py:838} WARNING - No viable dags retrieved from /Users/dimitrikestenbaum/.pyenv/versions/3.11.4/envs/pelven/lib/python3.11/site-packages/airflow/example_dags/plugins/listener_plugin.py
[2023-07-20T23:05:09.142+0200] {processor.py:179} INFO - Processing /Users/dimitrikestenbaum/.pyenv/versions/3.11.4/envs/pelven/lib/python3.11/site-packages/airflow/example_dags/plugins/listener_plugin.py took 0.646 seconds
[2023-07-20T23:06:49.295+0200] {processor.py:157} INFO - Started process (PID=14852) to work on /Users/dimitrikestenbaum/.pyenv/versions/3.11.4/envs/pelven/lib/python3.11/site-packages/airflow/example_dags/plugins/listener_plugin.py
[2023-07-20T23:06:49.298+0200] {processor.py:826} INFO - Processing file /Users/dimitrikestenbaum/.pyenv/versions/3.11.4/envs/pelven/lib/python3.11/site-packages/airflow/example_dags/plugins/listener_plugin.py for tasks to queue
[2023-07-20T23:06:49.299+0200] {logging_mixin.py:150} INFO - [2023-07-20T23:06:49.299+0200] {dagbag.py:541} INFO - Filling up the DagBag from /Users/dimitrikestenbaum/.pyenv/versions/3.11.4/envs/pelven/lib/python3.11/site-packages/airflow/example_dags/plugins/listener_plugin.py
[2023-07-20T23:06:49.301+0200] {processor.py:838} WARNING - No viable dags retrieved from /Users/dimitrikestenbaum/.pyenv/versions/3.11.4/envs/pelven/lib/python3.11/site-packages/airflow/example_dags/plugins/listener_plugin.py
[2023-07-20T23:06:50.039+0200] {processor.py:179} INFO - Processing /Users/dimitrikestenbaum/.pyenv/versions/3.11.4/envs/pelven/lib/python3.11/site-packages/airflow/example_dags/plugins/listener_plugin.py took 0.745 seconds
[2023-07-20T23:08:35.945+0200] {processor.py:157} INFO - Started process (PID=14979) to work on /Users/dimitrikestenbaum/.pyenv/versions/3.11.4/envs/pelven/lib/python3.11/site-packages/airflow/example_dags/plugins/listener_plugin.py
[2023-07-20T23:08:35.950+0200] {processor.py:826} INFO - Processing file /Users/dimitrikestenbaum/.pyenv/versions/3.11.4/envs/pelven/lib/python3.11/site-packages/airflow/example_dags/plugins/listener_plugin.py for tasks to queue
[2023-07-20T23:08:35.951+0200] {logging_mixin.py:150} INFO - [2023-07-20T23:08:35.950+0200] {dagbag.py:541} INFO - Filling up the DagBag from /Users/dimitrikestenbaum/.pyenv/versions/3.11.4/envs/pelven/lib/python3.11/site-packages/airflow/example_dags/plugins/listener_plugin.py
[2023-07-20T23:08:35.957+0200] {processor.py:838} WARNING - No viable dags retrieved from /Users/dimitrikestenbaum/.pyenv/versions/3.11.4/envs/pelven/lib/python3.11/site-packages/airflow/example_dags/plugins/listener_plugin.py
[2023-07-20T23:08:36.627+0200] {processor.py:179} INFO - Processing /Users/dimitrikestenbaum/.pyenv/versions/3.11.4/envs/pelven/lib/python3.11/site-packages/airflow/example_dags/plugins/listener_plugin.py took 0.682 seconds
[2023-07-20T23:10:21.340+0200] {processor.py:157} INFO - Started process (PID=15097) to work on /Users/dimitrikestenbaum/.pyenv/versions/3.11.4/envs/pelven/lib/python3.11/site-packages/airflow/example_dags/plugins/listener_plugin.py
[2023-07-20T23:10:21.345+0200] {processor.py:826} INFO - Processing file /Users/dimitrikestenbaum/.pyenv/versions/3.11.4/envs/pelven/lib/python3.11/site-packages/airflow/example_dags/plugins/listener_plugin.py for tasks to queue
[2023-07-20T23:10:21.345+0200] {logging_mixin.py:150} INFO - [2023-07-20T23:10:21.345+0200] {dagbag.py:541} INFO - Filling up the DagBag from /Users/dimitrikestenbaum/.pyenv/versions/3.11.4/envs/pelven/lib/python3.11/site-packages/airflow/example_dags/plugins/listener_plugin.py
[2023-07-20T23:10:21.348+0200] {processor.py:838} WARNING - No viable dags retrieved from /Users/dimitrikestenbaum/.pyenv/versions/3.11.4/envs/pelven/lib/python3.11/site-packages/airflow/example_dags/plugins/listener_plugin.py
[2023-07-20T23:10:22.108+0200] {processor.py:179} INFO - Processing /Users/dimitrikestenbaum/.pyenv/versions/3.11.4/envs/pelven/lib/python3.11/site-packages/airflow/example_dags/plugins/listener_plugin.py took 0.769 seconds
