[2023-07-20T22:56:07.963+0200] {processor.py:157} INFO - Started process (PID=13805) to work on /Users/dimitrikestenbaum/.pyenv/versions/3.11.4/envs/pelven/lib/python3.11/site-packages/airflow/example_dags/plugins/workday.py
[2023-07-20T22:56:07.965+0200] {processor.py:826} INFO - Processing file /Users/dimitrikestenbaum/.pyenv/versions/3.11.4/envs/pelven/lib/python3.11/site-packages/airflow/example_dags/plugins/workday.py for tasks to queue
[2023-07-20T22:56:07.966+0200] {logging_mixin.py:150} INFO - [2023-07-20T22:56:07.966+0200] {dagbag.py:541} INFO - Filling up the DagBag from /Users/dimitrikestenbaum/.pyenv/versions/3.11.4/envs/pelven/lib/python3.11/site-packages/airflow/example_dags/plugins/workday.py
[2023-07-20T22:56:07.967+0200] {logging_mixin.py:150} INFO - [2023-07-20T22:56:07.967+0200] {workday.py:36} WARNING - Could not import pandas. Holidays will not be considered.
[2023-07-20T22:56:07.967+0200] {processor.py:838} WARNING - No viable dags retrieved from /Users/dimitrikestenbaum/.pyenv/versions/3.11.4/envs/pelven/lib/python3.11/site-packages/airflow/example_dags/plugins/workday.py
[2023-07-20T22:56:08.639+0200] {processor.py:179} INFO - Processing /Users/dimitrikestenbaum/.pyenv/versions/3.11.4/envs/pelven/lib/python3.11/site-packages/airflow/example_dags/plugins/workday.py took 0.677 seconds
[2023-07-20T22:58:22.911+0200] {processor.py:157} INFO - Started process (PID=13958) to work on /Users/dimitrikestenbaum/.pyenv/versions/3.11.4/envs/pelven/lib/python3.11/site-packages/airflow/example_dags/plugins/workday.py
[2023-07-20T22:58:22.914+0200] {processor.py:826} INFO - Processing file /Users/dimitrikestenbaum/.pyenv/versions/3.11.4/envs/pelven/lib/python3.11/site-packages/airflow/example_dags/plugins/workday.py for tasks to queue
[2023-07-20T22:58:22.915+0200] {logging_mixin.py:150} INFO - [2023-07-20T22:58:22.915+0200] {dagbag.py:541} INFO - Filling up the DagBag from /Users/dimitrikestenbaum/.pyenv/versions/3.11.4/envs/pelven/lib/python3.11/site-packages/airflow/example_dags/plugins/workday.py
[2023-07-20T22:58:22.916+0200] {logging_mixin.py:150} INFO - [2023-07-20T22:58:22.916+0200] {workday.py:36} WARNING - Could not import pandas. Holidays will not be considered.
[2023-07-20T22:58:22.916+0200] {processor.py:838} WARNING - No viable dags retrieved from /Users/dimitrikestenbaum/.pyenv/versions/3.11.4/envs/pelven/lib/python3.11/site-packages/airflow/example_dags/plugins/workday.py
[2023-07-20T22:58:23.607+0200] {processor.py:179} INFO - Processing /Users/dimitrikestenbaum/.pyenv/versions/3.11.4/envs/pelven/lib/python3.11/site-packages/airflow/example_dags/plugins/workday.py took 0.697 seconds
[2023-07-20T23:00:06.285+0200] {processor.py:157} INFO - Started process (PID=14059) to work on /Users/dimitrikestenbaum/.pyenv/versions/3.11.4/envs/pelven/lib/python3.11/site-packages/airflow/example_dags/plugins/workday.py
[2023-07-20T23:00:06.288+0200] {processor.py:826} INFO - Processing file /Users/dimitrikestenbaum/.pyenv/versions/3.11.4/envs/pelven/lib/python3.11/site-packages/airflow/example_dags/plugins/workday.py for tasks to queue
[2023-07-20T23:00:06.288+0200] {logging_mixin.py:150} INFO - [2023-07-20T23:00:06.288+0200] {dagbag.py:541} INFO - Filling up the DagBag from /Users/dimitrikestenbaum/.pyenv/versions/3.11.4/envs/pelven/lib/python3.11/site-packages/airflow/example_dags/plugins/workday.py
[2023-07-20T23:00:06.290+0200] {logging_mixin.py:150} INFO - [2023-07-20T23:00:06.289+0200] {workday.py:36} WARNING - Could not import pandas. Holidays will not be considered.
[2023-07-20T23:00:06.290+0200] {processor.py:838} WARNING - No viable dags retrieved from /Users/dimitrikestenbaum/.pyenv/versions/3.11.4/envs/pelven/lib/python3.11/site-packages/airflow/example_dags/plugins/workday.py
[2023-07-20T23:00:07.051+0200] {processor.py:179} INFO - Processing /Users/dimitrikestenbaum/.pyenv/versions/3.11.4/envs/pelven/lib/python3.11/site-packages/airflow/example_dags/plugins/workday.py took 0.767 seconds
[2023-07-20T23:01:46.463+0200] {processor.py:157} INFO - Started process (PID=14159) to work on /Users/dimitrikestenbaum/.pyenv/versions/3.11.4/envs/pelven/lib/python3.11/site-packages/airflow/example_dags/plugins/workday.py
[2023-07-20T23:01:46.466+0200] {processor.py:826} INFO - Processing file /Users/dimitrikestenbaum/.pyenv/versions/3.11.4/envs/pelven/lib/python3.11/site-packages/airflow/example_dags/plugins/workday.py for tasks to queue
[2023-07-20T23:01:46.466+0200] {logging_mixin.py:150} INFO - [2023-07-20T23:01:46.466+0200] {dagbag.py:541} INFO - Filling up the DagBag from /Users/dimitrikestenbaum/.pyenv/versions/3.11.4/envs/pelven/lib/python3.11/site-packages/airflow/example_dags/plugins/workday.py
[2023-07-20T23:01:46.468+0200] {logging_mixin.py:150} INFO - [2023-07-20T23:01:46.467+0200] {workday.py:36} WARNING - Could not import pandas. Holidays will not be considered.
[2023-07-20T23:01:46.468+0200] {processor.py:838} WARNING - No viable dags retrieved from /Users/dimitrikestenbaum/.pyenv/versions/3.11.4/envs/pelven/lib/python3.11/site-packages/airflow/example_dags/plugins/workday.py
[2023-07-20T23:01:47.198+0200] {processor.py:179} INFO - Processing /Users/dimitrikestenbaum/.pyenv/versions/3.11.4/envs/pelven/lib/python3.11/site-packages/airflow/example_dags/plugins/workday.py took 0.736 seconds
[2023-07-20T23:03:25.287+0200] {processor.py:157} INFO - Started process (PID=14349) to work on /Users/dimitrikestenbaum/.pyenv/versions/3.11.4/envs/pelven/lib/python3.11/site-packages/airflow/example_dags/plugins/workday.py
[2023-07-20T23:03:25.292+0200] {processor.py:826} INFO - Processing file /Users/dimitrikestenbaum/.pyenv/versions/3.11.4/envs/pelven/lib/python3.11/site-packages/airflow/example_dags/plugins/workday.py for tasks to queue
[2023-07-20T23:03:25.292+0200] {logging_mixin.py:150} INFO - [2023-07-20T23:03:25.292+0200] {dagbag.py:541} INFO - Filling up the DagBag from /Users/dimitrikestenbaum/.pyenv/versions/3.11.4/envs/pelven/lib/python3.11/site-packages/airflow/example_dags/plugins/workday.py
[2023-07-20T23:03:25.296+0200] {logging_mixin.py:150} INFO - [2023-07-20T23:03:25.295+0200] {workday.py:36} WARNING - Could not import pandas. Holidays will not be considered.
[2023-07-20T23:03:25.296+0200] {processor.py:838} WARNING - No viable dags retrieved from /Users/dimitrikestenbaum/.pyenv/versions/3.11.4/envs/pelven/lib/python3.11/site-packages/airflow/example_dags/plugins/workday.py
[2023-07-20T23:03:26.261+0200] {processor.py:179} INFO - Processing /Users/dimitrikestenbaum/.pyenv/versions/3.11.4/envs/pelven/lib/python3.11/site-packages/airflow/example_dags/plugins/workday.py took 0.974 seconds
[2023-07-20T23:05:05.745+0200] {processor.py:157} INFO - Started process (PID=14601) to work on /Users/dimitrikestenbaum/.pyenv/versions/3.11.4/envs/pelven/lib/python3.11/site-packages/airflow/example_dags/plugins/workday.py
[2023-07-20T23:05:05.749+0200] {processor.py:826} INFO - Processing file /Users/dimitrikestenbaum/.pyenv/versions/3.11.4/envs/pelven/lib/python3.11/site-packages/airflow/example_dags/plugins/workday.py for tasks to queue
[2023-07-20T23:05:05.750+0200] {logging_mixin.py:150} INFO - [2023-07-20T23:05:05.750+0200] {dagbag.py:541} INFO - Filling up the DagBag from /Users/dimitrikestenbaum/.pyenv/versions/3.11.4/envs/pelven/lib/python3.11/site-packages/airflow/example_dags/plugins/workday.py
[2023-07-20T23:05:05.752+0200] {logging_mixin.py:150} INFO - [2023-07-20T23:05:05.752+0200] {workday.py:36} WARNING - Could not import pandas. Holidays will not be considered.
[2023-07-20T23:05:05.752+0200] {processor.py:838} WARNING - No viable dags retrieved from /Users/dimitrikestenbaum/.pyenv/versions/3.11.4/envs/pelven/lib/python3.11/site-packages/airflow/example_dags/plugins/workday.py
[2023-07-20T23:05:06.437+0200] {processor.py:179} INFO - Processing /Users/dimitrikestenbaum/.pyenv/versions/3.11.4/envs/pelven/lib/python3.11/site-packages/airflow/example_dags/plugins/workday.py took 0.693 seconds
[2023-07-20T23:06:45.943+0200] {processor.py:157} INFO - Started process (PID=14850) to work on /Users/dimitrikestenbaum/.pyenv/versions/3.11.4/envs/pelven/lib/python3.11/site-packages/airflow/example_dags/plugins/workday.py
[2023-07-20T23:06:45.951+0200] {processor.py:826} INFO - Processing file /Users/dimitrikestenbaum/.pyenv/versions/3.11.4/envs/pelven/lib/python3.11/site-packages/airflow/example_dags/plugins/workday.py for tasks to queue
[2023-07-20T23:06:45.953+0200] {logging_mixin.py:150} INFO - [2023-07-20T23:06:45.952+0200] {dagbag.py:541} INFO - Filling up the DagBag from /Users/dimitrikestenbaum/.pyenv/versions/3.11.4/envs/pelven/lib/python3.11/site-packages/airflow/example_dags/plugins/workday.py
[2023-07-20T23:06:45.956+0200] {logging_mixin.py:150} INFO - [2023-07-20T23:06:45.956+0200] {workday.py:36} WARNING - Could not import pandas. Holidays will not be considered.
[2023-07-20T23:06:45.957+0200] {processor.py:838} WARNING - No viable dags retrieved from /Users/dimitrikestenbaum/.pyenv/versions/3.11.4/envs/pelven/lib/python3.11/site-packages/airflow/example_dags/plugins/workday.py
[2023-07-20T23:06:46.881+0200] {processor.py:179} INFO - Processing /Users/dimitrikestenbaum/.pyenv/versions/3.11.4/envs/pelven/lib/python3.11/site-packages/airflow/example_dags/plugins/workday.py took 0.939 seconds
[2023-07-20T23:08:33.211+0200] {processor.py:157} INFO - Started process (PID=14978) to work on /Users/dimitrikestenbaum/.pyenv/versions/3.11.4/envs/pelven/lib/python3.11/site-packages/airflow/example_dags/plugins/workday.py
[2023-07-20T23:08:33.215+0200] {processor.py:826} INFO - Processing file /Users/dimitrikestenbaum/.pyenv/versions/3.11.4/envs/pelven/lib/python3.11/site-packages/airflow/example_dags/plugins/workday.py for tasks to queue
[2023-07-20T23:08:33.216+0200] {logging_mixin.py:150} INFO - [2023-07-20T23:08:33.215+0200] {dagbag.py:541} INFO - Filling up the DagBag from /Users/dimitrikestenbaum/.pyenv/versions/3.11.4/envs/pelven/lib/python3.11/site-packages/airflow/example_dags/plugins/workday.py
[2023-07-20T23:08:33.218+0200] {logging_mixin.py:150} INFO - [2023-07-20T23:08:33.218+0200] {workday.py:36} WARNING - Could not import pandas. Holidays will not be considered.
[2023-07-20T23:08:33.218+0200] {processor.py:838} WARNING - No viable dags retrieved from /Users/dimitrikestenbaum/.pyenv/versions/3.11.4/envs/pelven/lib/python3.11/site-packages/airflow/example_dags/plugins/workday.py
[2023-07-20T23:08:33.869+0200] {processor.py:179} INFO - Processing /Users/dimitrikestenbaum/.pyenv/versions/3.11.4/envs/pelven/lib/python3.11/site-packages/airflow/example_dags/plugins/workday.py took 0.659 seconds
[2023-07-20T23:10:19.028+0200] {processor.py:157} INFO - Started process (PID=15092) to work on /Users/dimitrikestenbaum/.pyenv/versions/3.11.4/envs/pelven/lib/python3.11/site-packages/airflow/example_dags/plugins/workday.py
[2023-07-20T23:10:19.035+0200] {processor.py:826} INFO - Processing file /Users/dimitrikestenbaum/.pyenv/versions/3.11.4/envs/pelven/lib/python3.11/site-packages/airflow/example_dags/plugins/workday.py for tasks to queue
[2023-07-20T23:10:19.036+0200] {logging_mixin.py:150} INFO - [2023-07-20T23:10:19.036+0200] {dagbag.py:541} INFO - Filling up the DagBag from /Users/dimitrikestenbaum/.pyenv/versions/3.11.4/envs/pelven/lib/python3.11/site-packages/airflow/example_dags/plugins/workday.py
[2023-07-20T23:10:19.039+0200] {logging_mixin.py:150} INFO - [2023-07-20T23:10:19.039+0200] {workday.py:36} WARNING - Could not import pandas. Holidays will not be considered.
[2023-07-20T23:10:19.040+0200] {processor.py:838} WARNING - No viable dags retrieved from /Users/dimitrikestenbaum/.pyenv/versions/3.11.4/envs/pelven/lib/python3.11/site-packages/airflow/example_dags/plugins/workday.py
[2023-07-20T23:10:19.832+0200] {processor.py:179} INFO - Processing /Users/dimitrikestenbaum/.pyenv/versions/3.11.4/envs/pelven/lib/python3.11/site-packages/airflow/example_dags/plugins/workday.py took 0.805 seconds
